ERROR - 2022-05-18 00:14:19 --> You have an error in your SQL syntax; check the manual that corresponds to your MySQL server version for the right syntax to use near '"75" = am_mediafiles.tag_id' at line 3
CRITICAL - 2022-05-18 00:14:19 --> You have an error in your SQL syntax; check the manual that corresponds to your MySQL server version for the right syntax to use near '"75" = am_mediafiles.tag_id' at line 3
#0 /var/www/vhosts/iptvbillingsolution.com/public/appbackendv2/system/Database/MySQLi/Connection.php(292): mysqli->query()
#1 /var/www/vhosts/iptvbillingsolution.com/public/appbackendv2/system/Database/BaseConnection.php(670): CodeIgniter\Database\MySQLi\Connection->execute()
#2 /var/www/vhosts/iptvbillingsolution.com/public/appbackendv2/system/Database/BaseConnection.php(598): CodeIgniter\Database\BaseConnection->simpleQuery()
#3 /var/www/vhosts/iptvbillingsolution.com/public/appbackendv2/system/Database/BaseBuilder.php(1455): CodeIgniter\Database\BaseConnection->query()
#4 /var/www/vhosts/iptvbillingsolution.com/public/appbackendv2/system/Model.php(728): CodeIgniter\Database\BaseBuilder->get()
#5 /var/www/vhosts/iptvbillingsolution.com/public/appbackendv2/app/Models/Mediafilesmodel.php(60): CodeIgniter\Model->__call()
#6 /var/www/vhosts/iptvbillingsolution.com/public/appbackendv2/app/Controllers/Media.php(223): App\Models\Mediafilesmodel->getdataaccordingtocategories()
#7 /var/www/vhosts/iptvbillingsolution.com/public/appbackendv2/system/CodeIgniter.php(825): App\Controllers\Media->listmedia()
#8 /var/www/vhosts/iptvbillingsolution.com/public/appbackendv2/system/CodeIgniter.php(412): CodeIgniter\CodeIgniter->runController()
#9 /var/www/vhosts/iptvbillingsolution.com/public/appbackendv2/system/CodeIgniter.php(320): CodeIgniter\CodeIgniter->handleRequest()
#10 /var/www/vhosts/iptvbillingsolution.com/public/appbackendv2/public/index.php(37): CodeIgniter\CodeIgniter->run()
#11 {main}
CRITICAL - 2022-05-18 00:24:02 --> Cannot use object of type stdClass as array
#0 /var/www/vhosts/iptvbillingsolution.com/public/appbackendv2/system/CodeIgniter.php(825): App\Controllers\Media->uploadmediadata()
#1 /var/www/vhosts/iptvbillingsolution.com/public/appbackendv2/system/CodeIgniter.php(412): CodeIgniter\CodeIgniter->runController()
#2 /var/www/vhosts/iptvbillingsolution.com/public/appbackendv2/system/CodeIgniter.php(320): CodeIgniter\CodeIgniter->handleRequest()
#3 /var/www/vhosts/iptvbillingsolution.com/public/appbackendv2/public/index.php(37): CodeIgniter\CodeIgniter->run()
#4 {main}
CRITICAL - 2022-05-18 00:25:53 --> Undefined variable: tagname
#0 /var/www/vhosts/iptvbillingsolution.com/public/appbackendv2/app/Controllers/Media.php(111): CodeIgniter\Debug\Exceptions->errorHandler()
#1 /var/www/vhosts/iptvbillingsolution.com/public/appbackendv2/system/CodeIgniter.php(825): App\Controllers\Media->uploadmediadata()
#2 /var/www/vhosts/iptvbillingsolution.com/public/appbackendv2/system/CodeIgniter.php(412): CodeIgniter\CodeIgniter->runController()
#3 /var/www/vhosts/iptvbillingsolution.com/public/appbackendv2/system/CodeIgniter.php(320): CodeIgniter\CodeIgniter->handleRequest()
#4 /var/www/vhosts/iptvbillingsolution.com/public/appbackendv2/public/index.php(37): CodeIgniter\CodeIgniter->run()
#5 {main}
CRITICAL - 2022-05-18 00:26:40 --> Undefined variable: tagname
#0 /var/www/vhosts/iptvbillingsolution.com/public/appbackendv2/app/Controllers/Media.php(111): CodeIgniter\Debug\Exceptions->errorHandler()
#1 /var/www/vhosts/iptvbillingsolution.com/public/appbackendv2/system/CodeIgniter.php(825): App\Controllers\Media->uploadmediadata()
#2 /var/www/vhosts/iptvbillingsolution.com/public/appbackendv2/system/CodeIgniter.php(412): CodeIgniter\CodeIgniter->runController()
#3 /var/www/vhosts/iptvbillingsolution.com/public/appbackendv2/system/CodeIgniter.php(320): CodeIgniter\CodeIgniter->handleRequest()
#4 /var/www/vhosts/iptvbillingsolution.com/public/appbackendv2/public/index.php(37): CodeIgniter\CodeIgniter->run()
#5 {main}
CRITICAL - 2022-05-18 03:00:17 --> array_diff(): Expected parameter 1 to be an array, null given
#0 [internal function]: CodeIgniter\Debug\Exceptions->errorHandler()
#1 /var/www/vhosts/iptvbillingsolution.com/public/appbackendv2/app/Controllers/Media.php(294): array_diff()
#2 /var/www/vhosts/iptvbillingsolution.com/public/appbackendv2/system/CodeIgniter.php(825): App\Controllers\Media->searchmediatags()
#3 /var/www/vhosts/iptvbillingsolution.com/public/appbackendv2/system/CodeIgniter.php(412): CodeIgniter\CodeIgniter->runController()
#4 /var/www/vhosts/iptvbillingsolution.com/public/appbackendv2/system/CodeIgniter.php(320): CodeIgniter\CodeIgniter->handleRequest()
#5 /var/www/vhosts/iptvbillingsolution.com/public/appbackendv2/public/index.php(37): CodeIgniter\CodeIgniter->run()
#6 {main}
CRITICAL - 2022-05-18 03:00:57 --> array_diff(): Expected parameter 1 to be an array, null given
#0 [internal function]: CodeIgniter\Debug\Exceptions->errorHandler()
#1 /var/www/vhosts/iptvbillingsolution.com/public/appbackendv2/app/Controllers/Media.php(294): array_diff()
#2 /var/www/vhosts/iptvbillingsolution.com/public/appbackendv2/system/CodeIgniter.php(825): App\Controllers\Media->searchmediatags()
#3 /var/www/vhosts/iptvbillingsolution.com/public/appbackendv2/system/CodeIgniter.php(412): CodeIgniter\CodeIgniter->runController()
#4 /var/www/vhosts/iptvbillingsolution.com/public/appbackendv2/system/CodeIgniter.php(320): CodeIgniter\CodeIgniter->handleRequest()
#5 /var/www/vhosts/iptvbillingsolution.com/public/appbackendv2/public/index.php(37): CodeIgniter\CodeIgniter->run()
#6 {main}
CRITICAL - 2022-05-18 03:01:43 --> array_diff(): Expected parameter 1 to be an array, null given
#0 [internal function]: CodeIgniter\Debug\Exceptions->errorHandler()
#1 /var/www/vhosts/iptvbillingsolution.com/public/appbackendv2/app/Controllers/Media.php(294): array_diff()
#2 /var/www/vhosts/iptvbillingsolution.com/public/appbackendv2/system/CodeIgniter.php(825): App\Controllers\Media->searchmediatags()
#3 /var/www/vhosts/iptvbillingsolution.com/public/appbackendv2/system/CodeIgniter.php(412): CodeIgniter\CodeIgniter->runController()
#4 /var/www/vhosts/iptvbillingsolution.com/public/appbackendv2/system/CodeIgniter.php(320): CodeIgniter\CodeIgniter->handleRequest()
#5 /var/www/vhosts/iptvbillingsolution.com/public/appbackendv2/public/index.php(37): CodeIgniter\CodeIgniter->run()
#6 {main}
CRITICAL - 2022-05-18 04:13:04 --> Undefined offset: 0
#0 /var/www/vhosts/iptvbillingsolution.com/public/appbackendv2/app/Controllers/Media.php(139): CodeIgniter\Debug\Exceptions->errorHandler()
#1 /var/www/vhosts/iptvbillingsolution.com/public/appbackendv2/system/CodeIgniter.php(825): App\Controllers\Media->uploadmediadata()
#2 /var/www/vhosts/iptvbillingsolution.com/public/appbackendv2/system/CodeIgniter.php(412): CodeIgniter\CodeIgniter->runController()
#3 /var/www/vhosts/iptvbillingsolution.com/public/appbackendv2/system/CodeIgniter.php(320): CodeIgniter\CodeIgniter->handleRequest()
#4 /var/www/vhosts/iptvbillingsolution.com/public/appbackendv2/public/index.php(37): CodeIgniter\CodeIgniter->run()
#5 {main}
CRITICAL - 2022-05-18 04:16:34 --> Invalid argument supplied for foreach()
#0 /var/www/vhosts/iptvbillingsolution.com/public/appbackendv2/app/Controllers/Media.php(138): CodeIgniter\Debug\Exceptions->errorHandler()
#1 /var/www/vhosts/iptvbillingsolution.com/public/appbackendv2/system/CodeIgniter.php(825): App\Controllers\Media->uploadmediadata()
#2 /var/www/vhosts/iptvbillingsolution.com/public/appbackendv2/system/CodeIgniter.php(412): CodeIgniter\CodeIgniter->runController()
#3 /var/www/vhosts/iptvbillingsolution.com/public/appbackendv2/system/CodeIgniter.php(320): CodeIgniter\CodeIgniter->handleRequest()
#4 /var/www/vhosts/iptvbillingsolution.com/public/appbackendv2/public/index.php(37): CodeIgniter\CodeIgniter->run()
#5 {main}
CRITICAL - 2022-05-18 04:18:58 --> Undefined variable: dbtagname
#0 /var/www/vhosts/iptvbillingsolution.com/public/appbackendv2/app/Controllers/Media.php(146): CodeIgniter\Debug\Exceptions->errorHandler()
#1 /var/www/vhosts/iptvbillingsolution.com/public/appbackendv2/system/CodeIgniter.php(825): App\Controllers\Media->uploadmediadata()
#2 /var/www/vhosts/iptvbillingsolution.com/public/appbackendv2/system/CodeIgniter.php(412): CodeIgniter\CodeIgniter->runController()
#3 /var/www/vhosts/iptvbillingsolution.com/public/appbackendv2/system/CodeIgniter.php(320): CodeIgniter\CodeIgniter->handleRequest()
#4 /var/www/vhosts/iptvbillingsolution.com/public/appbackendv2/public/index.php(37): CodeIgniter\CodeIgniter->run()
#5 {main}
CRITICAL - 2022-05-18 06:22:32 --> Return value of CodeIgniter\BaseModel::transformDataToArray() must be of the type array, string returned
#0 /var/www/vhosts/iptvbillingsolution.com/public/appbackendv2/system/BaseModel.php(704): CodeIgniter\BaseModel->transformDataToArray()
#1 /var/www/vhosts/iptvbillingsolution.com/public/appbackendv2/system/Model.php(625): CodeIgniter\BaseModel->insert()
#2 /var/www/vhosts/iptvbillingsolution.com/public/appbackendv2/app/Models/Mediatagsmodel.php(15): CodeIgniter\Model->insert()
#3 /var/www/vhosts/iptvbillingsolution.com/public/appbackendv2/app/Controllers/Media.php(148): App\Models\Mediatagsmodel->insertmediatagdata()
#4 /var/www/vhosts/iptvbillingsolution.com/public/appbackendv2/system/CodeIgniter.php(825): App\Controllers\Media->uploadmediadata()
#5 /var/www/vhosts/iptvbillingsolution.com/public/appbackendv2/system/CodeIgniter.php(412): CodeIgniter\CodeIgniter->runController()
#6 /var/www/vhosts/iptvbillingsolution.com/public/appbackendv2/system/CodeIgniter.php(320): CodeIgniter\CodeIgniter->handleRequest()
#7 /var/www/vhosts/iptvbillingsolution.com/public/appbackendv2/public/index.php(37): CodeIgniter\CodeIgniter->run()
#8 {main}
CRITICAL - 2022-05-18 06:22:32 --> Return value of CodeIgniter\BaseModel::transformDataToArray() must be of the type array, string returned
#0 /var/www/vhosts/iptvbillingsolution.com/public/appbackendv2/system/BaseModel.php(704): CodeIgniter\BaseModel->transformDataToArray()
#1 /var/www/vhosts/iptvbillingsolution.com/public/appbackendv2/system/Model.php(625): CodeIgniter\BaseModel->insert()
#2 /var/www/vhosts/iptvbillingsolution.com/public/appbackendv2/app/Models/Mediatagsmodel.php(15): CodeIgniter\Model->insert()
#3 /var/www/vhosts/iptvbillingsolution.com/public/appbackendv2/app/Controllers/Media.php(148): App\Models\Mediatagsmodel->insertmediatagdata()
#4 /var/www/vhosts/iptvbillingsolution.com/public/appbackendv2/system/CodeIgniter.php(825): App\Controllers\Media->uploadmediadata()
#5 /var/www/vhosts/iptvbillingsolution.com/public/appbackendv2/system/CodeIgniter.php(412): CodeIgniter\CodeIgniter->runController()
#6 /var/www/vhosts/iptvbillingsolution.com/public/appbackendv2/system/CodeIgniter.php(320): CodeIgniter\CodeIgniter->handleRequest()
#7 /var/www/vhosts/iptvbillingsolution.com/public/appbackendv2/public/index.php(37): CodeIgniter\CodeIgniter->run()
#8 {main}
CRITICAL - 2022-05-18 07:47:32 --> Undefined variable: onloaddata
#0 /var/www/vhosts/iptvbillingsolution.com/public/appbackendv2/app/Views/includes/footer.php(25): CodeIgniter\Debug\Exceptions->errorHandler()
#1 /var/www/vhosts/iptvbillingsolution.com/public/appbackendv2/system/View/View.php(210): include('/var/www/vhosts...')
#2 /var/www/vhosts/iptvbillingsolution.com/public/appbackendv2/system/View/View.php(213): CodeIgniter\View\View->CodeIgniter\View\{closure}()
#3 /var/www/vhosts/iptvbillingsolution.com/public/appbackendv2/system/Common.php(1089): CodeIgniter\View\View->render()
#4 /var/www/vhosts/iptvbillingsolution.com/public/appbackendv2/app/Controllers/Dashboard.php(12): view()
#5 /var/www/vhosts/iptvbillingsolution.com/public/appbackendv2/system/CodeIgniter.php(825): App\Controllers\Dashboard->dashboard()
#6 /var/www/vhosts/iptvbillingsolution.com/public/appbackendv2/system/CodeIgniter.php(412): CodeIgniter\CodeIgniter->runController()
#7 /var/www/vhosts/iptvbillingsolution.com/public/appbackendv2/system/CodeIgniter.php(320): CodeIgniter\CodeIgniter->handleRequest()
#8 /var/www/vhosts/iptvbillingsolution.com/public/appbackendv2/public/index.php(37): CodeIgniter\CodeIgniter->run()
#9 {main}
CRITICAL - 2022-05-18 07:48:15 --> Undefined variable: onloaddata
#0 /var/www/vhosts/iptvbillingsolution.com/public/appbackendv2/app/Views/includes/footer.php(25): CodeIgniter\Debug\Exceptions->errorHandler()
#1 /var/www/vhosts/iptvbillingsolution.com/public/appbackendv2/system/View/View.php(210): include('/var/www/vhosts...')
#2 /var/www/vhosts/iptvbillingsolution.com/public/appbackendv2/system/View/View.php(213): CodeIgniter\View\View->CodeIgniter\View\{closure}()
#3 /var/www/vhosts/iptvbillingsolution.com/public/appbackendv2/system/Common.php(1089): CodeIgniter\View\View->render()
#4 /var/www/vhosts/iptvbillingsolution.com/public/appbackendv2/app/Controllers/Dashboard.php(12): view()
#5 /var/www/vhosts/iptvbillingsolution.com/public/appbackendv2/system/CodeIgniter.php(825): App\Controllers\Dashboard->dashboard()
#6 /var/www/vhosts/iptvbillingsolution.com/public/appbackendv2/system/CodeIgniter.php(412): CodeIgniter\CodeIgniter->runController()
#7 /var/www/vhosts/iptvbillingsolution.com/public/appbackendv2/system/CodeIgniter.php(320): CodeIgniter\CodeIgniter->handleRequest()
#8 /var/www/vhosts/iptvbillingsolution.com/public/appbackendv2/public/index.php(37): CodeIgniter\CodeIgniter->run()
#9 {main}
CRITICAL - 2022-05-18 08:41:30 --> Call to undefined method App\Controllers\Media::where()
#0 /var/www/vhosts/iptvbillingsolution.com/public/appbackendv2/system/CodeIgniter.php(825): App\Controllers\Media->deletemultipalrecords()
#1 /var/www/vhosts/iptvbillingsolution.com/public/appbackendv2/system/CodeIgniter.php(412): CodeIgniter\CodeIgniter->runController()
#2 /var/www/vhosts/iptvbillingsolution.com/public/appbackendv2/system/CodeIgniter.php(320): CodeIgniter\CodeIgniter->handleRequest()
#3 /var/www/vhosts/iptvbillingsolution.com/public/appbackendv2/public/index.php(37): CodeIgniter\CodeIgniter->run()
#4 {main}
