CRITICAL - 2022-06-07 01:13:53 --> Could not move file phpiVzb63 to /var/www/vhosts/iptvbillingsolution.com/public/smartersbackend2/public/uploads/apkfiles/ ()
#0 /var/www/vhosts/iptvbillingsolution.com/public/smartersbackend2/system/HTTP/Files/UploadedFile.php(149): CodeIgniter\HTTP\Exceptions\HTTPException::forMoveFailed()
#1 /var/www/vhosts/iptvbillingsolution.com/public/smartersbackend2/app/Controllers/Apkfiles.php(122): CodeIgniter\HTTP\Files\UploadedFile->move()
#2 /var/www/vhosts/iptvbillingsolution.com/public/smartersbackend2/system/CodeIgniter.php(825): App\Controllers\Apkfiles->uploadapkfile()
#3 /var/www/vhosts/iptvbillingsolution.com/public/smartersbackend2/system/CodeIgniter.php(412): CodeIgniter\CodeIgniter->runController()
#4 /var/www/vhosts/iptvbillingsolution.com/public/smartersbackend2/system/CodeIgniter.php(320): CodeIgniter\CodeIgniter->handleRequest()
#5 /var/www/vhosts/iptvbillingsolution.com/public/smartersbackend2/public/index.php(37): CodeIgniter\CodeIgniter->run()
#6 {main}
CRITICAL - 2022-06-07 02:50:08 --> unlink(/var/www/vhosts/iptvbillingsolution.com/public/smartersbackend2/writable/debugbar/debugbar_1654587324.json): No such file or directory
#0 [internal function]: CodeIgniter\Debug\Exceptions->errorHandler()
#1 /var/www/vhosts/iptvbillingsolution.com/public/smartersbackend2/system/Debug/Toolbar/Collectors/History.php(74): unlink()
#2 /var/www/vhosts/iptvbillingsolution.com/public/smartersbackend2/system/Debug/Toolbar.php(487): CodeIgniter\Debug\Toolbar\Collectors\History->setFiles()
#3 /var/www/vhosts/iptvbillingsolution.com/public/smartersbackend2/system/Debug/Toolbar.php(464): CodeIgniter\Debug\Toolbar->format()
#4 /var/www/vhosts/iptvbillingsolution.com/public/smartersbackend2/app/Config/Events.php(48): CodeIgniter\Debug\Toolbar->respond()
#5 /var/www/vhosts/iptvbillingsolution.com/public/smartersbackend2/system/Events/Events.php(149): CodeIgniter\Events\Events::Config\{closure}()
#6 /var/www/vhosts/iptvbillingsolution.com/public/smartersbackend2/system/CodeIgniter.php(302): CodeIgniter\Events\Events::trigger()
#7 /var/www/vhosts/iptvbillingsolution.com/public/smartersbackend2/public/index.php(37): CodeIgniter\CodeIgniter->run()
#8 {main}
CRITICAL - 2022-06-07 03:13:36 --> unlink(/var/www/vhosts/iptvbillingsolution.com/public/smartersbackend2/writable/debugbar/debugbar_1654588965.json): No such file or directory
#0 [internal function]: CodeIgniter\Debug\Exceptions->errorHandler()
#1 /var/www/vhosts/iptvbillingsolution.com/public/smartersbackend2/system/Debug/Toolbar/Collectors/History.php(74): unlink()
#2 /var/www/vhosts/iptvbillingsolution.com/public/smartersbackend2/system/Debug/Toolbar.php(487): CodeIgniter\Debug\Toolbar\Collectors\History->setFiles()
#3 /var/www/vhosts/iptvbillingsolution.com/public/smartersbackend2/system/Debug/Toolbar.php(464): CodeIgniter\Debug\Toolbar->format()
#4 /var/www/vhosts/iptvbillingsolution.com/public/smartersbackend2/app/Config/Events.php(48): CodeIgniter\Debug\Toolbar->respond()
#5 /var/www/vhosts/iptvbillingsolution.com/public/smartersbackend2/system/Events/Events.php(149): CodeIgniter\Events\Events::Config\{closure}()
#6 /var/www/vhosts/iptvbillingsolution.com/public/smartersbackend2/system/CodeIgniter.php(302): CodeIgniter\Events\Events::trigger()
#7 /var/www/vhosts/iptvbillingsolution.com/public/smartersbackend2/public/index.php(37): CodeIgniter\CodeIgniter->run()
#8 {main}
CRITICAL - 2022-06-07 03:18:21 --> unlink(/var/www/vhosts/iptvbillingsolution.com/public/smartersbackend2/writable/debugbar/debugbar_1654589472.json): No such file or directory
#0 [internal function]: CodeIgniter\Debug\Exceptions->errorHandler()
#1 /var/www/vhosts/iptvbillingsolution.com/public/smartersbackend2/system/Debug/Toolbar/Collectors/History.php(74): unlink()
#2 /var/www/vhosts/iptvbillingsolution.com/public/smartersbackend2/system/Debug/Toolbar.php(487): CodeIgniter\Debug\Toolbar\Collectors\History->setFiles()
#3 /var/www/vhosts/iptvbillingsolution.com/public/smartersbackend2/system/Debug/Toolbar.php(464): CodeIgniter\Debug\Toolbar->format()
#4 /var/www/vhosts/iptvbillingsolution.com/public/smartersbackend2/app/Config/Events.php(48): CodeIgniter\Debug\Toolbar->respond()
#5 /var/www/vhosts/iptvbillingsolution.com/public/smartersbackend2/system/Events/Events.php(149): CodeIgniter\Events\Events::Config\{closure}()
#6 /var/www/vhosts/iptvbillingsolution.com/public/smartersbackend2/system/CodeIgniter.php(302): CodeIgniter\Events\Events::trigger()
#7 /var/www/vhosts/iptvbillingsolution.com/public/smartersbackend2/public/index.php(37): CodeIgniter\CodeIgniter->run()
#8 {main}
ERROR - 2022-06-07 04:25:46 --> Operand should contain 1 column(s)
CRITICAL - 2022-06-07 04:25:46 --> Operand should contain 1 column(s)
#0 /var/www/vhosts/iptvbillingsolution.com/public/smartersbackend2/system/Database/MySQLi/Connection.php(292): mysqli->query()
#1 /var/www/vhosts/iptvbillingsolution.com/public/smartersbackend2/system/Database/BaseConnection.php(670): CodeIgniter\Database\MySQLi\Connection->execute()
#2 /var/www/vhosts/iptvbillingsolution.com/public/smartersbackend2/system/Database/BaseConnection.php(598): CodeIgniter\Database\BaseConnection->simpleQuery()
#3 /var/www/vhosts/iptvbillingsolution.com/public/smartersbackend2/system/Database/BaseBuilder.php(1455): CodeIgniter\Database\BaseConnection->query()
#4 /var/www/vhosts/iptvbillingsolution.com/public/smartersbackend2/system/Model.php(728): CodeIgniter\Database\BaseBuilder->get()
#5 /var/www/vhosts/iptvbillingsolution.com/public/smartersbackend2/app/Controllers/Media.php(396): CodeIgniter\Model->__call()
#6 /var/www/vhosts/iptvbillingsolution.com/public/smartersbackend2/system/CodeIgniter.php(825): App\Controllers\Media->deletemultipalrecords()
#7 /var/www/vhosts/iptvbillingsolution.com/public/smartersbackend2/system/CodeIgniter.php(412): CodeIgniter\CodeIgniter->runController()
#8 /var/www/vhosts/iptvbillingsolution.com/public/smartersbackend2/system/CodeIgniter.php(320): CodeIgniter\CodeIgniter->handleRequest()
#9 /var/www/vhosts/iptvbillingsolution.com/public/smartersbackend2/public/index.php(37): CodeIgniter\CodeIgniter->run()
#10 {main}
CRITICAL - 2022-06-07 04:30:06 --> Trying to get property 'filename' of non-object
#0 /var/www/vhosts/iptvbillingsolution.com/public/smartersbackend2/app/Controllers/Media.php(405): CodeIgniter\Debug\Exceptions->errorHandler()
#1 /var/www/vhosts/iptvbillingsolution.com/public/smartersbackend2/system/CodeIgniter.php(825): App\Controllers\Media->deletemultipalrecords()
#2 /var/www/vhosts/iptvbillingsolution.com/public/smartersbackend2/system/CodeIgniter.php(412): CodeIgniter\CodeIgniter->runController()
#3 /var/www/vhosts/iptvbillingsolution.com/public/smartersbackend2/system/CodeIgniter.php(320): CodeIgniter\CodeIgniter->handleRequest()
#4 /var/www/vhosts/iptvbillingsolution.com/public/smartersbackend2/public/index.php(37): CodeIgniter\CodeIgniter->run()
#5 {main}
CRITICAL - 2022-06-07 04:31:38 --> Undefined index: filename
#0 /var/www/vhosts/iptvbillingsolution.com/public/smartersbackend2/app/Controllers/Media.php(405): CodeIgniter\Debug\Exceptions->errorHandler()
#1 /var/www/vhosts/iptvbillingsolution.com/public/smartersbackend2/system/CodeIgniter.php(825): App\Controllers\Media->deletemultipalrecords()
#2 /var/www/vhosts/iptvbillingsolution.com/public/smartersbackend2/system/CodeIgniter.php(412): CodeIgniter\CodeIgniter->runController()
#3 /var/www/vhosts/iptvbillingsolution.com/public/smartersbackend2/system/CodeIgniter.php(320): CodeIgniter\CodeIgniter->handleRequest()
#4 /var/www/vhosts/iptvbillingsolution.com/public/smartersbackend2/public/index.php(37): CodeIgniter\CodeIgniter->run()
#5 {main}
CRITICAL - 2022-06-07 04:32:08 --> Trying to get property 'filename' of non-object
#0 /var/www/vhosts/iptvbillingsolution.com/public/smartersbackend2/app/Controllers/Media.php(405): CodeIgniter\Debug\Exceptions->errorHandler()
#1 /var/www/vhosts/iptvbillingsolution.com/public/smartersbackend2/system/CodeIgniter.php(825): App\Controllers\Media->deletemultipalrecords()
#2 /var/www/vhosts/iptvbillingsolution.com/public/smartersbackend2/system/CodeIgniter.php(412): CodeIgniter\CodeIgniter->runController()
#3 /var/www/vhosts/iptvbillingsolution.com/public/smartersbackend2/system/CodeIgniter.php(320): CodeIgniter\CodeIgniter->handleRequest()
#4 /var/www/vhosts/iptvbillingsolution.com/public/smartersbackend2/public/index.php(37): CodeIgniter\CodeIgniter->run()
#5 {main}
CRITICAL - 2022-06-07 06:03:38 --> Undefined index: data
#0 /var/www/vhosts/iptvbillingsolution.com/public/smartersbackend2/app/Controllers/Generateapi.php(124): CodeIgniter\Debug\Exceptions->errorHandler()
#1 /var/www/vhosts/iptvbillingsolution.com/public/smartersbackend2/system/CodeIgniter.php(825): App\Controllers\Generateapi->securityconfirmation()
#2 /var/www/vhosts/iptvbillingsolution.com/public/smartersbackend2/system/CodeIgniter.php(412): CodeIgniter\CodeIgniter->runController()
#3 /var/www/vhosts/iptvbillingsolution.com/public/smartersbackend2/system/CodeIgniter.php(320): CodeIgniter\CodeIgniter->handleRequest()
#4 /var/www/vhosts/iptvbillingsolution.com/public/smartersbackend2/public/index.php(37): CodeIgniter\CodeIgniter->run()
#5 {main}
CRITICAL - 2022-06-07 06:04:24 --> Undefined index: data
#0 /var/www/vhosts/iptvbillingsolution.com/public/smartersbackend2/app/Controllers/Generateapi.php(124): CodeIgniter\Debug\Exceptions->errorHandler()
#1 /var/www/vhosts/iptvbillingsolution.com/public/smartersbackend2/system/CodeIgniter.php(825): App\Controllers\Generateapi->securityconfirmation()
#2 /var/www/vhosts/iptvbillingsolution.com/public/smartersbackend2/system/CodeIgniter.php(412): CodeIgniter\CodeIgniter->runController()
#3 /var/www/vhosts/iptvbillingsolution.com/public/smartersbackend2/system/CodeIgniter.php(320): CodeIgniter\CodeIgniter->handleRequest()
#4 /var/www/vhosts/iptvbillingsolution.com/public/smartersbackend2/public/index.php(37): CodeIgniter\CodeIgniter->run()
#5 {main}
CRITICAL - 2022-06-07 06:04:29 --> Undefined index: data
#0 /var/www/vhosts/iptvbillingsolution.com/public/smartersbackend2/app/Controllers/Generateapi.php(124): CodeIgniter\Debug\Exceptions->errorHandler()
#1 /var/www/vhosts/iptvbillingsolution.com/public/smartersbackend2/system/CodeIgniter.php(825): App\Controllers\Generateapi->securityconfirmation()
#2 /var/www/vhosts/iptvbillingsolution.com/public/smartersbackend2/system/CodeIgniter.php(412): CodeIgniter\CodeIgniter->runController()
#3 /var/www/vhosts/iptvbillingsolution.com/public/smartersbackend2/system/CodeIgniter.php(320): CodeIgniter\CodeIgniter->handleRequest()
#4 /var/www/vhosts/iptvbillingsolution.com/public/smartersbackend2/public/index.php(37): CodeIgniter\CodeIgniter->run()
#5 {main}
