ERROR - 2022-05-11 00:00:00 --> Email: sendWithSmtp throwed A non well formed numeric value encountered
ERROR - 2022-05-11 00:05:59 --> Email: sendWithSmtp throwed fsockopen(): php_network_getaddresses: getaddrinfo failed: Name or service not known
ERROR - 2022-05-11 00:08:20 --> Email: sendWithSmtp throwed A non well formed numeric value encountered
ERROR - 2022-05-11 00:09:18 --> Email: sendWithSmtp throwed fsockopen() expects parameter 2 to be int, string given
ERROR - 2022-05-11 00:09:27 --> Email: sendWithSmtp throwed A non well formed numeric value encountered
ERROR - 2022-05-11 00:10:06 --> Email: sendWithSmtp throwed fsockopen() expects parameter 2 to be int, string given
CRITICAL - 2022-05-11 00:13:10 --> Cannot use isset() on the result of an expression (you can use "null !== expression" instead)
#0 [internal function]: CodeIgniter\Debug\Exceptions->shutdownHandler()
#1 {main}
CRITICAL - 2022-05-11 00:13:50 --> Cannot use isset() on the result of an expression (you can use "null !== expression" instead)
#0 [internal function]: CodeIgniter\Debug\Exceptions->shutdownHandler()
#1 {main}
ERROR - 2022-05-11 00:14:52 --> Email: sendWithSmtp throwed fsockopen() expects parameter 2 to be int, string given
ERROR - 2022-05-11 00:15:46 --> Email: sendWithSmtp throwed fsockopen() expects parameter 2 to be int, string given
ERROR - 2022-05-11 00:15:59 --> Email: sendWithSmtp throwed fsockopen() expects parameter 2 to be int, string given
ERROR - 2022-05-11 00:20:41 --> Email: sendWithSmtp throwed fsockopen() expects parameter 2 to be int, string given
ERROR - 2022-05-11 00:23:34 --> Email: sendWithSmtp throwed fsockopen() expects parameter 2 to be int, string given
ERROR - 2022-05-11 00:23:45 --> Email: sendWithSmtp throwed fsockopen() expects parameter 2 to be int, string given
ERROR - 2022-05-11 00:26:17 --> Email: sendWithSmtp throwed fsockopen() expects parameter 2 to be int, string given
ERROR - 2022-05-11 00:26:35 --> Email: sendWithSmtp throwed fsockopen() expects parameter 2 to be int, string given
ERROR - 2022-05-11 00:26:58 --> Email: sendWithSmtp throwed fsockopen() expects parameter 2 to be int, string given
ERROR - 2022-05-11 00:27:39 --> Email: sendWithSmtp throwed fsockopen() expects parameter 2 to be int, string given
ERROR - 2022-05-11 00:28:04 --> Email: sendWithSmtp throwed fsockopen() expects parameter 2 to be int, string given
ERROR - 2022-05-11 00:40:47 --> Email: sendWithSmtp throwed fsockopen() expects parameter 2 to be int, string given
ERROR - 2022-05-11 00:41:57 --> Email: sendWithSmtp throwed fsockopen() expects parameter 2 to be int, string given
ERROR - 2022-05-11 00:45:46 --> Email: sendWithSmtp throwed A non well formed numeric value encountered
ERROR - 2022-05-11 01:05:49 --> Email: sendWithSmtp throwed fsockopen(): SSL operation failed with code 1. OpenSSL Error messages:
error:1408F10B:SSL routines:ssl3_get_record:wrong version number
ERROR - 2022-05-11 01:07:44 --> Email: sendWithSmtp throwed fsockopen(): SSL operation failed with code 1. OpenSSL Error messages:
error:1408F10B:SSL routines:ssl3_get_record:wrong version number
ERROR - 2022-05-11 01:08:23 --> Email: sendWithSmtp throwed fsockopen(): SSL operation failed with code 1. OpenSSL Error messages:
error:1408F10B:SSL routines:ssl3_get_record:wrong version number
ERROR - 2022-05-11 01:09:03 --> Email: sendWithSmtp throwed A non well formed numeric value encountered
ERROR - 2022-05-11 01:10:38 --> Email: sendWithSmtp throwed A non well formed numeric value encountered
ERROR - 2022-05-11 01:14:12 --> Email: sendWithSmtp throwed A non well formed numeric value encountered
ERROR - 2022-05-11 01:14:47 --> Email: sendWithSmtp throwed A non well formed numeric value encountered
ERROR - 2022-05-11 01:17:08 --> Email: sendWithSmtp throwed A non well formed numeric value encountered
ERROR - 2022-05-11 01:17:35 --> Email: sendWithSmtp throwed A non well formed numeric value encountered
ERROR - 2022-05-11 01:18:02 --> Email: sendWithSmtp throwed A non well formed numeric value encountered
ERROR - 2022-05-11 01:20:00 --> Email: sendWithSmtp throwed A non well formed numeric value encountered
ERROR - 2022-05-11 01:20:33 --> Email: sendWithSmtp throwed A non well formed numeric value encountered
ERROR - 2022-05-11 01:21:18 --> Email: sendWithSmtp throwed A non well formed numeric value encountered
ERROR - 2022-05-11 01:21:42 --> Email: sendWithSmtp throwed A non well formed numeric value encountered
ERROR - 2022-05-11 01:23:56 --> Email: sendWithSmtp throwed fsockopen(): php_network_getaddresses: getaddrinfo failed: Name or service not known
ERROR - 2022-05-11 01:34:58 --> Email: sendWithSmtp throwed fsockopen() expects parameter 2 to be int, string given
ERROR - 2022-05-11 01:35:32 --> Email: sendWithSmtp throwed fsockopen() expects parameter 2 to be int, string given
ERROR - 2022-05-11 01:35:45 --> Email: sendWithSmtp throwed A non well formed numeric value encountered
ERROR - 2022-05-11 01:36:13 --> Email: sendWithSmtp throwed A non well formed numeric value encountered
ERROR - 2022-05-11 01:37:23 --> Email: sendWithSmtp throwed A non well formed numeric value encountered
ERROR - 2022-05-11 01:37:34 --> Email: sendWithSmtp throwed A non well formed numeric value encountered
CRITICAL - 2022-05-11 01:42:03 --> Undefined index: action
#0 /var/www/vhosts/iptvbillingsolution.com/public/appbackendv2/app/Controllers/Settings.php(12): CodeIgniter\Debug\Exceptions->errorHandler()
#1 /var/www/vhosts/iptvbillingsolution.com/public/appbackendv2/system/CodeIgniter.php(825): App\Controllers\Settings->generalsettings()
#2 /var/www/vhosts/iptvbillingsolution.com/public/appbackendv2/system/CodeIgniter.php(412): CodeIgniter\CodeIgniter->runController()
#3 /var/www/vhosts/iptvbillingsolution.com/public/appbackendv2/system/CodeIgniter.php(320): CodeIgniter\CodeIgniter->handleRequest()
#4 /var/www/vhosts/iptvbillingsolution.com/public/appbackendv2/public/index.php(37): CodeIgniter\CodeIgniter->run()
#5 {main}
ERROR - 2022-05-11 01:47:18 --> Email: sendWithSmtp throwed fsockopen() expects parameter 2 to be int, string given
ERROR - 2022-05-11 01:49:42 --> Email: sendWithSmtp throwed A non well formed numeric value encountered
ERROR - 2022-05-11 01:49:51 --> Email: sendWithSmtp throwed A non well formed numeric value encountered
ERROR - 2022-05-11 01:54:48 --> Email: sendWithSmtp throwed A non well formed numeric value encountered
ERROR - 2022-05-11 01:55:32 --> Email: sendWithSmtp throwed fsockopen(): SSL operation failed with code 1. OpenSSL Error messages:
error:1408F10B:SSL routines:ssl3_get_record:wrong version number
ERROR - 2022-05-11 01:57:50 --> Email: sendWithSmtp throwed A non well formed numeric value encountered
CRITICAL - 2022-05-11 01:59:01 --> Undefined offset: 0
#0 /var/www/vhosts/iptvbillingsolution.com/public/appbackendv2/app/Controllers/Settings.php(61): CodeIgniter\Debug\Exceptions->errorHandler()
#1 /var/www/vhosts/iptvbillingsolution.com/public/appbackendv2/system/CodeIgniter.php(825): App\Controllers\Settings->generalsettings()
#2 /var/www/vhosts/iptvbillingsolution.com/public/appbackendv2/system/CodeIgniter.php(412): CodeIgniter\CodeIgniter->runController()
#3 /var/www/vhosts/iptvbillingsolution.com/public/appbackendv2/system/CodeIgniter.php(320): CodeIgniter\CodeIgniter->handleRequest()
#4 /var/www/vhosts/iptvbillingsolution.com/public/appbackendv2/public/index.php(37): CodeIgniter\CodeIgniter->run()
#5 {main}
CRITICAL - 2022-05-11 02:02:18 --> Class 'App\Models\Testandsavesmtpmodal' not found
#0 /var/www/vhosts/iptvbillingsolution.com/public/appbackendv2/system/CodeIgniter.php(803): App\Controllers\BaseController->initController()
#1 /var/www/vhosts/iptvbillingsolution.com/public/appbackendv2/system/CodeIgniter.php(403): CodeIgniter\CodeIgniter->createController()
#2 /var/www/vhosts/iptvbillingsolution.com/public/appbackendv2/system/CodeIgniter.php(320): CodeIgniter\CodeIgniter->handleRequest()
#3 /var/www/vhosts/iptvbillingsolution.com/public/appbackendv2/public/index.php(37): CodeIgniter\CodeIgniter->run()
#4 {main}
CRITICAL - 2022-05-11 02:02:44 --> Undefined property: App\Controllers\Settings::$Smtpmodel
#0 /var/www/vhosts/iptvbillingsolution.com/public/appbackendv2/app/Controllers/Settings.php(58): CodeIgniter\Debug\Exceptions->errorHandler()
#1 /var/www/vhosts/iptvbillingsolution.com/public/appbackendv2/system/CodeIgniter.php(825): App\Controllers\Settings->generalsettings()
#2 /var/www/vhosts/iptvbillingsolution.com/public/appbackendv2/system/CodeIgniter.php(412): CodeIgniter\CodeIgniter->runController()
#3 /var/www/vhosts/iptvbillingsolution.com/public/appbackendv2/system/CodeIgniter.php(320): CodeIgniter\CodeIgniter->handleRequest()
#4 /var/www/vhosts/iptvbillingsolution.com/public/appbackendv2/public/index.php(37): CodeIgniter\CodeIgniter->run()
#5 {main}
CRITICAL - 2022-05-11 02:13:26 --> Undefined index: data
#0 /var/www/vhosts/iptvbillingsolution.com/public/appbackendv2/app/Controllers/Settings.php(61): CodeIgniter\Debug\Exceptions->errorHandler()
#1 /var/www/vhosts/iptvbillingsolution.com/public/appbackendv2/system/CodeIgniter.php(825): App\Controllers\Settings->generalsettings()
#2 /var/www/vhosts/iptvbillingsolution.com/public/appbackendv2/system/CodeIgniter.php(412): CodeIgniter\CodeIgniter->runController()
#3 /var/www/vhosts/iptvbillingsolution.com/public/appbackendv2/system/CodeIgniter.php(320): CodeIgniter\CodeIgniter->handleRequest()
#4 /var/www/vhosts/iptvbillingsolution.com/public/appbackendv2/public/index.php(37): CodeIgniter\CodeIgniter->run()
#5 {main}
CRITICAL - 2022-05-11 02:15:45 --> Undefined offset: 0
#0 /var/www/vhosts/iptvbillingsolution.com/public/appbackendv2/app/Controllers/Settings.php(59): CodeIgniter\Debug\Exceptions->errorHandler()
#1 /var/www/vhosts/iptvbillingsolution.com/public/appbackendv2/system/CodeIgniter.php(825): App\Controllers\Settings->generalsettings()
#2 /var/www/vhosts/iptvbillingsolution.com/public/appbackendv2/system/CodeIgniter.php(412): CodeIgniter\CodeIgniter->runController()
#3 /var/www/vhosts/iptvbillingsolution.com/public/appbackendv2/system/CodeIgniter.php(320): CodeIgniter\CodeIgniter->handleRequest()
#4 /var/www/vhosts/iptvbillingsolution.com/public/appbackendv2/public/index.php(37): CodeIgniter\CodeIgniter->run()
#5 {main}
ERROR - 2022-05-11 02:17:00 --> Email: sendWithSmtp throwed A non well formed numeric value encountered
ERROR - 2022-05-11 02:17:26 --> Email: sendWithSmtp throwed fsockopen(): SSL operation failed with code 1. OpenSSL Error messages:
error:1408F10B:SSL routines:ssl3_get_record:wrong version number
ERROR - 2022-05-11 02:20:35 --> Email: sendWithSmtp throwed A non well formed numeric value encountered
ERROR - 2022-05-11 02:21:16 --> Email: sendWithSmtp throwed A non well formed numeric value encountered
ERROR - 2022-05-11 02:21:47 --> Email: sendWithSmtp throwed fsockopen() expects parameter 2 to be int, string given
ERROR - 2022-05-11 02:25:09 --> Email: sendWithSmtp throwed fsockopen() expects parameter 2 to be int, string given
ERROR - 2022-05-11 02:26:55 --> Email: sendWithSmtp throwed A non well formed numeric value encountered
ERROR - 2022-05-11 02:29:35 --> Email: sendWithSmtp throwed A non well formed numeric value encountered
CRITICAL - 2022-05-11 02:32:11 --> Call to protected method CodeIgniter\Email\Email::SmtpConnect() from context 'App\Controllers\Settings'
#0 /var/www/vhosts/iptvbillingsolution.com/public/appbackendv2/system/CodeIgniter.php(825): App\Controllers\Settings->generalsettings()
#1 /var/www/vhosts/iptvbillingsolution.com/public/appbackendv2/system/CodeIgniter.php(412): CodeIgniter\CodeIgniter->runController()
#2 /var/www/vhosts/iptvbillingsolution.com/public/appbackendv2/system/CodeIgniter.php(320): CodeIgniter\CodeIgniter->handleRequest()
#3 /var/www/vhosts/iptvbillingsolution.com/public/appbackendv2/public/index.php(37): CodeIgniter\CodeIgniter->run()
#4 {main}
ERROR - 2022-05-11 02:37:53 --> Email: sendWithSmtp throwed A non well formed numeric value encountered
ERROR - 2022-05-11 02:38:11 --> Email: sendWithSmtp throwed fsockopen(): php_network_getaddresses: getaddrinfo failed: Name or service not known
ERROR - 2022-05-11 02:38:30 --> Email: sendWithSmtp throwed fsockopen(): SSL operation failed with code 1. OpenSSL Error messages:
error:1408F10B:SSL routines:ssl3_get_record:wrong version number
ERROR - 2022-05-11 02:39:15 --> Email: sendWithSmtp throwed fsockopen(): SSL operation failed with code 1. OpenSSL Error messages:
error:1408F10B:SSL routines:ssl3_get_record:wrong version number
CRITICAL - 2022-05-11 05:06:23 --> Undefined variable: email
#0 /var/www/vhosts/iptvbillingsolution.com/public/appbackendv2/app/Views/media.php(38): CodeIgniter\Debug\Exceptions->errorHandler()
#1 /var/www/vhosts/iptvbillingsolution.com/public/appbackendv2/system/View/View.php(210): include('/var/www/vhosts...')
#2 /var/www/vhosts/iptvbillingsolution.com/public/appbackendv2/system/View/View.php(213): CodeIgniter\View\View->CodeIgniter\View\{closure}()
#3 /var/www/vhosts/iptvbillingsolution.com/public/appbackendv2/system/Common.php(1089): CodeIgniter\View\View->render()
#4 /var/www/vhosts/iptvbillingsolution.com/public/appbackendv2/app/Controllers/Media.php(10): view()
#5 /var/www/vhosts/iptvbillingsolution.com/public/appbackendv2/system/CodeIgniter.php(825): App\Controllers\Media->media()
#6 /var/www/vhosts/iptvbillingsolution.com/public/appbackendv2/system/CodeIgniter.php(412): CodeIgniter\CodeIgniter->runController()
#7 /var/www/vhosts/iptvbillingsolution.com/public/appbackendv2/system/CodeIgniter.php(320): CodeIgniter\CodeIgniter->handleRequest()
#8 /var/www/vhosts/iptvbillingsolution.com/public/appbackendv2/public/index.php(37): CodeIgniter\CodeIgniter->run()
#9 {main}
CRITICAL - 2022-05-11 05:50:55 --> Invalid file: adminaccess.php
#0 /var/www/vhosts/iptvbillingsolution.com/public/appbackendv2/system/View/View.php(198): CodeIgniter\Exceptions\FrameworkException::forInvalidFile()
#1 /var/www/vhosts/iptvbillingsolution.com/public/appbackendv2/system/Common.php(1089): CodeIgniter\View\View->render()
#2 /var/www/vhosts/iptvbillingsolution.com/public/appbackendv2/app/Controllers/Adminconfiguration.php(84): view()
#3 /var/www/vhosts/iptvbillingsolution.com/public/appbackendv2/system/CodeIgniter.php(825): App\Controllers\Adminconfiguration->adminconfiguration()
#4 /var/www/vhosts/iptvbillingsolution.com/public/appbackendv2/system/CodeIgniter.php(412): CodeIgniter\CodeIgniter->runController()
#5 /var/www/vhosts/iptvbillingsolution.com/public/appbackendv2/system/CodeIgniter.php(320): CodeIgniter\CodeIgniter->handleRequest()
#6 /var/www/vhosts/iptvbillingsolution.com/public/appbackendv2/public/index.php(37): CodeIgniter\CodeIgniter->run()
#7 {main}
CRITICAL - 2022-05-11 05:51:41 --> Invalid file: adminaccess.php
#0 /var/www/vhosts/iptvbillingsolution.com/public/appbackendv2/system/View/View.php(198): CodeIgniter\Exceptions\FrameworkException::forInvalidFile()
#1 /var/www/vhosts/iptvbillingsolution.com/public/appbackendv2/system/Common.php(1089): CodeIgniter\View\View->render()
#2 /var/www/vhosts/iptvbillingsolution.com/public/appbackendv2/app/Controllers/Adminconfiguration.php(84): view()
#3 /var/www/vhosts/iptvbillingsolution.com/public/appbackendv2/system/CodeIgniter.php(825): App\Controllers\Adminconfiguration->adminconfiguration()
#4 /var/www/vhosts/iptvbillingsolution.com/public/appbackendv2/system/CodeIgniter.php(412): CodeIgniter\CodeIgniter->runController()
#5 /var/www/vhosts/iptvbillingsolution.com/public/appbackendv2/system/CodeIgniter.php(320): CodeIgniter\CodeIgniter->handleRequest()
#6 /var/www/vhosts/iptvbillingsolution.com/public/appbackendv2/public/index.php(37): CodeIgniter\CodeIgniter->run()
#7 {main}
CRITICAL - 2022-05-11 05:56:29 --> Invalid file: adminaccess.php
#0 /var/www/vhosts/iptvbillingsolution.com/public/appbackendv2/system/View/View.php(198): CodeIgniter\Exceptions\FrameworkException::forInvalidFile()
#1 /var/www/vhosts/iptvbillingsolution.com/public/appbackendv2/system/Common.php(1089): CodeIgniter\View\View->render()
#2 /var/www/vhosts/iptvbillingsolution.com/public/appbackendv2/app/Controllers/Adminconfiguration.php(84): view()
#3 /var/www/vhosts/iptvbillingsolution.com/public/appbackendv2/system/CodeIgniter.php(825): App\Controllers\Adminconfiguration->adminconfiguration()
#4 /var/www/vhosts/iptvbillingsolution.com/public/appbackendv2/system/CodeIgniter.php(412): CodeIgniter\CodeIgniter->runController()
#5 /var/www/vhosts/iptvbillingsolution.com/public/appbackendv2/system/CodeIgniter.php(320): CodeIgniter\CodeIgniter->handleRequest()
#6 /var/www/vhosts/iptvbillingsolution.com/public/appbackendv2/public/index.php(37): CodeIgniter\CodeIgniter->run()
#7 {main}
CRITICAL - 2022-05-11 05:57:12 --> Invalid file: adminaccess.php
#0 /var/www/vhosts/iptvbillingsolution.com/public/appbackendv2/system/View/View.php(198): CodeIgniter\Exceptions\FrameworkException::forInvalidFile()
#1 /var/www/vhosts/iptvbillingsolution.com/public/appbackendv2/system/Common.php(1089): CodeIgniter\View\View->render()
#2 /var/www/vhosts/iptvbillingsolution.com/public/appbackendv2/app/Controllers/Adminconfiguration.php(84): view()
#3 /var/www/vhosts/iptvbillingsolution.com/public/appbackendv2/system/CodeIgniter.php(825): App\Controllers\Adminconfiguration->adminconfiguration()
#4 /var/www/vhosts/iptvbillingsolution.com/public/appbackendv2/system/CodeIgniter.php(412): CodeIgniter\CodeIgniter->runController()
#5 /var/www/vhosts/iptvbillingsolution.com/public/appbackendv2/system/CodeIgniter.php(320): CodeIgniter\CodeIgniter->handleRequest()
#6 /var/www/vhosts/iptvbillingsolution.com/public/appbackendv2/public/index.php(37): CodeIgniter\CodeIgniter->run()
#7 {main}
CRITICAL - 2022-05-11 06:02:16 --> Invalid file: adminaccess.php
#0 /var/www/vhosts/iptvbillingsolution.com/public/appbackendv2/system/View/View.php(198): CodeIgniter\Exceptions\FrameworkException::forInvalidFile()
#1 /var/www/vhosts/iptvbillingsolution.com/public/appbackendv2/system/Common.php(1089): CodeIgniter\View\View->render()
#2 /var/www/vhosts/iptvbillingsolution.com/public/appbackendv2/app/Controllers/Adminconfiguration.php(84): view()
#3 /var/www/vhosts/iptvbillingsolution.com/public/appbackendv2/system/CodeIgniter.php(825): App\Controllers\Adminconfiguration->adminconfiguration()
#4 /var/www/vhosts/iptvbillingsolution.com/public/appbackendv2/system/CodeIgniter.php(412): CodeIgniter\CodeIgniter->runController()
#5 /var/www/vhosts/iptvbillingsolution.com/public/appbackendv2/system/CodeIgniter.php(320): CodeIgniter\CodeIgniter->handleRequest()
#6 /var/www/vhosts/iptvbillingsolution.com/public/appbackendv2/public/index.php(37): CodeIgniter\CodeIgniter->run()
#7 {main}
CRITICAL - 2022-05-11 06:02:42 --> Invalid file: adminaccess.php
#0 /var/www/vhosts/iptvbillingsolution.com/public/appbackendv2/system/View/View.php(198): CodeIgniter\Exceptions\FrameworkException::forInvalidFile()
#1 /var/www/vhosts/iptvbillingsolution.com/public/appbackendv2/system/Common.php(1089): CodeIgniter\View\View->render()
#2 /var/www/vhosts/iptvbillingsolution.com/public/appbackendv2/app/Controllers/Adminconfiguration.php(84): view()
#3 /var/www/vhosts/iptvbillingsolution.com/public/appbackendv2/system/CodeIgniter.php(825): App\Controllers\Adminconfiguration->adminconfiguration()
#4 /var/www/vhosts/iptvbillingsolution.com/public/appbackendv2/system/CodeIgniter.php(412): CodeIgniter\CodeIgniter->runController()
#5 /var/www/vhosts/iptvbillingsolution.com/public/appbackendv2/system/CodeIgniter.php(320): CodeIgniter\CodeIgniter->handleRequest()
#6 /var/www/vhosts/iptvbillingsolution.com/public/appbackendv2/public/index.php(37): CodeIgniter\CodeIgniter->run()
#7 {main}
CRITICAL - 2022-05-11 06:04:53 --> Invalid file: adminaccess.php
#0 /var/www/vhosts/iptvbillingsolution.com/public/appbackendv2/system/View/View.php(198): CodeIgniter\Exceptions\FrameworkException::forInvalidFile()
#1 /var/www/vhosts/iptvbillingsolution.com/public/appbackendv2/system/Common.php(1089): CodeIgniter\View\View->render()
#2 /var/www/vhosts/iptvbillingsolution.com/public/appbackendv2/app/Controllers/Adminconfiguration.php(84): view()
#3 /var/www/vhosts/iptvbillingsolution.com/public/appbackendv2/system/CodeIgniter.php(825): App\Controllers\Adminconfiguration->adminconfiguration()
#4 /var/www/vhosts/iptvbillingsolution.com/public/appbackendv2/system/CodeIgniter.php(412): CodeIgniter\CodeIgniter->runController()
#5 /var/www/vhosts/iptvbillingsolution.com/public/appbackendv2/system/CodeIgniter.php(320): CodeIgniter\CodeIgniter->handleRequest()
#6 /var/www/vhosts/iptvbillingsolution.com/public/appbackendv2/public/index.php(37): CodeIgniter\CodeIgniter->run()
#7 {main}
CRITICAL - 2022-05-11 06:08:07 --> Invalid file: adminaccess.php
#0 /var/www/vhosts/iptvbillingsolution.com/public/appbackendv2/system/View/View.php(198): CodeIgniter\Exceptions\FrameworkException::forInvalidFile()
#1 /var/www/vhosts/iptvbillingsolution.com/public/appbackendv2/system/Common.php(1089): CodeIgniter\View\View->render()
#2 /var/www/vhosts/iptvbillingsolution.com/public/appbackendv2/app/Controllers/Adminconfiguration.php(84): view()
#3 /var/www/vhosts/iptvbillingsolution.com/public/appbackendv2/system/CodeIgniter.php(825): App\Controllers\Adminconfiguration->adminconfiguration()
#4 /var/www/vhosts/iptvbillingsolution.com/public/appbackendv2/system/CodeIgniter.php(412): CodeIgniter\CodeIgniter->runController()
#5 /var/www/vhosts/iptvbillingsolution.com/public/appbackendv2/system/CodeIgniter.php(320): CodeIgniter\CodeIgniter->handleRequest()
#6 /var/www/vhosts/iptvbillingsolution.com/public/appbackendv2/public/index.php(37): CodeIgniter\CodeIgniter->run()
#7 {main}
CRITICAL - 2022-05-11 06:10:22 --> Invalid file: adminaccess.php
#0 /var/www/vhosts/iptvbillingsolution.com/public/appbackendv2/system/View/View.php(198): CodeIgniter\Exceptions\FrameworkException::forInvalidFile()
#1 /var/www/vhosts/iptvbillingsolution.com/public/appbackendv2/system/Common.php(1089): CodeIgniter\View\View->render()
#2 /var/www/vhosts/iptvbillingsolution.com/public/appbackendv2/app/Controllers/Adminconfiguration.php(84): view()
#3 /var/www/vhosts/iptvbillingsolution.com/public/appbackendv2/system/CodeIgniter.php(825): App\Controllers\Adminconfiguration->adminconfiguration()
#4 /var/www/vhosts/iptvbillingsolution.com/public/appbackendv2/system/CodeIgniter.php(412): CodeIgniter\CodeIgniter->runController()
#5 /var/www/vhosts/iptvbillingsolution.com/public/appbackendv2/system/CodeIgniter.php(320): CodeIgniter\CodeIgniter->handleRequest()
#6 /var/www/vhosts/iptvbillingsolution.com/public/appbackendv2/public/index.php(37): CodeIgniter\CodeIgniter->run()
#7 {main}
CRITICAL - 2022-05-11 06:12:54 --> Invalid file: adminaccess.php
#0 /var/www/vhosts/iptvbillingsolution.com/public/appbackendv2/system/View/View.php(198): CodeIgniter\Exceptions\FrameworkException::forInvalidFile()
#1 /var/www/vhosts/iptvbillingsolution.com/public/appbackendv2/system/Common.php(1089): CodeIgniter\View\View->render()
#2 /var/www/vhosts/iptvbillingsolution.com/public/appbackendv2/app/Controllers/Adminconfiguration.php(84): view()
#3 /var/www/vhosts/iptvbillingsolution.com/public/appbackendv2/system/CodeIgniter.php(825): App\Controllers\Adminconfiguration->adminconfiguration()
#4 /var/www/vhosts/iptvbillingsolution.com/public/appbackendv2/system/CodeIgniter.php(412): CodeIgniter\CodeIgniter->runController()
#5 /var/www/vhosts/iptvbillingsolution.com/public/appbackendv2/system/CodeIgniter.php(320): CodeIgniter\CodeIgniter->handleRequest()
#6 /var/www/vhosts/iptvbillingsolution.com/public/appbackendv2/public/index.php(37): CodeIgniter\CodeIgniter->run()
#7 {main}
CRITICAL - 2022-05-11 06:14:12 --> Invalid file: adminaccess.php
#0 /var/www/vhosts/iptvbillingsolution.com/public/appbackendv2/system/View/View.php(198): CodeIgniter\Exceptions\FrameworkException::forInvalidFile()
#1 /var/www/vhosts/iptvbillingsolution.com/public/appbackendv2/system/Common.php(1089): CodeIgniter\View\View->render()
#2 /var/www/vhosts/iptvbillingsolution.com/public/appbackendv2/app/Controllers/Adminconfiguration.php(84): view()
#3 /var/www/vhosts/iptvbillingsolution.com/public/appbackendv2/system/CodeIgniter.php(825): App\Controllers\Adminconfiguration->adminconfiguration()
#4 /var/www/vhosts/iptvbillingsolution.com/public/appbackendv2/system/CodeIgniter.php(412): CodeIgniter\CodeIgniter->runController()
#5 /var/www/vhosts/iptvbillingsolution.com/public/appbackendv2/system/CodeIgniter.php(320): CodeIgniter\CodeIgniter->handleRequest()
#6 /var/www/vhosts/iptvbillingsolution.com/public/appbackendv2/public/index.php(37): CodeIgniter\CodeIgniter->run()
#7 {main}
CRITICAL - 2022-05-11 06:15:39 --> Invalid file: adminaccess.php
#0 /var/www/vhosts/iptvbillingsolution.com/public/appbackendv2/system/View/View.php(198): CodeIgniter\Exceptions\FrameworkException::forInvalidFile()
#1 /var/www/vhosts/iptvbillingsolution.com/public/appbackendv2/system/Common.php(1089): CodeIgniter\View\View->render()
#2 /var/www/vhosts/iptvbillingsolution.com/public/appbackendv2/app/Controllers/Adminconfiguration.php(84): view()
#3 /var/www/vhosts/iptvbillingsolution.com/public/appbackendv2/system/CodeIgniter.php(825): App\Controllers\Adminconfiguration->adminconfiguration()
#4 /var/www/vhosts/iptvbillingsolution.com/public/appbackendv2/system/CodeIgniter.php(412): CodeIgniter\CodeIgniter->runController()
#5 /var/www/vhosts/iptvbillingsolution.com/public/appbackendv2/system/CodeIgniter.php(320): CodeIgniter\CodeIgniter->handleRequest()
#6 /var/www/vhosts/iptvbillingsolution.com/public/appbackendv2/public/index.php(37): CodeIgniter\CodeIgniter->run()
#7 {main}
CRITICAL - 2022-05-11 06:16:37 --> Invalid file: adminaccess.php
#0 /var/www/vhosts/iptvbillingsolution.com/public/appbackendv2/system/View/View.php(198): CodeIgniter\Exceptions\FrameworkException::forInvalidFile()
#1 /var/www/vhosts/iptvbillingsolution.com/public/appbackendv2/system/Common.php(1089): CodeIgniter\View\View->render()
#2 /var/www/vhosts/iptvbillingsolution.com/public/appbackendv2/app/Controllers/Adminconfiguration.php(84): view()
#3 /var/www/vhosts/iptvbillingsolution.com/public/appbackendv2/system/CodeIgniter.php(825): App\Controllers\Adminconfiguration->adminconfiguration()
#4 /var/www/vhosts/iptvbillingsolution.com/public/appbackendv2/system/CodeIgniter.php(412): CodeIgniter\CodeIgniter->runController()
#5 /var/www/vhosts/iptvbillingsolution.com/public/appbackendv2/system/CodeIgniter.php(320): CodeIgniter\CodeIgniter->handleRequest()
#6 /var/www/vhosts/iptvbillingsolution.com/public/appbackendv2/public/index.php(37): CodeIgniter\CodeIgniter->run()
#7 {main}
ERROR - 2022-05-11 06:23:35 --> You have an error in your SQL syntax; check the manual that corresponds to your MySQL server version for the right syntax to use near 'NOT NULL,
	`filename` varchar NOT NULL,
	`title` varchar NOT NULL,
	created_at d' at line 3
CRITICAL - 2022-05-11 06:29:54 --> Invalid file: adminaccess.php
#0 /var/www/vhosts/iptvbillingsolution.com/public/appbackendv2/system/View/View.php(198): CodeIgniter\Exceptions\FrameworkException::forInvalidFile()
#1 /var/www/vhosts/iptvbillingsolution.com/public/appbackendv2/system/Common.php(1089): CodeIgniter\View\View->render()
#2 /var/www/vhosts/iptvbillingsolution.com/public/appbackendv2/app/Controllers/Adminconfiguration.php(84): view()
#3 /var/www/vhosts/iptvbillingsolution.com/public/appbackendv2/system/CodeIgniter.php(825): App\Controllers\Adminconfiguration->adminconfiguration()
#4 /var/www/vhosts/iptvbillingsolution.com/public/appbackendv2/system/CodeIgniter.php(412): CodeIgniter\CodeIgniter->runController()
#5 /var/www/vhosts/iptvbillingsolution.com/public/appbackendv2/system/CodeIgniter.php(320): CodeIgniter\CodeIgniter->handleRequest()
#6 /var/www/vhosts/iptvbillingsolution.com/public/appbackendv2/public/index.php(37): CodeIgniter\CodeIgniter->run()
#7 {main}
CRITICAL - 2022-05-11 08:08:29 --> Array to string conversion
#0 /var/www/vhosts/iptvbillingsolution.com/public/appbackendv2/app/Controllers/Media.php(18): CodeIgniter\Debug\Exceptions->errorHandler()
#1 /var/www/vhosts/iptvbillingsolution.com/public/appbackendv2/system/CodeIgniter.php(825): App\Controllers\Media->media()
#2 /var/www/vhosts/iptvbillingsolution.com/public/appbackendv2/system/CodeIgniter.php(412): CodeIgniter\CodeIgniter->runController()
#3 /var/www/vhosts/iptvbillingsolution.com/public/appbackendv2/system/CodeIgniter.php(320): CodeIgniter\CodeIgniter->handleRequest()
#4 /var/www/vhosts/iptvbillingsolution.com/public/appbackendv2/public/index.php(37): CodeIgniter\CodeIgniter->run()
#5 {main}
CRITICAL - 2022-05-11 08:08:46 --> Array to string conversion
#0 /var/www/vhosts/iptvbillingsolution.com/public/appbackendv2/app/Controllers/Media.php(18): CodeIgniter\Debug\Exceptions->errorHandler()
#1 /var/www/vhosts/iptvbillingsolution.com/public/appbackendv2/system/CodeIgniter.php(825): App\Controllers\Media->media()
#2 /var/www/vhosts/iptvbillingsolution.com/public/appbackendv2/system/CodeIgniter.php(412): CodeIgniter\CodeIgniter->runController()
#3 /var/www/vhosts/iptvbillingsolution.com/public/appbackendv2/system/CodeIgniter.php(320): CodeIgniter\CodeIgniter->handleRequest()
#4 /var/www/vhosts/iptvbillingsolution.com/public/appbackendv2/public/index.php(37): CodeIgniter\CodeIgniter->run()
#5 {main}
CRITICAL - 2022-05-11 08:09:07 --> Array to string conversion
#0 /var/www/vhosts/iptvbillingsolution.com/public/appbackendv2/app/Controllers/Media.php(16): CodeIgniter\Debug\Exceptions->errorHandler()
#1 /var/www/vhosts/iptvbillingsolution.com/public/appbackendv2/system/CodeIgniter.php(825): App\Controllers\Media->media()
#2 /var/www/vhosts/iptvbillingsolution.com/public/appbackendv2/system/CodeIgniter.php(412): CodeIgniter\CodeIgniter->runController()
#3 /var/www/vhosts/iptvbillingsolution.com/public/appbackendv2/system/CodeIgniter.php(320): CodeIgniter\CodeIgniter->handleRequest()
#4 /var/www/vhosts/iptvbillingsolution.com/public/appbackendv2/public/index.php(37): CodeIgniter\CodeIgniter->run()
#5 {main}
CRITICAL - 2022-05-11 08:24:06 --> Uninitialized string offset: 3
#0 /var/www/vhosts/iptvbillingsolution.com/public/appbackendv2/app/Controllers/Media.php(21): CodeIgniter\Debug\Exceptions->errorHandler()
#1 /var/www/vhosts/iptvbillingsolution.com/public/appbackendv2/system/CodeIgniter.php(825): App\Controllers\Media->media()
#2 /var/www/vhosts/iptvbillingsolution.com/public/appbackendv2/system/CodeIgniter.php(412): CodeIgniter\CodeIgniter->runController()
#3 /var/www/vhosts/iptvbillingsolution.com/public/appbackendv2/system/CodeIgniter.php(320): CodeIgniter\CodeIgniter->handleRequest()
#4 /var/www/vhosts/iptvbillingsolution.com/public/appbackendv2/public/index.php(37): CodeIgniter\CodeIgniter->run()
#5 {main}
CRITICAL - 2022-05-11 08:24:59 --> Uninitialized string offset: 5
#0 /var/www/vhosts/iptvbillingsolution.com/public/appbackendv2/app/Controllers/Media.php(22): CodeIgniter\Debug\Exceptions->errorHandler()
#1 /var/www/vhosts/iptvbillingsolution.com/public/appbackendv2/system/CodeIgniter.php(825): App\Controllers\Media->media()
#2 /var/www/vhosts/iptvbillingsolution.com/public/appbackendv2/system/CodeIgniter.php(412): CodeIgniter\CodeIgniter->runController()
#3 /var/www/vhosts/iptvbillingsolution.com/public/appbackendv2/system/CodeIgniter.php(320): CodeIgniter\CodeIgniter->handleRequest()
#4 /var/www/vhosts/iptvbillingsolution.com/public/appbackendv2/public/index.php(37): CodeIgniter\CodeIgniter->run()
#5 {main}
CRITICAL - 2022-05-11 08:30:26 --> Invalid argument supplied for foreach()
#0 /var/www/vhosts/iptvbillingsolution.com/public/appbackendv2/app/Controllers/Media.php(16): CodeIgniter\Debug\Exceptions->errorHandler()
#1 /var/www/vhosts/iptvbillingsolution.com/public/appbackendv2/system/CodeIgniter.php(825): App\Controllers\Media->media()
#2 /var/www/vhosts/iptvbillingsolution.com/public/appbackendv2/system/CodeIgniter.php(412): CodeIgniter\CodeIgniter->runController()
#3 /var/www/vhosts/iptvbillingsolution.com/public/appbackendv2/system/CodeIgniter.php(320): CodeIgniter\CodeIgniter->handleRequest()
#4 /var/www/vhosts/iptvbillingsolution.com/public/appbackendv2/public/index.php(37): CodeIgniter\CodeIgniter->run()
#5 {main}
ERROR - 2022-05-11 23:36:29 --> Table 'ankush_db.am_configurations' doesn't exist
CRITICAL - 2022-05-11 23:36:29 --> Table 'ankush_db.am_configurations' doesn't exist
#0 /var/www/vhosts/iptvbillingsolution.com/public/appbackendv2/system/Database/MySQLi/Connection.php(292): mysqli->query()
#1 /var/www/vhosts/iptvbillingsolution.com/public/appbackendv2/system/Database/BaseConnection.php(670): CodeIgniter\Database\MySQLi\Connection->execute()
#2 /var/www/vhosts/iptvbillingsolution.com/public/appbackendv2/system/Database/BaseConnection.php(598): CodeIgniter\Database\BaseConnection->simpleQuery()
#3 /var/www/vhosts/iptvbillingsolution.com/public/appbackendv2/system/Database/BaseBuilder.php(1455): CodeIgniter\Database\BaseConnection->query()
#4 /var/www/vhosts/iptvbillingsolution.com/public/appbackendv2/system/Model.php(728): CodeIgniter\Database\BaseBuilder->get()
#5 /var/www/vhosts/iptvbillingsolution.com/public/appbackendv2/app/Models/Generalmodalsettings.php(32): CodeIgniter\Model->__call()
#6 /var/www/vhosts/iptvbillingsolution.com/public/appbackendv2/app/Controllers/Settings.php(46): App\Models\Generalmodalsettings->getaddgeneralsettings()
#7 /var/www/vhosts/iptvbillingsolution.com/public/appbackendv2/system/CodeIgniter.php(825): App\Controllers\Settings->generalsettings()
#8 /var/www/vhosts/iptvbillingsolution.com/public/appbackendv2/system/CodeIgniter.php(412): CodeIgniter\CodeIgniter->runController()
#9 /var/www/vhosts/iptvbillingsolution.com/public/appbackendv2/system/CodeIgniter.php(320): CodeIgniter\CodeIgniter->handleRequest()
#10 /var/www/vhosts/iptvbillingsolution.com/public/appbackendv2/public/index.php(37): CodeIgniter\CodeIgniter->run()
#11 {main}
ERROR - 2022-05-11 23:37:24 --> Table 'ankush_db.am_configurations' doesn't exist
CRITICAL - 2022-05-11 23:37:24 --> Table 'ankush_db.am_configurations' doesn't exist
#0 /var/www/vhosts/iptvbillingsolution.com/public/appbackendv2/system/Database/MySQLi/Connection.php(292): mysqli->query()
#1 /var/www/vhosts/iptvbillingsolution.com/public/appbackendv2/system/Database/BaseConnection.php(670): CodeIgniter\Database\MySQLi\Connection->execute()
#2 /var/www/vhosts/iptvbillingsolution.com/public/appbackendv2/system/Database/BaseConnection.php(598): CodeIgniter\Database\BaseConnection->simpleQuery()
#3 /var/www/vhosts/iptvbillingsolution.com/public/appbackendv2/system/Database/BaseBuilder.php(1455): CodeIgniter\Database\BaseConnection->query()
#4 /var/www/vhosts/iptvbillingsolution.com/public/appbackendv2/system/Model.php(728): CodeIgniter\Database\BaseBuilder->get()
#5 /var/www/vhosts/iptvbillingsolution.com/public/appbackendv2/app/Models/Generalmodalsettings.php(32): CodeIgniter\Model->__call()
#6 /var/www/vhosts/iptvbillingsolution.com/public/appbackendv2/app/Controllers/Settings.php(46): App\Models\Generalmodalsettings->getaddgeneralsettings()
#7 /var/www/vhosts/iptvbillingsolution.com/public/appbackendv2/system/CodeIgniter.php(825): App\Controllers\Settings->generalsettings()
#8 /var/www/vhosts/iptvbillingsolution.com/public/appbackendv2/system/CodeIgniter.php(412): CodeIgniter\CodeIgniter->runController()
#9 /var/www/vhosts/iptvbillingsolution.com/public/appbackendv2/system/CodeIgniter.php(320): CodeIgniter\CodeIgniter->handleRequest()
#10 /var/www/vhosts/iptvbillingsolution.com/public/appbackendv2/public/index.php(37): CodeIgniter\CodeIgniter->run()
#11 {main}
ERROR - 2022-05-11 23:39:32 --> Table 'ankush_db.am_configurations' doesn't exist
CRITICAL - 2022-05-11 23:39:32 --> Table 'ankush_db.am_configurations' doesn't exist
#0 /var/www/vhosts/iptvbillingsolution.com/public/appbackendv2/system/Database/MySQLi/Connection.php(292): mysqli->query()
#1 /var/www/vhosts/iptvbillingsolution.com/public/appbackendv2/system/Database/BaseConnection.php(670): CodeIgniter\Database\MySQLi\Connection->execute()
#2 /var/www/vhosts/iptvbillingsolution.com/public/appbackendv2/system/Database/BaseConnection.php(598): CodeIgniter\Database\BaseConnection->simpleQuery()
#3 /var/www/vhosts/iptvbillingsolution.com/public/appbackendv2/system/Database/BaseBuilder.php(1455): CodeIgniter\Database\BaseConnection->query()
#4 /var/www/vhosts/iptvbillingsolution.com/public/appbackendv2/system/Model.php(728): CodeIgniter\Database\BaseBuilder->get()
#5 /var/www/vhosts/iptvbillingsolution.com/public/appbackendv2/app/Models/Generalmodalsettings.php(32): CodeIgniter\Model->__call()
#6 /var/www/vhosts/iptvbillingsolution.com/public/appbackendv2/app/Controllers/Settings.php(46): App\Models\Generalmodalsettings->getaddgeneralsettings()
#7 /var/www/vhosts/iptvbillingsolution.com/public/appbackendv2/system/CodeIgniter.php(825): App\Controllers\Settings->generalsettings()
#8 /var/www/vhosts/iptvbillingsolution.com/public/appbackendv2/system/CodeIgniter.php(412): CodeIgniter\CodeIgniter->runController()
#9 /var/www/vhosts/iptvbillingsolution.com/public/appbackendv2/system/CodeIgniter.php(320): CodeIgniter\CodeIgniter->handleRequest()
#10 /var/www/vhosts/iptvbillingsolution.com/public/appbackendv2/public/index.php(37): CodeIgniter\CodeIgniter->run()
#11 {main}
CRITICAL - 2022-05-11 23:41:24 --> Cannot declare class App\Database\Migrations\AmAdminconfiguration, because the name is already in use
#0 [internal function]: CodeIgniter\Debug\Exceptions->shutdownHandler()
#1 {main}
CRITICAL - 2022-05-11 23:42:31 --> Invalid file: adminaccess.php
#0 /var/www/vhosts/iptvbillingsolution.com/public/appbackendv2/system/View/View.php(198): CodeIgniter\Exceptions\FrameworkException::forInvalidFile()
#1 /var/www/vhosts/iptvbillingsolution.com/public/appbackendv2/system/Common.php(1089): CodeIgniter\View\View->render()
#2 /var/www/vhosts/iptvbillingsolution.com/public/appbackendv2/app/Controllers/Adminconfiguration.php(84): view()
#3 /var/www/vhosts/iptvbillingsolution.com/public/appbackendv2/system/CodeIgniter.php(825): App\Controllers\Adminconfiguration->adminconfiguration()
#4 /var/www/vhosts/iptvbillingsolution.com/public/appbackendv2/system/CodeIgniter.php(412): CodeIgniter\CodeIgniter->runController()
#5 /var/www/vhosts/iptvbillingsolution.com/public/appbackendv2/system/CodeIgniter.php(320): CodeIgniter\CodeIgniter->handleRequest()
#6 /var/www/vhosts/iptvbillingsolution.com/public/appbackendv2/public/index.php(37): CodeIgniter\CodeIgniter->run()
#7 {main}
