CRITICAL - 2022-07-04 03:15:56 --> Cannot call constructor
#0 /var/www/vhosts/iptvbillingsolution.com/public/smartersactivationpanel/system/CodeIgniter.php(802): App\Controllers\BaseController->__construct()
#1 /var/www/vhosts/iptvbillingsolution.com/public/smartersactivationpanel/system/CodeIgniter.php(403): CodeIgniter\CodeIgniter->createController()
#2 /var/www/vhosts/iptvbillingsolution.com/public/smartersactivationpanel/system/CodeIgniter.php(320): CodeIgniter\CodeIgniter->handleRequest()
#3 /var/www/vhosts/iptvbillingsolution.com/public/smartersactivationpanel/index.php(39): CodeIgniter\CodeIgniter->run()
#4 {main}
CRITICAL - 2022-07-04 03:16:16 --> Cannot call constructor
#0 /var/www/vhosts/iptvbillingsolution.com/public/smartersactivationpanel/system/CodeIgniter.php(802): App\Controllers\BaseController->__construct()
#1 /var/www/vhosts/iptvbillingsolution.com/public/smartersactivationpanel/system/CodeIgniter.php(403): CodeIgniter\CodeIgniter->createController()
#2 /var/www/vhosts/iptvbillingsolution.com/public/smartersactivationpanel/system/CodeIgniter.php(320): CodeIgniter\CodeIgniter->handleRequest()
#3 /var/www/vhosts/iptvbillingsolution.com/public/smartersactivationpanel/index.php(39): CodeIgniter\CodeIgniter->run()
#4 {main}
ERROR - 2022-07-04 03:32:24 --> Too-big precision 255 specified for 'created_at'. Maximum is 6.
CRITICAL - 2022-07-04 06:49:58 --> Invalid file: adminconfiguration.php
#0 /var/www/vhosts/iptvbillingsolution.com/public/smartersactivationpanel/system/View/View.php(198): CodeIgniter\Exceptions\FrameworkException::forInvalidFile()
#1 /var/www/vhosts/iptvbillingsolution.com/public/smartersactivationpanel/system/Common.php(1089): CodeIgniter\View\View->render()
#2 /var/www/vhosts/iptvbillingsolution.com/public/smartersactivationpanel/app/Controllers/Adminconfiguration.php(70): view()
#3 /var/www/vhosts/iptvbillingsolution.com/public/smartersactivationpanel/system/CodeIgniter.php(825): App\Controllers\Adminconfiguration->adminconfiguration()
#4 /var/www/vhosts/iptvbillingsolution.com/public/smartersactivationpanel/system/CodeIgniter.php(412): CodeIgniter\CodeIgniter->runController()
#5 /var/www/vhosts/iptvbillingsolution.com/public/smartersactivationpanel/system/CodeIgniter.php(320): CodeIgniter\CodeIgniter->handleRequest()
#6 /var/www/vhosts/iptvbillingsolution.com/public/smartersactivationpanel/public/index.php(37): CodeIgniter\CodeIgniter->run()
#7 {main}
ERROR - 2022-07-04 07:26:29 --> Table 'smartersactivationpanel.am_admin' doesn't exist
CRITICAL - 2022-07-04 07:26:29 --> Table 'smartersactivationpanel.am_admin' doesn't exist
#0 /var/www/vhosts/iptvbillingsolution.com/public/smartersactivationpanel/system/Database/MySQLi/Connection.php(292): mysqli->query()
#1 /var/www/vhosts/iptvbillingsolution.com/public/smartersactivationpanel/system/Database/BaseConnection.php(670): CodeIgniter\Database\MySQLi\Connection->execute()
#2 /var/www/vhosts/iptvbillingsolution.com/public/smartersactivationpanel/system/Database/BaseConnection.php(598): CodeIgniter\Database\BaseConnection->simpleQuery()
#3 /var/www/vhosts/iptvbillingsolution.com/public/smartersactivationpanel/system/Database/BaseBuilder.php(1455): CodeIgniter\Database\BaseConnection->query()
#4 /var/www/vhosts/iptvbillingsolution.com/public/smartersactivationpanel/system/Validation/Rules.php(142): CodeIgniter\Database\BaseBuilder->get()
#5 /var/www/vhosts/iptvbillingsolution.com/public/smartersactivationpanel/system/Validation/Validation.php(292): CodeIgniter\Validation\Rules->is_unique()
#6 /var/www/vhosts/iptvbillingsolution.com/public/smartersactivationpanel/system/Validation/Validation.php(157): CodeIgniter\Validation\Validation->processRules()
#7 /var/www/vhosts/iptvbillingsolution.com/public/smartersactivationpanel/system/Controller.php(160): CodeIgniter\Validation\Validation->run()
#8 /var/www/vhosts/iptvbillingsolution.com/public/smartersactivationpanel/app/Controllers/Adminconfiguration.php(28): CodeIgniter\Controller->validate()
#9 /var/www/vhosts/iptvbillingsolution.com/public/smartersactivationpanel/system/CodeIgniter.php(825): App\Controllers\Adminconfiguration->adminconfiguration()
#10 /var/www/vhosts/iptvbillingsolution.com/public/smartersactivationpanel/system/CodeIgniter.php(412): CodeIgniter\CodeIgniter->runController()
#11 /var/www/vhosts/iptvbillingsolution.com/public/smartersactivationpanel/system/CodeIgniter.php(320): CodeIgniter\CodeIgniter->handleRequest()
#12 /var/www/vhosts/iptvbillingsolution.com/public/smartersactivationpanel/public/index.php(37): CodeIgniter\CodeIgniter->run()
#13 {main}
ERROR - 2022-07-04 07:28:06 --> Table 'smartersactivationpanel.am_admin' doesn't exist
CRITICAL - 2022-07-04 07:28:06 --> Table 'smartersactivationpanel.am_admin' doesn't exist
#0 /var/www/vhosts/iptvbillingsolution.com/public/smartersactivationpanel/system/Database/MySQLi/Connection.php(292): mysqli->query()
#1 /var/www/vhosts/iptvbillingsolution.com/public/smartersactivationpanel/system/Database/BaseConnection.php(670): CodeIgniter\Database\MySQLi\Connection->execute()
#2 /var/www/vhosts/iptvbillingsolution.com/public/smartersactivationpanel/system/Database/BaseConnection.php(598): CodeIgniter\Database\BaseConnection->simpleQuery()
#3 /var/www/vhosts/iptvbillingsolution.com/public/smartersactivationpanel/system/Database/BaseBuilder.php(1455): CodeIgniter\Database\BaseConnection->query()
#4 /var/www/vhosts/iptvbillingsolution.com/public/smartersactivationpanel/system/Validation/Rules.php(142): CodeIgniter\Database\BaseBuilder->get()
#5 /var/www/vhosts/iptvbillingsolution.com/public/smartersactivationpanel/system/Validation/Validation.php(292): CodeIgniter\Validation\Rules->is_unique()
#6 /var/www/vhosts/iptvbillingsolution.com/public/smartersactivationpanel/system/Validation/Validation.php(157): CodeIgniter\Validation\Validation->processRules()
#7 /var/www/vhosts/iptvbillingsolution.com/public/smartersactivationpanel/system/Controller.php(160): CodeIgniter\Validation\Validation->run()
#8 /var/www/vhosts/iptvbillingsolution.com/public/smartersactivationpanel/app/Controllers/Adminconfiguration.php(28): CodeIgniter\Controller->validate()
#9 /var/www/vhosts/iptvbillingsolution.com/public/smartersactivationpanel/system/CodeIgniter.php(825): App\Controllers\Adminconfiguration->adminconfiguration()
#10 /var/www/vhosts/iptvbillingsolution.com/public/smartersactivationpanel/system/CodeIgniter.php(412): CodeIgniter\CodeIgniter->runController()
#11 /var/www/vhosts/iptvbillingsolution.com/public/smartersactivationpanel/system/CodeIgniter.php(320): CodeIgniter\CodeIgniter->handleRequest()
#12 /var/www/vhosts/iptvbillingsolution.com/public/smartersactivationpanel/public/index.php(37): CodeIgniter\CodeIgniter->run()
#13 {main}
ERROR - 2022-07-04 07:28:41 --> Table 'smartersactivationpanel.tlb_admin' doesn't exist
CRITICAL - 2022-07-04 07:28:41 --> Table 'smartersactivationpanel.tlb_admin' doesn't exist
#0 /var/www/vhosts/iptvbillingsolution.com/public/smartersactivationpanel/system/Database/MySQLi/Connection.php(292): mysqli->query()
#1 /var/www/vhosts/iptvbillingsolution.com/public/smartersactivationpanel/system/Database/BaseConnection.php(670): CodeIgniter\Database\MySQLi\Connection->execute()
#2 /var/www/vhosts/iptvbillingsolution.com/public/smartersactivationpanel/system/Database/BaseConnection.php(598): CodeIgniter\Database\BaseConnection->simpleQuery()
#3 /var/www/vhosts/iptvbillingsolution.com/public/smartersactivationpanel/system/Database/BaseBuilder.php(1455): CodeIgniter\Database\BaseConnection->query()
#4 /var/www/vhosts/iptvbillingsolution.com/public/smartersactivationpanel/system/Validation/Rules.php(142): CodeIgniter\Database\BaseBuilder->get()
#5 /var/www/vhosts/iptvbillingsolution.com/public/smartersactivationpanel/system/Validation/Validation.php(292): CodeIgniter\Validation\Rules->is_unique()
#6 /var/www/vhosts/iptvbillingsolution.com/public/smartersactivationpanel/system/Validation/Validation.php(157): CodeIgniter\Validation\Validation->processRules()
#7 /var/www/vhosts/iptvbillingsolution.com/public/smartersactivationpanel/system/Controller.php(160): CodeIgniter\Validation\Validation->run()
#8 /var/www/vhosts/iptvbillingsolution.com/public/smartersactivationpanel/app/Controllers/Adminconfiguration.php(28): CodeIgniter\Controller->validate()
#9 /var/www/vhosts/iptvbillingsolution.com/public/smartersactivationpanel/system/CodeIgniter.php(825): App\Controllers\Adminconfiguration->adminconfiguration()
#10 /var/www/vhosts/iptvbillingsolution.com/public/smartersactivationpanel/system/CodeIgniter.php(412): CodeIgniter\CodeIgniter->runController()
#11 /var/www/vhosts/iptvbillingsolution.com/public/smartersactivationpanel/system/CodeIgniter.php(320): CodeIgniter\CodeIgniter->handleRequest()
#12 /var/www/vhosts/iptvbillingsolution.com/public/smartersactivationpanel/public/index.php(37): CodeIgniter\CodeIgniter->run()
#13 {main}
CRITICAL - 2022-07-04 08:01:06 --> Undefined property: App\Controllers\Login::$ipbannedmodel
#0 /var/www/vhosts/iptvbillingsolution.com/public/smartersactivationpanel/app/Controllers/Login.php(17): CodeIgniter\Debug\Exceptions->errorHandler()
#1 /var/www/vhosts/iptvbillingsolution.com/public/smartersactivationpanel/system/CodeIgniter.php(825): App\Controllers\Login->login()
#2 /var/www/vhosts/iptvbillingsolution.com/public/smartersactivationpanel/system/CodeIgniter.php(412): CodeIgniter\CodeIgniter->runController()
#3 /var/www/vhosts/iptvbillingsolution.com/public/smartersactivationpanel/system/CodeIgniter.php(320): CodeIgniter\CodeIgniter->handleRequest()
#4 /var/www/vhosts/iptvbillingsolution.com/public/smartersactivationpanel/public/index.php(37): CodeIgniter\CodeIgniter->run()
#5 {main}
ERROR - 2022-07-04 08:02:07 --> Table 'smartersactivationpanel.am_bannedip' doesn't exist
CRITICAL - 2022-07-04 08:02:07 --> Table 'smartersactivationpanel.am_bannedip' doesn't exist
#0 /var/www/vhosts/iptvbillingsolution.com/public/smartersactivationpanel/system/Database/MySQLi/Connection.php(292): mysqli->query()
#1 /var/www/vhosts/iptvbillingsolution.com/public/smartersactivationpanel/system/Database/BaseConnection.php(670): CodeIgniter\Database\MySQLi\Connection->execute()
#2 /var/www/vhosts/iptvbillingsolution.com/public/smartersactivationpanel/system/Database/BaseConnection.php(598): CodeIgniter\Database\BaseConnection->simpleQuery()
#3 /var/www/vhosts/iptvbillingsolution.com/public/smartersactivationpanel/system/Database/BaseBuilder.php(1539): CodeIgniter\Database\BaseConnection->query()
#4 /var/www/vhosts/iptvbillingsolution.com/public/smartersactivationpanel/system/Model.php(509): CodeIgniter\Database\BaseBuilder->countAllResults()
#5 /var/www/vhosts/iptvbillingsolution.com/public/smartersactivationpanel/app/Controllers/Login.php(17): CodeIgniter\Model->countAllResults()
#6 /var/www/vhosts/iptvbillingsolution.com/public/smartersactivationpanel/system/CodeIgniter.php(825): App\Controllers\Login->login()
#7 /var/www/vhosts/iptvbillingsolution.com/public/smartersactivationpanel/system/CodeIgniter.php(412): CodeIgniter\CodeIgniter->runController()
#8 /var/www/vhosts/iptvbillingsolution.com/public/smartersactivationpanel/system/CodeIgniter.php(320): CodeIgniter\CodeIgniter->handleRequest()
#9 /var/www/vhosts/iptvbillingsolution.com/public/smartersactivationpanel/public/index.php(37): CodeIgniter\CodeIgniter->run()
#10 {main}
CRITICAL - 2022-07-04 08:02:54 --> Call to undefined method App\Controllers\Login::getglobalstoredsettings()
#0 /var/www/vhosts/iptvbillingsolution.com/public/smartersactivationpanel/system/View/View.php(210): include()
#1 /var/www/vhosts/iptvbillingsolution.com/public/smartersactivationpanel/system/View/View.php(213): CodeIgniter\View\View->CodeIgniter\View\{closure}()
#2 /var/www/vhosts/iptvbillingsolution.com/public/smartersactivationpanel/system/Common.php(1089): CodeIgniter\View\View->render()
#3 /var/www/vhosts/iptvbillingsolution.com/public/smartersactivationpanel/app/Controllers/Login.php(157): view()
#4 /var/www/vhosts/iptvbillingsolution.com/public/smartersactivationpanel/system/CodeIgniter.php(825): App\Controllers\Login->login()
#5 /var/www/vhosts/iptvbillingsolution.com/public/smartersactivationpanel/system/CodeIgniter.php(412): CodeIgniter\CodeIgniter->runController()
#6 /var/www/vhosts/iptvbillingsolution.com/public/smartersactivationpanel/system/CodeIgniter.php(320): CodeIgniter\CodeIgniter->handleRequest()
#7 /var/www/vhosts/iptvbillingsolution.com/public/smartersactivationpanel/public/index.php(37): CodeIgniter\CodeIgniter->run()
#8 {main}
CRITICAL - 2022-07-04 08:03:30 --> Undefined property: App\Controllers\Login::$generalsettingsmodel
#0 /var/www/vhosts/iptvbillingsolution.com/public/smartersactivationpanel/app/Controllers/BaseController.php(153): CodeIgniter\Debug\Exceptions->errorHandler()
#1 /var/www/vhosts/iptvbillingsolution.com/public/smartersactivationpanel/app/Views/login.php(7): App\Controllers\BaseController->getglobalstoredsettings()
#2 /var/www/vhosts/iptvbillingsolution.com/public/smartersactivationpanel/system/View/View.php(210): include('/var/www/vhosts...')
#3 /var/www/vhosts/iptvbillingsolution.com/public/smartersactivationpanel/system/View/View.php(213): CodeIgniter\View\View->CodeIgniter\View\{closure}()
#4 /var/www/vhosts/iptvbillingsolution.com/public/smartersactivationpanel/system/Common.php(1089): CodeIgniter\View\View->render()
#5 /var/www/vhosts/iptvbillingsolution.com/public/smartersactivationpanel/app/Controllers/Login.php(157): view()
#6 /var/www/vhosts/iptvbillingsolution.com/public/smartersactivationpanel/system/CodeIgniter.php(825): App\Controllers\Login->login()
#7 /var/www/vhosts/iptvbillingsolution.com/public/smartersactivationpanel/system/CodeIgniter.php(412): CodeIgniter\CodeIgniter->runController()
#8 /var/www/vhosts/iptvbillingsolution.com/public/smartersactivationpanel/system/CodeIgniter.php(320): CodeIgniter\CodeIgniter->handleRequest()
#9 /var/www/vhosts/iptvbillingsolution.com/public/smartersactivationpanel/public/index.php(37): CodeIgniter\CodeIgniter->run()
#10 {main}
CRITICAL - 2022-07-04 08:05:14 --> Undefined property: App\Controllers\Login::$generalsettingsmodel
#0 /var/www/vhosts/iptvbillingsolution.com/public/smartersactivationpanel/app/Controllers/BaseController.php(153): CodeIgniter\Debug\Exceptions->errorHandler()
#1 /var/www/vhosts/iptvbillingsolution.com/public/smartersactivationpanel/app/Views/login.php(7): App\Controllers\BaseController->getglobalstoredsettings()
#2 /var/www/vhosts/iptvbillingsolution.com/public/smartersactivationpanel/system/View/View.php(210): include('/var/www/vhosts...')
#3 /var/www/vhosts/iptvbillingsolution.com/public/smartersactivationpanel/system/View/View.php(213): CodeIgniter\View\View->CodeIgniter\View\{closure}()
#4 /var/www/vhosts/iptvbillingsolution.com/public/smartersactivationpanel/system/Common.php(1089): CodeIgniter\View\View->render()
#5 /var/www/vhosts/iptvbillingsolution.com/public/smartersactivationpanel/app/Controllers/Login.php(157): view()
#6 /var/www/vhosts/iptvbillingsolution.com/public/smartersactivationpanel/system/CodeIgniter.php(825): App\Controllers\Login->login()
#7 /var/www/vhosts/iptvbillingsolution.com/public/smartersactivationpanel/system/CodeIgniter.php(412): CodeIgniter\CodeIgniter->runController()
#8 /var/www/vhosts/iptvbillingsolution.com/public/smartersactivationpanel/system/CodeIgniter.php(320): CodeIgniter\CodeIgniter->handleRequest()
#9 /var/www/vhosts/iptvbillingsolution.com/public/smartersactivationpanel/public/index.php(37): CodeIgniter\CodeIgniter->run()
#10 {main}
CRITICAL - 2022-07-04 08:19:18 --> Undefined variable: data
#0 /var/www/vhosts/iptvbillingsolution.com/public/smartersactivationpanel/app/Controllers/Login.php(157): CodeIgniter\Debug\Exceptions->errorHandler()
#1 /var/www/vhosts/iptvbillingsolution.com/public/smartersactivationpanel/system/CodeIgniter.php(825): App\Controllers\Login->login()
#2 /var/www/vhosts/iptvbillingsolution.com/public/smartersactivationpanel/system/CodeIgniter.php(412): CodeIgniter\CodeIgniter->runController()
#3 /var/www/vhosts/iptvbillingsolution.com/public/smartersactivationpanel/system/CodeIgniter.php(320): CodeIgniter\CodeIgniter->handleRequest()
#4 /var/www/vhosts/iptvbillingsolution.com/public/smartersactivationpanel/public/index.php(37): CodeIgniter\CodeIgniter->run()
#5 {main}
CRITICAL - 2022-07-04 08:22:19 --> Undefined variable: sitetitle
#0 /var/www/vhosts/iptvbillingsolution.com/public/smartersactivationpanel/app/Views/login.php(13): CodeIgniter\Debug\Exceptions->errorHandler()
#1 /var/www/vhosts/iptvbillingsolution.com/public/smartersactivationpanel/system/View/View.php(210): include('/var/www/vhosts...')
#2 /var/www/vhosts/iptvbillingsolution.com/public/smartersactivationpanel/system/View/View.php(213): CodeIgniter\View\View->CodeIgniter\View\{closure}()
#3 /var/www/vhosts/iptvbillingsolution.com/public/smartersactivationpanel/system/Common.php(1089): CodeIgniter\View\View->render()
#4 /var/www/vhosts/iptvbillingsolution.com/public/smartersactivationpanel/app/Controllers/Login.php(160): view()
#5 /var/www/vhosts/iptvbillingsolution.com/public/smartersactivationpanel/system/CodeIgniter.php(825): App\Controllers\Login->login()
#6 /var/www/vhosts/iptvbillingsolution.com/public/smartersactivationpanel/system/CodeIgniter.php(412): CodeIgniter\CodeIgniter->runController()
#7 /var/www/vhosts/iptvbillingsolution.com/public/smartersactivationpanel/system/CodeIgniter.php(320): CodeIgniter\CodeIgniter->handleRequest()
#8 /var/www/vhosts/iptvbillingsolution.com/public/smartersactivationpanel/public/index.php(37): CodeIgniter\CodeIgniter->run()
#9 {main}
CRITICAL - 2022-07-04 08:32:06 --> Undefined property: App\Controllers\Login::$loginmodel
#0 /var/www/vhosts/iptvbillingsolution.com/public/smartersactivationpanel/app/Controllers/Login.php(53): CodeIgniter\Debug\Exceptions->errorHandler()
#1 /var/www/vhosts/iptvbillingsolution.com/public/smartersactivationpanel/system/CodeIgniter.php(825): App\Controllers\Login->login()
#2 /var/www/vhosts/iptvbillingsolution.com/public/smartersactivationpanel/system/CodeIgniter.php(412): CodeIgniter\CodeIgniter->runController()
#3 /var/www/vhosts/iptvbillingsolution.com/public/smartersactivationpanel/system/CodeIgniter.php(320): CodeIgniter\CodeIgniter->handleRequest()
#4 /var/www/vhosts/iptvbillingsolution.com/public/smartersactivationpanel/public/index.php(37): CodeIgniter\CodeIgniter->run()
#5 {main}
ERROR - 2022-07-04 08:33:30 --> Unknown column 'created_on' in 'field list'
CRITICAL - 2022-07-04 08:33:30 --> Unknown column 'created_on' in 'field list'
#0 /var/www/vhosts/iptvbillingsolution.com/public/smartersactivationpanel/system/Database/MySQLi/Connection.php(292): mysqli->query()
#1 /var/www/vhosts/iptvbillingsolution.com/public/smartersactivationpanel/system/Database/BaseConnection.php(670): CodeIgniter\Database\MySQLi\Connection->execute()
#2 /var/www/vhosts/iptvbillingsolution.com/public/smartersactivationpanel/system/Database/BaseConnection.php(598): CodeIgniter\Database\BaseConnection->simpleQuery()
#3 /var/www/vhosts/iptvbillingsolution.com/public/smartersactivationpanel/system/Database/BaseBuilder.php(1771): CodeIgniter\Database\BaseConnection->query()
#4 /var/www/vhosts/iptvbillingsolution.com/public/smartersactivationpanel/system/Model.php(239): CodeIgniter\Database\BaseBuilder->insert()
#5 /var/www/vhosts/iptvbillingsolution.com/public/smartersactivationpanel/system/BaseModel.php(738): CodeIgniter\Model->doInsert()
#6 /var/www/vhosts/iptvbillingsolution.com/public/smartersactivationpanel/system/Model.php(625): CodeIgniter\BaseModel->insert()
#7 /var/www/vhosts/iptvbillingsolution.com/public/smartersactivationpanel/app/Controllers/Login.php(129): CodeIgniter\Model->insert()
#8 /var/www/vhosts/iptvbillingsolution.com/public/smartersactivationpanel/system/CodeIgniter.php(825): App\Controllers\Login->login()
#9 /var/www/vhosts/iptvbillingsolution.com/public/smartersactivationpanel/system/CodeIgniter.php(412): CodeIgniter\CodeIgniter->runController()
#10 /var/www/vhosts/iptvbillingsolution.com/public/smartersactivationpanel/system/CodeIgniter.php(320): CodeIgniter\CodeIgniter->handleRequest()
#11 /var/www/vhosts/iptvbillingsolution.com/public/smartersactivationpanel/public/index.php(37): CodeIgniter\CodeIgniter->run()
#12 {main}
