CRITICAL - 2022-05-03 05:08:04 --> Undefined variable: mainlogo
#0 /var/www/vhosts/iptvbillingsolution.com/public/appbackendv2/app/Views/login.php(27): CodeIgniter\Debug\Exceptions->errorHandler()
#1 /var/www/vhosts/iptvbillingsolution.com/public/appbackendv2/system/View/View.php(210): include('/var/www/vhosts...')
#2 /var/www/vhosts/iptvbillingsolution.com/public/appbackendv2/system/View/View.php(213): CodeIgniter\View\View->CodeIgniter\View\{closure}()
#3 /var/www/vhosts/iptvbillingsolution.com/public/appbackendv2/system/Common.php(1089): CodeIgniter\View\View->render()
#4 /var/www/vhosts/iptvbillingsolution.com/public/appbackendv2/app/Controllers/Home.php(10): view()
#5 /var/www/vhosts/iptvbillingsolution.com/public/appbackendv2/system/CodeIgniter.php(825): App\Controllers\Home->index()
#6 /var/www/vhosts/iptvbillingsolution.com/public/appbackendv2/system/CodeIgniter.php(412): CodeIgniter\CodeIgniter->runController()
#7 /var/www/vhosts/iptvbillingsolution.com/public/appbackendv2/system/CodeIgniter.php(320): CodeIgniter\CodeIgniter->handleRequest()
#8 /var/www/vhosts/iptvbillingsolution.com/public/appbackendv2/index.php(39): CodeIgniter\CodeIgniter->run()
#9 {main}
CRITICAL - 2022-05-03 05:08:37 --> Undefined variable: mainlogo
#0 /var/www/vhosts/iptvbillingsolution.com/public/appbackendv2/app/Views/login.php(27): CodeIgniter\Debug\Exceptions->errorHandler()
#1 /var/www/vhosts/iptvbillingsolution.com/public/appbackendv2/system/View/View.php(210): include('/var/www/vhosts...')
#2 /var/www/vhosts/iptvbillingsolution.com/public/appbackendv2/system/View/View.php(213): CodeIgniter\View\View->CodeIgniter\View\{closure}()
#3 /var/www/vhosts/iptvbillingsolution.com/public/appbackendv2/system/Common.php(1089): CodeIgniter\View\View->render()
#4 /var/www/vhosts/iptvbillingsolution.com/public/appbackendv2/app/Controllers/Home.php(10): view()
#5 /var/www/vhosts/iptvbillingsolution.com/public/appbackendv2/system/CodeIgniter.php(825): App\Controllers\Home->index()
#6 /var/www/vhosts/iptvbillingsolution.com/public/appbackendv2/system/CodeIgniter.php(412): CodeIgniter\CodeIgniter->runController()
#7 /var/www/vhosts/iptvbillingsolution.com/public/appbackendv2/system/CodeIgniter.php(320): CodeIgniter\CodeIgniter->handleRequest()
#8 /var/www/vhosts/iptvbillingsolution.com/public/appbackendv2/index.php(39): CodeIgniter\CodeIgniter->run()
#9 {main}
CRITICAL - 2022-05-03 05:29:55 --> include(\head.php): failed to open stream: No such file or directory
#0 /var/www/vhosts/iptvbillingsolution.com/public/appbackendv2/app/Views/includes/main.php(1): CodeIgniter\Debug\Exceptions->errorHandler()
#1 /var/www/vhosts/iptvbillingsolution.com/public/appbackendv2/app/Views/includes/main.php(1): include()
#2 /var/www/vhosts/iptvbillingsolution.com/public/appbackendv2/system/View/View.php(210): include('/var/www/vhosts...')
#3 /var/www/vhosts/iptvbillingsolution.com/public/appbackendv2/system/View/View.php(213): CodeIgniter\View\View->CodeIgniter\View\{closure}()
#4 /var/www/vhosts/iptvbillingsolution.com/public/appbackendv2/system/Common.php(1089): CodeIgniter\View\View->render()
#5 /var/www/vhosts/iptvbillingsolution.com/public/appbackendv2/app/Controllers/Home.php(8): view()
#6 /var/www/vhosts/iptvbillingsolution.com/public/appbackendv2/system/CodeIgniter.php(825): App\Controllers\Home->index()
#7 /var/www/vhosts/iptvbillingsolution.com/public/appbackendv2/system/CodeIgniter.php(412): CodeIgniter\CodeIgniter->runController()
#8 /var/www/vhosts/iptvbillingsolution.com/public/appbackendv2/system/CodeIgniter.php(320): CodeIgniter\CodeIgniter->handleRequest()
#9 /var/www/vhosts/iptvbillingsolution.com/public/appbackendv2/index.php(39): CodeIgniter\CodeIgniter->run()
#10 {main}
CRITICAL - 2022-05-03 05:30:25 --> include(includes/head.php): failed to open stream: No such file or directory
#0 /var/www/vhosts/iptvbillingsolution.com/public/appbackendv2/app/Views/includes/main.php(1): CodeIgniter\Debug\Exceptions->errorHandler()
#1 /var/www/vhosts/iptvbillingsolution.com/public/appbackendv2/app/Views/includes/main.php(1): include()
#2 /var/www/vhosts/iptvbillingsolution.com/public/appbackendv2/system/View/View.php(210): include('/var/www/vhosts...')
#3 /var/www/vhosts/iptvbillingsolution.com/public/appbackendv2/system/View/View.php(213): CodeIgniter\View\View->CodeIgniter\View\{closure}()
#4 /var/www/vhosts/iptvbillingsolution.com/public/appbackendv2/system/Common.php(1089): CodeIgniter\View\View->render()
#5 /var/www/vhosts/iptvbillingsolution.com/public/appbackendv2/app/Controllers/Home.php(8): view()
#6 /var/www/vhosts/iptvbillingsolution.com/public/appbackendv2/system/CodeIgniter.php(825): App\Controllers\Home->index()
#7 /var/www/vhosts/iptvbillingsolution.com/public/appbackendv2/system/CodeIgniter.php(412): CodeIgniter\CodeIgniter->runController()
#8 /var/www/vhosts/iptvbillingsolution.com/public/appbackendv2/system/CodeIgniter.php(320): CodeIgniter\CodeIgniter->handleRequest()
#9 /var/www/vhosts/iptvbillingsolution.com/public/appbackendv2/index.php(39): CodeIgniter\CodeIgniter->run()
#10 {main}
CRITICAL - 2022-05-03 06:57:27 --> Invalid file: includes/head.php
#0 /var/www/vhosts/iptvbillingsolution.com/public/appbackendv2/system/View/View.php(198): CodeIgniter\Exceptions\FrameworkException::forInvalidFile()
#1 /var/www/vhosts/iptvbillingsolution.com/public/appbackendv2/system/Common.php(1089): CodeIgniter\View\View->render()
#2 /var/www/vhosts/iptvbillingsolution.com/public/appbackendv2/app/Controllers/Dashboard.php(7): view()
#3 /var/www/vhosts/iptvbillingsolution.com/public/appbackendv2/system/CodeIgniter.php(825): App\Controllers\Dashboard->dashboard()
#4 /var/www/vhosts/iptvbillingsolution.com/public/appbackendv2/system/CodeIgniter.php(412): CodeIgniter\CodeIgniter->runController()
#5 /var/www/vhosts/iptvbillingsolution.com/public/appbackendv2/system/CodeIgniter.php(320): CodeIgniter\CodeIgniter->handleRequest()
#6 /var/www/vhosts/iptvbillingsolution.com/public/appbackendv2/public/index.php(37): CodeIgniter\CodeIgniter->run()
#7 {main}
CRITICAL - 2022-05-03 07:12:42 --> Invalid file: includes/sidebar.php
#0 /var/www/vhosts/iptvbillingsolution.com/public/appbackendv2/system/View/View.php(198): CodeIgniter\Exceptions\FrameworkException::forInvalidFile()
#1 /var/www/vhosts/iptvbillingsolution.com/public/appbackendv2/system/Common.php(1089): CodeIgniter\View\View->render()
#2 /var/www/vhosts/iptvbillingsolution.com/public/appbackendv2/app/Controllers/Profile.php(7): view()
#3 /var/www/vhosts/iptvbillingsolution.com/public/appbackendv2/system/CodeIgniter.php(825): App\Controllers\Profile->profile()
#4 /var/www/vhosts/iptvbillingsolution.com/public/appbackendv2/system/CodeIgniter.php(412): CodeIgniter\CodeIgniter->runController()
#5 /var/www/vhosts/iptvbillingsolution.com/public/appbackendv2/system/CodeIgniter.php(320): CodeIgniter\CodeIgniter->handleRequest()
#6 /var/www/vhosts/iptvbillingsolution.com/public/appbackendv2/public/index.php(37): CodeIgniter\CodeIgniter->run()
#7 {main}
CRITICAL - 2022-05-03 07:14:08 --> Undefined variable: mainlogo
#0 /var/www/vhosts/iptvbillingsolution.com/public/appbackendv2/app/Views/includes/header.php(73): CodeIgniter\Debug\Exceptions->errorHandler()
#1 /var/www/vhosts/iptvbillingsolution.com/public/appbackendv2/system/View/View.php(210): include('/var/www/vhosts...')
#2 /var/www/vhosts/iptvbillingsolution.com/public/appbackendv2/system/View/View.php(213): CodeIgniter\View\View->CodeIgniter\View\{closure}()
#3 /var/www/vhosts/iptvbillingsolution.com/public/appbackendv2/system/Common.php(1089): CodeIgniter\View\View->render()
#4 /var/www/vhosts/iptvbillingsolution.com/public/appbackendv2/app/Controllers/Profile.php(6): view()
#5 /var/www/vhosts/iptvbillingsolution.com/public/appbackendv2/system/CodeIgniter.php(825): App\Controllers\Profile->profile()
#6 /var/www/vhosts/iptvbillingsolution.com/public/appbackendv2/system/CodeIgniter.php(412): CodeIgniter\CodeIgniter->runController()
#7 /var/www/vhosts/iptvbillingsolution.com/public/appbackendv2/system/CodeIgniter.php(320): CodeIgniter\CodeIgniter->handleRequest()
#8 /var/www/vhosts/iptvbillingsolution.com/public/appbackendv2/public/index.php(37): CodeIgniter\CodeIgniter->run()
#9 {main}
CRITICAL - 2022-05-03 07:14:29 --> Invalid file: includes/sidebar.php
#0 /var/www/vhosts/iptvbillingsolution.com/public/appbackendv2/system/View/View.php(198): CodeIgniter\Exceptions\FrameworkException::forInvalidFile()
#1 /var/www/vhosts/iptvbillingsolution.com/public/appbackendv2/system/Common.php(1089): CodeIgniter\View\View->render()
#2 /var/www/vhosts/iptvbillingsolution.com/public/appbackendv2/app/Controllers/Profile.php(7): view()
#3 /var/www/vhosts/iptvbillingsolution.com/public/appbackendv2/system/CodeIgniter.php(825): App\Controllers\Profile->profile()
#4 /var/www/vhosts/iptvbillingsolution.com/public/appbackendv2/system/CodeIgniter.php(412): CodeIgniter\CodeIgniter->runController()
#5 /var/www/vhosts/iptvbillingsolution.com/public/appbackendv2/system/CodeIgniter.php(320): CodeIgniter\CodeIgniter->handleRequest()
#6 /var/www/vhosts/iptvbillingsolution.com/public/appbackendv2/public/index.php(37): CodeIgniter\CodeIgniter->run()
#7 {main}
CRITICAL - 2022-05-03 07:15:02 --> Invalid file: includes/sidebar.php
#0 /var/www/vhosts/iptvbillingsolution.com/public/appbackendv2/system/View/View.php(198): CodeIgniter\Exceptions\FrameworkException::forInvalidFile()
#1 /var/www/vhosts/iptvbillingsolution.com/public/appbackendv2/system/Common.php(1089): CodeIgniter\View\View->render()
#2 /var/www/vhosts/iptvbillingsolution.com/public/appbackendv2/app/Controllers/Profile.php(7): view()
#3 /var/www/vhosts/iptvbillingsolution.com/public/appbackendv2/system/CodeIgniter.php(825): App\Controllers\Profile->profile()
#4 /var/www/vhosts/iptvbillingsolution.com/public/appbackendv2/system/CodeIgniter.php(412): CodeIgniter\CodeIgniter->runController()
#5 /var/www/vhosts/iptvbillingsolution.com/public/appbackendv2/system/CodeIgniter.php(320): CodeIgniter\CodeIgniter->handleRequest()
#6 /var/www/vhosts/iptvbillingsolution.com/public/appbackendv2/public/index.php(37): CodeIgniter\CodeIgniter->run()
#7 {main}
CRITICAL - 2022-05-03 07:15:07 --> Invalid file: includes/sidebar.php
#0 /var/www/vhosts/iptvbillingsolution.com/public/appbackendv2/system/View/View.php(198): CodeIgniter\Exceptions\FrameworkException::forInvalidFile()
#1 /var/www/vhosts/iptvbillingsolution.com/public/appbackendv2/system/Common.php(1089): CodeIgniter\View\View->render()
#2 /var/www/vhosts/iptvbillingsolution.com/public/appbackendv2/app/Controllers/Home.php(10): view()
#3 /var/www/vhosts/iptvbillingsolution.com/public/appbackendv2/system/CodeIgniter.php(825): App\Controllers\Home->index()
#4 /var/www/vhosts/iptvbillingsolution.com/public/appbackendv2/system/CodeIgniter.php(412): CodeIgniter\CodeIgniter->runController()
#5 /var/www/vhosts/iptvbillingsolution.com/public/appbackendv2/system/CodeIgniter.php(320): CodeIgniter\CodeIgniter->handleRequest()
#6 /var/www/vhosts/iptvbillingsolution.com/public/appbackendv2/public/index.php(37): CodeIgniter\CodeIgniter->run()
#7 {main}
CRITICAL - 2022-05-03 07:25:12 --> Invalid file: includes/sidebar.php
#0 /var/www/vhosts/iptvbillingsolution.com/public/appbackendv2/system/View/View.php(198): CodeIgniter\Exceptions\FrameworkException::forInvalidFile()
#1 /var/www/vhosts/iptvbillingsolution.com/public/appbackendv2/system/Common.php(1089): CodeIgniter\View\View->render()
#2 /var/www/vhosts/iptvbillingsolution.com/public/appbackendv2/app/Controllers/Home.php(10): view()
#3 /var/www/vhosts/iptvbillingsolution.com/public/appbackendv2/system/CodeIgniter.php(825): App\Controllers\Home->index()
#4 /var/www/vhosts/iptvbillingsolution.com/public/appbackendv2/system/CodeIgniter.php(412): CodeIgniter\CodeIgniter->runController()
#5 /var/www/vhosts/iptvbillingsolution.com/public/appbackendv2/system/CodeIgniter.php(320): CodeIgniter\CodeIgniter->handleRequest()
#6 /var/www/vhosts/iptvbillingsolution.com/public/appbackendv2/public/index.php(37): CodeIgniter\CodeIgniter->run()
#7 {main}
CRITICAL - 2022-05-03 07:26:16 --> Invalid file: includes/sidebar.php
#0 /var/www/vhosts/iptvbillingsolution.com/public/appbackendv2/system/View/View.php(198): CodeIgniter\Exceptions\FrameworkException::forInvalidFile()
#1 /var/www/vhosts/iptvbillingsolution.com/public/appbackendv2/system/Common.php(1089): CodeIgniter\View\View->render()
#2 /var/www/vhosts/iptvbillingsolution.com/public/appbackendv2/app/Controllers/Home.php(10): view()
#3 /var/www/vhosts/iptvbillingsolution.com/public/appbackendv2/system/CodeIgniter.php(825): App\Controllers\Home->index()
#4 /var/www/vhosts/iptvbillingsolution.com/public/appbackendv2/system/CodeIgniter.php(412): CodeIgniter\CodeIgniter->runController()
#5 /var/www/vhosts/iptvbillingsolution.com/public/appbackendv2/system/CodeIgniter.php(320): CodeIgniter\CodeIgniter->handleRequest()
#6 /var/www/vhosts/iptvbillingsolution.com/public/appbackendv2/public/index.php(37): CodeIgniter\CodeIgniter->run()
#7 {main}
CRITICAL - 2022-05-03 07:27:14 --> Invalid file: includes/sidebar.php
#0 /var/www/vhosts/iptvbillingsolution.com/public/appbackendv2/system/View/View.php(198): CodeIgniter\Exceptions\FrameworkException::forInvalidFile()
#1 /var/www/vhosts/iptvbillingsolution.com/public/appbackendv2/system/Common.php(1089): CodeIgniter\View\View->render()
#2 /var/www/vhosts/iptvbillingsolution.com/public/appbackendv2/app/Controllers/Profile.php(7): view()
#3 /var/www/vhosts/iptvbillingsolution.com/public/appbackendv2/system/CodeIgniter.php(825): App\Controllers\Profile->profile()
#4 /var/www/vhosts/iptvbillingsolution.com/public/appbackendv2/system/CodeIgniter.php(412): CodeIgniter\CodeIgniter->runController()
#5 /var/www/vhosts/iptvbillingsolution.com/public/appbackendv2/system/CodeIgniter.php(320): CodeIgniter\CodeIgniter->handleRequest()
#6 /var/www/vhosts/iptvbillingsolution.com/public/appbackendv2/public/index.php(37): CodeIgniter\CodeIgniter->run()
#7 {main}
CRITICAL - 2022-05-03 07:30:19 --> Invalid file: includes/sidebar.php
#0 /var/www/vhosts/iptvbillingsolution.com/public/appbackendv2/system/View/View.php(198): CodeIgniter\Exceptions\FrameworkException::forInvalidFile()
#1 /var/www/vhosts/iptvbillingsolution.com/public/appbackendv2/system/Common.php(1089): CodeIgniter\View\View->render()
#2 /var/www/vhosts/iptvbillingsolution.com/public/appbackendv2/app/Controllers/Profile.php(7): view()
#3 /var/www/vhosts/iptvbillingsolution.com/public/appbackendv2/system/CodeIgniter.php(825): App\Controllers\Profile->profile()
#4 /var/www/vhosts/iptvbillingsolution.com/public/appbackendv2/system/CodeIgniter.php(412): CodeIgniter\CodeIgniter->runController()
#5 /var/www/vhosts/iptvbillingsolution.com/public/appbackendv2/system/CodeIgniter.php(320): CodeIgniter\CodeIgniter->handleRequest()
#6 /var/www/vhosts/iptvbillingsolution.com/public/appbackendv2/public/index.php(37): CodeIgniter\CodeIgniter->run()
#7 {main}
