CRITICAL - 2022-07-20 00:38:13 --> Trying to access array offset on value of type int
#0 /var/www/vhosts/iptvbillingsolution.com/public/smartercodeactivationpanel2/app/Controllers/Codes.php(141): CodeIgniter\Debug\Exceptions->errorHandler()
#1 /var/www/vhosts/iptvbillingsolution.com/public/smartercodeactivationpanel2/system/CodeIgniter.php(825): App\Controllers\Codes->loopcodesprocess()
#2 /var/www/vhosts/iptvbillingsolution.com/public/smartercodeactivationpanel2/system/CodeIgniter.php(412): CodeIgniter\CodeIgniter->runController()
#3 /var/www/vhosts/iptvbillingsolution.com/public/smartercodeactivationpanel2/system/CodeIgniter.php(320): CodeIgniter\CodeIgniter->handleRequest()
#4 /var/www/vhosts/iptvbillingsolution.com/public/smartercodeactivationpanel2/public/index.php(37): CodeIgniter\CodeIgniter->run()
#5 {main}
CRITICAL - 2022-07-20 01:08:55 --> syntax error, unexpected ''/managerecords\'); ?>/'' (T_CONSTANT_ENCAPSED_STRING), expecting identifier (T_STRING)
#0 /var/www/vhosts/iptvbillingsolution.com/public/smartercodeactivationpanel2/system/View/View.php(213): CodeIgniter\View\View->CodeIgniter\View\{closure}()
#1 /var/www/vhosts/iptvbillingsolution.com/public/smartercodeactivationpanel2/system/Common.php(1089): CodeIgniter\View\View->render()
#2 /var/www/vhosts/iptvbillingsolution.com/public/smartercodeactivationpanel2/app/Controllers/Codes.php(9): view()
#3 /var/www/vhosts/iptvbillingsolution.com/public/smartercodeactivationpanel2/system/CodeIgniter.php(825): App\Controllers\Codes->codes()
#4 /var/www/vhosts/iptvbillingsolution.com/public/smartercodeactivationpanel2/system/CodeIgniter.php(412): CodeIgniter\CodeIgniter->runController()
#5 /var/www/vhosts/iptvbillingsolution.com/public/smartercodeactivationpanel2/system/CodeIgniter.php(320): CodeIgniter\CodeIgniter->handleRequest()
#6 /var/www/vhosts/iptvbillingsolution.com/public/smartercodeactivationpanel2/public/index.php(37): CodeIgniter\CodeIgniter->run()
#7 {main}
CRITICAL - 2022-07-20 01:09:09 --> syntax error, unexpected ''/managerecords\'); ?>/'' (T_CONSTANT_ENCAPSED_STRING), expecting identifier (T_STRING)
#0 /var/www/vhosts/iptvbillingsolution.com/public/smartercodeactivationpanel2/system/View/View.php(213): CodeIgniter\View\View->CodeIgniter\View\{closure}()
#1 /var/www/vhosts/iptvbillingsolution.com/public/smartercodeactivationpanel2/system/Common.php(1089): CodeIgniter\View\View->render()
#2 /var/www/vhosts/iptvbillingsolution.com/public/smartercodeactivationpanel2/app/Controllers/Codes.php(9): view()
#3 /var/www/vhosts/iptvbillingsolution.com/public/smartercodeactivationpanel2/system/CodeIgniter.php(825): App\Controllers\Codes->codes()
#4 /var/www/vhosts/iptvbillingsolution.com/public/smartercodeactivationpanel2/system/CodeIgniter.php(412): CodeIgniter\CodeIgniter->runController()
#5 /var/www/vhosts/iptvbillingsolution.com/public/smartercodeactivationpanel2/system/CodeIgniter.php(320): CodeIgniter\CodeIgniter->handleRequest()
#6 /var/www/vhosts/iptvbillingsolution.com/public/smartercodeactivationpanel2/public/index.php(37): CodeIgniter\CodeIgniter->run()
#7 {main}
CRITICAL - 2022-07-20 01:10:03 --> syntax error, unexpected ''/managerecords\'); ?>/'' (T_CONSTANT_ENCAPSED_STRING), expecting identifier (T_STRING)
#0 /var/www/vhosts/iptvbillingsolution.com/public/smartercodeactivationpanel2/system/View/View.php(213): CodeIgniter\View\View->CodeIgniter\View\{closure}()
#1 /var/www/vhosts/iptvbillingsolution.com/public/smartercodeactivationpanel2/system/Common.php(1089): CodeIgniter\View\View->render()
#2 /var/www/vhosts/iptvbillingsolution.com/public/smartercodeactivationpanel2/app/Controllers/Codes.php(9): view()
#3 /var/www/vhosts/iptvbillingsolution.com/public/smartercodeactivationpanel2/system/CodeIgniter.php(825): App\Controllers\Codes->codes()
#4 /var/www/vhosts/iptvbillingsolution.com/public/smartercodeactivationpanel2/system/CodeIgniter.php(412): CodeIgniter\CodeIgniter->runController()
#5 /var/www/vhosts/iptvbillingsolution.com/public/smartercodeactivationpanel2/system/CodeIgniter.php(320): CodeIgniter\CodeIgniter->handleRequest()
#6 /var/www/vhosts/iptvbillingsolution.com/public/smartercodeactivationpanel2/public/index.php(37): CodeIgniter\CodeIgniter->run()
#7 {main}
CRITICAL - 2022-07-20 01:10:22 --> syntax error, unexpected ''managerecords\'); ?>/'' (T_CONSTANT_ENCAPSED_STRING), expecting identifier (T_STRING)
#0 /var/www/vhosts/iptvbillingsolution.com/public/smartercodeactivationpanel2/system/View/View.php(213): CodeIgniter\View\View->CodeIgniter\View\{closure}()
#1 /var/www/vhosts/iptvbillingsolution.com/public/smartercodeactivationpanel2/system/Common.php(1089): CodeIgniter\View\View->render()
#2 /var/www/vhosts/iptvbillingsolution.com/public/smartercodeactivationpanel2/app/Controllers/Codes.php(9): view()
#3 /var/www/vhosts/iptvbillingsolution.com/public/smartercodeactivationpanel2/system/CodeIgniter.php(825): App\Controllers\Codes->codes()
#4 /var/www/vhosts/iptvbillingsolution.com/public/smartercodeactivationpanel2/system/CodeIgniter.php(412): CodeIgniter\CodeIgniter->runController()
#5 /var/www/vhosts/iptvbillingsolution.com/public/smartercodeactivationpanel2/system/CodeIgniter.php(320): CodeIgniter\CodeIgniter->handleRequest()
#6 /var/www/vhosts/iptvbillingsolution.com/public/smartercodeactivationpanel2/public/index.php(37): CodeIgniter\CodeIgniter->run()
#7 {main}
CRITICAL - 2022-07-20 01:54:37 --> unlink(/var/www/vhosts/iptvbillingsolution.com/public/smartercodeactivationpanel2/writable/debugbar/debugbar_1658299588.json): No such file or directory
#0 [internal function]: CodeIgniter\Debug\Exceptions->errorHandler()
#1 /var/www/vhosts/iptvbillingsolution.com/public/smartercodeactivationpanel2/system/Debug/Toolbar/Collectors/History.php(74): unlink()
#2 /var/www/vhosts/iptvbillingsolution.com/public/smartercodeactivationpanel2/system/Debug/Toolbar.php(487): CodeIgniter\Debug\Toolbar\Collectors\History->setFiles()
#3 /var/www/vhosts/iptvbillingsolution.com/public/smartercodeactivationpanel2/system/Debug/Toolbar.php(464): CodeIgniter\Debug\Toolbar->format()
#4 /var/www/vhosts/iptvbillingsolution.com/public/smartercodeactivationpanel2/app/Config/Events.php(48): CodeIgniter\Debug\Toolbar->respond()
#5 /var/www/vhosts/iptvbillingsolution.com/public/smartercodeactivationpanel2/system/Events/Events.php(149): CodeIgniter\Events\Events::Config\{closure}()
#6 /var/www/vhosts/iptvbillingsolution.com/public/smartercodeactivationpanel2/system/CodeIgniter.php(302): CodeIgniter\Events\Events::trigger()
#7 /var/www/vhosts/iptvbillingsolution.com/public/smartercodeactivationpanel2/public/index.php(37): CodeIgniter\CodeIgniter->run()
#8 {main}
CRITICAL - 2022-07-20 02:01:41 --> preg_match(): Unknown modifier '/'
#0 [internal function]: CodeIgniter\Debug\Exceptions->errorHandler()
#1 /var/www/vhosts/iptvbillingsolution.com/public/smartercodeactivationpanel2/app/Controllers/Codes.php(190): preg_match()
#2 /var/www/vhosts/iptvbillingsolution.com/public/smartercodeactivationpanel2/system/CodeIgniter.php(825): App\Controllers\Codes->loaddatafortable()
#3 /var/www/vhosts/iptvbillingsolution.com/public/smartercodeactivationpanel2/system/CodeIgniter.php(412): CodeIgniter\CodeIgniter->runController()
#4 /var/www/vhosts/iptvbillingsolution.com/public/smartercodeactivationpanel2/system/CodeIgniter.php(320): CodeIgniter\CodeIgniter->handleRequest()
#5 /var/www/vhosts/iptvbillingsolution.com/public/smartercodeactivationpanel2/public/index.php(37): CodeIgniter\CodeIgniter->run()
#6 {main}
CRITICAL - 2022-07-20 02:13:03 --> syntax error, unexpected '$this' (T_VARIABLE)
#0 /var/www/vhosts/iptvbillingsolution.com/public/smartercodeactivationpanel2/system/Autoloader/Autoloader.php(241): CodeIgniter\Autoloader\Autoloader->includeFile()
#1 /var/www/vhosts/iptvbillingsolution.com/public/smartercodeactivationpanel2/system/Autoloader/Autoloader.php(219): CodeIgniter\Autoloader\Autoloader->loadInNamespace()
#2 [internal function]: CodeIgniter\Autoloader\Autoloader->loadClass()
#3 /var/www/vhosts/iptvbillingsolution.com/public/smartercodeactivationpanel2/app/Controllers/BaseController.php(93): spl_autoload_call()
#4 /var/www/vhosts/iptvbillingsolution.com/public/smartercodeactivationpanel2/system/CodeIgniter.php(803): App\Controllers\BaseController->initController()
#5 /var/www/vhosts/iptvbillingsolution.com/public/smartercodeactivationpanel2/system/CodeIgniter.php(403): CodeIgniter\CodeIgniter->createController()
#6 /var/www/vhosts/iptvbillingsolution.com/public/smartercodeactivationpanel2/system/CodeIgniter.php(320): CodeIgniter\CodeIgniter->handleRequest()
#7 /var/www/vhosts/iptvbillingsolution.com/public/smartercodeactivationpanel2/public/index.php(37): CodeIgniter\CodeIgniter->run()
#8 {main}
CRITICAL - 2022-07-20 02:46:27 --> syntax error, unexpected ';', expecting ')'
#0 /var/www/vhosts/iptvbillingsolution.com/public/smartercodeactivationpanel2/system/Autoloader/Autoloader.php(241): CodeIgniter\Autoloader\Autoloader->includeFile()
#1 /var/www/vhosts/iptvbillingsolution.com/public/smartercodeactivationpanel2/system/Autoloader/Autoloader.php(219): CodeIgniter\Autoloader\Autoloader->loadInNamespace()
#2 [internal function]: CodeIgniter\Autoloader\Autoloader->loadClass()
#3 /var/www/vhosts/iptvbillingsolution.com/public/smartercodeactivationpanel2/app/Controllers/BaseController.php(93): spl_autoload_call()
#4 /var/www/vhosts/iptvbillingsolution.com/public/smartercodeactivationpanel2/system/CodeIgniter.php(803): App\Controllers\BaseController->initController()
#5 /var/www/vhosts/iptvbillingsolution.com/public/smartercodeactivationpanel2/system/CodeIgniter.php(403): CodeIgniter\CodeIgniter->createController()
#6 /var/www/vhosts/iptvbillingsolution.com/public/smartercodeactivationpanel2/system/CodeIgniter.php(320): CodeIgniter\CodeIgniter->handleRequest()
#7 /var/www/vhosts/iptvbillingsolution.com/public/smartercodeactivationpanel2/public/index.php(37): CodeIgniter\CodeIgniter->run()
#8 {main}
CRITICAL - 2022-07-20 02:46:28 --> syntax error, unexpected ';', expecting ')'
#0 /var/www/vhosts/iptvbillingsolution.com/public/smartercodeactivationpanel2/system/Autoloader/Autoloader.php(241): CodeIgniter\Autoloader\Autoloader->includeFile()
#1 /var/www/vhosts/iptvbillingsolution.com/public/smartercodeactivationpanel2/system/Autoloader/Autoloader.php(219): CodeIgniter\Autoloader\Autoloader->loadInNamespace()
#2 [internal function]: CodeIgniter\Autoloader\Autoloader->loadClass()
#3 /var/www/vhosts/iptvbillingsolution.com/public/smartercodeactivationpanel2/app/Controllers/BaseController.php(93): spl_autoload_call()
#4 /var/www/vhosts/iptvbillingsolution.com/public/smartercodeactivationpanel2/system/CodeIgniter.php(803): App\Controllers\BaseController->initController()
#5 /var/www/vhosts/iptvbillingsolution.com/public/smartercodeactivationpanel2/system/CodeIgniter.php(403): CodeIgniter\CodeIgniter->createController()
#6 /var/www/vhosts/iptvbillingsolution.com/public/smartercodeactivationpanel2/system/CodeIgniter.php(320): CodeIgniter\CodeIgniter->handleRequest()
#7 /var/www/vhosts/iptvbillingsolution.com/public/smartercodeactivationpanel2/public/index.php(37): CodeIgniter\CodeIgniter->run()
#8 {main}
CRITICAL - 2022-07-20 02:46:31 --> syntax error, unexpected ';', expecting ')'
#0 /var/www/vhosts/iptvbillingsolution.com/public/smartercodeactivationpanel2/system/Autoloader/Autoloader.php(241): CodeIgniter\Autoloader\Autoloader->includeFile()
#1 /var/www/vhosts/iptvbillingsolution.com/public/smartercodeactivationpanel2/system/Autoloader/Autoloader.php(219): CodeIgniter\Autoloader\Autoloader->loadInNamespace()
#2 [internal function]: CodeIgniter\Autoloader\Autoloader->loadClass()
#3 /var/www/vhosts/iptvbillingsolution.com/public/smartercodeactivationpanel2/app/Controllers/BaseController.php(93): spl_autoload_call()
#4 /var/www/vhosts/iptvbillingsolution.com/public/smartercodeactivationpanel2/system/CodeIgniter.php(803): App\Controllers\BaseController->initController()
#5 /var/www/vhosts/iptvbillingsolution.com/public/smartercodeactivationpanel2/system/CodeIgniter.php(403): CodeIgniter\CodeIgniter->createController()
#6 /var/www/vhosts/iptvbillingsolution.com/public/smartercodeactivationpanel2/system/CodeIgniter.php(320): CodeIgniter\CodeIgniter->handleRequest()
#7 /var/www/vhosts/iptvbillingsolution.com/public/smartercodeactivationpanel2/public/index.php(37): CodeIgniter\CodeIgniter->run()
#8 {main}
CRITICAL - 2022-07-20 02:46:32 --> syntax error, unexpected ';', expecting ')'
#0 /var/www/vhosts/iptvbillingsolution.com/public/smartercodeactivationpanel2/system/Autoloader/Autoloader.php(241): CodeIgniter\Autoloader\Autoloader->includeFile()
#1 /var/www/vhosts/iptvbillingsolution.com/public/smartercodeactivationpanel2/system/Autoloader/Autoloader.php(219): CodeIgniter\Autoloader\Autoloader->loadInNamespace()
#2 [internal function]: CodeIgniter\Autoloader\Autoloader->loadClass()
#3 /var/www/vhosts/iptvbillingsolution.com/public/smartercodeactivationpanel2/app/Controllers/BaseController.php(93): spl_autoload_call()
#4 /var/www/vhosts/iptvbillingsolution.com/public/smartercodeactivationpanel2/system/CodeIgniter.php(803): App\Controllers\BaseController->initController()
#5 /var/www/vhosts/iptvbillingsolution.com/public/smartercodeactivationpanel2/system/CodeIgniter.php(403): CodeIgniter\CodeIgniter->createController()
#6 /var/www/vhosts/iptvbillingsolution.com/public/smartercodeactivationpanel2/system/CodeIgniter.php(320): CodeIgniter\CodeIgniter->handleRequest()
#7 /var/www/vhosts/iptvbillingsolution.com/public/smartercodeactivationpanel2/public/index.php(37): CodeIgniter\CodeIgniter->run()
#8 {main}
CRITICAL - 2022-07-20 02:46:34 --> syntax error, unexpected ';', expecting ')'
#0 /var/www/vhosts/iptvbillingsolution.com/public/smartercodeactivationpanel2/system/Autoloader/Autoloader.php(241): CodeIgniter\Autoloader\Autoloader->includeFile()
#1 /var/www/vhosts/iptvbillingsolution.com/public/smartercodeactivationpanel2/system/Autoloader/Autoloader.php(219): CodeIgniter\Autoloader\Autoloader->loadInNamespace()
#2 [internal function]: CodeIgniter\Autoloader\Autoloader->loadClass()
#3 /var/www/vhosts/iptvbillingsolution.com/public/smartercodeactivationpanel2/app/Controllers/BaseController.php(93): spl_autoload_call()
#4 /var/www/vhosts/iptvbillingsolution.com/public/smartercodeactivationpanel2/system/CodeIgniter.php(803): App\Controllers\BaseController->initController()
#5 /var/www/vhosts/iptvbillingsolution.com/public/smartercodeactivationpanel2/system/CodeIgniter.php(403): CodeIgniter\CodeIgniter->createController()
#6 /var/www/vhosts/iptvbillingsolution.com/public/smartercodeactivationpanel2/system/CodeIgniter.php(320): CodeIgniter\CodeIgniter->handleRequest()
#7 /var/www/vhosts/iptvbillingsolution.com/public/smartercodeactivationpanel2/public/index.php(37): CodeIgniter\CodeIgniter->run()
#8 {main}
CRITICAL - 2022-07-20 02:46:37 --> syntax error, unexpected ';', expecting ')'
#0 /var/www/vhosts/iptvbillingsolution.com/public/smartercodeactivationpanel2/system/Autoloader/Autoloader.php(241): CodeIgniter\Autoloader\Autoloader->includeFile()
#1 /var/www/vhosts/iptvbillingsolution.com/public/smartercodeactivationpanel2/system/Autoloader/Autoloader.php(219): CodeIgniter\Autoloader\Autoloader->loadInNamespace()
#2 [internal function]: CodeIgniter\Autoloader\Autoloader->loadClass()
#3 /var/www/vhosts/iptvbillingsolution.com/public/smartercodeactivationpanel2/app/Controllers/BaseController.php(93): spl_autoload_call()
#4 /var/www/vhosts/iptvbillingsolution.com/public/smartercodeactivationpanel2/system/CodeIgniter.php(803): App\Controllers\BaseController->initController()
#5 /var/www/vhosts/iptvbillingsolution.com/public/smartercodeactivationpanel2/system/CodeIgniter.php(403): CodeIgniter\CodeIgniter->createController()
#6 /var/www/vhosts/iptvbillingsolution.com/public/smartercodeactivationpanel2/system/CodeIgniter.php(320): CodeIgniter\CodeIgniter->handleRequest()
#7 /var/www/vhosts/iptvbillingsolution.com/public/smartercodeactivationpanel2/public/index.php(37): CodeIgniter\CodeIgniter->run()
#8 {main}
CRITICAL - 2022-07-20 02:46:39 --> syntax error, unexpected ';', expecting ')'
#0 /var/www/vhosts/iptvbillingsolution.com/public/smartercodeactivationpanel2/system/Autoloader/Autoloader.php(241): CodeIgniter\Autoloader\Autoloader->includeFile()
#1 /var/www/vhosts/iptvbillingsolution.com/public/smartercodeactivationpanel2/system/Autoloader/Autoloader.php(219): CodeIgniter\Autoloader\Autoloader->loadInNamespace()
#2 [internal function]: CodeIgniter\Autoloader\Autoloader->loadClass()
#3 /var/www/vhosts/iptvbillingsolution.com/public/smartercodeactivationpanel2/app/Controllers/BaseController.php(93): spl_autoload_call()
#4 /var/www/vhosts/iptvbillingsolution.com/public/smartercodeactivationpanel2/system/CodeIgniter.php(803): App\Controllers\BaseController->initController()
#5 /var/www/vhosts/iptvbillingsolution.com/public/smartercodeactivationpanel2/system/CodeIgniter.php(403): CodeIgniter\CodeIgniter->createController()
#6 /var/www/vhosts/iptvbillingsolution.com/public/smartercodeactivationpanel2/system/CodeIgniter.php(320): CodeIgniter\CodeIgniter->handleRequest()
#7 /var/www/vhosts/iptvbillingsolution.com/public/smartercodeactivationpanel2/public/index.php(37): CodeIgniter\CodeIgniter->run()
#8 {main}
CRITICAL - 2022-07-20 04:39:56 --> Cannot use object of type stdClass as array
#0 /var/www/vhosts/iptvbillingsolution.com/public/smartercodeactivationpanel2/system/View/View.php(210): include()
#1 /var/www/vhosts/iptvbillingsolution.com/public/smartercodeactivationpanel2/system/View/View.php(213): CodeIgniter\View\View->CodeIgniter\View\{closure}()
#2 /var/www/vhosts/iptvbillingsolution.com/public/smartercodeactivationpanel2/system/Common.php(1089): CodeIgniter\View\View->render()
#3 /var/www/vhosts/iptvbillingsolution.com/public/smartercodeactivationpanel2/app/Controllers/Codes.php(506): view()
#4 /var/www/vhosts/iptvbillingsolution.com/public/smartercodeactivationpanel2/system/CodeIgniter.php(825): App\Controllers\Codes->managerecords()
#5 /var/www/vhosts/iptvbillingsolution.com/public/smartercodeactivationpanel2/system/CodeIgniter.php(412): CodeIgniter\CodeIgniter->runController()
#6 /var/www/vhosts/iptvbillingsolution.com/public/smartercodeactivationpanel2/system/CodeIgniter.php(320): CodeIgniter\CodeIgniter->handleRequest()
#7 /var/www/vhosts/iptvbillingsolution.com/public/smartercodeactivationpanel2/public/index.php(37): CodeIgniter\CodeIgniter->run()
#8 {main}
CRITICAL - 2022-07-20 06:12:39 --> unlink(/var/www/vhosts/iptvbillingsolution.com/public/smartercodeactivationpanel2/writable/debugbar/debugbar_1658315066.json): No such file or directory
#0 [internal function]: CodeIgniter\Debug\Exceptions->errorHandler()
#1 /var/www/vhosts/iptvbillingsolution.com/public/smartercodeactivationpanel2/system/Debug/Toolbar/Collectors/History.php(74): unlink()
#2 /var/www/vhosts/iptvbillingsolution.com/public/smartercodeactivationpanel2/system/Debug/Toolbar.php(487): CodeIgniter\Debug\Toolbar\Collectors\History->setFiles()
#3 /var/www/vhosts/iptvbillingsolution.com/public/smartercodeactivationpanel2/system/Debug/Toolbar.php(464): CodeIgniter\Debug\Toolbar->format()
#4 /var/www/vhosts/iptvbillingsolution.com/public/smartercodeactivationpanel2/app/Config/Events.php(48): CodeIgniter\Debug\Toolbar->respond()
#5 /var/www/vhosts/iptvbillingsolution.com/public/smartercodeactivationpanel2/system/Events/Events.php(149): CodeIgniter\Events\Events::Config\{closure}()
#6 /var/www/vhosts/iptvbillingsolution.com/public/smartercodeactivationpanel2/system/CodeIgniter.php(302): CodeIgniter\Events\Events::trigger()
#7 /var/www/vhosts/iptvbillingsolution.com/public/smartercodeactivationpanel2/public/index.php(37): CodeIgniter\CodeIgniter->run()
#8 {main}
CRITICAL - 2022-07-20 06:46:42 --> Object of class App\Controllers\Files could not be converted to string
#0 /var/www/vhosts/iptvbillingsolution.com/public/smartercodeactivationpanel2/system/CodeIgniter.php(825): App\Controllers\Files->editfiledataprocessing()
#1 /var/www/vhosts/iptvbillingsolution.com/public/smartercodeactivationpanel2/system/CodeIgniter.php(412): CodeIgniter\CodeIgniter->runController()
#2 /var/www/vhosts/iptvbillingsolution.com/public/smartercodeactivationpanel2/system/CodeIgniter.php(320): CodeIgniter\CodeIgniter->handleRequest()
#3 /var/www/vhosts/iptvbillingsolution.com/public/smartercodeactivationpanel2/public/index.php(37): CodeIgniter\CodeIgniter->run()
#4 {main}
CRITICAL - 2022-07-20 07:01:16 --> Call to undefined function App\Controllers\show_404()
#0 /var/www/vhosts/iptvbillingsolution.com/public/smartercodeactivationpanel2/system/CodeIgniter.php(825): App\Controllers\Codes->managerecords()
#1 /var/www/vhosts/iptvbillingsolution.com/public/smartercodeactivationpanel2/system/CodeIgniter.php(412): CodeIgniter\CodeIgniter->runController()
#2 /var/www/vhosts/iptvbillingsolution.com/public/smartercodeactivationpanel2/system/CodeIgniter.php(320): CodeIgniter\CodeIgniter->handleRequest()
#3 /var/www/vhosts/iptvbillingsolution.com/public/smartercodeactivationpanel2/public/index.php(37): CodeIgniter\CodeIgniter->run()
#4 {main}
CRITICAL - 2022-07-20 07:05:54 --> Undefined variable: data
#0 /var/www/vhosts/iptvbillingsolution.com/public/smartercodeactivationpanel2/app/Models/Filedatamodel.php(134): CodeIgniter\Debug\Exceptions->errorHandler()
#1 /var/www/vhosts/iptvbillingsolution.com/public/smartercodeactivationpanel2/app/Controllers/Files.php(122): App\Models\Filedatamodel->updatecustom()
#2 /var/www/vhosts/iptvbillingsolution.com/public/smartercodeactivationpanel2/system/CodeIgniter.php(825): App\Controllers\Files->editfiledataprocessing()
#3 /var/www/vhosts/iptvbillingsolution.com/public/smartercodeactivationpanel2/system/CodeIgniter.php(412): CodeIgniter\CodeIgniter->runController()
#4 /var/www/vhosts/iptvbillingsolution.com/public/smartercodeactivationpanel2/system/CodeIgniter.php(320): CodeIgniter\CodeIgniter->handleRequest()
#5 /var/www/vhosts/iptvbillingsolution.com/public/smartercodeactivationpanel2/public/index.php(37): CodeIgniter\CodeIgniter->run()
#6 {main}
CRITICAL - 2022-07-20 07:06:15 --> There is no data to update.
#0 /var/www/vhosts/iptvbillingsolution.com/public/smartercodeactivationpanel2/system/BaseModel.php(1574): CodeIgniter\Database\Exceptions\DataException::forEmptyDataset()
#1 /var/www/vhosts/iptvbillingsolution.com/public/smartercodeactivationpanel2/system/BaseModel.php(832): CodeIgniter\BaseModel->transformDataToArray()
#2 /var/www/vhosts/iptvbillingsolution.com/public/smartercodeactivationpanel2/system/Model.php(651): CodeIgniter\BaseModel->update()
#3 /var/www/vhosts/iptvbillingsolution.com/public/smartercodeactivationpanel2/app/Models/Filedatamodel.php(134): CodeIgniter\Model->update()
#4 /var/www/vhosts/iptvbillingsolution.com/public/smartercodeactivationpanel2/app/Controllers/Files.php(122): App\Models\Filedatamodel->updatecustom()
#5 /var/www/vhosts/iptvbillingsolution.com/public/smartercodeactivationpanel2/system/CodeIgniter.php(825): App\Controllers\Files->editfiledataprocessing()
#6 /var/www/vhosts/iptvbillingsolution.com/public/smartercodeactivationpanel2/system/CodeIgniter.php(412): CodeIgniter\CodeIgniter->runController()
#7 /var/www/vhosts/iptvbillingsolution.com/public/smartercodeactivationpanel2/system/CodeIgniter.php(320): CodeIgniter\CodeIgniter->handleRequest()
#8 /var/www/vhosts/iptvbillingsolution.com/public/smartercodeactivationpanel2/public/index.php(37): CodeIgniter\CodeIgniter->run()
#9 {main}
CRITICAL - 2022-07-20 07:22:34 --> unlink(/var/www/vhosts/iptvbillingsolution.com/public/smartercodeactivationpanel2/writable/debugbar/debugbar_1658319098.json): No such file or directory
#0 [internal function]: CodeIgniter\Debug\Exceptions->errorHandler()
#1 /var/www/vhosts/iptvbillingsolution.com/public/smartercodeactivationpanel2/system/Debug/Toolbar/Collectors/History.php(74): unlink()
#2 /var/www/vhosts/iptvbillingsolution.com/public/smartercodeactivationpanel2/system/Debug/Toolbar.php(487): CodeIgniter\Debug\Toolbar\Collectors\History->setFiles()
#3 /var/www/vhosts/iptvbillingsolution.com/public/smartercodeactivationpanel2/system/Debug/Toolbar.php(464): CodeIgniter\Debug\Toolbar->format()
#4 /var/www/vhosts/iptvbillingsolution.com/public/smartercodeactivationpanel2/app/Config/Events.php(48): CodeIgniter\Debug\Toolbar->respond()
#5 /var/www/vhosts/iptvbillingsolution.com/public/smartercodeactivationpanel2/system/Events/Events.php(149): CodeIgniter\Events\Events::Config\{closure}()
#6 /var/www/vhosts/iptvbillingsolution.com/public/smartercodeactivationpanel2/system/CodeIgniter.php(302): CodeIgniter\Events\Events::trigger()
#7 /var/www/vhosts/iptvbillingsolution.com/public/smartercodeactivationpanel2/public/index.php(37): CodeIgniter\CodeIgniter->run()
#8 {main}
CRITICAL - 2022-07-20 07:37:39 --> unlink(/var/www/vhosts/iptvbillingsolution.com/public/smartercodeactivationpanel2/writable/debugbar/debugbar_1658320259.json): No such file or directory
#0 [internal function]: CodeIgniter\Debug\Exceptions->errorHandler()
#1 /var/www/vhosts/iptvbillingsolution.com/public/smartercodeactivationpanel2/system/Debug/Toolbar/Collectors/History.php(74): unlink()
#2 /var/www/vhosts/iptvbillingsolution.com/public/smartercodeactivationpanel2/system/Debug/Toolbar.php(487): CodeIgniter\Debug\Toolbar\Collectors\History->setFiles()
#3 /var/www/vhosts/iptvbillingsolution.com/public/smartercodeactivationpanel2/system/Debug/Toolbar.php(464): CodeIgniter\Debug\Toolbar->format()
#4 /var/www/vhosts/iptvbillingsolution.com/public/smartercodeactivationpanel2/app/Config/Events.php(48): CodeIgniter\Debug\Toolbar->respond()
#5 /var/www/vhosts/iptvbillingsolution.com/public/smartercodeactivationpanel2/system/Events/Events.php(149): CodeIgniter\Events\Events::Config\{closure}()
#6 /var/www/vhosts/iptvbillingsolution.com/public/smartercodeactivationpanel2/system/CodeIgniter.php(302): CodeIgniter\Events\Events::trigger()
#7 /var/www/vhosts/iptvbillingsolution.com/public/smartercodeactivationpanel2/public/index.php(37): CodeIgniter\CodeIgniter->run()
#8 {main}
CRITICAL - 2022-07-20 08:09:53 --> Undefined variable: fieldid
#0 /var/www/vhosts/iptvbillingsolution.com/public/smartercodeactivationpanel2/app/Models/Codemodel.php(95): CodeIgniter\Debug\Exceptions->errorHandler()
#1 /var/www/vhosts/iptvbillingsolution.com/public/smartercodeactivationpanel2/app/Controllers/Codes.php(295): App\Models\Codemodel->perpagedataifsearchnot()
#2 /var/www/vhosts/iptvbillingsolution.com/public/smartercodeactivationpanel2/system/CodeIgniter.php(825): App\Controllers\Codes->getcodeslist()
#3 /var/www/vhosts/iptvbillingsolution.com/public/smartercodeactivationpanel2/system/CodeIgniter.php(412): CodeIgniter\CodeIgniter->runController()
#4 /var/www/vhosts/iptvbillingsolution.com/public/smartercodeactivationpanel2/system/CodeIgniter.php(320): CodeIgniter\CodeIgniter->handleRequest()
#5 /var/www/vhosts/iptvbillingsolution.com/public/smartercodeactivationpanel2/public/index.php(37): CodeIgniter\CodeIgniter->run()
#6 {main}
ERROR - 2022-07-20 08:10:21 --> Unknown column 'filepath' in 'where clause'
CRITICAL - 2022-07-20 08:10:21 --> Unknown column 'filepath' in 'where clause'
#0 /var/www/vhosts/iptvbillingsolution.com/public/smartercodeactivationpanel2/system/Database/MySQLi/Connection.php(292): mysqli->query()
#1 /var/www/vhosts/iptvbillingsolution.com/public/smartercodeactivationpanel2/system/Database/BaseConnection.php(670): CodeIgniter\Database\MySQLi\Connection->execute()
#2 /var/www/vhosts/iptvbillingsolution.com/public/smartercodeactivationpanel2/system/Database/BaseConnection.php(598): CodeIgniter\Database\BaseConnection->simpleQuery()
#3 /var/www/vhosts/iptvbillingsolution.com/public/smartercodeactivationpanel2/system/Database/BaseBuilder.php(1455): CodeIgniter\Database\BaseConnection->query()
#4 /var/www/vhosts/iptvbillingsolution.com/public/smartercodeactivationpanel2/system/Model.php(728): CodeIgniter\Database\BaseBuilder->get()
#5 /var/www/vhosts/iptvbillingsolution.com/public/smartercodeactivationpanel2/app/Models/Codemodel.php(84): CodeIgniter\Model->__call()
#6 /var/www/vhosts/iptvbillingsolution.com/public/smartercodeactivationpanel2/app/Controllers/Codes.php(290): App\Models\Codemodel->totalcountforsearrchone()
#7 /var/www/vhosts/iptvbillingsolution.com/public/smartercodeactivationpanel2/system/CodeIgniter.php(825): App\Controllers\Codes->getcodeslist()
#8 /var/www/vhosts/iptvbillingsolution.com/public/smartercodeactivationpanel2/system/CodeIgniter.php(412): CodeIgniter\CodeIgniter->runController()
#9 /var/www/vhosts/iptvbillingsolution.com/public/smartercodeactivationpanel2/system/CodeIgniter.php(320): CodeIgniter\CodeIgniter->handleRequest()
#10 /var/www/vhosts/iptvbillingsolution.com/public/smartercodeactivationpanel2/public/index.php(37): CodeIgniter\CodeIgniter->run()
#11 {main}
ERROR - 2022-07-20 08:10:33 --> Unknown column 'filepath' in 'where clause'
CRITICAL - 2022-07-20 08:10:33 --> Unknown column 'filepath' in 'where clause'
#0 /var/www/vhosts/iptvbillingsolution.com/public/smartercodeactivationpanel2/system/Database/MySQLi/Connection.php(292): mysqli->query()
#1 /var/www/vhosts/iptvbillingsolution.com/public/smartercodeactivationpanel2/system/Database/BaseConnection.php(670): CodeIgniter\Database\MySQLi\Connection->execute()
#2 /var/www/vhosts/iptvbillingsolution.com/public/smartercodeactivationpanel2/system/Database/BaseConnection.php(598): CodeIgniter\Database\BaseConnection->simpleQuery()
#3 /var/www/vhosts/iptvbillingsolution.com/public/smartercodeactivationpanel2/system/Database/BaseBuilder.php(1455): CodeIgniter\Database\BaseConnection->query()
#4 /var/www/vhosts/iptvbillingsolution.com/public/smartercodeactivationpanel2/system/Model.php(728): CodeIgniter\Database\BaseBuilder->get()
#5 /var/www/vhosts/iptvbillingsolution.com/public/smartercodeactivationpanel2/app/Models/Codemodel.php(84): CodeIgniter\Model->__call()
#6 /var/www/vhosts/iptvbillingsolution.com/public/smartercodeactivationpanel2/app/Controllers/Codes.php(290): App\Models\Codemodel->totalcountforsearrchone()
#7 /var/www/vhosts/iptvbillingsolution.com/public/smartercodeactivationpanel2/system/CodeIgniter.php(825): App\Controllers\Codes->getcodeslist()
#8 /var/www/vhosts/iptvbillingsolution.com/public/smartercodeactivationpanel2/system/CodeIgniter.php(412): CodeIgniter\CodeIgniter->runController()
#9 /var/www/vhosts/iptvbillingsolution.com/public/smartercodeactivationpanel2/system/CodeIgniter.php(320): CodeIgniter\CodeIgniter->handleRequest()
#10 /var/www/vhosts/iptvbillingsolution.com/public/smartercodeactivationpanel2/public/index.php(37): CodeIgniter\CodeIgniter->run()
#11 {main}
CRITICAL - 2022-07-20 08:41:12 --> syntax error, unexpected 'return' (T_RETURN)
#0 /var/www/vhosts/iptvbillingsolution.com/public/smartercodeactivationpanel2/system/Autoloader/Autoloader.php(241): CodeIgniter\Autoloader\Autoloader->includeFile()
#1 /var/www/vhosts/iptvbillingsolution.com/public/smartercodeactivationpanel2/system/Autoloader/Autoloader.php(219): CodeIgniter\Autoloader\Autoloader->loadInNamespace()
#2 [internal function]: CodeIgniter\Autoloader\Autoloader->loadClass()
#3 /var/www/vhosts/iptvbillingsolution.com/public/smartercodeactivationpanel2/app/Controllers/BaseController.php(91): spl_autoload_call()
#4 /var/www/vhosts/iptvbillingsolution.com/public/smartercodeactivationpanel2/system/CodeIgniter.php(803): App\Controllers\BaseController->initController()
#5 /var/www/vhosts/iptvbillingsolution.com/public/smartercodeactivationpanel2/system/CodeIgniter.php(403): CodeIgniter\CodeIgniter->createController()
#6 /var/www/vhosts/iptvbillingsolution.com/public/smartercodeactivationpanel2/system/CodeIgniter.php(320): CodeIgniter\CodeIgniter->handleRequest()
#7 /var/www/vhosts/iptvbillingsolution.com/public/smartercodeactivationpanel2/public/index.php(37): CodeIgniter\CodeIgniter->run()
#8 {main}
ERROR - 2022-07-20 08:46:30 --> In aggregated query without GROUP BY, expression #1 of SELECT list contains nonaggregated column 'smartercodeactivationpanel2.tbl_codes.id'; this is incompatible with sql_mode=only_full_group_by
CRITICAL - 2022-07-20 08:46:30 --> In aggregated query without GROUP BY, expression #1 of SELECT list contains nonaggregated column 'smartercodeactivationpanel2.tbl_codes.id'; this is incompatible with sql_mode=only_full_group_by
#0 /var/www/vhosts/iptvbillingsolution.com/public/smartercodeactivationpanel2/system/Database/MySQLi/Connection.php(292): mysqli->query()
#1 /var/www/vhosts/iptvbillingsolution.com/public/smartercodeactivationpanel2/system/Database/BaseConnection.php(670): CodeIgniter\Database\MySQLi\Connection->execute()
#2 /var/www/vhosts/iptvbillingsolution.com/public/smartercodeactivationpanel2/system/Database/BaseConnection.php(598): CodeIgniter\Database\BaseConnection->simpleQuery()
#3 /var/www/vhosts/iptvbillingsolution.com/public/smartercodeactivationpanel2/system/Database/BaseBuilder.php(1455): CodeIgniter\Database\BaseConnection->query()
#4 /var/www/vhosts/iptvbillingsolution.com/public/smartercodeactivationpanel2/system/Model.php(728): CodeIgniter\Database\BaseBuilder->get()
#5 /var/www/vhosts/iptvbillingsolution.com/public/smartercodeactivationpanel2/app/Models/Codemodel.php(98): CodeIgniter\Model->__call()
#6 /var/www/vhosts/iptvbillingsolution.com/public/smartercodeactivationpanel2/app/Controllers/Codes.php(5): App\Models\Codemodel->dataifsearchnot2()
#7 /var/www/vhosts/iptvbillingsolution.com/public/smartercodeactivationpanel2/system/CodeIgniter.php(825): App\Controllers\Codes->codes()
#8 /var/www/vhosts/iptvbillingsolution.com/public/smartercodeactivationpanel2/system/CodeIgniter.php(412): CodeIgniter\CodeIgniter->runController()
#9 /var/www/vhosts/iptvbillingsolution.com/public/smartercodeactivationpanel2/system/CodeIgniter.php(320): CodeIgniter\CodeIgniter->handleRequest()
#10 /var/www/vhosts/iptvbillingsolution.com/public/smartercodeactivationpanel2/public/index.php(37): CodeIgniter\CodeIgniter->run()
#11 {main}
ERROR - 2022-07-20 08:46:43 --> In aggregated query without GROUP BY, expression #1 of SELECT list contains nonaggregated column 'smartercodeactivationpanel2.tbl_codes.id'; this is incompatible with sql_mode=only_full_group_by
CRITICAL - 2022-07-20 08:46:43 --> In aggregated query without GROUP BY, expression #1 of SELECT list contains nonaggregated column 'smartercodeactivationpanel2.tbl_codes.id'; this is incompatible with sql_mode=only_full_group_by
#0 /var/www/vhosts/iptvbillingsolution.com/public/smartercodeactivationpanel2/system/Database/MySQLi/Connection.php(292): mysqli->query()
#1 /var/www/vhosts/iptvbillingsolution.com/public/smartercodeactivationpanel2/system/Database/BaseConnection.php(670): CodeIgniter\Database\MySQLi\Connection->execute()
#2 /var/www/vhosts/iptvbillingsolution.com/public/smartercodeactivationpanel2/system/Database/BaseConnection.php(598): CodeIgniter\Database\BaseConnection->simpleQuery()
#3 /var/www/vhosts/iptvbillingsolution.com/public/smartercodeactivationpanel2/system/Database/BaseBuilder.php(1455): CodeIgniter\Database\BaseConnection->query()
#4 /var/www/vhosts/iptvbillingsolution.com/public/smartercodeactivationpanel2/system/Model.php(728): CodeIgniter\Database\BaseBuilder->get()
#5 /var/www/vhosts/iptvbillingsolution.com/public/smartercodeactivationpanel2/app/Models/Codemodel.php(98): CodeIgniter\Model->__call()
#6 /var/www/vhosts/iptvbillingsolution.com/public/smartercodeactivationpanel2/app/Controllers/Codes.php(5): App\Models\Codemodel->dataifsearchnot2()
#7 /var/www/vhosts/iptvbillingsolution.com/public/smartercodeactivationpanel2/system/CodeIgniter.php(825): App\Controllers\Codes->codes()
#8 /var/www/vhosts/iptvbillingsolution.com/public/smartercodeactivationpanel2/system/CodeIgniter.php(412): CodeIgniter\CodeIgniter->runController()
#9 /var/www/vhosts/iptvbillingsolution.com/public/smartercodeactivationpanel2/system/CodeIgniter.php(320): CodeIgniter\CodeIgniter->handleRequest()
#10 /var/www/vhosts/iptvbillingsolution.com/public/smartercodeactivationpanel2/public/index.php(37): CodeIgniter\CodeIgniter->run()
#11 {main}
ERROR - 2022-07-20 08:47:57 --> In aggregated query without GROUP BY, expression #1 of SELECT list contains nonaggregated column 'smartercodeactivationpanel2.tbl_codes.id'; this is incompatible with sql_mode=only_full_group_by
CRITICAL - 2022-07-20 08:47:57 --> In aggregated query without GROUP BY, expression #1 of SELECT list contains nonaggregated column 'smartercodeactivationpanel2.tbl_codes.id'; this is incompatible with sql_mode=only_full_group_by
#0 /var/www/vhosts/iptvbillingsolution.com/public/smartercodeactivationpanel2/system/Database/MySQLi/Connection.php(292): mysqli->query()
#1 /var/www/vhosts/iptvbillingsolution.com/public/smartercodeactivationpanel2/system/Database/BaseConnection.php(670): CodeIgniter\Database\MySQLi\Connection->execute()
#2 /var/www/vhosts/iptvbillingsolution.com/public/smartercodeactivationpanel2/system/Database/BaseConnection.php(598): CodeIgniter\Database\BaseConnection->simpleQuery()
#3 /var/www/vhosts/iptvbillingsolution.com/public/smartercodeactivationpanel2/system/Database/BaseBuilder.php(1455): CodeIgniter\Database\BaseConnection->query()
#4 /var/www/vhosts/iptvbillingsolution.com/public/smartercodeactivationpanel2/system/Model.php(728): CodeIgniter\Database\BaseBuilder->get()
#5 /var/www/vhosts/iptvbillingsolution.com/public/smartercodeactivationpanel2/app/Models/Codemodel.php(98): CodeIgniter\Model->__call()
#6 /var/www/vhosts/iptvbillingsolution.com/public/smartercodeactivationpanel2/app/Controllers/Codes.php(5): App\Models\Codemodel->dataifsearchnot2()
#7 /var/www/vhosts/iptvbillingsolution.com/public/smartercodeactivationpanel2/system/CodeIgniter.php(825): App\Controllers\Codes->codes()
#8 /var/www/vhosts/iptvbillingsolution.com/public/smartercodeactivationpanel2/system/CodeIgniter.php(412): CodeIgniter\CodeIgniter->runController()
#9 /var/www/vhosts/iptvbillingsolution.com/public/smartercodeactivationpanel2/system/CodeIgniter.php(320): CodeIgniter\CodeIgniter->handleRequest()
#10 /var/www/vhosts/iptvbillingsolution.com/public/smartercodeactivationpanel2/public/index.php(37): CodeIgniter\CodeIgniter->run()
#11 {main}
ERROR - 2022-07-20 08:48:03 --> In aggregated query without GROUP BY, expression #1 of SELECT list contains nonaggregated column 'smartercodeactivationpanel2.tbl_codes.id'; this is incompatible with sql_mode=only_full_group_by
CRITICAL - 2022-07-20 08:48:03 --> In aggregated query without GROUP BY, expression #1 of SELECT list contains nonaggregated column 'smartercodeactivationpanel2.tbl_codes.id'; this is incompatible with sql_mode=only_full_group_by
#0 /var/www/vhosts/iptvbillingsolution.com/public/smartercodeactivationpanel2/system/Database/MySQLi/Connection.php(292): mysqli->query()
#1 /var/www/vhosts/iptvbillingsolution.com/public/smartercodeactivationpanel2/system/Database/BaseConnection.php(670): CodeIgniter\Database\MySQLi\Connection->execute()
#2 /var/www/vhosts/iptvbillingsolution.com/public/smartercodeactivationpanel2/system/Database/BaseConnection.php(598): CodeIgniter\Database\BaseConnection->simpleQuery()
#3 /var/www/vhosts/iptvbillingsolution.com/public/smartercodeactivationpanel2/system/Database/BaseBuilder.php(1455): CodeIgniter\Database\BaseConnection->query()
#4 /var/www/vhosts/iptvbillingsolution.com/public/smartercodeactivationpanel2/system/Model.php(728): CodeIgniter\Database\BaseBuilder->get()
#5 /var/www/vhosts/iptvbillingsolution.com/public/smartercodeactivationpanel2/app/Models/Codemodel.php(98): CodeIgniter\Model->__call()
#6 /var/www/vhosts/iptvbillingsolution.com/public/smartercodeactivationpanel2/app/Controllers/Codes.php(5): App\Models\Codemodel->dataifsearchnot2()
#7 /var/www/vhosts/iptvbillingsolution.com/public/smartercodeactivationpanel2/system/CodeIgniter.php(825): App\Controllers\Codes->codes()
#8 /var/www/vhosts/iptvbillingsolution.com/public/smartercodeactivationpanel2/system/CodeIgniter.php(412): CodeIgniter\CodeIgniter->runController()
#9 /var/www/vhosts/iptvbillingsolution.com/public/smartercodeactivationpanel2/system/CodeIgniter.php(320): CodeIgniter\CodeIgniter->handleRequest()
#10 /var/www/vhosts/iptvbillingsolution.com/public/smartercodeactivationpanel2/public/index.php(37): CodeIgniter\CodeIgniter->run()
#11 {main}
ERROR - 2022-07-20 09:01:21 --> In aggregated query without GROUP BY, expression #1 of SELECT list contains nonaggregated column 'smartercodeactivationpanel2.tbl_codes.id'; this is incompatible with sql_mode=only_full_group_by
CRITICAL - 2022-07-20 09:01:21 --> In aggregated query without GROUP BY, expression #1 of SELECT list contains nonaggregated column 'smartercodeactivationpanel2.tbl_codes.id'; this is incompatible with sql_mode=only_full_group_by
#0 /var/www/vhosts/iptvbillingsolution.com/public/smartercodeactivationpanel2/system/Database/MySQLi/Connection.php(292): mysqli->query()
#1 /var/www/vhosts/iptvbillingsolution.com/public/smartercodeactivationpanel2/system/Database/BaseConnection.php(670): CodeIgniter\Database\MySQLi\Connection->execute()
#2 /var/www/vhosts/iptvbillingsolution.com/public/smartercodeactivationpanel2/system/Database/BaseConnection.php(598): CodeIgniter\Database\BaseConnection->simpleQuery()
#3 /var/www/vhosts/iptvbillingsolution.com/public/smartercodeactivationpanel2/system/Database/BaseBuilder.php(1455): CodeIgniter\Database\BaseConnection->query()
#4 /var/www/vhosts/iptvbillingsolution.com/public/smartercodeactivationpanel2/system/Model.php(728): CodeIgniter\Database\BaseBuilder->get()
#5 /var/www/vhosts/iptvbillingsolution.com/public/smartercodeactivationpanel2/app/Models/Codemodel.php(98): CodeIgniter\Model->__call()
#6 /var/www/vhosts/iptvbillingsolution.com/public/smartercodeactivationpanel2/app/Controllers/Codes.php(5): App\Models\Codemodel->dataifsearchnot2()
#7 /var/www/vhosts/iptvbillingsolution.com/public/smartercodeactivationpanel2/system/CodeIgniter.php(825): App\Controllers\Codes->codes()
#8 /var/www/vhosts/iptvbillingsolution.com/public/smartercodeactivationpanel2/system/CodeIgniter.php(412): CodeIgniter\CodeIgniter->runController()
#9 /var/www/vhosts/iptvbillingsolution.com/public/smartercodeactivationpanel2/system/CodeIgniter.php(320): CodeIgniter\CodeIgniter->handleRequest()
#10 /var/www/vhosts/iptvbillingsolution.com/public/smartercodeactivationpanel2/public/index.php(37): CodeIgniter\CodeIgniter->run()
#11 {main}
CRITICAL - 2022-07-20 09:06:40 --> Undefined variable: builder
#0 /var/www/vhosts/iptvbillingsolution.com/public/smartercodeactivationpanel2/app/Models/Filedatamodel.php(144): CodeIgniter\Debug\Exceptions->errorHandler()
#1 /var/www/vhosts/iptvbillingsolution.com/public/smartercodeactivationpanel2/app/Controllers/Codes.php(5): App\Models\Filedatamodel->dataifsearchnot2()
#2 /var/www/vhosts/iptvbillingsolution.com/public/smartercodeactivationpanel2/system/CodeIgniter.php(825): App\Controllers\Codes->codes()
#3 /var/www/vhosts/iptvbillingsolution.com/public/smartercodeactivationpanel2/system/CodeIgniter.php(412): CodeIgniter\CodeIgniter->runController()
#4 /var/www/vhosts/iptvbillingsolution.com/public/smartercodeactivationpanel2/system/CodeIgniter.php(320): CodeIgniter\CodeIgniter->handleRequest()
#5 /var/www/vhosts/iptvbillingsolution.com/public/smartercodeactivationpanel2/public/index.php(37): CodeIgniter\CodeIgniter->run()
#6 {main}
CRITICAL - 2022-07-20 09:10:17 --> Class 'App\Models\Filedatamodel' not found
#0 /var/www/vhosts/iptvbillingsolution.com/public/smartercodeactivationpanel2/system/CodeIgniter.php(803): App\Controllers\BaseController->initController()
#1 /var/www/vhosts/iptvbillingsolution.com/public/smartercodeactivationpanel2/system/CodeIgniter.php(403): CodeIgniter\CodeIgniter->createController()
#2 /var/www/vhosts/iptvbillingsolution.com/public/smartercodeactivationpanel2/system/CodeIgniter.php(320): CodeIgniter\CodeIgniter->handleRequest()
#3 /var/www/vhosts/iptvbillingsolution.com/public/smartercodeactivationpanel2/public/index.php(37): CodeIgniter\CodeIgniter->run()
#4 {main}
