CRITICAL - 2022-06-01 00:02:05 --> Class 'App\Models\Appdesigncustomizaion' not found
#0 /var/www/vhosts/iptvbillingsolution.com/public/smartersbackend/system/CodeIgniter.php(803): App\Controllers\BaseController->initController()
#1 /var/www/vhosts/iptvbillingsolution.com/public/smartersbackend/system/CodeIgniter.php(403): CodeIgniter\CodeIgniter->createController()
#2 /var/www/vhosts/iptvbillingsolution.com/public/smartersbackend/system/CodeIgniter.php(320): CodeIgniter\CodeIgniter->handleRequest()
#3 /var/www/vhosts/iptvbillingsolution.com/public/smartersbackend/public/index.php(37): CodeIgniter\CodeIgniter->run()
#4 {main}
CRITICAL - 2022-06-01 00:02:08 --> Class 'App\Models\Appdesigncustomizaion' not found
#0 /var/www/vhosts/iptvbillingsolution.com/public/smartersbackend/system/CodeIgniter.php(803): App\Controllers\BaseController->initController()
#1 /var/www/vhosts/iptvbillingsolution.com/public/smartersbackend/system/CodeIgniter.php(403): CodeIgniter\CodeIgniter->createController()
#2 /var/www/vhosts/iptvbillingsolution.com/public/smartersbackend/system/CodeIgniter.php(320): CodeIgniter\CodeIgniter->handleRequest()
#3 /var/www/vhosts/iptvbillingsolution.com/public/smartersbackend/public/index.php(37): CodeIgniter\CodeIgniter->run()
#4 {main}
CRITICAL - 2022-06-01 00:03:23 --> Undefined property: App\Controllers\Webapp::$appdesigncustomizaion
#0 /var/www/vhosts/iptvbillingsolution.com/public/smartersbackend/app/Controllers/Webapp.php(22): CodeIgniter\Debug\Exceptions->errorHandler()
#1 /var/www/vhosts/iptvbillingsolution.com/public/smartersbackend/system/CodeIgniter.php(825): App\Controllers\Webapp->splash()
#2 /var/www/vhosts/iptvbillingsolution.com/public/smartersbackend/system/CodeIgniter.php(412): CodeIgniter\CodeIgniter->runController()
#3 /var/www/vhosts/iptvbillingsolution.com/public/smartersbackend/system/CodeIgniter.php(320): CodeIgniter\CodeIgniter->handleRequest()
#4 /var/www/vhosts/iptvbillingsolution.com/public/smartersbackend/public/index.php(37): CodeIgniter\CodeIgniter->run()
#5 {main}
CRITICAL - 2022-06-01 00:04:03 --> Undefined property: App\Controllers\Webapp::$appdesigncustomizaionmodelmodel
#0 /var/www/vhosts/iptvbillingsolution.com/public/smartersbackend/app/Controllers/Webapp.php(22): CodeIgniter\Debug\Exceptions->errorHandler()
#1 /var/www/vhosts/iptvbillingsolution.com/public/smartersbackend/system/CodeIgniter.php(825): App\Controllers\Webapp->splash()
#2 /var/www/vhosts/iptvbillingsolution.com/public/smartersbackend/system/CodeIgniter.php(412): CodeIgniter\CodeIgniter->runController()
#3 /var/www/vhosts/iptvbillingsolution.com/public/smartersbackend/system/CodeIgniter.php(320): CodeIgniter\CodeIgniter->handleRequest()
#4 /var/www/vhosts/iptvbillingsolution.com/public/smartersbackend/public/index.php(37): CodeIgniter\CodeIgniter->run()
#5 {main}
CRITICAL - 2022-06-01 23:54:55 --> Call to undefined method App\Controllers\Api::apimodel()
#0 /var/www/vhosts/iptvbillingsolution.com/public/smartersbackend/system/CodeIgniter.php(825): App\Controllers\Api->api()
#1 /var/www/vhosts/iptvbillingsolution.com/public/smartersbackend/system/CodeIgniter.php(412): CodeIgniter\CodeIgniter->runController()
#2 /var/www/vhosts/iptvbillingsolution.com/public/smartersbackend/system/CodeIgniter.php(320): CodeIgniter\CodeIgniter->handleRequest()
#3 /var/www/vhosts/iptvbillingsolution.com/public/smartersbackend/public/index.php(37): CodeIgniter\CodeIgniter->run()
#4 {main}
