CRITICAL - 2022-05-23 00:54:04 --> Invalid file: adminaccess.php
#0 /var/www/vhosts/iptvbillingsolution.com/public/smartersbackend/system/View/View.php(198): CodeIgniter\Exceptions\FrameworkException::forInvalidFile()
#1 /var/www/vhosts/iptvbillingsolution.com/public/smartersbackend/system/Common.php(1089): CodeIgniter\View\View->render()
#2 /var/www/vhosts/iptvbillingsolution.com/public/smartersbackend/app/Controllers/Adminconfiguration.php(84): view()
#3 /var/www/vhosts/iptvbillingsolution.com/public/smartersbackend/system/CodeIgniter.php(825): App\Controllers\Adminconfiguration->adminconfiguration()
#4 /var/www/vhosts/iptvbillingsolution.com/public/smartersbackend/system/CodeIgniter.php(412): CodeIgniter\CodeIgniter->runController()
#5 /var/www/vhosts/iptvbillingsolution.com/public/smartersbackend/system/CodeIgniter.php(320): CodeIgniter\CodeIgniter->handleRequest()
#6 /var/www/vhosts/iptvbillingsolution.com/public/smartersbackend/public/index.php(37): CodeIgniter\CodeIgniter->run()
#7 {main}
CRITICAL - 2022-05-23 00:55:04 --> Invalid file: createadminlayout.php
#0 /var/www/vhosts/iptvbillingsolution.com/public/smartersbackend/system/View/View.php(198): CodeIgniter\Exceptions\FrameworkException::forInvalidFile()
#1 /var/www/vhosts/iptvbillingsolution.com/public/smartersbackend/system/View/View.php(226): CodeIgniter\View\View->render()
#2 /var/www/vhosts/iptvbillingsolution.com/public/smartersbackend/system/Common.php(1089): CodeIgniter\View\View->render()
#3 /var/www/vhosts/iptvbillingsolution.com/public/smartersbackend/app/Controllers/Adminconfiguration.php(79): view()
#4 /var/www/vhosts/iptvbillingsolution.com/public/smartersbackend/system/CodeIgniter.php(825): App\Controllers\Adminconfiguration->adminconfiguration()
#5 /var/www/vhosts/iptvbillingsolution.com/public/smartersbackend/system/CodeIgniter.php(412): CodeIgniter\CodeIgniter->runController()
#6 /var/www/vhosts/iptvbillingsolution.com/public/smartersbackend/system/CodeIgniter.php(320): CodeIgniter\CodeIgniter->handleRequest()
#7 /var/www/vhosts/iptvbillingsolution.com/public/smartersbackend/public/index.php(37): CodeIgniter\CodeIgniter->run()
#8 {main}
CRITICAL - 2022-05-23 00:55:51 --> View themes, no current section.
#0 /var/www/vhosts/iptvbillingsolution.com/public/smartersbackend/app/Views/adminconfiguration.php(237): CodeIgniter\View\View->endSection()
#1 /var/www/vhosts/iptvbillingsolution.com/public/smartersbackend/system/View/View.php(210): include('/var/www/vhosts...')
#2 /var/www/vhosts/iptvbillingsolution.com/public/smartersbackend/system/View/View.php(213): CodeIgniter\View\View->CodeIgniter\View\{closure}()
#3 /var/www/vhosts/iptvbillingsolution.com/public/smartersbackend/system/Common.php(1089): CodeIgniter\View\View->render()
#4 /var/www/vhosts/iptvbillingsolution.com/public/smartersbackend/app/Controllers/Adminconfiguration.php(79): view()
#5 /var/www/vhosts/iptvbillingsolution.com/public/smartersbackend/system/CodeIgniter.php(825): App\Controllers\Adminconfiguration->adminconfiguration()
#6 /var/www/vhosts/iptvbillingsolution.com/public/smartersbackend/system/CodeIgniter.php(412): CodeIgniter\CodeIgniter->runController()
#7 /var/www/vhosts/iptvbillingsolution.com/public/smartersbackend/system/CodeIgniter.php(320): CodeIgniter\CodeIgniter->handleRequest()
#8 /var/www/vhosts/iptvbillingsolution.com/public/smartersbackend/public/index.php(37): CodeIgniter\CodeIgniter->run()
#9 {main}
CRITICAL - 2022-05-23 01:28:46 --> Some message goes here
#0 /var/www/vhosts/iptvbillingsolution.com/public/smartersbackend/system/CodeIgniter.php(825): App\Controllers\Adminconfiguration->adminconfiguration()
#1 /var/www/vhosts/iptvbillingsolution.com/public/smartersbackend/system/CodeIgniter.php(412): CodeIgniter\CodeIgniter->runController()
#2 /var/www/vhosts/iptvbillingsolution.com/public/smartersbackend/system/CodeIgniter.php(320): CodeIgniter\CodeIgniter->handleRequest()
#3 /var/www/vhosts/iptvbillingsolution.com/public/smartersbackend/public/index.php(37): CodeIgniter\CodeIgniter->run()
#4 {main}
CRITICAL - 2022-05-23 01:31:06 --> To Create Admin You Need To Give Permission To This file <?php echo base_url('');?>to create admin
#0 /var/www/vhosts/iptvbillingsolution.com/public/smartersbackend/system/CodeIgniter.php(825): App\Controllers\Adminconfiguration->adminconfiguration()
#1 /var/www/vhosts/iptvbillingsolution.com/public/smartersbackend/system/CodeIgniter.php(412): CodeIgniter\CodeIgniter->runController()
#2 /var/www/vhosts/iptvbillingsolution.com/public/smartersbackend/system/CodeIgniter.php(320): CodeIgniter\CodeIgniter->handleRequest()
#3 /var/www/vhosts/iptvbillingsolution.com/public/smartersbackend/public/index.php(37): CodeIgniter\CodeIgniter->run()
#4 {main}
CRITICAL - 2022-05-23 01:36:02 --> Undefined variable: title
#0 /var/www/vhosts/iptvbillingsolution.com/public/smartersbackend/app/Views/errors/html/error_exception.php(8): CodeIgniter\Debug\Exceptions->errorHandler()
#1 /var/www/vhosts/iptvbillingsolution.com/public/smartersbackend/system/View/View.php(210): include('/var/www/vhosts...')
#2 /var/www/vhosts/iptvbillingsolution.com/public/smartersbackend/system/View/View.php(213): CodeIgniter\View\View->CodeIgniter\View\{closure}()
#3 /var/www/vhosts/iptvbillingsolution.com/public/smartersbackend/system/Common.php(1089): CodeIgniter\View\View->render()
#4 /var/www/vhosts/iptvbillingsolution.com/public/smartersbackend/app/Controllers/Adminconfiguration.php(84): view()
#5 /var/www/vhosts/iptvbillingsolution.com/public/smartersbackend/system/CodeIgniter.php(825): App\Controllers\Adminconfiguration->adminconfiguration()
#6 /var/www/vhosts/iptvbillingsolution.com/public/smartersbackend/system/CodeIgniter.php(412): CodeIgniter\CodeIgniter->runController()
#7 /var/www/vhosts/iptvbillingsolution.com/public/smartersbackend/system/CodeIgniter.php(320): CodeIgniter\CodeIgniter->handleRequest()
#8 /var/www/vhosts/iptvbillingsolution.com/public/smartersbackend/public/index.php(37): CodeIgniter\CodeIgniter->run()
#9 {main}
CRITICAL - 2022-05-23 02:46:41 --> Undefined index: ImageSelect
#0 /var/www/vhosts/iptvbillingsolution.com/public/smartersbackend/app/Controllers/Addvertisement.php(15): CodeIgniter\Debug\Exceptions->errorHandler()
#1 /var/www/vhosts/iptvbillingsolution.com/public/smartersbackend/system/CodeIgniter.php(825): App\Controllers\Addvertisement->addvertisement()
#2 /var/www/vhosts/iptvbillingsolution.com/public/smartersbackend/system/CodeIgniter.php(412): CodeIgniter\CodeIgniter->runController()
#3 /var/www/vhosts/iptvbillingsolution.com/public/smartersbackend/system/CodeIgniter.php(320): CodeIgniter\CodeIgniter->handleRequest()
#4 /var/www/vhosts/iptvbillingsolution.com/public/smartersbackend/public/index.php(37): CodeIgniter\CodeIgniter->run()
#5 {main}
CRITICAL - 2022-05-23 03:17:51 --> Undefined index: imageselect
#0 /var/www/vhosts/iptvbillingsolution.com/public/smartersbackend/app/Controllers/Addvertisement.php(11): CodeIgniter\Debug\Exceptions->errorHandler()
#1 /var/www/vhosts/iptvbillingsolution.com/public/smartersbackend/system/CodeIgniter.php(825): App\Controllers\Addvertisement->addvertisement()
#2 /var/www/vhosts/iptvbillingsolution.com/public/smartersbackend/system/CodeIgniter.php(412): CodeIgniter\CodeIgniter->runController()
#3 /var/www/vhosts/iptvbillingsolution.com/public/smartersbackend/system/CodeIgniter.php(320): CodeIgniter\CodeIgniter->handleRequest()
#4 /var/www/vhosts/iptvbillingsolution.com/public/smartersbackend/public/index.php(37): CodeIgniter\CodeIgniter->run()
#5 {main}
CRITICAL - 2022-05-23 04:19:43 --> Call to a member function getRandomName() on null
#0 /var/www/vhosts/iptvbillingsolution.com/public/smartersbackend/system/CodeIgniter.php(825): App\Controllers\Addvertisement->addvertisement()
#1 /var/www/vhosts/iptvbillingsolution.com/public/smartersbackend/system/CodeIgniter.php(412): CodeIgniter\CodeIgniter->runController()
#2 /var/www/vhosts/iptvbillingsolution.com/public/smartersbackend/system/CodeIgniter.php(320): CodeIgniter\CodeIgniter->handleRequest()
#3 /var/www/vhosts/iptvbillingsolution.com/public/smartersbackend/public/index.php(37): CodeIgniter\CodeIgniter->run()
#4 {main}
CRITICAL - 2022-05-23 07:20:54 --> Undefined variable: val
#0 /var/www/vhosts/iptvbillingsolution.com/public/smartersbackend/app/Views/includes/head.php(105): CodeIgniter\Debug\Exceptions->errorHandler()
#1 /var/www/vhosts/iptvbillingsolution.com/public/smartersbackend/system/View/View.php(210): include('/var/www/vhosts...')
#2 /var/www/vhosts/iptvbillingsolution.com/public/smartersbackend/system/View/View.php(213): CodeIgniter\View\View->CodeIgniter\View\{closure}()
#3 /var/www/vhosts/iptvbillingsolution.com/public/smartersbackend/system/Common.php(1089): CodeIgniter\View\View->render()
#4 /var/www/vhosts/iptvbillingsolution.com/public/smartersbackend/app/Controllers/Settings.php(170): view()
#5 /var/www/vhosts/iptvbillingsolution.com/public/smartersbackend/system/CodeIgniter.php(825): App\Controllers\Settings->generalsettings()
#6 /var/www/vhosts/iptvbillingsolution.com/public/smartersbackend/system/CodeIgniter.php(412): CodeIgniter\CodeIgniter->runController()
#7 /var/www/vhosts/iptvbillingsolution.com/public/smartersbackend/system/CodeIgniter.php(320): CodeIgniter\CodeIgniter->handleRequest()
#8 /var/www/vhosts/iptvbillingsolution.com/public/smartersbackend/public/index.php(37): CodeIgniter\CodeIgniter->run()
#9 {main}
CRITICAL - 2022-05-23 07:22:30 --> Undefined variable: val
#0 /var/www/vhosts/iptvbillingsolution.com/public/smartersbackend/app/Views/includes/head.php(105): CodeIgniter\Debug\Exceptions->errorHandler()
#1 /var/www/vhosts/iptvbillingsolution.com/public/smartersbackend/system/View/View.php(210): include('/var/www/vhosts...')
#2 /var/www/vhosts/iptvbillingsolution.com/public/smartersbackend/system/View/View.php(213): CodeIgniter\View\View->CodeIgniter\View\{closure}()
#3 /var/www/vhosts/iptvbillingsolution.com/public/smartersbackend/system/Common.php(1089): CodeIgniter\View\View->render()
#4 /var/www/vhosts/iptvbillingsolution.com/public/smartersbackend/app/Controllers/Generateapi.php(103): view()
#5 /var/www/vhosts/iptvbillingsolution.com/public/smartersbackend/system/CodeIgniter.php(825): App\Controllers\Generateapi->generateapi()
#6 /var/www/vhosts/iptvbillingsolution.com/public/smartersbackend/system/CodeIgniter.php(412): CodeIgniter\CodeIgniter->runController()
#7 /var/www/vhosts/iptvbillingsolution.com/public/smartersbackend/system/CodeIgniter.php(320): CodeIgniter\CodeIgniter->handleRequest()
#8 /var/www/vhosts/iptvbillingsolution.com/public/smartersbackend/public/index.php(37): CodeIgniter\CodeIgniter->run()
#9 {main}
CRITICAL - 2022-05-23 07:23:38 --> Undefined variable: var
#0 /var/www/vhosts/iptvbillingsolution.com/public/smartersbackend/app/Views/includes/head.php(105): CodeIgniter\Debug\Exceptions->errorHandler()
#1 /var/www/vhosts/iptvbillingsolution.com/public/smartersbackend/system/View/View.php(210): include('/var/www/vhosts...')
#2 /var/www/vhosts/iptvbillingsolution.com/public/smartersbackend/system/View/View.php(213): CodeIgniter\View\View->CodeIgniter\View\{closure}()
#3 /var/www/vhosts/iptvbillingsolution.com/public/smartersbackend/system/Common.php(1089): CodeIgniter\View\View->render()
#4 /var/www/vhosts/iptvbillingsolution.com/public/smartersbackend/app/Controllers/Generateapi.php(103): view()
#5 /var/www/vhosts/iptvbillingsolution.com/public/smartersbackend/system/CodeIgniter.php(825): App\Controllers\Generateapi->generateapi()
#6 /var/www/vhosts/iptvbillingsolution.com/public/smartersbackend/system/CodeIgniter.php(412): CodeIgniter\CodeIgniter->runController()
#7 /var/www/vhosts/iptvbillingsolution.com/public/smartersbackend/system/CodeIgniter.php(320): CodeIgniter\CodeIgniter->handleRequest()
#8 /var/www/vhosts/iptvbillingsolution.com/public/smartersbackend/public/index.php(37): CodeIgniter\CodeIgniter->run()
#9 {main}
CRITICAL - 2022-05-23 07:45:31 --> Undefined index: action
#0 /var/www/vhosts/iptvbillingsolution.com/public/smartersbackend/app/Views/includes/head.php(97): CodeIgniter\Debug\Exceptions->errorHandler()
#1 /var/www/vhosts/iptvbillingsolution.com/public/smartersbackend/system/View/View.php(210): include('/var/www/vhosts...')
#2 /var/www/vhosts/iptvbillingsolution.com/public/smartersbackend/system/View/View.php(213): CodeIgniter\View\View->CodeIgniter\View\{closure}()
#3 /var/www/vhosts/iptvbillingsolution.com/public/smartersbackend/system/Common.php(1089): CodeIgniter\View\View->render()
#4 /var/www/vhosts/iptvbillingsolution.com/public/smartersbackend/app/Controllers/Settings.php(170): view()
#5 /var/www/vhosts/iptvbillingsolution.com/public/smartersbackend/system/CodeIgniter.php(825): App\Controllers\Settings->generalsettings()
#6 /var/www/vhosts/iptvbillingsolution.com/public/smartersbackend/system/CodeIgniter.php(412): CodeIgniter\CodeIgniter->runController()
#7 /var/www/vhosts/iptvbillingsolution.com/public/smartersbackend/system/CodeIgniter.php(320): CodeIgniter\CodeIgniter->handleRequest()
#8 /var/www/vhosts/iptvbillingsolution.com/public/smartersbackend/public/index.php(37): CodeIgniter\CodeIgniter->run()
#9 {main}
CRITICAL - 2022-05-23 07:47:49 --> Undefined index: action
#0 /var/www/vhosts/iptvbillingsolution.com/public/smartersbackend/app/Views/includes/head.php(94): CodeIgniter\Debug\Exceptions->errorHandler()
#1 /var/www/vhosts/iptvbillingsolution.com/public/smartersbackend/system/View/View.php(210): include('/var/www/vhosts...')
#2 /var/www/vhosts/iptvbillingsolution.com/public/smartersbackend/system/View/View.php(213): CodeIgniter\View\View->CodeIgniter\View\{closure}()
#3 /var/www/vhosts/iptvbillingsolution.com/public/smartersbackend/system/Common.php(1089): CodeIgniter\View\View->render()
#4 /var/www/vhosts/iptvbillingsolution.com/public/smartersbackend/app/Controllers/Settings.php(170): view()
#5 /var/www/vhosts/iptvbillingsolution.com/public/smartersbackend/system/CodeIgniter.php(825): App\Controllers\Settings->generalsettings()
#6 /var/www/vhosts/iptvbillingsolution.com/public/smartersbackend/system/CodeIgniter.php(412): CodeIgniter\CodeIgniter->runController()
#7 /var/www/vhosts/iptvbillingsolution.com/public/smartersbackend/system/CodeIgniter.php(320): CodeIgniter\CodeIgniter->handleRequest()
#8 /var/www/vhosts/iptvbillingsolution.com/public/smartersbackend/public/index.php(37): CodeIgniter\CodeIgniter->run()
#9 {main}
CRITICAL - 2022-05-23 07:47:58 --> Undefined index: action
#0 /var/www/vhosts/iptvbillingsolution.com/public/smartersbackend/app/Views/includes/head.php(94): CodeIgniter\Debug\Exceptions->errorHandler()
#1 /var/www/vhosts/iptvbillingsolution.com/public/smartersbackend/system/View/View.php(210): include('/var/www/vhosts...')
#2 /var/www/vhosts/iptvbillingsolution.com/public/smartersbackend/system/View/View.php(213): CodeIgniter\View\View->CodeIgniter\View\{closure}()
#3 /var/www/vhosts/iptvbillingsolution.com/public/smartersbackend/system/Common.php(1089): CodeIgniter\View\View->render()
#4 /var/www/vhosts/iptvbillingsolution.com/public/smartersbackend/app/Controllers/Settings.php(170): view()
#5 /var/www/vhosts/iptvbillingsolution.com/public/smartersbackend/system/CodeIgniter.php(825): App\Controllers\Settings->generalsettings()
#6 /var/www/vhosts/iptvbillingsolution.com/public/smartersbackend/system/CodeIgniter.php(412): CodeIgniter\CodeIgniter->runController()
#7 /var/www/vhosts/iptvbillingsolution.com/public/smartersbackend/system/CodeIgniter.php(320): CodeIgniter\CodeIgniter->handleRequest()
#8 /var/www/vhosts/iptvbillingsolution.com/public/smartersbackend/public/index.php(37): CodeIgniter\CodeIgniter->run()
#9 {main}
CRITICAL - 2022-05-23 07:52:48 --> Undefined variable: value
#0 /var/www/vhosts/iptvbillingsolution.com/public/smartersbackend/app/Views/includes/head.php(107): CodeIgniter\Debug\Exceptions->errorHandler()
#1 /var/www/vhosts/iptvbillingsolution.com/public/smartersbackend/system/View/View.php(210): include('/var/www/vhosts...')
#2 /var/www/vhosts/iptvbillingsolution.com/public/smartersbackend/system/View/View.php(213): CodeIgniter\View\View->CodeIgniter\View\{closure}()
#3 /var/www/vhosts/iptvbillingsolution.com/public/smartersbackend/system/Common.php(1089): CodeIgniter\View\View->render()
#4 /var/www/vhosts/iptvbillingsolution.com/public/smartersbackend/app/Controllers/Addvertisement.php(111): view()
#5 /var/www/vhosts/iptvbillingsolution.com/public/smartersbackend/system/CodeIgniter.php(825): App\Controllers\Addvertisement->addvertisement()
#6 /var/www/vhosts/iptvbillingsolution.com/public/smartersbackend/system/CodeIgniter.php(412): CodeIgniter\CodeIgniter->runController()
#7 /var/www/vhosts/iptvbillingsolution.com/public/smartersbackend/system/CodeIgniter.php(320): CodeIgniter\CodeIgniter->handleRequest()
#8 /var/www/vhosts/iptvbillingsolution.com/public/smartersbackend/public/index.php(37): CodeIgniter\CodeIgniter->run()
#9 {main}
CRITICAL - 2022-05-23 08:06:44 --> Undefined offset: 5
#0 /var/www/vhosts/iptvbillingsolution.com/public/smartersbackend/app/Views/includes/head.php(83): CodeIgniter\Debug\Exceptions->errorHandler()
#1 /var/www/vhosts/iptvbillingsolution.com/public/smartersbackend/system/View/View.php(210): include('/var/www/vhosts...')
#2 /var/www/vhosts/iptvbillingsolution.com/public/smartersbackend/system/View/View.php(213): CodeIgniter\View\View->CodeIgniter\View\{closure}()
#3 /var/www/vhosts/iptvbillingsolution.com/public/smartersbackend/system/Common.php(1089): CodeIgniter\View\View->render()
#4 /var/www/vhosts/iptvbillingsolution.com/public/smartersbackend/app/Controllers/Addsrecords.php(182): view()
#5 /var/www/vhosts/iptvbillingsolution.com/public/smartersbackend/system/CodeIgniter.php(825): App\Controllers\Addsrecords->editadd()
#6 /var/www/vhosts/iptvbillingsolution.com/public/smartersbackend/system/CodeIgniter.php(412): CodeIgniter\CodeIgniter->runController()
#7 /var/www/vhosts/iptvbillingsolution.com/public/smartersbackend/system/CodeIgniter.php(320): CodeIgniter\CodeIgniter->handleRequest()
#8 /var/www/vhosts/iptvbillingsolution.com/public/smartersbackend/public/index.php(37): CodeIgniter\CodeIgniter->run()
#9 {main}
CRITICAL - 2022-05-23 23:47:42 --> Call to a member function getRandomName() on null
#0 /var/www/vhosts/iptvbillingsolution.com/public/smartersbackend/system/CodeIgniter.php(825): App\Controllers\Addvertisement->addvertisement()
#1 /var/www/vhosts/iptvbillingsolution.com/public/smartersbackend/system/CodeIgniter.php(412): CodeIgniter\CodeIgniter->runController()
#2 /var/www/vhosts/iptvbillingsolution.com/public/smartersbackend/system/CodeIgniter.php(320): CodeIgniter\CodeIgniter->handleRequest()
#3 /var/www/vhosts/iptvbillingsolution.com/public/smartersbackend/public/index.php(37): CodeIgniter\CodeIgniter->run()
#4 {main}
