CRITICAL - 2022-06-29 05:36:52 --> Undefined variable: data
#0 /var/www/vhosts/iptvbillingsolution.com/public/smartersbackend/app/Views/manageannouncements.php(62): CodeIgniter\Debug\Exceptions->errorHandler()
#1 /var/www/vhosts/iptvbillingsolution.com/public/smartersbackend/system/View/View.php(210): include('/var/www/vhosts...')
#2 /var/www/vhosts/iptvbillingsolution.com/public/smartersbackend/system/View/View.php(213): CodeIgniter\View\View->CodeIgniter\View\{closure}()
#3 /var/www/vhosts/iptvbillingsolution.com/public/smartersbackend/system/Common.php(1089): CodeIgniter\View\View->render()
#4 /var/www/vhosts/iptvbillingsolution.com/public/smartersbackend/app/Controllers/Manageannouncements.php(9): view()
#5 /var/www/vhosts/iptvbillingsolution.com/public/smartersbackend/system/CodeIgniter.php(825): App\Controllers\Manageannouncements->manageannouncements()
#6 /var/www/vhosts/iptvbillingsolution.com/public/smartersbackend/system/CodeIgniter.php(412): CodeIgniter\CodeIgniter->runController()
#7 /var/www/vhosts/iptvbillingsolution.com/public/smartersbackend/system/CodeIgniter.php(320): CodeIgniter\CodeIgniter->handleRequest()
#8 /var/www/vhosts/iptvbillingsolution.com/public/smartersbackend/public/index.php(37): CodeIgniter\CodeIgniter->run()
#9 {main}
CRITICAL - 2022-06-29 06:45:46 --> Cannot use isset() on the result of an expression (you can use "null !== expression" instead)
#0 [internal function]: CodeIgniter\Debug\Exceptions->shutdownHandler()
#1 {main}
CRITICAL - 2022-06-29 06:46:56 --> Cannot use isset() on the result of an expression (you can use "null !== expression" instead)
#0 [internal function]: CodeIgniter\Debug\Exceptions->shutdownHandler()
#1 {main}
CRITICAL - 2022-06-29 06:56:34 --> strpos(): Offset not contained in string
#0 [internal function]: CodeIgniter\Debug\Exceptions->errorHandler()
#1 /var/www/vhosts/iptvbillingsolution.com/public/smartersbackend/system/Validation/Validation.php(724): strpos()
#2 /var/www/vhosts/iptvbillingsolution.com/public/smartersbackend/system/Validation/Validation.php(138): CodeIgniter\Validation\Validation->splitRules()
#3 /var/www/vhosts/iptvbillingsolution.com/public/smartersbackend/system/Controller.php(160): CodeIgniter\Validation\Validation->run()
#4 /var/www/vhosts/iptvbillingsolution.com/public/smartersbackend/app/Controllers/Manageannouncements.php(18): CodeIgniter\Controller->validate()
#5 /var/www/vhosts/iptvbillingsolution.com/public/smartersbackend/system/CodeIgniter.php(825): App\Controllers\Manageannouncements->manageannouncements()
#6 /var/www/vhosts/iptvbillingsolution.com/public/smartersbackend/system/CodeIgniter.php(412): CodeIgniter\CodeIgniter->runController()
#7 /var/www/vhosts/iptvbillingsolution.com/public/smartersbackend/system/CodeIgniter.php(320): CodeIgniter\CodeIgniter->handleRequest()
#8 /var/www/vhosts/iptvbillingsolution.com/public/smartersbackend/public/index.php(37): CodeIgniter\CodeIgniter->run()
#9 {main}
CRITICAL - 2022-06-29 06:56:58 --> strpos(): Offset not contained in string
#0 [internal function]: CodeIgniter\Debug\Exceptions->errorHandler()
#1 /var/www/vhosts/iptvbillingsolution.com/public/smartersbackend/system/Validation/Validation.php(724): strpos()
#2 /var/www/vhosts/iptvbillingsolution.com/public/smartersbackend/system/Validation/Validation.php(138): CodeIgniter\Validation\Validation->splitRules()
#3 /var/www/vhosts/iptvbillingsolution.com/public/smartersbackend/system/Controller.php(160): CodeIgniter\Validation\Validation->run()
#4 /var/www/vhosts/iptvbillingsolution.com/public/smartersbackend/app/Controllers/Manageannouncements.php(18): CodeIgniter\Controller->validate()
#5 /var/www/vhosts/iptvbillingsolution.com/public/smartersbackend/system/CodeIgniter.php(825): App\Controllers\Manageannouncements->manageannouncements()
#6 /var/www/vhosts/iptvbillingsolution.com/public/smartersbackend/system/CodeIgniter.php(412): CodeIgniter\CodeIgniter->runController()
#7 /var/www/vhosts/iptvbillingsolution.com/public/smartersbackend/system/CodeIgniter.php(320): CodeIgniter\CodeIgniter->handleRequest()
#8 /var/www/vhosts/iptvbillingsolution.com/public/smartersbackend/public/index.php(37): CodeIgniter\CodeIgniter->run()
#9 {main}
CRITICAL - 2022-06-29 08:25:34 --> Undefined variable: apidata
#0 /var/www/vhosts/iptvbillingsolution.com/public/smartersbackend/app/Views/manageannouncements.php(100): CodeIgniter\Debug\Exceptions->errorHandler()
#1 /var/www/vhosts/iptvbillingsolution.com/public/smartersbackend/system/View/View.php(210): include('/var/www/vhosts...')
#2 /var/www/vhosts/iptvbillingsolution.com/public/smartersbackend/system/View/View.php(213): CodeIgniter\View\View->CodeIgniter\View\{closure}()
#3 /var/www/vhosts/iptvbillingsolution.com/public/smartersbackend/system/Common.php(1089): CodeIgniter\View\View->render()
#4 /var/www/vhosts/iptvbillingsolution.com/public/smartersbackend/app/Controllers/Manageannouncements.php(67): view()
#5 /var/www/vhosts/iptvbillingsolution.com/public/smartersbackend/system/CodeIgniter.php(825): App\Controllers\Manageannouncements->manageannouncements()
#6 /var/www/vhosts/iptvbillingsolution.com/public/smartersbackend/system/CodeIgniter.php(412): CodeIgniter\CodeIgniter->runController()
#7 /var/www/vhosts/iptvbillingsolution.com/public/smartersbackend/system/CodeIgniter.php(320): CodeIgniter\CodeIgniter->handleRequest()
#8 /var/www/vhosts/iptvbillingsolution.com/public/smartersbackend/public/index.php(37): CodeIgniter\CodeIgniter->run()
#9 {main}
