CRITICAL - 2022-04-01 02:40:06 --> Class 'App\Controllers\BaseController' not found
#0 /var/www/html/appmanage/system/Autoloader/Autoloader.php(264): include_once()
#1 /var/www/html/appmanage/system/Autoloader/Autoloader.php(241): CodeIgniter\Autoloader\Autoloader->includeFile()
#2 /var/www/html/appmanage/system/Autoloader/Autoloader.php(219): CodeIgniter\Autoloader\Autoloader->loadInNamespace()
#3 [internal function]: CodeIgniter\Autoloader\Autoloader->loadClass()
#4 [internal function]: spl_autoload_call()
#5 /var/www/html/appmanage/system/CodeIgniter.php(790): class_exists()
#6 /var/www/html/appmanage/system/CodeIgniter.php(399): CodeIgniter\CodeIgniter->startController()
#7 /var/www/html/appmanage/system/CodeIgniter.php(320): CodeIgniter\CodeIgniter->handleRequest()
#8 /var/www/html/appmanage/index.php(39): CodeIgniter\CodeIgniter->run()
#9 {main}
CRITICAL - 2022-04-01 02:48:34 --> Undefined index: panelversion
#0 /var/www/html/appmanage/app/Views/includes/header.php(310): CodeIgniter\Debug\Exceptions->errorHandler()
#1 /var/www/html/appmanage/system/View/View.php(210): include('/var/www/html/a...')
#2 /var/www/html/appmanage/system/View/View.php(213): CodeIgniter\View\View->CodeIgniter\View\{closure}()
#3 /var/www/html/appmanage/system/Common.php(1089): CodeIgniter\View\View->render()
#4 /var/www/html/appmanage/app/Controllers/Login.php(14): view()
#5 /var/www/html/appmanage/system/CodeIgniter.php(825): App\Controllers\Login->index()
#6 /var/www/html/appmanage/system/CodeIgniter.php(412): CodeIgniter\CodeIgniter->runController()
#7 /var/www/html/appmanage/system/CodeIgniter.php(320): CodeIgniter\CodeIgniter->handleRequest()
#8 /var/www/html/appmanage/index.php(39): CodeIgniter\CodeIgniter->run()
#9 {main}
CRITICAL - 2022-04-01 02:48:49 --> Call to undefined function form_open()
#0 /var/www/html/appmanage/system/View/View.php(210): include()
#1 /var/www/html/appmanage/system/View/View.php(213): CodeIgniter\View\View->CodeIgniter\View\{closure}()
#2 /var/www/html/appmanage/system/Common.php(1089): CodeIgniter\View\View->render()
#3 /var/www/html/appmanage/app/Controllers/Login.php(15): view()
#4 /var/www/html/appmanage/system/CodeIgniter.php(825): App\Controllers\Login->index()
#5 /var/www/html/appmanage/system/CodeIgniter.php(412): CodeIgniter\CodeIgniter->runController()
#6 /var/www/html/appmanage/system/CodeIgniter.php(320): CodeIgniter\CodeIgniter->handleRequest()
#7 /var/www/html/appmanage/index.php(39): CodeIgniter\CodeIgniter->run()
#8 {main}
CRITICAL - 2022-04-01 02:52:29 --> Undefined variable: data
#0 /var/www/html/appmanage/app/Views/login.php(2): CodeIgniter\Debug\Exceptions->errorHandler()
#1 /var/www/html/appmanage/system/View/View.php(210): include('/var/www/html/a...')
#2 /var/www/html/appmanage/system/View/View.php(213): CodeIgniter\View\View->CodeIgniter\View\{closure}()
#3 /var/www/html/appmanage/system/Common.php(1089): CodeIgniter\View\View->render()
#4 /var/www/html/appmanage/app/Controllers/Login.php(15): view()
#5 /var/www/html/appmanage/system/CodeIgniter.php(825): App\Controllers\Login->index()
#6 /var/www/html/appmanage/system/CodeIgniter.php(412): CodeIgniter\CodeIgniter->runController()
#7 /var/www/html/appmanage/system/CodeIgniter.php(320): CodeIgniter\CodeIgniter->handleRequest()
#8 /var/www/html/appmanage/index.php(39): CodeIgniter\CodeIgniter->run()
#9 {main}
CRITICAL - 2022-04-01 02:54:23 --> Undefined variable: data
#0 /var/www/html/appmanage/app/Views/login.php(2): CodeIgniter\Debug\Exceptions->errorHandler()
#1 /var/www/html/appmanage/system/View/View.php(210): include('/var/www/html/a...')
#2 /var/www/html/appmanage/system/View/View.php(213): CodeIgniter\View\View->CodeIgniter\View\{closure}()
#3 /var/www/html/appmanage/system/Common.php(1089): CodeIgniter\View\View->render()
#4 /var/www/html/appmanage/app/Controllers/Login.php(15): view()
#5 /var/www/html/appmanage/system/CodeIgniter.php(825): App\Controllers\Login->index()
#6 /var/www/html/appmanage/system/CodeIgniter.php(412): CodeIgniter\CodeIgniter->runController()
#7 /var/www/html/appmanage/system/CodeIgniter.php(320): CodeIgniter\CodeIgniter->handleRequest()
#8 /var/www/html/appmanage/index.php(39): CodeIgniter\CodeIgniter->run()
#9 {main}
CRITICAL - 2022-04-01 02:56:18 --> Undefined property: App\Controllers\Login::$load
#0 /var/www/html/appmanage/app/Controllers/Login.php(14): CodeIgniter\Debug\Exceptions->errorHandler()
#1 /var/www/html/appmanage/system/CodeIgniter.php(825): App\Controllers\Login->index()
#2 /var/www/html/appmanage/system/CodeIgniter.php(412): CodeIgniter\CodeIgniter->runController()
#3 /var/www/html/appmanage/system/CodeIgniter.php(320): CodeIgniter\CodeIgniter->handleRequest()
#4 /var/www/html/appmanage/index.php(39): CodeIgniter\CodeIgniter->run()
#5 {main}
CRITICAL - 2022-04-01 02:59:02 --> Undefined property: App\Controllers\Login::$load
#0 /var/www/html/appmanage/app/Controllers/Login.php(14): CodeIgniter\Debug\Exceptions->errorHandler()
#1 /var/www/html/appmanage/system/CodeIgniter.php(825): App\Controllers\Login->index()
#2 /var/www/html/appmanage/system/CodeIgniter.php(412): CodeIgniter\CodeIgniter->runController()
#3 /var/www/html/appmanage/system/CodeIgniter.php(320): CodeIgniter\CodeIgniter->handleRequest()
#4 /var/www/html/appmanage/index.php(39): CodeIgniter\CodeIgniter->run()
#5 {main}
CRITICAL - 2022-04-01 02:59:05 --> Undefined property: App\Controllers\Login::$load
#0 /var/www/html/appmanage/app/Controllers/Login.php(14): CodeIgniter\Debug\Exceptions->errorHandler()
#1 /var/www/html/appmanage/system/CodeIgniter.php(825): App\Controllers\Login->index()
#2 /var/www/html/appmanage/system/CodeIgniter.php(412): CodeIgniter\CodeIgniter->runController()
#3 /var/www/html/appmanage/system/CodeIgniter.php(320): CodeIgniter\CodeIgniter->handleRequest()
#4 /var/www/html/appmanage/index.php(39): CodeIgniter\CodeIgniter->run()
#5 {main}
CRITICAL - 2022-04-01 03:10:54 --> Call to undefined function form_open()
#0 /var/www/html/appmanage/system/View/View.php(210): include()
#1 /var/www/html/appmanage/system/View/View.php(213): CodeIgniter\View\View->CodeIgniter\View\{closure}()
#2 /var/www/html/appmanage/system/Common.php(1089): CodeIgniter\View\View->render()
#3 /var/www/html/appmanage/app/Controllers/Login.php(15): view()
#4 /var/www/html/appmanage/system/CodeIgniter.php(825): App\Controllers\Login->index()
#5 /var/www/html/appmanage/system/CodeIgniter.php(412): CodeIgniter\CodeIgniter->runController()
#6 /var/www/html/appmanage/system/CodeIgniter.php(320): CodeIgniter\CodeIgniter->handleRequest()
#7 /var/www/html/appmanage/index.php(39): CodeIgniter\CodeIgniter->run()
#8 {main}
CRITICAL - 2022-04-01 04:18:42 --> Call to undefined function form_open()
#0 /var/www/html/appmanage/system/View/View.php(210): include()
#1 /var/www/html/appmanage/system/View/View.php(213): CodeIgniter\View\View->CodeIgniter\View\{closure}()
#2 /var/www/html/appmanage/system/Common.php(1089): CodeIgniter\View\View->render()
#3 /var/www/html/appmanage/app/Controllers/Login.php(16): view()
#4 /var/www/html/appmanage/system/CodeIgniter.php(825): App\Controllers\Login->index()
#5 /var/www/html/appmanage/system/CodeIgniter.php(412): CodeIgniter\CodeIgniter->runController()
#6 /var/www/html/appmanage/system/CodeIgniter.php(320): CodeIgniter\CodeIgniter->handleRequest()
#7 /var/www/html/appmanage/index.php(39): CodeIgniter\CodeIgniter->run()
#8 {main}
