CRITICAL - 2022-08-22 01:03:02 --> Undefined offset: 0
#0 /var/www/vhosts/hosting.iptvbillingsolution.com/public/sbp/app/Controllers/Firebaseconfiguration.php(10): CodeIgniter\Debug\Exceptions->errorHandler()
#1 /var/www/vhosts/hosting.iptvbillingsolution.com/public/sbp/system/CodeIgniter.php(825): App\Controllers\Firebaseconfiguration->firebaseconfiguration()
#2 /var/www/vhosts/hosting.iptvbillingsolution.com/public/sbp/system/CodeIgniter.php(412): CodeIgniter\CodeIgniter->runController()
#3 /var/www/vhosts/hosting.iptvbillingsolution.com/public/sbp/system/CodeIgniter.php(320): CodeIgniter\CodeIgniter->handleRequest()
#4 /var/www/vhosts/hosting.iptvbillingsolution.com/public/sbp/index.php(37): CodeIgniter\CodeIgniter->run()
#5 {main}
CRITICAL - 2022-08-22 01:03:28 --> Undefined offset: 0
#0 /var/www/vhosts/hosting.iptvbillingsolution.com/public/sbp/app/Controllers/Firebaseconfiguration.php(10): CodeIgniter\Debug\Exceptions->errorHandler()
#1 /var/www/vhosts/hosting.iptvbillingsolution.com/public/sbp/system/CodeIgniter.php(825): App\Controllers\Firebaseconfiguration->firebaseconfiguration()
#2 /var/www/vhosts/hosting.iptvbillingsolution.com/public/sbp/system/CodeIgniter.php(412): CodeIgniter\CodeIgniter->runController()
#3 /var/www/vhosts/hosting.iptvbillingsolution.com/public/sbp/system/CodeIgniter.php(320): CodeIgniter\CodeIgniter->handleRequest()
#4 /var/www/vhosts/hosting.iptvbillingsolution.com/public/sbp/index.php(37): CodeIgniter\CodeIgniter->run()
#5 {main}
CRITICAL - 2022-08-22 01:04:56 --> Call to undefined method App\Models\Firebasemodel::countAllResult
#0 /var/www/vhosts/hosting.iptvbillingsolution.com/public/sbp/app/Controllers/Firebaseconfiguration.php(8): CodeIgniter\Model->__call()
#1 /var/www/vhosts/hosting.iptvbillingsolution.com/public/sbp/system/CodeIgniter.php(825): App\Controllers\Firebaseconfiguration->firebaseconfiguration()
#2 /var/www/vhosts/hosting.iptvbillingsolution.com/public/sbp/system/CodeIgniter.php(412): CodeIgniter\CodeIgniter->runController()
#3 /var/www/vhosts/hosting.iptvbillingsolution.com/public/sbp/system/CodeIgniter.php(320): CodeIgniter\CodeIgniter->handleRequest()
#4 /var/www/vhosts/hosting.iptvbillingsolution.com/public/sbp/index.php(37): CodeIgniter\CodeIgniter->run()
#5 {main}
CRITICAL - 2022-08-22 01:05:11 --> Undefined variable: serverkey
#0 /var/www/vhosts/hosting.iptvbillingsolution.com/public/sbp/app/Views/firebaseconfiguration.php(90): CodeIgniter\Debug\Exceptions->errorHandler()
#1 /var/www/vhosts/hosting.iptvbillingsolution.com/public/sbp/system/View/View.php(210): include('/var/www/vhosts...')
#2 /var/www/vhosts/hosting.iptvbillingsolution.com/public/sbp/system/View/View.php(213): CodeIgniter\View\View->CodeIgniter\View\{closure}()
#3 /var/www/vhosts/hosting.iptvbillingsolution.com/public/sbp/system/Common.php(1089): CodeIgniter\View\View->render()
#4 /var/www/vhosts/hosting.iptvbillingsolution.com/public/sbp/app/Controllers/Firebaseconfiguration.php(48): view()
#5 /var/www/vhosts/hosting.iptvbillingsolution.com/public/sbp/system/CodeIgniter.php(825): App\Controllers\Firebaseconfiguration->firebaseconfiguration()
#6 /var/www/vhosts/hosting.iptvbillingsolution.com/public/sbp/system/CodeIgniter.php(412): CodeIgniter\CodeIgniter->runController()
#7 /var/www/vhosts/hosting.iptvbillingsolution.com/public/sbp/system/CodeIgniter.php(320): CodeIgniter\CodeIgniter->handleRequest()
#8 /var/www/vhosts/hosting.iptvbillingsolution.com/public/sbp/index.php(37): CodeIgniter\CodeIgniter->run()
#9 {main}
CRITICAL - 2022-08-22 01:07:44 --> Undefined variable: serverkey
#0 /var/www/vhosts/hosting.iptvbillingsolution.com/public/sbp/app/Views/firebaseconfiguration.php(90): CodeIgniter\Debug\Exceptions->errorHandler()
#1 /var/www/vhosts/hosting.iptvbillingsolution.com/public/sbp/system/View/View.php(210): include('/var/www/vhosts...')
#2 /var/www/vhosts/hosting.iptvbillingsolution.com/public/sbp/system/View/View.php(213): CodeIgniter\View\View->CodeIgniter\View\{closure}()
#3 /var/www/vhosts/hosting.iptvbillingsolution.com/public/sbp/system/Common.php(1089): CodeIgniter\View\View->render()
#4 /var/www/vhosts/hosting.iptvbillingsolution.com/public/sbp/app/Controllers/Firebaseconfiguration.php(49): view()
#5 /var/www/vhosts/hosting.iptvbillingsolution.com/public/sbp/system/CodeIgniter.php(825): App\Controllers\Firebaseconfiguration->firebaseconfiguration()
#6 /var/www/vhosts/hosting.iptvbillingsolution.com/public/sbp/system/CodeIgniter.php(412): CodeIgniter\CodeIgniter->runController()
#7 /var/www/vhosts/hosting.iptvbillingsolution.com/public/sbp/system/CodeIgniter.php(320): CodeIgniter\CodeIgniter->handleRequest()
#8 /var/www/vhosts/hosting.iptvbillingsolution.com/public/sbp/index.php(37): CodeIgniter\CodeIgniter->run()
#9 {main}
CRITICAL - 2022-08-22 07:34:41 --> unlink(/var/www/vhosts/hosting.iptvbillingsolution.com/public/sbp/writable/debugbar/debugbar_1661169859.json): No such file or directory
#0 [internal function]: CodeIgniter\Debug\Exceptions->errorHandler()
#1 /var/www/vhosts/hosting.iptvbillingsolution.com/public/sbp/system/Debug/Toolbar/Collectors/History.php(74): unlink()
#2 /var/www/vhosts/hosting.iptvbillingsolution.com/public/sbp/system/Debug/Toolbar.php(487): CodeIgniter\Debug\Toolbar\Collectors\History->setFiles()
#3 /var/www/vhosts/hosting.iptvbillingsolution.com/public/sbp/system/Debug/Toolbar.php(464): CodeIgniter\Debug\Toolbar->format()
#4 /var/www/vhosts/hosting.iptvbillingsolution.com/public/sbp/app/Config/Events.php(48): CodeIgniter\Debug\Toolbar->respond()
#5 /var/www/vhosts/hosting.iptvbillingsolution.com/public/sbp/system/Events/Events.php(149): CodeIgniter\Events\Events::Config\{closure}()
#6 /var/www/vhosts/hosting.iptvbillingsolution.com/public/sbp/system/CodeIgniter.php(302): CodeIgniter\Events\Events::trigger()
#7 /var/www/vhosts/hosting.iptvbillingsolution.com/public/sbp/index.php(37): CodeIgniter\CodeIgniter->run()
#8 {main}
