CRITICAL - 2022-08-01 01:45:38 --> Undefined variable: data
#0 /var/www/vhosts/hosting.iptvbillingsolution.com/public/testingsca/app/Controllers/Unblockips.php(10): CodeIgniter\Debug\Exceptions->errorHandler()
#1 /var/www/vhosts/hosting.iptvbillingsolution.com/public/testingsca/system/CodeIgniter.php(825): App\Controllers\Unblockips->unblockips()
#2 /var/www/vhosts/hosting.iptvbillingsolution.com/public/testingsca/system/CodeIgniter.php(412): CodeIgniter\CodeIgniter->runController()
#3 /var/www/vhosts/hosting.iptvbillingsolution.com/public/testingsca/system/CodeIgniter.php(320): CodeIgniter\CodeIgniter->handleRequest()
#4 /var/www/vhosts/hosting.iptvbillingsolution.com/public/testingsca/public/index.php(37): CodeIgniter\CodeIgniter->run()
#5 {main}
CRITICAL - 2022-08-01 01:47:36 --> Undefined variable: siteURL
#0 /var/www/vhosts/hosting.iptvbillingsolution.com/public/testingsca/app/Views/unblockips.php(100): CodeIgniter\Debug\Exceptions->errorHandler()
#1 /var/www/vhosts/hosting.iptvbillingsolution.com/public/testingsca/system/View/View.php(210): include('/var/www/vhosts...')
#2 /var/www/vhosts/hosting.iptvbillingsolution.com/public/testingsca/system/View/View.php(213): CodeIgniter\View\View->CodeIgniter\View\{closure}()
#3 /var/www/vhosts/hosting.iptvbillingsolution.com/public/testingsca/system/Common.php(1089): CodeIgniter\View\View->render()
#4 /var/www/vhosts/hosting.iptvbillingsolution.com/public/testingsca/app/Controllers/Unblockips.php(10): view()
#5 /var/www/vhosts/hosting.iptvbillingsolution.com/public/testingsca/system/CodeIgniter.php(825): App\Controllers\Unblockips->unblockips()
#6 /var/www/vhosts/hosting.iptvbillingsolution.com/public/testingsca/system/CodeIgniter.php(412): CodeIgniter\CodeIgniter->runController()
#7 /var/www/vhosts/hosting.iptvbillingsolution.com/public/testingsca/system/CodeIgniter.php(320): CodeIgniter\CodeIgniter->handleRequest()
#8 /var/www/vhosts/hosting.iptvbillingsolution.com/public/testingsca/public/index.php(37): CodeIgniter\CodeIgniter->run()
#9 {main}
CRITICAL - 2022-08-01 01:48:17 --> Undefined index: fieldid
#0 /var/www/vhosts/hosting.iptvbillingsolution.com/public/testingsca/app/Controllers/Unblockips.php(20): CodeIgniter\Debug\Exceptions->errorHandler()
#1 /var/www/vhosts/hosting.iptvbillingsolution.com/public/testingsca/system/CodeIgniter.php(825): App\Controllers\Unblockips->blockipslist()
#2 /var/www/vhosts/hosting.iptvbillingsolution.com/public/testingsca/system/CodeIgniter.php(412): CodeIgniter\CodeIgniter->runController()
#3 /var/www/vhosts/hosting.iptvbillingsolution.com/public/testingsca/system/CodeIgniter.php(320): CodeIgniter\CodeIgniter->handleRequest()
#4 /var/www/vhosts/hosting.iptvbillingsolution.com/public/testingsca/public/index.php(37): CodeIgniter\CodeIgniter->run()
#5 {main}
ERROR - 2022-08-01 01:52:38 --> Unknown column 'activationdate' in 'field list'
CRITICAL - 2022-08-01 01:52:38 --> Unknown column 'activationdate' in 'field list'
#0 /var/www/vhosts/hosting.iptvbillingsolution.com/public/testingsca/system/Database/MySQLi/Connection.php(292): mysqli->query()
#1 /var/www/vhosts/hosting.iptvbillingsolution.com/public/testingsca/system/Database/BaseConnection.php(670): CodeIgniter\Database\MySQLi\Connection->execute()
#2 /var/www/vhosts/hosting.iptvbillingsolution.com/public/testingsca/system/Database/BaseConnection.php(598): CodeIgniter\Database\BaseConnection->simpleQuery()
#3 /var/www/vhosts/hosting.iptvbillingsolution.com/public/testingsca/system/Database/BaseBuilder.php(1455): CodeIgniter\Database\BaseConnection->query()
#4 /var/www/vhosts/hosting.iptvbillingsolution.com/public/testingsca/system/Model.php(728): CodeIgniter\Database\BaseBuilder->get()
#5 /var/www/vhosts/hosting.iptvbillingsolution.com/public/testingsca/app/Models/Ipbannedmodel.php(98): CodeIgniter\Model->__call()
#6 /var/www/vhosts/hosting.iptvbillingsolution.com/public/testingsca/app/Controllers/Unblockips.php(38): App\Models\Ipbannedmodel->dataifsearchnot()
#7 /var/www/vhosts/hosting.iptvbillingsolution.com/public/testingsca/system/CodeIgniter.php(825): App\Controllers\Unblockips->blockipslist()
#8 /var/www/vhosts/hosting.iptvbillingsolution.com/public/testingsca/system/CodeIgniter.php(412): CodeIgniter\CodeIgniter->runController()
#9 /var/www/vhosts/hosting.iptvbillingsolution.com/public/testingsca/system/CodeIgniter.php(320): CodeIgniter\CodeIgniter->handleRequest()
#10 /var/www/vhosts/hosting.iptvbillingsolution.com/public/testingsca/public/index.php(37): CodeIgniter\CodeIgniter->run()
#11 {main}
CRITICAL - 2022-08-01 01:54:22 --> Undefined variable: searchdata
#0 /var/www/vhosts/hosting.iptvbillingsolution.com/public/testingsca/app/Models/Ipbannedmodel.php(81): CodeIgniter\Debug\Exceptions->errorHandler()
#1 /var/www/vhosts/hosting.iptvbillingsolution.com/public/testingsca/app/Controllers/Unblockips.php(34): App\Models\Ipbannedmodel->totalcountforsearrchone()
#2 /var/www/vhosts/hosting.iptvbillingsolution.com/public/testingsca/system/CodeIgniter.php(825): App\Controllers\Unblockips->blockipslist()
#3 /var/www/vhosts/hosting.iptvbillingsolution.com/public/testingsca/system/CodeIgniter.php(412): CodeIgniter\CodeIgniter->runController()
#4 /var/www/vhosts/hosting.iptvbillingsolution.com/public/testingsca/system/CodeIgniter.php(320): CodeIgniter\CodeIgniter->handleRequest()
#5 /var/www/vhosts/hosting.iptvbillingsolution.com/public/testingsca/public/index.php(37): CodeIgniter\CodeIgniter->run()
#6 {main}
CRITICAL - 2022-08-01 01:54:30 --> Undefined variable: searchdata
#0 /var/www/vhosts/hosting.iptvbillingsolution.com/public/testingsca/app/Models/Ipbannedmodel.php(81): CodeIgniter\Debug\Exceptions->errorHandler()
#1 /var/www/vhosts/hosting.iptvbillingsolution.com/public/testingsca/app/Controllers/Unblockips.php(34): App\Models\Ipbannedmodel->totalcountforsearrchone()
#2 /var/www/vhosts/hosting.iptvbillingsolution.com/public/testingsca/system/CodeIgniter.php(825): App\Controllers\Unblockips->blockipslist()
#3 /var/www/vhosts/hosting.iptvbillingsolution.com/public/testingsca/system/CodeIgniter.php(412): CodeIgniter\CodeIgniter->runController()
#4 /var/www/vhosts/hosting.iptvbillingsolution.com/public/testingsca/system/CodeIgniter.php(320): CodeIgniter\CodeIgniter->handleRequest()
#5 /var/www/vhosts/hosting.iptvbillingsolution.com/public/testingsca/public/index.php(37): CodeIgniter\CodeIgniter->run()
#6 {main}
CRITICAL - 2022-08-01 01:56:41 --> Undefined variable: searchdata
#0 /var/www/vhosts/hosting.iptvbillingsolution.com/public/testingsca/app/Models/Ipbannedmodel.php(81): CodeIgniter\Debug\Exceptions->errorHandler()
#1 /var/www/vhosts/hosting.iptvbillingsolution.com/public/testingsca/app/Controllers/Unblockips.php(34): App\Models\Ipbannedmodel->totalcountforsearrchone()
#2 /var/www/vhosts/hosting.iptvbillingsolution.com/public/testingsca/system/CodeIgniter.php(825): App\Controllers\Unblockips->blockipslist()
#3 /var/www/vhosts/hosting.iptvbillingsolution.com/public/testingsca/system/CodeIgniter.php(412): CodeIgniter\CodeIgniter->runController()
#4 /var/www/vhosts/hosting.iptvbillingsolution.com/public/testingsca/system/CodeIgniter.php(320): CodeIgniter\CodeIgniter->handleRequest()
#5 /var/www/vhosts/hosting.iptvbillingsolution.com/public/testingsca/public/index.php(37): CodeIgniter\CodeIgniter->run()
#6 {main}
CRITICAL - 2022-08-01 01:57:27 --> Undefined variable: searchdata
#0 /var/www/vhosts/hosting.iptvbillingsolution.com/public/testingsca/app/Models/Ipbannedmodel.php(81): CodeIgniter\Debug\Exceptions->errorHandler()
#1 /var/www/vhosts/hosting.iptvbillingsolution.com/public/testingsca/app/Controllers/Unblockips.php(34): App\Models\Ipbannedmodel->totalcountforsearrchone()
#2 /var/www/vhosts/hosting.iptvbillingsolution.com/public/testingsca/system/CodeIgniter.php(825): App\Controllers\Unblockips->blockipslist()
#3 /var/www/vhosts/hosting.iptvbillingsolution.com/public/testingsca/system/CodeIgniter.php(412): CodeIgniter\CodeIgniter->runController()
#4 /var/www/vhosts/hosting.iptvbillingsolution.com/public/testingsca/system/CodeIgniter.php(320): CodeIgniter\CodeIgniter->handleRequest()
#5 /var/www/vhosts/hosting.iptvbillingsolution.com/public/testingsca/public/index.php(37): CodeIgniter\CodeIgniter->run()
#6 {main}
CRITICAL - 2022-08-01 01:58:30 --> Undefined variable: searchdata
#0 /var/www/vhosts/hosting.iptvbillingsolution.com/public/testingsca/app/Models/Ipbannedmodel.php(81): CodeIgniter\Debug\Exceptions->errorHandler()
#1 /var/www/vhosts/hosting.iptvbillingsolution.com/public/testingsca/app/Controllers/Unblockips.php(34): App\Models\Ipbannedmodel->totalcountforsearrchone()
#2 /var/www/vhosts/hosting.iptvbillingsolution.com/public/testingsca/system/CodeIgniter.php(825): App\Controllers\Unblockips->blockipslist()
#3 /var/www/vhosts/hosting.iptvbillingsolution.com/public/testingsca/system/CodeIgniter.php(412): CodeIgniter\CodeIgniter->runController()
#4 /var/www/vhosts/hosting.iptvbillingsolution.com/public/testingsca/system/CodeIgniter.php(320): CodeIgniter\CodeIgniter->handleRequest()
#5 /var/www/vhosts/hosting.iptvbillingsolution.com/public/testingsca/public/index.php(37): CodeIgniter\CodeIgniter->run()
#6 {main}
CRITICAL - 2022-08-01 02:00:07 --> Undefined variable: searchdata
#0 /var/www/vhosts/hosting.iptvbillingsolution.com/public/testingsca/app/Models/Ipbannedmodel.php(81): CodeIgniter\Debug\Exceptions->errorHandler()
#1 /var/www/vhosts/hosting.iptvbillingsolution.com/public/testingsca/app/Controllers/Unblockips.php(34): App\Models\Ipbannedmodel->totalcountforsearrchone()
#2 /var/www/vhosts/hosting.iptvbillingsolution.com/public/testingsca/system/CodeIgniter.php(825): App\Controllers\Unblockips->blockipslist()
#3 /var/www/vhosts/hosting.iptvbillingsolution.com/public/testingsca/system/CodeIgniter.php(412): CodeIgniter\CodeIgniter->runController()
#4 /var/www/vhosts/hosting.iptvbillingsolution.com/public/testingsca/system/CodeIgniter.php(320): CodeIgniter\CodeIgniter->handleRequest()
#5 /var/www/vhosts/hosting.iptvbillingsolution.com/public/testingsca/public/index.php(37): CodeIgniter\CodeIgniter->run()
#6 {main}
CRITICAL - 2022-08-01 02:00:09 --> Undefined variable: searchdata
#0 /var/www/vhosts/hosting.iptvbillingsolution.com/public/testingsca/app/Models/Ipbannedmodel.php(81): CodeIgniter\Debug\Exceptions->errorHandler()
#1 /var/www/vhosts/hosting.iptvbillingsolution.com/public/testingsca/app/Controllers/Unblockips.php(34): App\Models\Ipbannedmodel->totalcountforsearrchone()
#2 /var/www/vhosts/hosting.iptvbillingsolution.com/public/testingsca/system/CodeIgniter.php(825): App\Controllers\Unblockips->blockipslist()
#3 /var/www/vhosts/hosting.iptvbillingsolution.com/public/testingsca/system/CodeIgniter.php(412): CodeIgniter\CodeIgniter->runController()
#4 /var/www/vhosts/hosting.iptvbillingsolution.com/public/testingsca/system/CodeIgniter.php(320): CodeIgniter\CodeIgniter->handleRequest()
#5 /var/www/vhosts/hosting.iptvbillingsolution.com/public/testingsca/public/index.php(37): CodeIgniter\CodeIgniter->run()
#6 {main}
CRITICAL - 2022-08-01 02:00:18 --> Undefined variable: searchdata
#0 /var/www/vhosts/hosting.iptvbillingsolution.com/public/testingsca/app/Models/Ipbannedmodel.php(81): CodeIgniter\Debug\Exceptions->errorHandler()
#1 /var/www/vhosts/hosting.iptvbillingsolution.com/public/testingsca/app/Controllers/Unblockips.php(34): App\Models\Ipbannedmodel->totalcountforsearrchone()
#2 /var/www/vhosts/hosting.iptvbillingsolution.com/public/testingsca/system/CodeIgniter.php(825): App\Controllers\Unblockips->blockipslist()
#3 /var/www/vhosts/hosting.iptvbillingsolution.com/public/testingsca/system/CodeIgniter.php(412): CodeIgniter\CodeIgniter->runController()
#4 /var/www/vhosts/hosting.iptvbillingsolution.com/public/testingsca/system/CodeIgniter.php(320): CodeIgniter\CodeIgniter->handleRequest()
#5 /var/www/vhosts/hosting.iptvbillingsolution.com/public/testingsca/public/index.php(37): CodeIgniter\CodeIgniter->run()
#6 {main}
CRITICAL - 2022-08-01 03:26:55 --> Array to string conversion
#0 /var/www/vhosts/hosting.iptvbillingsolution.com/public/testingsca/app/Controllers/Unblockips.php(68): CodeIgniter\Debug\Exceptions->errorHandler()
#1 /var/www/vhosts/hosting.iptvbillingsolution.com/public/testingsca/system/CodeIgniter.php(825): App\Controllers\Unblockips->deletemultipalips()
#2 /var/www/vhosts/hosting.iptvbillingsolution.com/public/testingsca/system/CodeIgniter.php(412): CodeIgniter\CodeIgniter->runController()
#3 /var/www/vhosts/hosting.iptvbillingsolution.com/public/testingsca/system/CodeIgniter.php(320): CodeIgniter\CodeIgniter->handleRequest()
#4 /var/www/vhosts/hosting.iptvbillingsolution.com/public/testingsca/public/index.php(37): CodeIgniter\CodeIgniter->run()
#5 {main}
CRITICAL - 2022-08-01 04:37:34 --> explode() expects parameter 2 to be string, array given
#0 [internal function]: CodeIgniter\Debug\Exceptions->errorHandler()
#1 /var/www/vhosts/hosting.iptvbillingsolution.com/public/testingsca/app/Controllers/Unblockips.php(67): explode()
#2 /var/www/vhosts/hosting.iptvbillingsolution.com/public/testingsca/system/CodeIgniter.php(825): App\Controllers\Unblockips->deletemultipalips()
#3 /var/www/vhosts/hosting.iptvbillingsolution.com/public/testingsca/system/CodeIgniter.php(412): CodeIgniter\CodeIgniter->runController()
#4 /var/www/vhosts/hosting.iptvbillingsolution.com/public/testingsca/system/CodeIgniter.php(320): CodeIgniter\CodeIgniter->handleRequest()
#5 /var/www/vhosts/hosting.iptvbillingsolution.com/public/testingsca/public/index.php(37): CodeIgniter\CodeIgniter->run()
#6 {main}
CRITICAL - 2022-08-01 04:38:23 --> explode() expects parameter 2 to be string, array given
#0 [internal function]: CodeIgniter\Debug\Exceptions->errorHandler()
#1 /var/www/vhosts/hosting.iptvbillingsolution.com/public/testingsca/app/Controllers/Unblockips.php(67): explode()
#2 /var/www/vhosts/hosting.iptvbillingsolution.com/public/testingsca/system/CodeIgniter.php(825): App\Controllers\Unblockips->deletemultipalips()
#3 /var/www/vhosts/hosting.iptvbillingsolution.com/public/testingsca/system/CodeIgniter.php(412): CodeIgniter\CodeIgniter->runController()
#4 /var/www/vhosts/hosting.iptvbillingsolution.com/public/testingsca/system/CodeIgniter.php(320): CodeIgniter\CodeIgniter->handleRequest()
#5 /var/www/vhosts/hosting.iptvbillingsolution.com/public/testingsca/public/index.php(37): CodeIgniter\CodeIgniter->run()
#6 {main}
ERROR - 2022-08-01 05:13:25 --> Unknown column 'activationdate' in 'field list'
CRITICAL - 2022-08-01 05:13:25 --> Unknown column 'activationdate' in 'field list'
#0 /var/www/vhosts/hosting.iptvbillingsolution.com/public/testingsca/system/Database/MySQLi/Connection.php(292): mysqli->query()
#1 /var/www/vhosts/hosting.iptvbillingsolution.com/public/testingsca/system/Database/BaseConnection.php(670): CodeIgniter\Database\MySQLi\Connection->execute()
#2 /var/www/vhosts/hosting.iptvbillingsolution.com/public/testingsca/system/Database/BaseConnection.php(598): CodeIgniter\Database\BaseConnection->simpleQuery()
#3 /var/www/vhosts/hosting.iptvbillingsolution.com/public/testingsca/system/Database/BaseBuilder.php(1455): CodeIgniter\Database\BaseConnection->query()
#4 /var/www/vhosts/hosting.iptvbillingsolution.com/public/testingsca/system/Model.php(728): CodeIgniter\Database\BaseBuilder->get()
#5 /var/www/vhosts/hosting.iptvbillingsolution.com/public/testingsca/app/Models/Apimodel.php(32): CodeIgniter\Model->__call()
#6 /var/www/vhosts/hosting.iptvbillingsolution.com/public/testingsca/app/Controllers/Generateapi.php(72): App\Models\Apimodel->getallapidetailslist()
#7 /var/www/vhosts/hosting.iptvbillingsolution.com/public/testingsca/system/CodeIgniter.php(825): App\Controllers\Generateapi->generateapi()
#8 /var/www/vhosts/hosting.iptvbillingsolution.com/public/testingsca/system/CodeIgniter.php(412): CodeIgniter\CodeIgniter->runController()
#9 /var/www/vhosts/hosting.iptvbillingsolution.com/public/testingsca/system/CodeIgniter.php(320): CodeIgniter\CodeIgniter->handleRequest()
#10 /var/www/vhosts/hosting.iptvbillingsolution.com/public/testingsca/public/index.php(37): CodeIgniter\CodeIgniter->run()
#11 {main}
