ERROR - 2022-07-07 00:34:57 --> Table 'smartersactivationpanel.am_smtp' doesn't exist
CRITICAL - 2022-07-07 00:34:57 --> Table 'smartersactivationpanel.am_smtp' doesn't exist
#0 /var/www/vhosts/iptvbillingsolution.com/public/smartersactivationpanel/system/Database/MySQLi/Connection.php(292): mysqli->query()
#1 /var/www/vhosts/iptvbillingsolution.com/public/smartersactivationpanel/system/Database/BaseConnection.php(670): CodeIgniter\Database\MySQLi\Connection->execute()
#2 /var/www/vhosts/iptvbillingsolution.com/public/smartersactivationpanel/system/Database/BaseConnection.php(598): CodeIgniter\Database\BaseConnection->simpleQuery()
#3 /var/www/vhosts/iptvbillingsolution.com/public/smartersactivationpanel/system/Database/BaseBuilder.php(1539): CodeIgniter\Database\BaseConnection->query()
#4 /var/www/vhosts/iptvbillingsolution.com/public/smartersactivationpanel/app/Controllers/Generateapi.php(130): CodeIgniter\Database\BaseBuilder->countAllResults()
#5 /var/www/vhosts/iptvbillingsolution.com/public/smartersactivationpanel/system/CodeIgniter.php(825): App\Controllers\Generateapi->sendmailtoadmin()
#6 /var/www/vhosts/iptvbillingsolution.com/public/smartersactivationpanel/system/CodeIgniter.php(412): CodeIgniter\CodeIgniter->runController()
#7 /var/www/vhosts/iptvbillingsolution.com/public/smartersactivationpanel/system/CodeIgniter.php(320): CodeIgniter\CodeIgniter->handleRequest()
#8 /var/www/vhosts/iptvbillingsolution.com/public/smartersactivationpanel/public/index.php(37): CodeIgniter\CodeIgniter->run()
#9 {main}
ERROR - 2022-07-07 00:37:03 --> Table 'smartersactivationpanel.am_smtp' doesn't exist
CRITICAL - 2022-07-07 00:37:03 --> Table 'smartersactivationpanel.am_smtp' doesn't exist
#0 /var/www/vhosts/iptvbillingsolution.com/public/smartersactivationpanel/system/Database/MySQLi/Connection.php(292): mysqli->query()
#1 /var/www/vhosts/iptvbillingsolution.com/public/smartersactivationpanel/system/Database/BaseConnection.php(670): CodeIgniter\Database\MySQLi\Connection->execute()
#2 /var/www/vhosts/iptvbillingsolution.com/public/smartersactivationpanel/system/Database/BaseConnection.php(598): CodeIgniter\Database\BaseConnection->simpleQuery()
#3 /var/www/vhosts/iptvbillingsolution.com/public/smartersactivationpanel/system/Database/BaseBuilder.php(1539): CodeIgniter\Database\BaseConnection->query()
#4 /var/www/vhosts/iptvbillingsolution.com/public/smartersactivationpanel/app/Controllers/Generateapi.php(130): CodeIgniter\Database\BaseBuilder->countAllResults()
#5 /var/www/vhosts/iptvbillingsolution.com/public/smartersactivationpanel/system/CodeIgniter.php(825): App\Controllers\Generateapi->sendmailtoadmin()
#6 /var/www/vhosts/iptvbillingsolution.com/public/smartersactivationpanel/system/CodeIgniter.php(412): CodeIgniter\CodeIgniter->runController()
#7 /var/www/vhosts/iptvbillingsolution.com/public/smartersactivationpanel/system/CodeIgniter.php(320): CodeIgniter\CodeIgniter->handleRequest()
#8 /var/www/vhosts/iptvbillingsolution.com/public/smartersactivationpanel/public/index.php(37): CodeIgniter\CodeIgniter->run()
#9 {main}
ERROR - 2022-07-07 00:39:23 --> Table 'smartersactivationpanel.am_smtp' doesn't exist
CRITICAL - 2022-07-07 00:39:23 --> Table 'smartersactivationpanel.am_smtp' doesn't exist
#0 /var/www/vhosts/iptvbillingsolution.com/public/smartersactivationpanel/system/Database/MySQLi/Connection.php(292): mysqli->query()
#1 /var/www/vhosts/iptvbillingsolution.com/public/smartersactivationpanel/system/Database/BaseConnection.php(670): CodeIgniter\Database\MySQLi\Connection->execute()
#2 /var/www/vhosts/iptvbillingsolution.com/public/smartersactivationpanel/system/Database/BaseConnection.php(598): CodeIgniter\Database\BaseConnection->simpleQuery()
#3 /var/www/vhosts/iptvbillingsolution.com/public/smartersactivationpanel/system/Database/BaseBuilder.php(1539): CodeIgniter\Database\BaseConnection->query()
#4 /var/www/vhosts/iptvbillingsolution.com/public/smartersactivationpanel/app/Controllers/Generateapi.php(130): CodeIgniter\Database\BaseBuilder->countAllResults()
#5 /var/www/vhosts/iptvbillingsolution.com/public/smartersactivationpanel/system/CodeIgniter.php(825): App\Controllers\Generateapi->sendmailtoadmin()
#6 /var/www/vhosts/iptvbillingsolution.com/public/smartersactivationpanel/system/CodeIgniter.php(412): CodeIgniter\CodeIgniter->runController()
#7 /var/www/vhosts/iptvbillingsolution.com/public/smartersactivationpanel/system/CodeIgniter.php(320): CodeIgniter\CodeIgniter->handleRequest()
#8 /var/www/vhosts/iptvbillingsolution.com/public/smartersactivationpanel/public/index.php(37): CodeIgniter\CodeIgniter->run()
#9 {main}
ERROR - 2022-07-07 00:44:56 --> Table 'smartersactivationpanel.am_smtp' doesn't exist
CRITICAL - 2022-07-07 00:44:56 --> Table 'smartersactivationpanel.am_smtp' doesn't exist
#0 /var/www/vhosts/iptvbillingsolution.com/public/smartersactivationpanel/system/Database/MySQLi/Connection.php(292): mysqli->query()
#1 /var/www/vhosts/iptvbillingsolution.com/public/smartersactivationpanel/system/Database/BaseConnection.php(670): CodeIgniter\Database\MySQLi\Connection->execute()
#2 /var/www/vhosts/iptvbillingsolution.com/public/smartersactivationpanel/system/Database/BaseConnection.php(598): CodeIgniter\Database\BaseConnection->simpleQuery()
#3 /var/www/vhosts/iptvbillingsolution.com/public/smartersactivationpanel/system/Database/BaseBuilder.php(1539): CodeIgniter\Database\BaseConnection->query()
#4 /var/www/vhosts/iptvbillingsolution.com/public/smartersactivationpanel/app/Controllers/Generateapi.php(129): CodeIgniter\Database\BaseBuilder->countAllResults()
#5 /var/www/vhosts/iptvbillingsolution.com/public/smartersactivationpanel/system/CodeIgniter.php(825): App\Controllers\Generateapi->sendmailtoadmin()
#6 /var/www/vhosts/iptvbillingsolution.com/public/smartersactivationpanel/system/CodeIgniter.php(412): CodeIgniter\CodeIgniter->runController()
#7 /var/www/vhosts/iptvbillingsolution.com/public/smartersactivationpanel/system/CodeIgniter.php(320): CodeIgniter\CodeIgniter->handleRequest()
#8 /var/www/vhosts/iptvbillingsolution.com/public/smartersactivationpanel/public/index.php(37): CodeIgniter\CodeIgniter->run()
#9 {main}
CRITICAL - 2022-07-07 01:17:25 --> Call to undefined method CodeIgniter\Database\MySQLi\Connection::insert()
#0 /var/www/vhosts/iptvbillingsolution.com/public/smartersactivationpanel/system/CodeIgniter.php(803): App\Controllers\BaseController->initController()
#1 /var/www/vhosts/iptvbillingsolution.com/public/smartersactivationpanel/system/CodeIgniter.php(403): CodeIgniter\CodeIgniter->createController()
#2 /var/www/vhosts/iptvbillingsolution.com/public/smartersactivationpanel/system/CodeIgniter.php(320): CodeIgniter\CodeIgniter->handleRequest()
#3 /var/www/vhosts/iptvbillingsolution.com/public/smartersactivationpanel/public/index.php(37): CodeIgniter\CodeIgniter->run()
#4 {main}
CRITICAL - 2022-07-07 01:18:24 --> Undefined variable: builder
#0 /var/www/vhosts/iptvbillingsolution.com/public/smartersactivationpanel/app/Controllers/BaseController.php(140): CodeIgniter\Debug\Exceptions->errorHandler()
#1 /var/www/vhosts/iptvbillingsolution.com/public/smartersactivationpanel/system/CodeIgniter.php(803): App\Controllers\BaseController->initController()
#2 /var/www/vhosts/iptvbillingsolution.com/public/smartersactivationpanel/system/CodeIgniter.php(403): CodeIgniter\CodeIgniter->createController()
#3 /var/www/vhosts/iptvbillingsolution.com/public/smartersactivationpanel/system/CodeIgniter.php(320): CodeIgniter\CodeIgniter->handleRequest()
#4 /var/www/vhosts/iptvbillingsolution.com/public/smartersactivationpanel/public/index.php(37): CodeIgniter\CodeIgniter->run()
#5 {main}
CRITICAL - 2022-07-07 01:21:50 --> Cannot declare class App\Models\Apimodel, because the name is already in use
#0 [internal function]: CodeIgniter\Debug\Exceptions->shutdownHandler()
#1 {main}
CRITICAL - 2022-07-07 01:22:38 --> Call to a member function set() on null
#0 /var/www/vhosts/iptvbillingsolution.com/public/smartersactivationpanel/system/CodeIgniter.php(803): App\Controllers\BaseController->initController()
#1 /var/www/vhosts/iptvbillingsolution.com/public/smartersactivationpanel/system/CodeIgniter.php(403): CodeIgniter\CodeIgniter->createController()
#2 /var/www/vhosts/iptvbillingsolution.com/public/smartersactivationpanel/system/CodeIgniter.php(320): CodeIgniter\CodeIgniter->handleRequest()
#3 /var/www/vhosts/iptvbillingsolution.com/public/smartersactivationpanel/public/index.php(37): CodeIgniter\CodeIgniter->run()
#4 {main}
CRITICAL - 2022-07-07 01:22:56 --> Call to a member function insert() on null
#0 /var/www/vhosts/iptvbillingsolution.com/public/smartersactivationpanel/system/CodeIgniter.php(803): App\Controllers\BaseController->initController()
#1 /var/www/vhosts/iptvbillingsolution.com/public/smartersactivationpanel/system/CodeIgniter.php(403): CodeIgniter\CodeIgniter->createController()
#2 /var/www/vhosts/iptvbillingsolution.com/public/smartersactivationpanel/system/CodeIgniter.php(320): CodeIgniter\CodeIgniter->handleRequest()
#3 /var/www/vhosts/iptvbillingsolution.com/public/smartersactivationpanel/public/index.php(37): CodeIgniter\CodeIgniter->run()
#4 {main}
ERROR - 2022-07-07 01:24:15 --> Operand should contain 1 column(s)
CRITICAL - 2022-07-07 01:24:15 --> Operand should contain 1 column(s)
#0 /var/www/vhosts/iptvbillingsolution.com/public/smartersactivationpanel/system/Database/MySQLi/Connection.php(292): mysqli->query()
#1 /var/www/vhosts/iptvbillingsolution.com/public/smartersactivationpanel/system/Database/BaseConnection.php(670): CodeIgniter\Database\MySQLi\Connection->execute()
#2 /var/www/vhosts/iptvbillingsolution.com/public/smartersactivationpanel/system/Database/BaseConnection.php(598): CodeIgniter\Database\BaseConnection->simpleQuery()
#3 /var/www/vhosts/iptvbillingsolution.com/public/smartersactivationpanel/system/Database/BaseBuilder.php(1771): CodeIgniter\Database\BaseConnection->query()
#4 /var/www/vhosts/iptvbillingsolution.com/public/smartersactivationpanel/system/Model.php(239): CodeIgniter\Database\BaseBuilder->insert()
#5 /var/www/vhosts/iptvbillingsolution.com/public/smartersactivationpanel/system/BaseModel.php(738): CodeIgniter\Model->doInsert()
#6 /var/www/vhosts/iptvbillingsolution.com/public/smartersactivationpanel/system/Model.php(625): CodeIgniter\BaseModel->insert()
#7 /var/www/vhosts/iptvbillingsolution.com/public/smartersactivationpanel/app/Controllers/BaseController.php(142): CodeIgniter\Model->insert()
#8 /var/www/vhosts/iptvbillingsolution.com/public/smartersactivationpanel/system/CodeIgniter.php(803): App\Controllers\BaseController->initController()
#9 /var/www/vhosts/iptvbillingsolution.com/public/smartersactivationpanel/system/CodeIgniter.php(403): CodeIgniter\CodeIgniter->createController()
#10 /var/www/vhosts/iptvbillingsolution.com/public/smartersactivationpanel/system/CodeIgniter.php(320): CodeIgniter\CodeIgniter->handleRequest()
#11 /var/www/vhosts/iptvbillingsolution.com/public/smartersactivationpanel/public/index.php(37): CodeIgniter\CodeIgniter->run()
#12 {main}
ERROR - 2022-07-07 01:24:42 --> Operand should contain 1 column(s)
CRITICAL - 2022-07-07 01:24:42 --> Operand should contain 1 column(s)
#0 /var/www/vhosts/iptvbillingsolution.com/public/smartersactivationpanel/system/Database/MySQLi/Connection.php(292): mysqli->query()
#1 /var/www/vhosts/iptvbillingsolution.com/public/smartersactivationpanel/system/Database/BaseConnection.php(670): CodeIgniter\Database\MySQLi\Connection->execute()
#2 /var/www/vhosts/iptvbillingsolution.com/public/smartersactivationpanel/system/Database/BaseConnection.php(598): CodeIgniter\Database\BaseConnection->simpleQuery()
#3 /var/www/vhosts/iptvbillingsolution.com/public/smartersactivationpanel/system/Database/BaseBuilder.php(1771): CodeIgniter\Database\BaseConnection->query()
#4 /var/www/vhosts/iptvbillingsolution.com/public/smartersactivationpanel/system/Model.php(239): CodeIgniter\Database\BaseBuilder->insert()
#5 /var/www/vhosts/iptvbillingsolution.com/public/smartersactivationpanel/system/BaseModel.php(738): CodeIgniter\Model->doInsert()
#6 /var/www/vhosts/iptvbillingsolution.com/public/smartersactivationpanel/system/Model.php(625): CodeIgniter\BaseModel->insert()
#7 /var/www/vhosts/iptvbillingsolution.com/public/smartersactivationpanel/app/Controllers/BaseController.php(142): CodeIgniter\Model->insert()
#8 /var/www/vhosts/iptvbillingsolution.com/public/smartersactivationpanel/system/CodeIgniter.php(803): App\Controllers\BaseController->initController()
#9 /var/www/vhosts/iptvbillingsolution.com/public/smartersactivationpanel/system/CodeIgniter.php(403): CodeIgniter\CodeIgniter->createController()
#10 /var/www/vhosts/iptvbillingsolution.com/public/smartersactivationpanel/system/CodeIgniter.php(320): CodeIgniter\CodeIgniter->handleRequest()
#11 /var/www/vhosts/iptvbillingsolution.com/public/smartersactivationpanel/public/index.php(37): CodeIgniter\CodeIgniter->run()
#12 {main}
CRITICAL - 2022-07-07 01:25:17 --> There is no data to insert.
#0 /var/www/vhosts/iptvbillingsolution.com/public/smartersactivationpanel/system/BaseModel.php(718): CodeIgniter\Database\Exceptions\DataException::forEmptyDataset()
#1 /var/www/vhosts/iptvbillingsolution.com/public/smartersactivationpanel/system/Model.php(625): CodeIgniter\BaseModel->insert()
#2 /var/www/vhosts/iptvbillingsolution.com/public/smartersactivationpanel/app/Controllers/BaseController.php(140): CodeIgniter\Model->insert()
#3 /var/www/vhosts/iptvbillingsolution.com/public/smartersactivationpanel/system/CodeIgniter.php(803): App\Controllers\BaseController->initController()
#4 /var/www/vhosts/iptvbillingsolution.com/public/smartersactivationpanel/system/CodeIgniter.php(403): CodeIgniter\CodeIgniter->createController()
#5 /var/www/vhosts/iptvbillingsolution.com/public/smartersactivationpanel/system/CodeIgniter.php(320): CodeIgniter\CodeIgniter->handleRequest()
#6 /var/www/vhosts/iptvbillingsolution.com/public/smartersactivationpanel/public/index.php(37): CodeIgniter\CodeIgniter->run()
#7 {main}
ERROR - 2022-07-07 01:25:56 --> Operand should contain 1 column(s)
CRITICAL - 2022-07-07 01:25:56 --> Operand should contain 1 column(s)
#0 /var/www/vhosts/iptvbillingsolution.com/public/smartersactivationpanel/system/Database/MySQLi/Connection.php(292): mysqli->query()
#1 /var/www/vhosts/iptvbillingsolution.com/public/smartersactivationpanel/system/Database/BaseConnection.php(670): CodeIgniter\Database\MySQLi\Connection->execute()
#2 /var/www/vhosts/iptvbillingsolution.com/public/smartersactivationpanel/system/Database/BaseConnection.php(598): CodeIgniter\Database\BaseConnection->simpleQuery()
#3 /var/www/vhosts/iptvbillingsolution.com/public/smartersactivationpanel/system/Database/BaseBuilder.php(1771): CodeIgniter\Database\BaseConnection->query()
#4 /var/www/vhosts/iptvbillingsolution.com/public/smartersactivationpanel/system/Model.php(239): CodeIgniter\Database\BaseBuilder->insert()
#5 /var/www/vhosts/iptvbillingsolution.com/public/smartersactivationpanel/system/BaseModel.php(738): CodeIgniter\Model->doInsert()
#6 /var/www/vhosts/iptvbillingsolution.com/public/smartersactivationpanel/system/Model.php(625): CodeIgniter\BaseModel->insert()
#7 /var/www/vhosts/iptvbillingsolution.com/public/smartersactivationpanel/app/Controllers/BaseController.php(140): CodeIgniter\Model->insert()
#8 /var/www/vhosts/iptvbillingsolution.com/public/smartersactivationpanel/system/CodeIgniter.php(803): App\Controllers\BaseController->initController()
#9 /var/www/vhosts/iptvbillingsolution.com/public/smartersactivationpanel/system/CodeIgniter.php(403): CodeIgniter\CodeIgniter->createController()
#10 /var/www/vhosts/iptvbillingsolution.com/public/smartersactivationpanel/system/CodeIgniter.php(320): CodeIgniter\CodeIgniter->handleRequest()
#11 /var/www/vhosts/iptvbillingsolution.com/public/smartersactivationpanel/public/index.php(37): CodeIgniter\CodeIgniter->run()
#12 {main}
CRITICAL - 2022-07-07 01:40:22 --> Call to undefined method App\Models\Adminrolemodel::insert_batch
#0 /var/www/vhosts/iptvbillingsolution.com/public/smartersactivationpanel/app/Controllers/Adminconfiguration.php(13): CodeIgniter\Model->__call()
#1 /var/www/vhosts/iptvbillingsolution.com/public/smartersactivationpanel/system/CodeIgniter.php(825): App\Controllers\Adminconfiguration->adminconfiguration()
#2 /var/www/vhosts/iptvbillingsolution.com/public/smartersactivationpanel/system/CodeIgniter.php(412): CodeIgniter\CodeIgniter->runController()
#3 /var/www/vhosts/iptvbillingsolution.com/public/smartersactivationpanel/system/CodeIgniter.php(320): CodeIgniter\CodeIgniter->handleRequest()
#4 /var/www/vhosts/iptvbillingsolution.com/public/smartersactivationpanel/public/index.php(37): CodeIgniter\CodeIgniter->run()
#5 {main}
ERROR - 2022-07-07 01:40:45 --> Operand should contain 1 column(s)
CRITICAL - 2022-07-07 01:40:45 --> Operand should contain 1 column(s)
#0 /var/www/vhosts/iptvbillingsolution.com/public/smartersactivationpanel/system/Database/MySQLi/Connection.php(292): mysqli->query()
#1 /var/www/vhosts/iptvbillingsolution.com/public/smartersactivationpanel/system/Database/BaseConnection.php(670): CodeIgniter\Database\MySQLi\Connection->execute()
#2 /var/www/vhosts/iptvbillingsolution.com/public/smartersactivationpanel/system/Database/BaseConnection.php(598): CodeIgniter\Database\BaseConnection->simpleQuery()
#3 /var/www/vhosts/iptvbillingsolution.com/public/smartersactivationpanel/system/Database/BaseBuilder.php(1771): CodeIgniter\Database\BaseConnection->query()
#4 /var/www/vhosts/iptvbillingsolution.com/public/smartersactivationpanel/system/Model.php(239): CodeIgniter\Database\BaseBuilder->insert()
#5 /var/www/vhosts/iptvbillingsolution.com/public/smartersactivationpanel/system/BaseModel.php(738): CodeIgniter\Model->doInsert()
#6 /var/www/vhosts/iptvbillingsolution.com/public/smartersactivationpanel/system/Model.php(625): CodeIgniter\BaseModel->insert()
#7 /var/www/vhosts/iptvbillingsolution.com/public/smartersactivationpanel/app/Controllers/Adminconfiguration.php(13): CodeIgniter\Model->insert()
#8 /var/www/vhosts/iptvbillingsolution.com/public/smartersactivationpanel/system/CodeIgniter.php(825): App\Controllers\Adminconfiguration->adminconfiguration()
#9 /var/www/vhosts/iptvbillingsolution.com/public/smartersactivationpanel/system/CodeIgniter.php(412): CodeIgniter\CodeIgniter->runController()
#10 /var/www/vhosts/iptvbillingsolution.com/public/smartersactivationpanel/system/CodeIgniter.php(320): CodeIgniter\CodeIgniter->handleRequest()
#11 /var/www/vhosts/iptvbillingsolution.com/public/smartersactivationpanel/public/index.php(37): CodeIgniter\CodeIgniter->run()
#12 {main}
CRITICAL - 2022-07-07 01:41:27 --> Return value of CodeIgniter\BaseModel::transformDataToArray() must be of the type array, string returned
#0 /var/www/vhosts/iptvbillingsolution.com/public/smartersactivationpanel/system/BaseModel.php(704): CodeIgniter\BaseModel->transformDataToArray()
#1 /var/www/vhosts/iptvbillingsolution.com/public/smartersactivationpanel/system/Model.php(625): CodeIgniter\BaseModel->insert()
#2 /var/www/vhosts/iptvbillingsolution.com/public/smartersactivationpanel/app/Controllers/Adminconfiguration.php(14): CodeIgniter\Model->insert()
#3 /var/www/vhosts/iptvbillingsolution.com/public/smartersactivationpanel/system/CodeIgniter.php(825): App\Controllers\Adminconfiguration->adminconfiguration()
#4 /var/www/vhosts/iptvbillingsolution.com/public/smartersactivationpanel/system/CodeIgniter.php(412): CodeIgniter\CodeIgniter->runController()
#5 /var/www/vhosts/iptvbillingsolution.com/public/smartersactivationpanel/system/CodeIgniter.php(320): CodeIgniter\CodeIgniter->handleRequest()
#6 /var/www/vhosts/iptvbillingsolution.com/public/smartersactivationpanel/public/index.php(37): CodeIgniter\CodeIgniter->run()
#7 {main}
CRITICAL - 2022-07-07 03:16:57 --> Undefined variable: finalresult
#0 /var/www/vhosts/iptvbillingsolution.com/public/smartersactivationpanel/app/Controllers/Codes.php(9): CodeIgniter\Debug\Exceptions->errorHandler()
#1 /var/www/vhosts/iptvbillingsolution.com/public/smartersactivationpanel/system/CodeIgniter.php(825): App\Controllers\Codes->codes()
#2 /var/www/vhosts/iptvbillingsolution.com/public/smartersactivationpanel/system/CodeIgniter.php(412): CodeIgniter\CodeIgniter->runController()
#3 /var/www/vhosts/iptvbillingsolution.com/public/smartersactivationpanel/system/CodeIgniter.php(320): CodeIgniter\CodeIgniter->handleRequest()
#4 /var/www/vhosts/iptvbillingsolution.com/public/smartersactivationpanel/public/index.php(37): CodeIgniter\CodeIgniter->run()
#5 {main}
CRITICAL - 2022-07-07 03:17:18 --> Undefined variable: finalresult
#0 /var/www/vhosts/iptvbillingsolution.com/public/smartersactivationpanel/app/Controllers/Codes.php(9): CodeIgniter\Debug\Exceptions->errorHandler()
#1 /var/www/vhosts/iptvbillingsolution.com/public/smartersactivationpanel/system/CodeIgniter.php(825): App\Controllers\Codes->codes()
#2 /var/www/vhosts/iptvbillingsolution.com/public/smartersactivationpanel/system/CodeIgniter.php(412): CodeIgniter\CodeIgniter->runController()
#3 /var/www/vhosts/iptvbillingsolution.com/public/smartersactivationpanel/system/CodeIgniter.php(320): CodeIgniter\CodeIgniter->handleRequest()
#4 /var/www/vhosts/iptvbillingsolution.com/public/smartersactivationpanel/public/index.php(37): CodeIgniter\CodeIgniter->run()
#5 {main}
CRITICAL - 2022-07-07 03:21:37 --> Trying to get property 'id' of non-object
#0 /var/www/vhosts/iptvbillingsolution.com/public/smartersactivationpanel/app/Views/codes.php(36): CodeIgniter\Debug\Exceptions->errorHandler()
#1 /var/www/vhosts/iptvbillingsolution.com/public/smartersactivationpanel/system/View/View.php(210): include('/var/www/vhosts...')
#2 /var/www/vhosts/iptvbillingsolution.com/public/smartersactivationpanel/system/View/View.php(213): CodeIgniter\View\View->CodeIgniter\View\{closure}()
#3 /var/www/vhosts/iptvbillingsolution.com/public/smartersactivationpanel/system/Common.php(1089): CodeIgniter\View\View->render()
#4 /var/www/vhosts/iptvbillingsolution.com/public/smartersactivationpanel/app/Controllers/Codes.php(9): view()
#5 /var/www/vhosts/iptvbillingsolution.com/public/smartersactivationpanel/system/CodeIgniter.php(825): App\Controllers\Codes->codes()
#6 /var/www/vhosts/iptvbillingsolution.com/public/smartersactivationpanel/system/CodeIgniter.php(412): CodeIgniter\CodeIgniter->runController()
#7 /var/www/vhosts/iptvbillingsolution.com/public/smartersactivationpanel/system/CodeIgniter.php(320): CodeIgniter\CodeIgniter->handleRequest()
#8 /var/www/vhosts/iptvbillingsolution.com/public/smartersactivationpanel/public/index.php(37): CodeIgniter\CodeIgniter->run()
#9 {main}
CRITICAL - 2022-07-07 03:22:33 --> Undefined index: id
#0 /var/www/vhosts/iptvbillingsolution.com/public/smartersactivationpanel/app/Views/codes.php(36): CodeIgniter\Debug\Exceptions->errorHandler()
#1 /var/www/vhosts/iptvbillingsolution.com/public/smartersactivationpanel/system/View/View.php(210): include('/var/www/vhosts...')
#2 /var/www/vhosts/iptvbillingsolution.com/public/smartersactivationpanel/system/View/View.php(213): CodeIgniter\View\View->CodeIgniter\View\{closure}()
#3 /var/www/vhosts/iptvbillingsolution.com/public/smartersactivationpanel/system/Common.php(1089): CodeIgniter\View\View->render()
#4 /var/www/vhosts/iptvbillingsolution.com/public/smartersactivationpanel/app/Controllers/Codes.php(9): view()
#5 /var/www/vhosts/iptvbillingsolution.com/public/smartersactivationpanel/system/CodeIgniter.php(825): App\Controllers\Codes->codes()
#6 /var/www/vhosts/iptvbillingsolution.com/public/smartersactivationpanel/system/CodeIgniter.php(412): CodeIgniter\CodeIgniter->runController()
#7 /var/www/vhosts/iptvbillingsolution.com/public/smartersactivationpanel/system/CodeIgniter.php(320): CodeIgniter\CodeIgniter->handleRequest()
#8 /var/www/vhosts/iptvbillingsolution.com/public/smartersactivationpanel/public/index.php(37): CodeIgniter\CodeIgniter->run()
#9 {main}
CRITICAL - 2022-07-07 03:23:11 --> Object of class stdClass could not be converted to string
#0 /var/www/vhosts/iptvbillingsolution.com/public/smartersactivationpanel/system/View/View.php(210): include()
#1 /var/www/vhosts/iptvbillingsolution.com/public/smartersactivationpanel/system/View/View.php(213): CodeIgniter\View\View->CodeIgniter\View\{closure}()
#2 /var/www/vhosts/iptvbillingsolution.com/public/smartersactivationpanel/system/Common.php(1089): CodeIgniter\View\View->render()
#3 /var/www/vhosts/iptvbillingsolution.com/public/smartersactivationpanel/app/Controllers/Codes.php(9): view()
#4 /var/www/vhosts/iptvbillingsolution.com/public/smartersactivationpanel/system/CodeIgniter.php(825): App\Controllers\Codes->codes()
#5 /var/www/vhosts/iptvbillingsolution.com/public/smartersactivationpanel/system/CodeIgniter.php(412): CodeIgniter\CodeIgniter->runController()
#6 /var/www/vhosts/iptvbillingsolution.com/public/smartersactivationpanel/system/CodeIgniter.php(320): CodeIgniter\CodeIgniter->handleRequest()
#7 /var/www/vhosts/iptvbillingsolution.com/public/smartersactivationpanel/public/index.php(37): CodeIgniter\CodeIgniter->run()
#8 {main}
CRITICAL - 2022-07-07 03:23:53 --> Object of class stdClass could not be converted to string
#0 /var/www/vhosts/iptvbillingsolution.com/public/smartersactivationpanel/system/View/View.php(210): include()
#1 /var/www/vhosts/iptvbillingsolution.com/public/smartersactivationpanel/system/View/View.php(213): CodeIgniter\View\View->CodeIgniter\View\{closure}()
#2 /var/www/vhosts/iptvbillingsolution.com/public/smartersactivationpanel/system/Common.php(1089): CodeIgniter\View\View->render()
#3 /var/www/vhosts/iptvbillingsolution.com/public/smartersactivationpanel/app/Controllers/Codes.php(9): view()
#4 /var/www/vhosts/iptvbillingsolution.com/public/smartersactivationpanel/system/CodeIgniter.php(825): App\Controllers\Codes->codes()
#5 /var/www/vhosts/iptvbillingsolution.com/public/smartersactivationpanel/system/CodeIgniter.php(412): CodeIgniter\CodeIgniter->runController()
#6 /var/www/vhosts/iptvbillingsolution.com/public/smartersactivationpanel/system/CodeIgniter.php(320): CodeIgniter\CodeIgniter->handleRequest()
#7 /var/www/vhosts/iptvbillingsolution.com/public/smartersactivationpanel/public/index.php(37): CodeIgniter\CodeIgniter->run()
#8 {main}
CRITICAL - 2022-07-07 04:51:32 --> Trying to get property 'id' of non-object
#0 /var/www/vhosts/iptvbillingsolution.com/public/smartersactivationpanel/app/Views/codes.php(32): CodeIgniter\Debug\Exceptions->errorHandler()
#1 /var/www/vhosts/iptvbillingsolution.com/public/smartersactivationpanel/system/View/View.php(210): include('/var/www/vhosts...')
#2 /var/www/vhosts/iptvbillingsolution.com/public/smartersactivationpanel/system/View/View.php(213): CodeIgniter\View\View->CodeIgniter\View\{closure}()
#3 /var/www/vhosts/iptvbillingsolution.com/public/smartersactivationpanel/system/Common.php(1089): CodeIgniter\View\View->render()
#4 /var/www/vhosts/iptvbillingsolution.com/public/smartersactivationpanel/app/Controllers/Codes.php(15): view()
#5 /var/www/vhosts/iptvbillingsolution.com/public/smartersactivationpanel/system/CodeIgniter.php(825): App\Controllers\Codes->codes()
#6 /var/www/vhosts/iptvbillingsolution.com/public/smartersactivationpanel/system/CodeIgniter.php(412): CodeIgniter\CodeIgniter->runController()
#7 /var/www/vhosts/iptvbillingsolution.com/public/smartersactivationpanel/system/CodeIgniter.php(320): CodeIgniter\CodeIgniter->handleRequest()
#8 /var/www/vhosts/iptvbillingsolution.com/public/smartersactivationpanel/public/index.php(37): CodeIgniter\CodeIgniter->run()
#9 {main}
CRITICAL - 2022-07-07 04:55:51 --> Cannot use object of type CodeIgniter\Pager\Pager as array
#0 /var/www/vhosts/iptvbillingsolution.com/public/smartersactivationpanel/system/CodeIgniter.php(825): App\Controllers\Codes->codes()
#1 /var/www/vhosts/iptvbillingsolution.com/public/smartersactivationpanel/system/CodeIgniter.php(412): CodeIgniter\CodeIgniter->runController()
#2 /var/www/vhosts/iptvbillingsolution.com/public/smartersactivationpanel/system/CodeIgniter.php(320): CodeIgniter\CodeIgniter->handleRequest()
#3 /var/www/vhosts/iptvbillingsolution.com/public/smartersactivationpanel/public/index.php(37): CodeIgniter\CodeIgniter->run()
#4 {main}
CRITICAL - 2022-07-07 04:56:11 --> Cannot use object of type CodeIgniter\Pager\Pager as array
#0 /var/www/vhosts/iptvbillingsolution.com/public/smartersactivationpanel/system/CodeIgniter.php(825): App\Controllers\Codes->codes()
#1 /var/www/vhosts/iptvbillingsolution.com/public/smartersactivationpanel/system/CodeIgniter.php(412): CodeIgniter\CodeIgniter->runController()
#2 /var/www/vhosts/iptvbillingsolution.com/public/smartersactivationpanel/system/CodeIgniter.php(320): CodeIgniter\CodeIgniter->handleRequest()
#3 /var/www/vhosts/iptvbillingsolution.com/public/smartersactivationpanel/public/index.php(37): CodeIgniter\CodeIgniter->run()
#4 {main}
CRITICAL - 2022-07-07 05:10:08 --> Call to undefined function App\Controllers\paginate()
#0 /var/www/vhosts/iptvbillingsolution.com/public/smartersactivationpanel/system/CodeIgniter.php(825): App\Controllers\Codes->codes()
#1 /var/www/vhosts/iptvbillingsolution.com/public/smartersactivationpanel/system/CodeIgniter.php(412): CodeIgniter\CodeIgniter->runController()
#2 /var/www/vhosts/iptvbillingsolution.com/public/smartersactivationpanel/system/CodeIgniter.php(320): CodeIgniter\CodeIgniter->handleRequest()
#3 /var/www/vhosts/iptvbillingsolution.com/public/smartersactivationpanel/public/index.php(37): CodeIgniter\CodeIgniter->run()
#4 {main}
CRITICAL - 2022-07-07 05:10:28 --> Argument 3 passed to CodeIgniter\Pager\Pager::makeLinks() must be of the type int, array given, called in /var/www/vhosts/iptvbillingsolution.com/public/smartersactivationpanel/app/Controllers/Codes.php on line 12
#0 /var/www/vhosts/iptvbillingsolution.com/public/smartersactivationpanel/app/Controllers/Codes.php(12): CodeIgniter\Pager\Pager->makeLinks()
#1 /var/www/vhosts/iptvbillingsolution.com/public/smartersactivationpanel/system/CodeIgniter.php(825): App\Controllers\Codes->codes()
#2 /var/www/vhosts/iptvbillingsolution.com/public/smartersactivationpanel/system/CodeIgniter.php(412): CodeIgniter\CodeIgniter->runController()
#3 /var/www/vhosts/iptvbillingsolution.com/public/smartersactivationpanel/system/CodeIgniter.php(320): CodeIgniter\CodeIgniter->handleRequest()
#4 /var/www/vhosts/iptvbillingsolution.com/public/smartersactivationpanel/public/index.php(37): CodeIgniter\CodeIgniter->run()
#5 {main}
CRITICAL - 2022-07-07 05:10:54 --> Argument 3 passed to CodeIgniter\Pager\Pager::makeLinks() must be of the type int, array given, called in /var/www/vhosts/iptvbillingsolution.com/public/smartersactivationpanel/app/Controllers/Codes.php on line 12
#0 /var/www/vhosts/iptvbillingsolution.com/public/smartersactivationpanel/app/Controllers/Codes.php(12): CodeIgniter\Pager\Pager->makeLinks()
#1 /var/www/vhosts/iptvbillingsolution.com/public/smartersactivationpanel/system/CodeIgniter.php(825): App\Controllers\Codes->codes()
#2 /var/www/vhosts/iptvbillingsolution.com/public/smartersactivationpanel/system/CodeIgniter.php(412): CodeIgniter\CodeIgniter->runController()
#3 /var/www/vhosts/iptvbillingsolution.com/public/smartersactivationpanel/system/CodeIgniter.php(320): CodeIgniter\CodeIgniter->handleRequest()
#4 /var/www/vhosts/iptvbillingsolution.com/public/smartersactivationpanel/public/index.php(37): CodeIgniter\CodeIgniter->run()
#5 {main}
CRITICAL - 2022-07-07 05:13:20 --> Argument 3 passed to CodeIgniter\Pager\Pager::makeLinks() must be of the type int, string given, called in /var/www/vhosts/iptvbillingsolution.com/public/smartersactivationpanel/app/Controllers/Codes.php on line 12
#0 /var/www/vhosts/iptvbillingsolution.com/public/smartersactivationpanel/app/Controllers/Codes.php(12): CodeIgniter\Pager\Pager->makeLinks()
#1 /var/www/vhosts/iptvbillingsolution.com/public/smartersactivationpanel/system/CodeIgniter.php(825): App\Controllers\Codes->codes()
#2 /var/www/vhosts/iptvbillingsolution.com/public/smartersactivationpanel/system/CodeIgniter.php(412): CodeIgniter\CodeIgniter->runController()
#3 /var/www/vhosts/iptvbillingsolution.com/public/smartersactivationpanel/system/CodeIgniter.php(320): CodeIgniter\CodeIgniter->handleRequest()
#4 /var/www/vhosts/iptvbillingsolution.com/public/smartersactivationpanel/public/index.php(37): CodeIgniter\CodeIgniter->run()
#5 {main}
ERROR - 2022-07-07 07:19:25 --> Email: sendWithSmtp throwed fsockopen() expects parameter 2 to be int, string given
