ERROR - 2022-04-13 00:15:48 --> Invalid default value for 'created_at'
CRITICAL - 2022-04-13 00:15:48 --> Invalid default value for 'created_at'
#0 /var/www/vhosts/iptvbillingsolution.com/public/ankush_ci/system/Database/MySQLi/Connection.php(292): mysqli->query()
#1 /var/www/vhosts/iptvbillingsolution.com/public/ankush_ci/system/Database/BaseConnection.php(670): CodeIgniter\Database\MySQLi\Connection->execute()
#2 /var/www/vhosts/iptvbillingsolution.com/public/ankush_ci/system/Database/BaseConnection.php(598): CodeIgniter\Database\BaseConnection->simpleQuery()
#3 /var/www/vhosts/iptvbillingsolution.com/public/ankush_ci/system/Database/Forge.php(513): CodeIgniter\Database\BaseConnection->query()
#4 /var/www/vhosts/iptvbillingsolution.com/public/ankush_ci/app/Controllers/BaseController.php(458): CodeIgniter\Database\Forge->createTable()
#5 /var/www/vhosts/iptvbillingsolution.com/public/ankush_ci/app/Controllers/BaseController.php(181): App\Controllers\BaseController->dbschematables()
#6 /var/www/vhosts/iptvbillingsolution.com/public/ankush_ci/app/Controllers/BaseController.php(60): App\Controllers\BaseController->checkdbconnection()
#7 /var/www/vhosts/iptvbillingsolution.com/public/ankush_ci/system/CodeIgniter.php(803): App\Controllers\BaseController->initController()
#8 /var/www/vhosts/iptvbillingsolution.com/public/ankush_ci/system/CodeIgniter.php(403): CodeIgniter\CodeIgniter->createController()
#9 /var/www/vhosts/iptvbillingsolution.com/public/ankush_ci/system/CodeIgniter.php(320): CodeIgniter\CodeIgniter->handleRequest()
#10 /var/www/vhosts/iptvbillingsolution.com/public/ankush_ci/public/index.php(37): CodeIgniter\CodeIgniter->run()
#11 {main}
CRITICAL - 2022-04-13 00:16:10 --> Use of undefined constant CURRENT_TIMESTAMP - assumed 'CURRENT_TIMESTAMP' (this will throw an Error in a future version of PHP)
#0 /var/www/vhosts/iptvbillingsolution.com/public/ankush_ci/app/Controllers/BaseController.php(227): CodeIgniter\Debug\Exceptions->errorHandler()
#1 /var/www/vhosts/iptvbillingsolution.com/public/ankush_ci/app/Controllers/BaseController.php(181): App\Controllers\BaseController->dbschematables()
#2 /var/www/vhosts/iptvbillingsolution.com/public/ankush_ci/app/Controllers/BaseController.php(60): App\Controllers\BaseController->checkdbconnection()
#3 /var/www/vhosts/iptvbillingsolution.com/public/ankush_ci/system/CodeIgniter.php(803): App\Controllers\BaseController->initController()
#4 /var/www/vhosts/iptvbillingsolution.com/public/ankush_ci/system/CodeIgniter.php(403): CodeIgniter\CodeIgniter->createController()
#5 /var/www/vhosts/iptvbillingsolution.com/public/ankush_ci/system/CodeIgniter.php(320): CodeIgniter\CodeIgniter->handleRequest()
#6 /var/www/vhosts/iptvbillingsolution.com/public/ankush_ci/public/index.php(37): CodeIgniter\CodeIgniter->run()
#7 {main}
ERROR - 2022-04-13 00:16:29 --> Invalid default value for 'created_at'
CRITICAL - 2022-04-13 00:16:29 --> Invalid default value for 'created_at'
#0 /var/www/vhosts/iptvbillingsolution.com/public/ankush_ci/system/Database/MySQLi/Connection.php(292): mysqli->query()
#1 /var/www/vhosts/iptvbillingsolution.com/public/ankush_ci/system/Database/BaseConnection.php(670): CodeIgniter\Database\MySQLi\Connection->execute()
#2 /var/www/vhosts/iptvbillingsolution.com/public/ankush_ci/system/Database/BaseConnection.php(598): CodeIgniter\Database\BaseConnection->simpleQuery()
#3 /var/www/vhosts/iptvbillingsolution.com/public/ankush_ci/system/Database/Forge.php(513): CodeIgniter\Database\BaseConnection->query()
#4 /var/www/vhosts/iptvbillingsolution.com/public/ankush_ci/app/Controllers/BaseController.php(458): CodeIgniter\Database\Forge->createTable()
#5 /var/www/vhosts/iptvbillingsolution.com/public/ankush_ci/app/Controllers/BaseController.php(181): App\Controllers\BaseController->dbschematables()
#6 /var/www/vhosts/iptvbillingsolution.com/public/ankush_ci/app/Controllers/BaseController.php(60): App\Controllers\BaseController->checkdbconnection()
#7 /var/www/vhosts/iptvbillingsolution.com/public/ankush_ci/system/CodeIgniter.php(803): App\Controllers\BaseController->initController()
#8 /var/www/vhosts/iptvbillingsolution.com/public/ankush_ci/system/CodeIgniter.php(403): CodeIgniter\CodeIgniter->createController()
#9 /var/www/vhosts/iptvbillingsolution.com/public/ankush_ci/system/CodeIgniter.php(320): CodeIgniter\CodeIgniter->handleRequest()
#10 /var/www/vhosts/iptvbillingsolution.com/public/ankush_ci/public/index.php(37): CodeIgniter\CodeIgniter->run()
#11 {main}
ERROR - 2022-04-13 00:17:21 --> Invalid default value for 'created_at'
CRITICAL - 2022-04-13 00:17:21 --> Invalid default value for 'created_at'
#0 /var/www/vhosts/iptvbillingsolution.com/public/ankush_ci/system/Database/MySQLi/Connection.php(292): mysqli->query()
#1 /var/www/vhosts/iptvbillingsolution.com/public/ankush_ci/system/Database/BaseConnection.php(670): CodeIgniter\Database\MySQLi\Connection->execute()
#2 /var/www/vhosts/iptvbillingsolution.com/public/ankush_ci/system/Database/BaseConnection.php(598): CodeIgniter\Database\BaseConnection->simpleQuery()
#3 /var/www/vhosts/iptvbillingsolution.com/public/ankush_ci/system/Database/Forge.php(513): CodeIgniter\Database\BaseConnection->query()
#4 /var/www/vhosts/iptvbillingsolution.com/public/ankush_ci/app/Controllers/BaseController.php(458): CodeIgniter\Database\Forge->createTable()
#5 /var/www/vhosts/iptvbillingsolution.com/public/ankush_ci/app/Controllers/BaseController.php(181): App\Controllers\BaseController->dbschematables()
#6 /var/www/vhosts/iptvbillingsolution.com/public/ankush_ci/app/Controllers/BaseController.php(60): App\Controllers\BaseController->checkdbconnection()
#7 /var/www/vhosts/iptvbillingsolution.com/public/ankush_ci/system/CodeIgniter.php(803): App\Controllers\BaseController->initController()
#8 /var/www/vhosts/iptvbillingsolution.com/public/ankush_ci/system/CodeIgniter.php(403): CodeIgniter\CodeIgniter->createController()
#9 /var/www/vhosts/iptvbillingsolution.com/public/ankush_ci/system/CodeIgniter.php(320): CodeIgniter\CodeIgniter->handleRequest()
#10 /var/www/vhosts/iptvbillingsolution.com/public/ankush_ci/public/index.php(37): CodeIgniter\CodeIgniter->run()
#11 {main}
ERROR - 2022-04-13 00:17:24 --> Invalid default value for 'created_at'
CRITICAL - 2022-04-13 00:17:24 --> Invalid default value for 'created_at'
#0 /var/www/vhosts/iptvbillingsolution.com/public/ankush_ci/system/Database/MySQLi/Connection.php(292): mysqli->query()
#1 /var/www/vhosts/iptvbillingsolution.com/public/ankush_ci/system/Database/BaseConnection.php(670): CodeIgniter\Database\MySQLi\Connection->execute()
#2 /var/www/vhosts/iptvbillingsolution.com/public/ankush_ci/system/Database/BaseConnection.php(598): CodeIgniter\Database\BaseConnection->simpleQuery()
#3 /var/www/vhosts/iptvbillingsolution.com/public/ankush_ci/system/Database/Forge.php(513): CodeIgniter\Database\BaseConnection->query()
#4 /var/www/vhosts/iptvbillingsolution.com/public/ankush_ci/app/Controllers/BaseController.php(458): CodeIgniter\Database\Forge->createTable()
#5 /var/www/vhosts/iptvbillingsolution.com/public/ankush_ci/app/Controllers/BaseController.php(181): App\Controllers\BaseController->dbschematables()
#6 /var/www/vhosts/iptvbillingsolution.com/public/ankush_ci/app/Controllers/BaseController.php(60): App\Controllers\BaseController->checkdbconnection()
#7 /var/www/vhosts/iptvbillingsolution.com/public/ankush_ci/system/CodeIgniter.php(803): App\Controllers\BaseController->initController()
#8 /var/www/vhosts/iptvbillingsolution.com/public/ankush_ci/system/CodeIgniter.php(403): CodeIgniter\CodeIgniter->createController()
#9 /var/www/vhosts/iptvbillingsolution.com/public/ankush_ci/system/CodeIgniter.php(320): CodeIgniter\CodeIgniter->handleRequest()
#10 /var/www/vhosts/iptvbillingsolution.com/public/ankush_ci/public/index.php(37): CodeIgniter\CodeIgniter->run()
#11 {main}
ERROR - 2022-04-13 00:19:04 --> Invalid default value for 'created_at'
CRITICAL - 2022-04-13 00:19:04 --> Invalid default value for 'created_at'
#0 /var/www/vhosts/iptvbillingsolution.com/public/ankush_ci/system/Database/MySQLi/Connection.php(292): mysqli->query()
#1 /var/www/vhosts/iptvbillingsolution.com/public/ankush_ci/system/Database/BaseConnection.php(670): CodeIgniter\Database\MySQLi\Connection->execute()
#2 /var/www/vhosts/iptvbillingsolution.com/public/ankush_ci/system/Database/BaseConnection.php(598): CodeIgniter\Database\BaseConnection->simpleQuery()
#3 /var/www/vhosts/iptvbillingsolution.com/public/ankush_ci/system/Database/Forge.php(513): CodeIgniter\Database\BaseConnection->query()
#4 /var/www/vhosts/iptvbillingsolution.com/public/ankush_ci/app/Controllers/BaseController.php(458): CodeIgniter\Database\Forge->createTable()
#5 /var/www/vhosts/iptvbillingsolution.com/public/ankush_ci/app/Controllers/BaseController.php(181): App\Controllers\BaseController->dbschematables()
#6 /var/www/vhosts/iptvbillingsolution.com/public/ankush_ci/app/Controllers/BaseController.php(60): App\Controllers\BaseController->checkdbconnection()
#7 /var/www/vhosts/iptvbillingsolution.com/public/ankush_ci/system/CodeIgniter.php(803): App\Controllers\BaseController->initController()
#8 /var/www/vhosts/iptvbillingsolution.com/public/ankush_ci/system/CodeIgniter.php(403): CodeIgniter\CodeIgniter->createController()
#9 /var/www/vhosts/iptvbillingsolution.com/public/ankush_ci/system/CodeIgniter.php(320): CodeIgniter\CodeIgniter->handleRequest()
#10 /var/www/vhosts/iptvbillingsolution.com/public/ankush_ci/public/index.php(37): CodeIgniter\CodeIgniter->run()
#11 {main}
ERROR - 2022-04-13 00:23:42 --> Invalid default value for 'created_at'
CRITICAL - 2022-04-13 00:23:42 --> Invalid default value for 'created_at'
#0 /var/www/vhosts/iptvbillingsolution.com/public/ankush_ci/system/Database/MySQLi/Connection.php(292): mysqli->query()
#1 /var/www/vhosts/iptvbillingsolution.com/public/ankush_ci/system/Database/BaseConnection.php(670): CodeIgniter\Database\MySQLi\Connection->execute()
#2 /var/www/vhosts/iptvbillingsolution.com/public/ankush_ci/system/Database/BaseConnection.php(598): CodeIgniter\Database\BaseConnection->simpleQuery()
#3 /var/www/vhosts/iptvbillingsolution.com/public/ankush_ci/system/Database/Forge.php(513): CodeIgniter\Database\BaseConnection->query()
#4 /var/www/vhosts/iptvbillingsolution.com/public/ankush_ci/app/Controllers/BaseController.php(454): CodeIgniter\Database\Forge->createTable()
#5 /var/www/vhosts/iptvbillingsolution.com/public/ankush_ci/app/Controllers/BaseController.php(181): App\Controllers\BaseController->dbschematables()
#6 /var/www/vhosts/iptvbillingsolution.com/public/ankush_ci/app/Controllers/BaseController.php(60): App\Controllers\BaseController->checkdbconnection()
#7 /var/www/vhosts/iptvbillingsolution.com/public/ankush_ci/system/CodeIgniter.php(803): App\Controllers\BaseController->initController()
#8 /var/www/vhosts/iptvbillingsolution.com/public/ankush_ci/system/CodeIgniter.php(403): CodeIgniter\CodeIgniter->createController()
#9 /var/www/vhosts/iptvbillingsolution.com/public/ankush_ci/system/CodeIgniter.php(320): CodeIgniter\CodeIgniter->handleRequest()
#10 /var/www/vhosts/iptvbillingsolution.com/public/ankush_ci/public/index.php(37): CodeIgniter\CodeIgniter->run()
#11 {main}
ERROR - 2022-04-13 00:27:29 --> Invalid default value for 'created_at'
CRITICAL - 2022-04-13 00:27:29 --> Invalid default value for 'created_at'
#0 /var/www/vhosts/iptvbillingsolution.com/public/ankush_ci/system/Database/MySQLi/Connection.php(292): mysqli->query()
#1 /var/www/vhosts/iptvbillingsolution.com/public/ankush_ci/system/Database/BaseConnection.php(670): CodeIgniter\Database\MySQLi\Connection->execute()
#2 /var/www/vhosts/iptvbillingsolution.com/public/ankush_ci/system/Database/BaseConnection.php(598): CodeIgniter\Database\BaseConnection->simpleQuery()
#3 /var/www/vhosts/iptvbillingsolution.com/public/ankush_ci/system/Database/Forge.php(513): CodeIgniter\Database\BaseConnection->query()
#4 /var/www/vhosts/iptvbillingsolution.com/public/ankush_ci/app/Controllers/BaseController.php(458): CodeIgniter\Database\Forge->createTable()
#5 /var/www/vhosts/iptvbillingsolution.com/public/ankush_ci/app/Controllers/BaseController.php(181): App\Controllers\BaseController->dbschematables()
#6 /var/www/vhosts/iptvbillingsolution.com/public/ankush_ci/app/Controllers/BaseController.php(60): App\Controllers\BaseController->checkdbconnection()
#7 /var/www/vhosts/iptvbillingsolution.com/public/ankush_ci/system/CodeIgniter.php(803): App\Controllers\BaseController->initController()
#8 /var/www/vhosts/iptvbillingsolution.com/public/ankush_ci/system/CodeIgniter.php(403): CodeIgniter\CodeIgniter->createController()
#9 /var/www/vhosts/iptvbillingsolution.com/public/ankush_ci/system/CodeIgniter.php(320): CodeIgniter\CodeIgniter->handleRequest()
#10 /var/www/vhosts/iptvbillingsolution.com/public/ankush_ci/public/index.php(37): CodeIgniter\CodeIgniter->run()
#11 {main}
ERROR - 2022-04-13 00:28:26 --> Invalid default value for 'created_at'
CRITICAL - 2022-04-13 00:28:26 --> Invalid default value for 'created_at'
#0 /var/www/vhosts/iptvbillingsolution.com/public/ankush_ci/system/Database/MySQLi/Connection.php(292): mysqli->query()
#1 /var/www/vhosts/iptvbillingsolution.com/public/ankush_ci/system/Database/BaseConnection.php(670): CodeIgniter\Database\MySQLi\Connection->execute()
#2 /var/www/vhosts/iptvbillingsolution.com/public/ankush_ci/system/Database/BaseConnection.php(598): CodeIgniter\Database\BaseConnection->simpleQuery()
#3 /var/www/vhosts/iptvbillingsolution.com/public/ankush_ci/system/Database/Forge.php(513): CodeIgniter\Database\BaseConnection->query()
#4 /var/www/vhosts/iptvbillingsolution.com/public/ankush_ci/app/Controllers/BaseController.php(458): CodeIgniter\Database\Forge->createTable()
#5 /var/www/vhosts/iptvbillingsolution.com/public/ankush_ci/app/Controllers/BaseController.php(181): App\Controllers\BaseController->dbschematables()
#6 /var/www/vhosts/iptvbillingsolution.com/public/ankush_ci/app/Controllers/BaseController.php(60): App\Controllers\BaseController->checkdbconnection()
#7 /var/www/vhosts/iptvbillingsolution.com/public/ankush_ci/system/CodeIgniter.php(803): App\Controllers\BaseController->initController()
#8 /var/www/vhosts/iptvbillingsolution.com/public/ankush_ci/system/CodeIgniter.php(403): CodeIgniter\CodeIgniter->createController()
#9 /var/www/vhosts/iptvbillingsolution.com/public/ankush_ci/system/CodeIgniter.php(320): CodeIgniter\CodeIgniter->handleRequest()
#10 /var/www/vhosts/iptvbillingsolution.com/public/ankush_ci/public/index.php(37): CodeIgniter\CodeIgniter->run()
#11 {main}
CRITICAL - 2022-04-13 01:58:35 --> Undefined variable: truncatetable
#0 /var/www/vhosts/iptvbillingsolution.com/public/ankush_ci/app/Controllers/Home.php(583): CodeIgniter\Debug\Exceptions->errorHandler()
#1 /var/www/vhosts/iptvbillingsolution.com/public/ankush_ci/system/CodeIgniter.php(825): App\Controllers\Home->generalsettings()
#2 /var/www/vhosts/iptvbillingsolution.com/public/ankush_ci/system/CodeIgniter.php(412): CodeIgniter\CodeIgniter->runController()
#3 /var/www/vhosts/iptvbillingsolution.com/public/ankush_ci/system/CodeIgniter.php(320): CodeIgniter\CodeIgniter->handleRequest()
#4 /var/www/vhosts/iptvbillingsolution.com/public/ankush_ci/public/index.php(37): CodeIgniter\CodeIgniter->run()
#5 {main}
CRITICAL - 2022-04-13 02:09:18 --> Cannot use isset() on the result of an expression (you can use "null !== expression" instead)
#0 [internal function]: CodeIgniter\Debug\Exceptions->shutdownHandler()
#1 {main}
CRITICAL - 2022-04-13 02:09:47 --> Undefined variable: set_value
#0 /var/www/vhosts/iptvbillingsolution.com/public/ankush_ci/app/Views/generalsettings.php(42): CodeIgniter\Debug\Exceptions->errorHandler()
#1 /var/www/vhosts/iptvbillingsolution.com/public/ankush_ci/system/View/View.php(210): include('/var/www/vhosts...')
#2 /var/www/vhosts/iptvbillingsolution.com/public/ankush_ci/system/View/View.php(213): CodeIgniter\View\View->CodeIgniter\View\{closure}()
#3 /var/www/vhosts/iptvbillingsolution.com/public/ankush_ci/system/Common.php(1089): CodeIgniter\View\View->render()
#4 /var/www/vhosts/iptvbillingsolution.com/public/ankush_ci/app/Controllers/Home.php(598): view()
#5 /var/www/vhosts/iptvbillingsolution.com/public/ankush_ci/system/CodeIgniter.php(825): App\Controllers\Home->generalsettings()
#6 /var/www/vhosts/iptvbillingsolution.com/public/ankush_ci/system/CodeIgniter.php(412): CodeIgniter\CodeIgniter->runController()
#7 /var/www/vhosts/iptvbillingsolution.com/public/ankush_ci/system/CodeIgniter.php(320): CodeIgniter\CodeIgniter->handleRequest()
#8 /var/www/vhosts/iptvbillingsolution.com/public/ankush_ci/public/index.php(37): CodeIgniter\CodeIgniter->run()
#9 {main}
CRITICAL - 2022-04-13 02:12:08 --> There is no data to insert.
#0 /var/www/vhosts/iptvbillingsolution.com/public/ankush_ci/system/BaseModel.php(718): CodeIgniter\Database\Exceptions\DataException::forEmptyDataset()
#1 /var/www/vhosts/iptvbillingsolution.com/public/ankush_ci/system/Model.php(625): CodeIgniter\BaseModel->insert()
#2 /var/www/vhosts/iptvbillingsolution.com/public/ankush_ci/app/Models/Generalmodalsettings.php(23): CodeIgniter\Model->insert()
#3 /var/www/vhosts/iptvbillingsolution.com/public/ankush_ci/app/Controllers/Home.php(589): App\Models\Generalmodalsettings->insertgeneralsettings()
#4 /var/www/vhosts/iptvbillingsolution.com/public/ankush_ci/system/CodeIgniter.php(825): App\Controllers\Home->generalsettings()
#5 /var/www/vhosts/iptvbillingsolution.com/public/ankush_ci/system/CodeIgniter.php(412): CodeIgniter\CodeIgniter->runController()
#6 /var/www/vhosts/iptvbillingsolution.com/public/ankush_ci/system/CodeIgniter.php(320): CodeIgniter\CodeIgniter->handleRequest()
#7 /var/www/vhosts/iptvbillingsolution.com/public/ankush_ci/public/index.php(37): CodeIgniter\CodeIgniter->run()
#8 {main}
CRITICAL - 2022-04-13 02:46:23 --> Class 'App\Controllers\Generalmodalsettings' not found
#0 /var/www/vhosts/iptvbillingsolution.com/public/ankush_ci/system/CodeIgniter.php(825): App\Controllers\Home->generalsettings()
#1 /var/www/vhosts/iptvbillingsolution.com/public/ankush_ci/system/CodeIgniter.php(412): CodeIgniter\CodeIgniter->runController()
#2 /var/www/vhosts/iptvbillingsolution.com/public/ankush_ci/system/CodeIgniter.php(320): CodeIgniter\CodeIgniter->handleRequest()
#3 /var/www/vhosts/iptvbillingsolution.com/public/ankush_ci/public/index.php(37): CodeIgniter\CodeIgniter->run()
#4 {main}
CRITICAL - 2022-04-13 02:53:26 --> Call to undefined method CodeIgniter\View\View::getgeneralsettings()
#0 /var/www/vhosts/iptvbillingsolution.com/public/ankush_ci/system/View/View.php(210): include()
#1 /var/www/vhosts/iptvbillingsolution.com/public/ankush_ci/system/View/View.php(213): CodeIgniter\View\View->CodeIgniter\View\{closure}()
#2 /var/www/vhosts/iptvbillingsolution.com/public/ankush_ci/system/Common.php(1089): CodeIgniter\View\View->render()
#3 /var/www/vhosts/iptvbillingsolution.com/public/ankush_ci/app/Controllers/Home.php(631): view()
#4 /var/www/vhosts/iptvbillingsolution.com/public/ankush_ci/system/CodeIgniter.php(825): App\Controllers\Home->generalsettings()
#5 /var/www/vhosts/iptvbillingsolution.com/public/ankush_ci/system/CodeIgniter.php(412): CodeIgniter\CodeIgniter->runController()
#6 /var/www/vhosts/iptvbillingsolution.com/public/ankush_ci/system/CodeIgniter.php(320): CodeIgniter\CodeIgniter->handleRequest()
#7 /var/www/vhosts/iptvbillingsolution.com/public/ankush_ci/public/index.php(37): CodeIgniter\CodeIgniter->run()
#8 {main}
CRITICAL - 2022-04-13 02:55:27 --> Call to undefined method CodeIgniter\View\View::getglobalstoredsettings()
#0 /var/www/vhosts/iptvbillingsolution.com/public/ankush_ci/system/View/View.php(210): include()
#1 /var/www/vhosts/iptvbillingsolution.com/public/ankush_ci/system/View/View.php(213): CodeIgniter\View\View->CodeIgniter\View\{closure}()
#2 /var/www/vhosts/iptvbillingsolution.com/public/ankush_ci/system/Common.php(1089): CodeIgniter\View\View->render()
#3 /var/www/vhosts/iptvbillingsolution.com/public/ankush_ci/app/Controllers/Home.php(631): view()
#4 /var/www/vhosts/iptvbillingsolution.com/public/ankush_ci/system/CodeIgniter.php(825): App\Controllers\Home->generalsettings()
#5 /var/www/vhosts/iptvbillingsolution.com/public/ankush_ci/system/CodeIgniter.php(412): CodeIgniter\CodeIgniter->runController()
#6 /var/www/vhosts/iptvbillingsolution.com/public/ankush_ci/system/CodeIgniter.php(320): CodeIgniter\CodeIgniter->handleRequest()
#7 /var/www/vhosts/iptvbillingsolution.com/public/ankush_ci/public/index.php(37): CodeIgniter\CodeIgniter->run()
#8 {main}
CRITICAL - 2022-04-13 04:39:51 --> syntax error, unexpected 'die' (T_EXIT)
#0 /var/www/vhosts/iptvbillingsolution.com/public/ankush_ci/system/Autoloader/Autoloader.php(241): CodeIgniter\Autoloader\Autoloader->includeFile()
#1 /var/www/vhosts/iptvbillingsolution.com/public/ankush_ci/system/Autoloader/Autoloader.php(219): CodeIgniter\Autoloader\Autoloader->loadInNamespace()
#2 [internal function]: CodeIgniter\Autoloader\Autoloader->loadClass()
#3 [internal function]: spl_autoload_call()
#4 /var/www/vhosts/iptvbillingsolution.com/public/ankush_ci/system/CodeIgniter.php(790): class_exists()
#5 /var/www/vhosts/iptvbillingsolution.com/public/ankush_ci/system/CodeIgniter.php(399): CodeIgniter\CodeIgniter->startController()
#6 /var/www/vhosts/iptvbillingsolution.com/public/ankush_ci/system/CodeIgniter.php(320): CodeIgniter\CodeIgniter->handleRequest()
#7 /var/www/vhosts/iptvbillingsolution.com/public/ankush_ci/public/index.php(37): CodeIgniter\CodeIgniter->run()
#8 {main}
CRITICAL - 2022-04-13 05:03:14 --> required| is not a valid rule.
#0 /var/www/vhosts/iptvbillingsolution.com/public/ankush_ci/system/Validation/Validation.php(300): CodeIgniter\Validation\Exceptions\ValidationException::forRuleNotFound()
#1 /var/www/vhosts/iptvbillingsolution.com/public/ankush_ci/system/Validation/Validation.php(157): CodeIgniter\Validation\Validation->processRules()
#2 /var/www/vhosts/iptvbillingsolution.com/public/ankush_ci/system/Controller.php(160): CodeIgniter\Validation\Validation->run()
#3 /var/www/vhosts/iptvbillingsolution.com/public/ankush_ci/app/Controllers/Home.php(227): CodeIgniter\Controller->validate()
#4 /var/www/vhosts/iptvbillingsolution.com/public/ankush_ci/system/CodeIgniter.php(825): App\Controllers\Home->storevalue()
#5 /var/www/vhosts/iptvbillingsolution.com/public/ankush_ci/system/CodeIgniter.php(412): CodeIgniter\CodeIgniter->runController()
#6 /var/www/vhosts/iptvbillingsolution.com/public/ankush_ci/system/CodeIgniter.php(320): CodeIgniter\CodeIgniter->handleRequest()
#7 /var/www/vhosts/iptvbillingsolution.com/public/ankush_ci/public/index.php(37): CodeIgniter\CodeIgniter->run()
#8 {main}
CRITICAL - 2022-04-13 05:18:32 --> fileToUpload is not a valid rule.
#0 /var/www/vhosts/iptvbillingsolution.com/public/ankush_ci/system/Validation/Validation.php(300): CodeIgniter\Validation\Exceptions\ValidationException::forRuleNotFound()
#1 /var/www/vhosts/iptvbillingsolution.com/public/ankush_ci/system/Validation/Validation.php(157): CodeIgniter\Validation\Validation->processRules()
#2 /var/www/vhosts/iptvbillingsolution.com/public/ankush_ci/system/Controller.php(160): CodeIgniter\Validation\Validation->run()
#3 /var/www/vhosts/iptvbillingsolution.com/public/ankush_ci/app/Controllers/Home.php(232): CodeIgniter\Controller->validate()
#4 /var/www/vhosts/iptvbillingsolution.com/public/ankush_ci/system/CodeIgniter.php(825): App\Controllers\Home->storevalue()
#5 /var/www/vhosts/iptvbillingsolution.com/public/ankush_ci/system/CodeIgniter.php(412): CodeIgniter\CodeIgniter->runController()
#6 /var/www/vhosts/iptvbillingsolution.com/public/ankush_ci/system/CodeIgniter.php(320): CodeIgniter\CodeIgniter->handleRequest()
#7 /var/www/vhosts/iptvbillingsolution.com/public/ankush_ci/public/index.php(37): CodeIgniter\CodeIgniter->run()
#8 {main}
CRITICAL - 2022-04-13 05:32:37 --> Call to a member function getRandomName() on null
#0 /var/www/vhosts/iptvbillingsolution.com/public/ankush_ci/system/CodeIgniter.php(825): App\Controllers\Home->storevalue()
#1 /var/www/vhosts/iptvbillingsolution.com/public/ankush_ci/system/CodeIgniter.php(412): CodeIgniter\CodeIgniter->runController()
#2 /var/www/vhosts/iptvbillingsolution.com/public/ankush_ci/system/CodeIgniter.php(320): CodeIgniter\CodeIgniter->handleRequest()
#3 /var/www/vhosts/iptvbillingsolution.com/public/ankush_ci/public/index.php(37): CodeIgniter\CodeIgniter->run()
#4 {main}
CRITICAL - 2022-04-13 05:38:00 --> File not found: uploadfileadd/1649846280_9d39d8ea9bb160a05ffe.jpeg
#0 /var/www/vhosts/iptvbillingsolution.com/public/ankush_ci/system/Files/File.php(46): CodeIgniter\Files\Exceptions\FileNotFoundException::forFileNotFound()
#1 /var/www/vhosts/iptvbillingsolution.com/public/ankush_ci/system/Images/Handlers/BaseHandler.php(148): CodeIgniter\Files\File->__construct()
#2 /var/www/vhosts/iptvbillingsolution.com/public/ankush_ci/app/Controllers/Home.php(249): CodeIgniter\Images\Handlers\BaseHandler->withFile()
#3 /var/www/vhosts/iptvbillingsolution.com/public/ankush_ci/system/CodeIgniter.php(825): App\Controllers\Home->storevalue()
#4 /var/www/vhosts/iptvbillingsolution.com/public/ankush_ci/system/CodeIgniter.php(412): CodeIgniter\CodeIgniter->runController()
#5 /var/www/vhosts/iptvbillingsolution.com/public/ankush_ci/system/CodeIgniter.php(320): CodeIgniter\CodeIgniter->handleRequest()
#6 /var/www/vhosts/iptvbillingsolution.com/public/ankush_ci/public/index.php(37): CodeIgniter\CodeIgniter->run()
#7 {main}
CRITICAL - 2022-04-13 05:39:22 --> Unable to save the image. Please make sure the image and file directory are writable.
#0 /var/www/vhosts/iptvbillingsolution.com/public/ankush_ci/system/Images/Handlers/GDHandler.php(245): CodeIgniter\Images\Exceptions\ImageException::forSaveFailed()
#1 /var/www/vhosts/iptvbillingsolution.com/public/ankush_ci/app/Controllers/Home.php(251): CodeIgniter\Images\Handlers\GDHandler->save()
#2 /var/www/vhosts/iptvbillingsolution.com/public/ankush_ci/system/CodeIgniter.php(825): App\Controllers\Home->storevalue()
#3 /var/www/vhosts/iptvbillingsolution.com/public/ankush_ci/system/CodeIgniter.php(412): CodeIgniter\CodeIgniter->runController()
#4 /var/www/vhosts/iptvbillingsolution.com/public/ankush_ci/system/CodeIgniter.php(320): CodeIgniter\CodeIgniter->handleRequest()
#5 /var/www/vhosts/iptvbillingsolution.com/public/ankush_ci/public/index.php(37): CodeIgniter\CodeIgniter->run()
#6 {main}
CRITICAL - 2022-04-13 05:40:53 --> Trying to access array offset on value of type null
#0 /var/www/vhosts/iptvbillingsolution.com/public/ankush_ci/system/Files/File.php(143): CodeIgniter\Debug\Exceptions->errorHandler()
#1 /var/www/vhosts/iptvbillingsolution.com/public/ankush_ci/system/Images/Handlers/BaseHandler.php(710): CodeIgniter\Files\File->move()
#2 /var/www/vhosts/iptvbillingsolution.com/public/ankush_ci/app/Controllers/Home.php(251): CodeIgniter\Images\Handlers\BaseHandler->__call()
#3 /var/www/vhosts/iptvbillingsolution.com/public/ankush_ci/system/CodeIgniter.php(825): App\Controllers\Home->storevalue()
#4 /var/www/vhosts/iptvbillingsolution.com/public/ankush_ci/system/CodeIgniter.php(412): CodeIgniter\CodeIgniter->runController()
#5 /var/www/vhosts/iptvbillingsolution.com/public/ankush_ci/system/CodeIgniter.php(320): CodeIgniter\CodeIgniter->handleRequest()
#6 /var/www/vhosts/iptvbillingsolution.com/public/ankush_ci/public/index.php(37): CodeIgniter\CodeIgniter->run()
#7 {main}
CRITICAL - 2022-04-13 05:44:41 --> syntax error, unexpected 'public' (T_PUBLIC)
#0 /var/www/vhosts/iptvbillingsolution.com/public/ankush_ci/system/Autoloader/Autoloader.php(241): CodeIgniter\Autoloader\Autoloader->includeFile()
#1 /var/www/vhosts/iptvbillingsolution.com/public/ankush_ci/system/Autoloader/Autoloader.php(219): CodeIgniter\Autoloader\Autoloader->loadInNamespace()
#2 [internal function]: CodeIgniter\Autoloader\Autoloader->loadClass()
#3 [internal function]: spl_autoload_call()
#4 /var/www/vhosts/iptvbillingsolution.com/public/ankush_ci/system/CodeIgniter.php(790): class_exists()
#5 /var/www/vhosts/iptvbillingsolution.com/public/ankush_ci/system/CodeIgniter.php(399): CodeIgniter\CodeIgniter->startController()
#6 /var/www/vhosts/iptvbillingsolution.com/public/ankush_ci/system/CodeIgniter.php(320): CodeIgniter\CodeIgniter->handleRequest()
#7 /var/www/vhosts/iptvbillingsolution.com/public/ankush_ci/public/index.php(37): CodeIgniter\CodeIgniter->run()
#8 {main}
CRITICAL - 2022-04-13 06:02:25 --> Class 'App\Models\AddsModel' not found
#0 /var/www/vhosts/iptvbillingsolution.com/public/ankush_ci/system/CodeIgniter.php(803): App\Controllers\BaseController->initController()
#1 /var/www/vhosts/iptvbillingsolution.com/public/ankush_ci/system/CodeIgniter.php(403): CodeIgniter\CodeIgniter->createController()
#2 /var/www/vhosts/iptvbillingsolution.com/public/ankush_ci/system/CodeIgniter.php(320): CodeIgniter\CodeIgniter->handleRequest()
#3 /var/www/vhosts/iptvbillingsolution.com/public/ankush_ci/public/index.php(37): CodeIgniter\CodeIgniter->run()
#4 {main}
CRITICAL - 2022-04-13 06:03:04 --> Class 'App\Models\AddsModel' not found
#0 /var/www/vhosts/iptvbillingsolution.com/public/ankush_ci/system/CodeIgniter.php(803): App\Controllers\BaseController->initController()
#1 /var/www/vhosts/iptvbillingsolution.com/public/ankush_ci/system/CodeIgniter.php(403): CodeIgniter\CodeIgniter->createController()
#2 /var/www/vhosts/iptvbillingsolution.com/public/ankush_ci/system/CodeIgniter.php(320): CodeIgniter\CodeIgniter->handleRequest()
#3 /var/www/vhosts/iptvbillingsolution.com/public/ankush_ci/public/index.php(37): CodeIgniter\CodeIgniter->run()
#4 {main}
CRITICAL - 2022-04-13 06:03:58 --> syntax error, unexpected 'public' (T_PUBLIC), expecting end of file
#0 /var/www/vhosts/iptvbillingsolution.com/public/ankush_ci/system/Autoloader/Autoloader.php(241): CodeIgniter\Autoloader\Autoloader->includeFile()
#1 /var/www/vhosts/iptvbillingsolution.com/public/ankush_ci/system/Autoloader/Autoloader.php(219): CodeIgniter\Autoloader\Autoloader->loadInNamespace()
#2 [internal function]: CodeIgniter\Autoloader\Autoloader->loadClass()
#3 /var/www/vhosts/iptvbillingsolution.com/public/ankush_ci/app/Controllers/BaseController.php(64): spl_autoload_call()
#4 /var/www/vhosts/iptvbillingsolution.com/public/ankush_ci/system/CodeIgniter.php(803): App\Controllers\BaseController->initController()
#5 /var/www/vhosts/iptvbillingsolution.com/public/ankush_ci/system/CodeIgniter.php(403): CodeIgniter\CodeIgniter->createController()
#6 /var/www/vhosts/iptvbillingsolution.com/public/ankush_ci/system/CodeIgniter.php(320): CodeIgniter\CodeIgniter->handleRequest()
#7 /var/www/vhosts/iptvbillingsolution.com/public/ankush_ci/public/index.php(37): CodeIgniter\CodeIgniter->run()
#8 {main}
CRITICAL - 2022-04-13 06:15:41 --> Undefined variable: newName
#0 /var/www/vhosts/iptvbillingsolution.com/public/ankush_ci/app/Controllers/Home.php(295): CodeIgniter\Debug\Exceptions->errorHandler()
#1 /var/www/vhosts/iptvbillingsolution.com/public/ankush_ci/system/CodeIgniter.php(825): App\Controllers\Home->storevalue()
#2 /var/www/vhosts/iptvbillingsolution.com/public/ankush_ci/system/CodeIgniter.php(412): CodeIgniter\CodeIgniter->runController()
#3 /var/www/vhosts/iptvbillingsolution.com/public/ankush_ci/system/CodeIgniter.php(320): CodeIgniter\CodeIgniter->handleRequest()
#4 /var/www/vhosts/iptvbillingsolution.com/public/ankush_ci/public/index.php(37): CodeIgniter\CodeIgniter->run()
#5 {main}
CRITICAL - 2022-04-13 06:29:55 --> syntax error, unexpected '->' (T_OBJECT_OPERATOR)
#0 /var/www/vhosts/iptvbillingsolution.com/public/ankush_ci/system/Autoloader/Autoloader.php(241): CodeIgniter\Autoloader\Autoloader->includeFile()
#1 /var/www/vhosts/iptvbillingsolution.com/public/ankush_ci/system/Autoloader/Autoloader.php(219): CodeIgniter\Autoloader\Autoloader->loadInNamespace()
#2 [internal function]: CodeIgniter\Autoloader\Autoloader->loadClass()
#3 /var/www/vhosts/iptvbillingsolution.com/public/ankush_ci/app/Controllers/BaseController.php(64): spl_autoload_call()
#4 /var/www/vhosts/iptvbillingsolution.com/public/ankush_ci/system/CodeIgniter.php(803): App\Controllers\BaseController->initController()
#5 /var/www/vhosts/iptvbillingsolution.com/public/ankush_ci/system/CodeIgniter.php(403): CodeIgniter\CodeIgniter->createController()
#6 /var/www/vhosts/iptvbillingsolution.com/public/ankush_ci/system/CodeIgniter.php(320): CodeIgniter\CodeIgniter->handleRequest()
#7 /var/www/vhosts/iptvbillingsolution.com/public/ankush_ci/public/index.php(37): CodeIgniter\CodeIgniter->run()
#8 {main}
CRITICAL - 2022-04-13 06:30:36 --> Cannot use object of type stdClass as array
#0 /var/www/vhosts/iptvbillingsolution.com/public/ankush_ci/system/View/View.php(210): include()
#1 /var/www/vhosts/iptvbillingsolution.com/public/ankush_ci/system/View/View.php(213): CodeIgniter\View\View->CodeIgniter\View\{closure}()
#2 /var/www/vhosts/iptvbillingsolution.com/public/ankush_ci/system/Common.php(1089): CodeIgniter\View\View->render()
#3 /var/www/vhosts/iptvbillingsolution.com/public/ankush_ci/app/Controllers/Home.php(338): view()
#4 /var/www/vhosts/iptvbillingsolution.com/public/ankush_ci/system/CodeIgniter.php(825): App\Controllers\Home->records()
#5 /var/www/vhosts/iptvbillingsolution.com/public/ankush_ci/system/CodeIgniter.php(412): CodeIgniter\CodeIgniter->runController()
#6 /var/www/vhosts/iptvbillingsolution.com/public/ankush_ci/system/CodeIgniter.php(320): CodeIgniter\CodeIgniter->handleRequest()
#7 /var/www/vhosts/iptvbillingsolution.com/public/ankush_ci/public/index.php(37): CodeIgniter\CodeIgniter->run()
#8 {main}
CRITICAL - 2022-04-13 07:18:47 --> Argument 2 passed to form_input() must be of the type string, null given, called in /var/www/vhosts/iptvbillingsolution.com/public/ankush_ci/system/Helpers/form_helper.php on line 125
#0 /var/www/vhosts/iptvbillingsolution.com/public/ankush_ci/system/Helpers/form_helper.php(125): form_input()
#1 /var/www/vhosts/iptvbillingsolution.com/public/ankush_ci/app/Views/records.php(104): form_hidden()
#2 /var/www/vhosts/iptvbillingsolution.com/public/ankush_ci/system/View/View.php(210): include('/var/www/vhosts...')
#3 /var/www/vhosts/iptvbillingsolution.com/public/ankush_ci/system/View/View.php(213): CodeIgniter\View\View->CodeIgniter\View\{closure}()
#4 /var/www/vhosts/iptvbillingsolution.com/public/ankush_ci/system/Common.php(1089): CodeIgniter\View\View->render()
#5 /var/www/vhosts/iptvbillingsolution.com/public/ankush_ci/app/Controllers/Home.php(338): view()
#6 /var/www/vhosts/iptvbillingsolution.com/public/ankush_ci/system/CodeIgniter.php(825): App\Controllers\Home->records()
#7 /var/www/vhosts/iptvbillingsolution.com/public/ankush_ci/system/CodeIgniter.php(412): CodeIgniter\CodeIgniter->runController()
#8 /var/www/vhosts/iptvbillingsolution.com/public/ankush_ci/system/CodeIgniter.php(320): CodeIgniter\CodeIgniter->handleRequest()
#9 /var/www/vhosts/iptvbillingsolution.com/public/ankush_ci/public/index.php(37): CodeIgniter\CodeIgniter->run()
#10 {main}
CRITICAL - 2022-04-13 07:27:22 --> Undefined variable: deleteadd
#0 /var/www/vhosts/iptvbillingsolution.com/public/ankush_ci/app/Controllers/Home.php(316): CodeIgniter\Debug\Exceptions->errorHandler()
#1 /var/www/vhosts/iptvbillingsolution.com/public/ankush_ci/system/CodeIgniter.php(825): App\Controllers\Home->records()
#2 /var/www/vhosts/iptvbillingsolution.com/public/ankush_ci/system/CodeIgniter.php(412): CodeIgniter\CodeIgniter->runController()
#3 /var/www/vhosts/iptvbillingsolution.com/public/ankush_ci/system/CodeIgniter.php(320): CodeIgniter\CodeIgniter->handleRequest()
#4 /var/www/vhosts/iptvbillingsolution.com/public/ankush_ci/public/index.php(37): CodeIgniter\CodeIgniter->run()
#5 {main}
CRITICAL - 2022-04-13 07:27:25 --> Undefined variable: deleteadd
#0 /var/www/vhosts/iptvbillingsolution.com/public/ankush_ci/app/Controllers/Home.php(316): CodeIgniter\Debug\Exceptions->errorHandler()
#1 /var/www/vhosts/iptvbillingsolution.com/public/ankush_ci/system/CodeIgniter.php(825): App\Controllers\Home->records()
#2 /var/www/vhosts/iptvbillingsolution.com/public/ankush_ci/system/CodeIgniter.php(412): CodeIgniter\CodeIgniter->runController()
#3 /var/www/vhosts/iptvbillingsolution.com/public/ankush_ci/system/CodeIgniter.php(320): CodeIgniter\CodeIgniter->handleRequest()
#4 /var/www/vhosts/iptvbillingsolution.com/public/ankush_ci/public/index.php(37): CodeIgniter\CodeIgniter->run()
#5 {main}
CRITICAL - 2022-04-13 07:35:36 --> syntax error, unexpected '}'
#0 /var/www/vhosts/iptvbillingsolution.com/public/ankush_ci/system/Autoloader/Autoloader.php(241): CodeIgniter\Autoloader\Autoloader->includeFile()
#1 /var/www/vhosts/iptvbillingsolution.com/public/ankush_ci/system/Autoloader/Autoloader.php(219): CodeIgniter\Autoloader\Autoloader->loadInNamespace()
#2 [internal function]: CodeIgniter\Autoloader\Autoloader->loadClass()
#3 [internal function]: spl_autoload_call()
#4 /var/www/vhosts/iptvbillingsolution.com/public/ankush_ci/system/CodeIgniter.php(790): class_exists()
#5 /var/www/vhosts/iptvbillingsolution.com/public/ankush_ci/system/CodeIgniter.php(399): CodeIgniter\CodeIgniter->startController()
#6 /var/www/vhosts/iptvbillingsolution.com/public/ankush_ci/system/CodeIgniter.php(320): CodeIgniter\CodeIgniter->handleRequest()
#7 /var/www/vhosts/iptvbillingsolution.com/public/ankush_ci/public/index.php(37): CodeIgniter\CodeIgniter->run()
#8 {main}
CRITICAL - 2022-04-13 23:33:56 --> Decrypting: authentication failed.
#0 /var/www/vhosts/iptvbillingsolution.com/public/ankush_ci/system/Encryption/Handlers/OpenSSLHandler.php(98): CodeIgniter\Encryption\Exceptions\EncryptionException::forAuthenticationFailed()
#1 /var/www/vhosts/iptvbillingsolution.com/public/ankush_ci/app/Views/login.php(115): CodeIgniter\Encryption\Handlers\OpenSSLHandler->decrypt()
#2 /var/www/vhosts/iptvbillingsolution.com/public/ankush_ci/system/View/View.php(210): include('/var/www/vhosts...')
#3 /var/www/vhosts/iptvbillingsolution.com/public/ankush_ci/system/View/View.php(213): CodeIgniter\View\View->CodeIgniter\View\{closure}()
#4 /var/www/vhosts/iptvbillingsolution.com/public/ankush_ci/system/Common.php(1089): CodeIgniter\View\View->render()
#5 /var/www/vhosts/iptvbillingsolution.com/public/ankush_ci/app/Controllers/Home.php(171): view()
#6 /var/www/vhosts/iptvbillingsolution.com/public/ankush_ci/system/CodeIgniter.php(825): App\Controllers\Home->login()
#7 /var/www/vhosts/iptvbillingsolution.com/public/ankush_ci/system/CodeIgniter.php(412): CodeIgniter\CodeIgniter->runController()
#8 /var/www/vhosts/iptvbillingsolution.com/public/ankush_ci/system/CodeIgniter.php(320): CodeIgniter\CodeIgniter->handleRequest()
#9 /var/www/vhosts/iptvbillingsolution.com/public/ankush_ci/public/index.php(37): CodeIgniter\CodeIgniter->run()
#10 {main}
CRITICAL - 2022-04-13 23:48:29 --> Decrypting: authentication failed.
#0 /var/www/vhosts/iptvbillingsolution.com/public/ankush_ci/system/Encryption/Handlers/OpenSSLHandler.php(98): CodeIgniter\Encryption\Exceptions\EncryptionException::forAuthenticationFailed()
#1 /var/www/vhosts/iptvbillingsolution.com/public/ankush_ci/app/Views/login.php(115): CodeIgniter\Encryption\Handlers\OpenSSLHandler->decrypt()
#2 /var/www/vhosts/iptvbillingsolution.com/public/ankush_ci/system/View/View.php(210): include('/var/www/vhosts...')
#3 /var/www/vhosts/iptvbillingsolution.com/public/ankush_ci/system/View/View.php(213): CodeIgniter\View\View->CodeIgniter\View\{closure}()
#4 /var/www/vhosts/iptvbillingsolution.com/public/ankush_ci/system/Common.php(1089): CodeIgniter\View\View->render()
#5 /var/www/vhosts/iptvbillingsolution.com/public/ankush_ci/app/Controllers/Home.php(171): view()
#6 /var/www/vhosts/iptvbillingsolution.com/public/ankush_ci/system/CodeIgniter.php(825): App\Controllers\Home->login()
#7 /var/www/vhosts/iptvbillingsolution.com/public/ankush_ci/system/CodeIgniter.php(412): CodeIgniter\CodeIgniter->runController()
#8 /var/www/vhosts/iptvbillingsolution.com/public/ankush_ci/system/CodeIgniter.php(320): CodeIgniter\CodeIgniter->handleRequest()
#9 /var/www/vhosts/iptvbillingsolution.com/public/ankush_ci/public/index.php(37): CodeIgniter\CodeIgniter->run()
#10 {main}
CRITICAL - 2022-04-13 23:48:47 --> Decrypting: authentication failed.
#0 /var/www/vhosts/iptvbillingsolution.com/public/ankush_ci/system/Encryption/Handlers/OpenSSLHandler.php(98): CodeIgniter\Encryption\Exceptions\EncryptionException::forAuthenticationFailed()
#1 /var/www/vhosts/iptvbillingsolution.com/public/ankush_ci/app/Views/login.php(115): CodeIgniter\Encryption\Handlers\OpenSSLHandler->decrypt()
#2 /var/www/vhosts/iptvbillingsolution.com/public/ankush_ci/system/View/View.php(210): include('/var/www/vhosts...')
#3 /var/www/vhosts/iptvbillingsolution.com/public/ankush_ci/system/View/View.php(213): CodeIgniter\View\View->CodeIgniter\View\{closure}()
#4 /var/www/vhosts/iptvbillingsolution.com/public/ankush_ci/system/Common.php(1089): CodeIgniter\View\View->render()
#5 /var/www/vhosts/iptvbillingsolution.com/public/ankush_ci/app/Controllers/Home.php(171): view()
#6 /var/www/vhosts/iptvbillingsolution.com/public/ankush_ci/system/CodeIgniter.php(825): App\Controllers\Home->login()
#7 /var/www/vhosts/iptvbillingsolution.com/public/ankush_ci/system/CodeIgniter.php(412): CodeIgniter\CodeIgniter->runController()
#8 /var/www/vhosts/iptvbillingsolution.com/public/ankush_ci/system/CodeIgniter.php(320): CodeIgniter\CodeIgniter->handleRequest()
#9 /var/www/vhosts/iptvbillingsolution.com/public/ankush_ci/public/index.php(37): CodeIgniter\CodeIgniter->run()
#10 {main}
CRITICAL - 2022-04-13 23:48:52 --> Decrypting: authentication failed.
#0 /var/www/vhosts/iptvbillingsolution.com/public/ankush_ci/system/Encryption/Handlers/OpenSSLHandler.php(98): CodeIgniter\Encryption\Exceptions\EncryptionException::forAuthenticationFailed()
#1 /var/www/vhosts/iptvbillingsolution.com/public/ankush_ci/app/Views/login.php(115): CodeIgniter\Encryption\Handlers\OpenSSLHandler->decrypt()
#2 /var/www/vhosts/iptvbillingsolution.com/public/ankush_ci/system/View/View.php(210): include('/var/www/vhosts...')
#3 /var/www/vhosts/iptvbillingsolution.com/public/ankush_ci/system/View/View.php(213): CodeIgniter\View\View->CodeIgniter\View\{closure}()
#4 /var/www/vhosts/iptvbillingsolution.com/public/ankush_ci/system/Common.php(1089): CodeIgniter\View\View->render()
#5 /var/www/vhosts/iptvbillingsolution.com/public/ankush_ci/app/Controllers/Home.php(171): view()
#6 /var/www/vhosts/iptvbillingsolution.com/public/ankush_ci/system/CodeIgniter.php(825): App\Controllers\Home->login()
#7 /var/www/vhosts/iptvbillingsolution.com/public/ankush_ci/system/CodeIgniter.php(412): CodeIgniter\CodeIgniter->runController()
#8 /var/www/vhosts/iptvbillingsolution.com/public/ankush_ci/system/CodeIgniter.php(320): CodeIgniter\CodeIgniter->handleRequest()
#9 /var/www/vhosts/iptvbillingsolution.com/public/ankush_ci/public/index.php(37): CodeIgniter\CodeIgniter->run()
#10 {main}
CRITICAL - 2022-04-13 23:48:57 --> Decrypting: authentication failed.
#0 /var/www/vhosts/iptvbillingsolution.com/public/ankush_ci/system/Encryption/Handlers/OpenSSLHandler.php(98): CodeIgniter\Encryption\Exceptions\EncryptionException::forAuthenticationFailed()
#1 /var/www/vhosts/iptvbillingsolution.com/public/ankush_ci/app/Views/login.php(115): CodeIgniter\Encryption\Handlers\OpenSSLHandler->decrypt()
#2 /var/www/vhosts/iptvbillingsolution.com/public/ankush_ci/system/View/View.php(210): include('/var/www/vhosts...')
#3 /var/www/vhosts/iptvbillingsolution.com/public/ankush_ci/system/View/View.php(213): CodeIgniter\View\View->CodeIgniter\View\{closure}()
#4 /var/www/vhosts/iptvbillingsolution.com/public/ankush_ci/system/Common.php(1089): CodeIgniter\View\View->render()
#5 /var/www/vhosts/iptvbillingsolution.com/public/ankush_ci/app/Controllers/Home.php(171): view()
#6 /var/www/vhosts/iptvbillingsolution.com/public/ankush_ci/system/CodeIgniter.php(825): App\Controllers\Home->login()
#7 /var/www/vhosts/iptvbillingsolution.com/public/ankush_ci/system/CodeIgniter.php(412): CodeIgniter\CodeIgniter->runController()
#8 /var/www/vhosts/iptvbillingsolution.com/public/ankush_ci/system/CodeIgniter.php(320): CodeIgniter\CodeIgniter->handleRequest()
#9 /var/www/vhosts/iptvbillingsolution.com/public/ankush_ci/public/index.php(37): CodeIgniter\CodeIgniter->run()
#10 {main}
