CRITICAL - 2022-08-23 01:25:35 --> syntax error, unexpected '$announcments' (T_VARIABLE)
#0 /var/www/vhosts/hosting.iptvbillingsolution.com/public/sbp/system/Autoloader/Autoloader.php(241): CodeIgniter\Autoloader\Autoloader->includeFile()
#1 /var/www/vhosts/hosting.iptvbillingsolution.com/public/sbp/system/Autoloader/Autoloader.php(219): CodeIgniter\Autoloader\Autoloader->loadInNamespace()
#2 [internal function]: CodeIgniter\Autoloader\Autoloader->loadClass()
#3 [internal function]: spl_autoload_call()
#4 /var/www/vhosts/hosting.iptvbillingsolution.com/public/sbp/system/CodeIgniter.php(790): class_exists()
#5 /var/www/vhosts/hosting.iptvbillingsolution.com/public/sbp/system/CodeIgniter.php(399): CodeIgniter\CodeIgniter->startController()
#6 /var/www/vhosts/hosting.iptvbillingsolution.com/public/sbp/system/CodeIgniter.php(320): CodeIgniter\CodeIgniter->handleRequest()
#7 /var/www/vhosts/hosting.iptvbillingsolution.com/public/sbp/index.php(37): CodeIgniter\CodeIgniter->run()
#8 {main}
CRITICAL - 2022-08-23 01:26:02 --> Call to undefined method App\Controllers\Api::select()
#0 /var/www/vhosts/hosting.iptvbillingsolution.com/public/sbp/system/CodeIgniter.php(825): App\Controllers\Api->api()
#1 /var/www/vhosts/hosting.iptvbillingsolution.com/public/sbp/system/CodeIgniter.php(412): CodeIgniter\CodeIgniter->runController()
#2 /var/www/vhosts/hosting.iptvbillingsolution.com/public/sbp/system/CodeIgniter.php(320): CodeIgniter\CodeIgniter->handleRequest()
#3 /var/www/vhosts/hosting.iptvbillingsolution.com/public/sbp/index.php(37): CodeIgniter\CodeIgniter->run()
#4 {main}
CRITICAL - 2022-08-23 01:26:08 --> Call to undefined method App\Controllers\Api::select()
#0 /var/www/vhosts/hosting.iptvbillingsolution.com/public/sbp/system/CodeIgniter.php(825): App\Controllers\Api->api()
#1 /var/www/vhosts/hosting.iptvbillingsolution.com/public/sbp/system/CodeIgniter.php(412): CodeIgniter\CodeIgniter->runController()
#2 /var/www/vhosts/hosting.iptvbillingsolution.com/public/sbp/system/CodeIgniter.php(320): CodeIgniter\CodeIgniter->handleRequest()
#3 /var/www/vhosts/hosting.iptvbillingsolution.com/public/sbp/index.php(37): CodeIgniter\CodeIgniter->run()
#4 {main}
CRITICAL - 2022-08-23 01:26:55 --> Call to undefined method App\Controllers\Api::select()
#0 /var/www/vhosts/hosting.iptvbillingsolution.com/public/sbp/system/CodeIgniter.php(825): App\Controllers\Api->api()
#1 /var/www/vhosts/hosting.iptvbillingsolution.com/public/sbp/system/CodeIgniter.php(412): CodeIgniter\CodeIgniter->runController()
#2 /var/www/vhosts/hosting.iptvbillingsolution.com/public/sbp/system/CodeIgniter.php(320): CodeIgniter\CodeIgniter->handleRequest()
#3 /var/www/vhosts/hosting.iptvbillingsolution.com/public/sbp/index.php(37): CodeIgniter\CodeIgniter->run()
#4 {main}
CRITICAL - 2022-08-23 01:27:26 --> Call to undefined method App\Controllers\Api::select()
#0 /var/www/vhosts/hosting.iptvbillingsolution.com/public/sbp/system/CodeIgniter.php(825): App\Controllers\Api->api()
#1 /var/www/vhosts/hosting.iptvbillingsolution.com/public/sbp/system/CodeIgniter.php(412): CodeIgniter\CodeIgniter->runController()
#2 /var/www/vhosts/hosting.iptvbillingsolution.com/public/sbp/system/CodeIgniter.php(320): CodeIgniter\CodeIgniter->handleRequest()
#3 /var/www/vhosts/hosting.iptvbillingsolution.com/public/sbp/index.php(37): CodeIgniter\CodeIgniter->run()
#4 {main}
ERROR - 2022-08-23 01:28:39 --> Unknown column 'anyname' in 'field list'
CRITICAL - 2022-08-23 01:28:39 --> Unknown column 'anyname' in 'field list'
#0 /var/www/vhosts/hosting.iptvbillingsolution.com/public/sbp/system/Database/MySQLi/Connection.php(292): mysqli->query()
#1 /var/www/vhosts/hosting.iptvbillingsolution.com/public/sbp/system/Database/BaseConnection.php(670): CodeIgniter\Database\MySQLi\Connection->execute()
#2 /var/www/vhosts/hosting.iptvbillingsolution.com/public/sbp/system/Database/BaseConnection.php(598): CodeIgniter\Database\BaseConnection->simpleQuery()
#3 /var/www/vhosts/hosting.iptvbillingsolution.com/public/sbp/system/Database/BaseBuilder.php(1455): CodeIgniter\Database\BaseConnection->query()
#4 /var/www/vhosts/hosting.iptvbillingsolution.com/public/sbp/system/Model.php(728): CodeIgniter\Database\BaseBuilder->get()
#5 /var/www/vhosts/hosting.iptvbillingsolution.com/public/sbp/app/Controllers/Api.php(279): CodeIgniter\Model->__call()
#6 /var/www/vhosts/hosting.iptvbillingsolution.com/public/sbp/system/CodeIgniter.php(825): App\Controllers\Api->api()
#7 /var/www/vhosts/hosting.iptvbillingsolution.com/public/sbp/system/CodeIgniter.php(412): CodeIgniter\CodeIgniter->runController()
#8 /var/www/vhosts/hosting.iptvbillingsolution.com/public/sbp/system/CodeIgniter.php(320): CodeIgniter\CodeIgniter->handleRequest()
#9 /var/www/vhosts/hosting.iptvbillingsolution.com/public/sbp/index.php(37): CodeIgniter\CodeIgniter->run()
#10 {main}
CRITICAL - 2022-08-23 01:48:19 --> Object of class CodeIgniter\Database\MySQLi\Connection could not be converted to string
#0 /var/www/vhosts/hosting.iptvbillingsolution.com/public/sbp/system/CodeIgniter.php(825): App\Controllers\Api->api()
#1 /var/www/vhosts/hosting.iptvbillingsolution.com/public/sbp/system/CodeIgniter.php(412): CodeIgniter\CodeIgniter->runController()
#2 /var/www/vhosts/hosting.iptvbillingsolution.com/public/sbp/system/CodeIgniter.php(320): CodeIgniter\CodeIgniter->handleRequest()
#3 /var/www/vhosts/hosting.iptvbillingsolution.com/public/sbp/index.php(37): CodeIgniter\CodeIgniter->run()
#4 {main}
ERROR - 2022-08-23 01:53:41 --> You have an error in your SQL syntax; check the manual that corresponds to your MySQL server version for the right syntax to use near ') as checkseen
FROM `tbl_addannouncements`' at line 1
CRITICAL - 2022-08-23 01:53:41 --> You have an error in your SQL syntax; check the manual that corresponds to your MySQL server version for the right syntax to use near ') as checkseen
FROM `tbl_addannouncements`' at line 1
#0 /var/www/vhosts/hosting.iptvbillingsolution.com/public/sbp/system/Database/MySQLi/Connection.php(292): mysqli->query()
#1 /var/www/vhosts/hosting.iptvbillingsolution.com/public/sbp/system/Database/BaseConnection.php(670): CodeIgniter\Database\MySQLi\Connection->execute()
#2 /var/www/vhosts/hosting.iptvbillingsolution.com/public/sbp/system/Database/BaseConnection.php(598): CodeIgniter\Database\BaseConnection->simpleQuery()
#3 /var/www/vhosts/hosting.iptvbillingsolution.com/public/sbp/system/Database/BaseBuilder.php(1455): CodeIgniter\Database\BaseConnection->query()
#4 /var/www/vhosts/hosting.iptvbillingsolution.com/public/sbp/system/Model.php(728): CodeIgniter\Database\BaseBuilder->get()
#5 /var/www/vhosts/hosting.iptvbillingsolution.com/public/sbp/app/Controllers/Api.php(282): CodeIgniter\Model->__call()
#6 /var/www/vhosts/hosting.iptvbillingsolution.com/public/sbp/system/CodeIgniter.php(825): App\Controllers\Api->api()
#7 /var/www/vhosts/hosting.iptvbillingsolution.com/public/sbp/system/CodeIgniter.php(412): CodeIgniter\CodeIgniter->runController()
#8 /var/www/vhosts/hosting.iptvbillingsolution.com/public/sbp/system/CodeIgniter.php(320): CodeIgniter\CodeIgniter->handleRequest()
#9 /var/www/vhosts/hosting.iptvbillingsolution.com/public/sbp/index.php(37): CodeIgniter\CodeIgniter->run()
#10 {main}
ERROR - 2022-08-23 01:56:02 --> You have an error in your SQL syntax; check the manual that corresponds to your MySQL server version for the right syntax to use near ') as dymn
FROM `tbl_addannouncements`' at line 1
CRITICAL - 2022-08-23 01:56:02 --> You have an error in your SQL syntax; check the manual that corresponds to your MySQL server version for the right syntax to use near ') as dymn
FROM `tbl_addannouncements`' at line 1
#0 /var/www/vhosts/hosting.iptvbillingsolution.com/public/sbp/system/Database/MySQLi/Connection.php(292): mysqli->query()
#1 /var/www/vhosts/hosting.iptvbillingsolution.com/public/sbp/system/Database/BaseConnection.php(670): CodeIgniter\Database\MySQLi\Connection->execute()
#2 /var/www/vhosts/hosting.iptvbillingsolution.com/public/sbp/system/Database/BaseConnection.php(598): CodeIgniter\Database\BaseConnection->simpleQuery()
#3 /var/www/vhosts/hosting.iptvbillingsolution.com/public/sbp/system/Database/BaseBuilder.php(1455): CodeIgniter\Database\BaseConnection->query()
#4 /var/www/vhosts/hosting.iptvbillingsolution.com/public/sbp/system/Model.php(728): CodeIgniter\Database\BaseBuilder->get()
#5 /var/www/vhosts/hosting.iptvbillingsolution.com/public/sbp/app/Controllers/Api.php(282): CodeIgniter\Model->__call()
#6 /var/www/vhosts/hosting.iptvbillingsolution.com/public/sbp/system/CodeIgniter.php(825): App\Controllers\Api->api()
#7 /var/www/vhosts/hosting.iptvbillingsolution.com/public/sbp/system/CodeIgniter.php(412): CodeIgniter\CodeIgniter->runController()
#8 /var/www/vhosts/hosting.iptvbillingsolution.com/public/sbp/system/CodeIgniter.php(320): CodeIgniter\CodeIgniter->handleRequest()
#9 /var/www/vhosts/hosting.iptvbillingsolution.com/public/sbp/index.php(37): CodeIgniter\CodeIgniter->run()
#10 {main}
ERROR - 2022-08-23 02:15:03 --> You have an error in your SQL syntax; check the manual that corresponds to your MySQL server version for the right syntax to use near 'SELECT COUNT(*) FROM tbl_announcement_track WHERE tbl_announcement_track.announc' at line 1
CRITICAL - 2022-08-23 02:15:03 --> You have an error in your SQL syntax; check the manual that corresponds to your MySQL server version for the right syntax to use near 'SELECT COUNT(*) FROM tbl_announcement_track WHERE tbl_announcement_track.announc' at line 1
#0 /var/www/vhosts/hosting.iptvbillingsolution.com/public/sbp/system/Database/MySQLi/Connection.php(292): mysqli->query()
#1 /var/www/vhosts/hosting.iptvbillingsolution.com/public/sbp/system/Database/BaseConnection.php(670): CodeIgniter\Database\MySQLi\Connection->execute()
#2 /var/www/vhosts/hosting.iptvbillingsolution.com/public/sbp/system/Database/BaseConnection.php(598): CodeIgniter\Database\BaseConnection->simpleQuery()
#3 /var/www/vhosts/hosting.iptvbillingsolution.com/public/sbp/system/Database/BaseBuilder.php(1455): CodeIgniter\Database\BaseConnection->query()
#4 /var/www/vhosts/hosting.iptvbillingsolution.com/public/sbp/system/Model.php(728): CodeIgniter\Database\BaseBuilder->get()
#5 /var/www/vhosts/hosting.iptvbillingsolution.com/public/sbp/app/Controllers/Api.php(283): CodeIgniter\Model->__call()
#6 /var/www/vhosts/hosting.iptvbillingsolution.com/public/sbp/system/CodeIgniter.php(825): App\Controllers\Api->api()
#7 /var/www/vhosts/hosting.iptvbillingsolution.com/public/sbp/system/CodeIgniter.php(412): CodeIgniter\CodeIgniter->runController()
#8 /var/www/vhosts/hosting.iptvbillingsolution.com/public/sbp/system/CodeIgniter.php(320): CodeIgniter\CodeIgniter->handleRequest()
#9 /var/www/vhosts/hosting.iptvbillingsolution.com/public/sbp/index.php(37): CodeIgniter\CodeIgniter->run()
#10 {main}
ERROR - 2022-08-23 02:15:33 --> You have an error in your SQL syntax; check the manual that corresponds to your MySQL server version for the right syntax to use near 'SELECT COUNT(*) FROM tbl_announcement_track") as seen
FROM `tbl_addannouncements' at line 1
CRITICAL - 2022-08-23 02:15:33 --> You have an error in your SQL syntax; check the manual that corresponds to your MySQL server version for the right syntax to use near 'SELECT COUNT(*) FROM tbl_announcement_track") as seen
FROM `tbl_addannouncements' at line 1
#0 /var/www/vhosts/hosting.iptvbillingsolution.com/public/sbp/system/Database/MySQLi/Connection.php(292): mysqli->query()
#1 /var/www/vhosts/hosting.iptvbillingsolution.com/public/sbp/system/Database/BaseConnection.php(670): CodeIgniter\Database\MySQLi\Connection->execute()
#2 /var/www/vhosts/hosting.iptvbillingsolution.com/public/sbp/system/Database/BaseConnection.php(598): CodeIgniter\Database\BaseConnection->simpleQuery()
#3 /var/www/vhosts/hosting.iptvbillingsolution.com/public/sbp/system/Database/BaseBuilder.php(1455): CodeIgniter\Database\BaseConnection->query()
#4 /var/www/vhosts/hosting.iptvbillingsolution.com/public/sbp/system/Model.php(728): CodeIgniter\Database\BaseBuilder->get()
#5 /var/www/vhosts/hosting.iptvbillingsolution.com/public/sbp/app/Controllers/Api.php(283): CodeIgniter\Model->__call()
#6 /var/www/vhosts/hosting.iptvbillingsolution.com/public/sbp/system/CodeIgniter.php(825): App\Controllers\Api->api()
#7 /var/www/vhosts/hosting.iptvbillingsolution.com/public/sbp/system/CodeIgniter.php(412): CodeIgniter\CodeIgniter->runController()
#8 /var/www/vhosts/hosting.iptvbillingsolution.com/public/sbp/system/CodeIgniter.php(320): CodeIgniter\CodeIgniter->handleRequest()
#9 /var/www/vhosts/hosting.iptvbillingsolution.com/public/sbp/index.php(37): CodeIgniter\CodeIgniter->run()
#10 {main}
ERROR - 2022-08-23 02:15:34 --> You have an error in your SQL syntax; check the manual that corresponds to your MySQL server version for the right syntax to use near 'SELECT COUNT(*) FROM tbl_announcement_track") as seen
FROM `tbl_addannouncements' at line 1
CRITICAL - 2022-08-23 02:15:34 --> You have an error in your SQL syntax; check the manual that corresponds to your MySQL server version for the right syntax to use near 'SELECT COUNT(*) FROM tbl_announcement_track") as seen
FROM `tbl_addannouncements' at line 1
#0 /var/www/vhosts/hosting.iptvbillingsolution.com/public/sbp/system/Database/MySQLi/Connection.php(292): mysqli->query()
#1 /var/www/vhosts/hosting.iptvbillingsolution.com/public/sbp/system/Database/BaseConnection.php(670): CodeIgniter\Database\MySQLi\Connection->execute()
#2 /var/www/vhosts/hosting.iptvbillingsolution.com/public/sbp/system/Database/BaseConnection.php(598): CodeIgniter\Database\BaseConnection->simpleQuery()
#3 /var/www/vhosts/hosting.iptvbillingsolution.com/public/sbp/system/Database/BaseBuilder.php(1455): CodeIgniter\Database\BaseConnection->query()
#4 /var/www/vhosts/hosting.iptvbillingsolution.com/public/sbp/system/Model.php(728): CodeIgniter\Database\BaseBuilder->get()
#5 /var/www/vhosts/hosting.iptvbillingsolution.com/public/sbp/app/Controllers/Api.php(283): CodeIgniter\Model->__call()
#6 /var/www/vhosts/hosting.iptvbillingsolution.com/public/sbp/system/CodeIgniter.php(825): App\Controllers\Api->api()
#7 /var/www/vhosts/hosting.iptvbillingsolution.com/public/sbp/system/CodeIgniter.php(412): CodeIgniter\CodeIgniter->runController()
#8 /var/www/vhosts/hosting.iptvbillingsolution.com/public/sbp/system/CodeIgniter.php(320): CodeIgniter\CodeIgniter->handleRequest()
#9 /var/www/vhosts/hosting.iptvbillingsolution.com/public/sbp/index.php(37): CodeIgniter\CodeIgniter->run()
#10 {main}
ERROR - 2022-08-23 02:15:35 --> You have an error in your SQL syntax; check the manual that corresponds to your MySQL server version for the right syntax to use near 'SELECT COUNT(*) FROM tbl_announcement_track") as seen
FROM `tbl_addannouncements' at line 1
CRITICAL - 2022-08-23 02:15:35 --> You have an error in your SQL syntax; check the manual that corresponds to your MySQL server version for the right syntax to use near 'SELECT COUNT(*) FROM tbl_announcement_track") as seen
FROM `tbl_addannouncements' at line 1
#0 /var/www/vhosts/hosting.iptvbillingsolution.com/public/sbp/system/Database/MySQLi/Connection.php(292): mysqli->query()
#1 /var/www/vhosts/hosting.iptvbillingsolution.com/public/sbp/system/Database/BaseConnection.php(670): CodeIgniter\Database\MySQLi\Connection->execute()
#2 /var/www/vhosts/hosting.iptvbillingsolution.com/public/sbp/system/Database/BaseConnection.php(598): CodeIgniter\Database\BaseConnection->simpleQuery()
#3 /var/www/vhosts/hosting.iptvbillingsolution.com/public/sbp/system/Database/BaseBuilder.php(1455): CodeIgniter\Database\BaseConnection->query()
#4 /var/www/vhosts/hosting.iptvbillingsolution.com/public/sbp/system/Model.php(728): CodeIgniter\Database\BaseBuilder->get()
#5 /var/www/vhosts/hosting.iptvbillingsolution.com/public/sbp/app/Controllers/Api.php(283): CodeIgniter\Model->__call()
#6 /var/www/vhosts/hosting.iptvbillingsolution.com/public/sbp/system/CodeIgniter.php(825): App\Controllers\Api->api()
#7 /var/www/vhosts/hosting.iptvbillingsolution.com/public/sbp/system/CodeIgniter.php(412): CodeIgniter\CodeIgniter->runController()
#8 /var/www/vhosts/hosting.iptvbillingsolution.com/public/sbp/system/CodeIgniter.php(320): CodeIgniter\CodeIgniter->handleRequest()
#9 /var/www/vhosts/hosting.iptvbillingsolution.com/public/sbp/index.php(37): CodeIgniter\CodeIgniter->run()
#10 {main}
ERROR - 2022-08-23 02:16:25 --> You have an error in your SQL syntax; check the manual that corresponds to your MySQL server version for the right syntax to use near 'SELECT COUNT(*) FROM tbl_announcement_track WHERE tbl_announcement_track.announc' at line 1
CRITICAL - 2022-08-23 02:16:25 --> You have an error in your SQL syntax; check the manual that corresponds to your MySQL server version for the right syntax to use near 'SELECT COUNT(*) FROM tbl_announcement_track WHERE tbl_announcement_track.announc' at line 1
#0 /var/www/vhosts/hosting.iptvbillingsolution.com/public/sbp/system/Database/MySQLi/Connection.php(292): mysqli->query()
#1 /var/www/vhosts/hosting.iptvbillingsolution.com/public/sbp/system/Database/BaseConnection.php(670): CodeIgniter\Database\MySQLi\Connection->execute()
#2 /var/www/vhosts/hosting.iptvbillingsolution.com/public/sbp/system/Database/BaseConnection.php(598): CodeIgniter\Database\BaseConnection->simpleQuery()
#3 /var/www/vhosts/hosting.iptvbillingsolution.com/public/sbp/system/Database/BaseBuilder.php(1455): CodeIgniter\Database\BaseConnection->query()
#4 /var/www/vhosts/hosting.iptvbillingsolution.com/public/sbp/system/Model.php(728): CodeIgniter\Database\BaseBuilder->get()
#5 /var/www/vhosts/hosting.iptvbillingsolution.com/public/sbp/app/Controllers/Api.php(283): CodeIgniter\Model->__call()
#6 /var/www/vhosts/hosting.iptvbillingsolution.com/public/sbp/system/CodeIgniter.php(825): App\Controllers\Api->api()
#7 /var/www/vhosts/hosting.iptvbillingsolution.com/public/sbp/system/CodeIgniter.php(412): CodeIgniter\CodeIgniter->runController()
#8 /var/www/vhosts/hosting.iptvbillingsolution.com/public/sbp/system/CodeIgniter.php(320): CodeIgniter\CodeIgniter->handleRequest()
#9 /var/www/vhosts/hosting.iptvbillingsolution.com/public/sbp/index.php(37): CodeIgniter\CodeIgniter->run()
#10 {main}
ERROR - 2022-08-23 02:16:27 --> You have an error in your SQL syntax; check the manual that corresponds to your MySQL server version for the right syntax to use near 'SELECT COUNT(*) FROM tbl_announcement_track WHERE tbl_announcement_track.announc' at line 1
CRITICAL - 2022-08-23 02:16:27 --> You have an error in your SQL syntax; check the manual that corresponds to your MySQL server version for the right syntax to use near 'SELECT COUNT(*) FROM tbl_announcement_track WHERE tbl_announcement_track.announc' at line 1
#0 /var/www/vhosts/hosting.iptvbillingsolution.com/public/sbp/system/Database/MySQLi/Connection.php(292): mysqli->query()
#1 /var/www/vhosts/hosting.iptvbillingsolution.com/public/sbp/system/Database/BaseConnection.php(670): CodeIgniter\Database\MySQLi\Connection->execute()
#2 /var/www/vhosts/hosting.iptvbillingsolution.com/public/sbp/system/Database/BaseConnection.php(598): CodeIgniter\Database\BaseConnection->simpleQuery()
#3 /var/www/vhosts/hosting.iptvbillingsolution.com/public/sbp/system/Database/BaseBuilder.php(1455): CodeIgniter\Database\BaseConnection->query()
#4 /var/www/vhosts/hosting.iptvbillingsolution.com/public/sbp/system/Model.php(728): CodeIgniter\Database\BaseBuilder->get()
#5 /var/www/vhosts/hosting.iptvbillingsolution.com/public/sbp/app/Controllers/Api.php(283): CodeIgniter\Model->__call()
#6 /var/www/vhosts/hosting.iptvbillingsolution.com/public/sbp/system/CodeIgniter.php(825): App\Controllers\Api->api()
#7 /var/www/vhosts/hosting.iptvbillingsolution.com/public/sbp/system/CodeIgniter.php(412): CodeIgniter\CodeIgniter->runController()
#8 /var/www/vhosts/hosting.iptvbillingsolution.com/public/sbp/system/CodeIgniter.php(320): CodeIgniter\CodeIgniter->handleRequest()
#9 /var/www/vhosts/hosting.iptvbillingsolution.com/public/sbp/index.php(37): CodeIgniter\CodeIgniter->run()
#10 {main}
CRITICAL - 2022-08-23 02:22:16 --> Class 'CodeIgniter\Database\RawSql' not found
#0 /var/www/vhosts/hosting.iptvbillingsolution.com/public/sbp/system/CodeIgniter.php(825): App\Controllers\Api->api()
#1 /var/www/vhosts/hosting.iptvbillingsolution.com/public/sbp/system/CodeIgniter.php(412): CodeIgniter\CodeIgniter->runController()
#2 /var/www/vhosts/hosting.iptvbillingsolution.com/public/sbp/system/CodeIgniter.php(320): CodeIgniter\CodeIgniter->handleRequest()
#3 /var/www/vhosts/hosting.iptvbillingsolution.com/public/sbp/index.php(37): CodeIgniter\CodeIgniter->run()
#4 {main}
CRITICAL - 2022-08-23 02:24:53 --> Class 'CodeIgniter\Database\RawSql' not found
#0 /var/www/vhosts/hosting.iptvbillingsolution.com/public/sbp/system/CodeIgniter.php(825): App\Controllers\Api->api()
#1 /var/www/vhosts/hosting.iptvbillingsolution.com/public/sbp/system/CodeIgniter.php(412): CodeIgniter\CodeIgniter->runController()
#2 /var/www/vhosts/hosting.iptvbillingsolution.com/public/sbp/system/CodeIgniter.php(320): CodeIgniter\CodeIgniter->handleRequest()
#3 /var/www/vhosts/hosting.iptvbillingsolution.com/public/sbp/index.php(37): CodeIgniter\CodeIgniter->run()
#4 {main}
CRITICAL - 2022-08-23 02:25:15 --> Class 'App\Controllers\RawSql' not found
#0 /var/www/vhosts/hosting.iptvbillingsolution.com/public/sbp/system/CodeIgniter.php(825): App\Controllers\Api->api()
#1 /var/www/vhosts/hosting.iptvbillingsolution.com/public/sbp/system/CodeIgniter.php(412): CodeIgniter\CodeIgniter->runController()
#2 /var/www/vhosts/hosting.iptvbillingsolution.com/public/sbp/system/CodeIgniter.php(320): CodeIgniter\CodeIgniter->handleRequest()
#3 /var/www/vhosts/hosting.iptvbillingsolution.com/public/sbp/index.php(37): CodeIgniter\CodeIgniter->run()
#4 {main}
CRITICAL - 2022-08-23 02:26:15 --> Class 'CodeIgniter\Database\RawSql' not found
#0 /var/www/vhosts/hosting.iptvbillingsolution.com/public/sbp/system/CodeIgniter.php(825): App\Controllers\Api->api()
#1 /var/www/vhosts/hosting.iptvbillingsolution.com/public/sbp/system/CodeIgniter.php(412): CodeIgniter\CodeIgniter->runController()
#2 /var/www/vhosts/hosting.iptvbillingsolution.com/public/sbp/system/CodeIgniter.php(320): CodeIgniter\CodeIgniter->handleRequest()
#3 /var/www/vhosts/hosting.iptvbillingsolution.com/public/sbp/index.php(37): CodeIgniter\CodeIgniter->run()
#4 {main}
CRITICAL - 2022-08-23 02:27:05 --> Call to undefined method CodeIgniter\Database\MySQLi\Connection::last_query()
#0 /var/www/vhosts/hosting.iptvbillingsolution.com/public/sbp/system/CodeIgniter.php(825): App\Controllers\Api->api()
#1 /var/www/vhosts/hosting.iptvbillingsolution.com/public/sbp/system/CodeIgniter.php(412): CodeIgniter\CodeIgniter->runController()
#2 /var/www/vhosts/hosting.iptvbillingsolution.com/public/sbp/system/CodeIgniter.php(320): CodeIgniter\CodeIgniter->handleRequest()
#3 /var/www/vhosts/hosting.iptvbillingsolution.com/public/sbp/index.php(37): CodeIgniter\CodeIgniter->run()
#4 {main}
ERROR - 2022-08-23 02:28:01 --> Unknown column 'tbl_addannouncements.id' in 'where clause'
CRITICAL - 2022-08-23 02:28:01 --> Unknown column 'tbl_addannouncements.id' in 'where clause'
#0 /var/www/vhosts/hosting.iptvbillingsolution.com/public/sbp/system/Database/MySQLi/Connection.php(292): mysqli->query()
#1 /var/www/vhosts/hosting.iptvbillingsolution.com/public/sbp/system/Database/BaseConnection.php(670): CodeIgniter\Database\MySQLi\Connection->execute()
#2 /var/www/vhosts/hosting.iptvbillingsolution.com/public/sbp/system/Database/BaseConnection.php(598): CodeIgniter\Database\BaseConnection->simpleQuery()
#3 /var/www/vhosts/hosting.iptvbillingsolution.com/public/sbp/app/Controllers/Api.php(284): CodeIgniter\Database\BaseConnection->query()
#4 /var/www/vhosts/hosting.iptvbillingsolution.com/public/sbp/system/CodeIgniter.php(825): App\Controllers\Api->api()
#5 /var/www/vhosts/hosting.iptvbillingsolution.com/public/sbp/system/CodeIgniter.php(412): CodeIgniter\CodeIgniter->runController()
#6 /var/www/vhosts/hosting.iptvbillingsolution.com/public/sbp/system/CodeIgniter.php(320): CodeIgniter\CodeIgniter->handleRequest()
#7 /var/www/vhosts/hosting.iptvbillingsolution.com/public/sbp/index.php(37): CodeIgniter\CodeIgniter->run()
#8 {main}
CRITICAL - 2022-08-23 02:28:37 --> Object of class CodeIgniter\Database\MySQLi\Result could not be converted to string
#0 /var/www/vhosts/hosting.iptvbillingsolution.com/public/sbp/system/CodeIgniter.php(825): App\Controllers\Api->api()
#1 /var/www/vhosts/hosting.iptvbillingsolution.com/public/sbp/system/CodeIgniter.php(412): CodeIgniter\CodeIgniter->runController()
#2 /var/www/vhosts/hosting.iptvbillingsolution.com/public/sbp/system/CodeIgniter.php(320): CodeIgniter\CodeIgniter->handleRequest()
#3 /var/www/vhosts/hosting.iptvbillingsolution.com/public/sbp/index.php(37): CodeIgniter\CodeIgniter->run()
#4 {main}
CRITICAL - 2022-08-23 02:31:03 --> Call to undefined method CodeIgniter\Database\MySQLi\Connection::count_all_results()
#0 /var/www/vhosts/hosting.iptvbillingsolution.com/public/sbp/system/CodeIgniter.php(825): App\Controllers\Api->api()
#1 /var/www/vhosts/hosting.iptvbillingsolution.com/public/sbp/system/CodeIgniter.php(412): CodeIgniter\CodeIgniter->runController()
#2 /var/www/vhosts/hosting.iptvbillingsolution.com/public/sbp/system/CodeIgniter.php(320): CodeIgniter\CodeIgniter->handleRequest()
#3 /var/www/vhosts/hosting.iptvbillingsolution.com/public/sbp/index.php(37): CodeIgniter\CodeIgniter->run()
#4 {main}
CRITICAL - 2022-08-23 02:31:55 --> Call to undefined method CodeIgniter\Database\MySQLi\Connection::from()
#0 /var/www/vhosts/hosting.iptvbillingsolution.com/public/sbp/system/CodeIgniter.php(825): App\Controllers\Api->api()
#1 /var/www/vhosts/hosting.iptvbillingsolution.com/public/sbp/system/CodeIgniter.php(412): CodeIgniter\CodeIgniter->runController()
#2 /var/www/vhosts/hosting.iptvbillingsolution.com/public/sbp/system/CodeIgniter.php(320): CodeIgniter\CodeIgniter->handleRequest()
#3 /var/www/vhosts/hosting.iptvbillingsolution.com/public/sbp/index.php(37): CodeIgniter\CodeIgniter->run()
#4 {main}
CRITICAL - 2022-08-23 02:34:11 --> Object of class CodeIgniter\Database\MySQLi\Result could not be converted to string
#0 /var/www/vhosts/hosting.iptvbillingsolution.com/public/sbp/system/CodeIgniter.php(825): App\Controllers\Api->api()
#1 /var/www/vhosts/hosting.iptvbillingsolution.com/public/sbp/system/CodeIgniter.php(412): CodeIgniter\CodeIgniter->runController()
#2 /var/www/vhosts/hosting.iptvbillingsolution.com/public/sbp/system/CodeIgniter.php(320): CodeIgniter\CodeIgniter->handleRequest()
#3 /var/www/vhosts/hosting.iptvbillingsolution.com/public/sbp/index.php(37): CodeIgniter\CodeIgniter->run()
#4 {main}
CRITICAL - 2022-08-23 02:35:35 --> Object of class CodeIgniter\Database\MySQLi\Result could not be converted to string
#0 /var/www/vhosts/hosting.iptvbillingsolution.com/public/sbp/system/CodeIgniter.php(825): App\Controllers\Api->api()
#1 /var/www/vhosts/hosting.iptvbillingsolution.com/public/sbp/system/CodeIgniter.php(412): CodeIgniter\CodeIgniter->runController()
#2 /var/www/vhosts/hosting.iptvbillingsolution.com/public/sbp/system/CodeIgniter.php(320): CodeIgniter\CodeIgniter->handleRequest()
#3 /var/www/vhosts/hosting.iptvbillingsolution.com/public/sbp/index.php(37): CodeIgniter\CodeIgniter->run()
#4 {main}
CRITICAL - 2022-08-23 02:36:22 --> Object of class CodeIgniter\Database\MySQLi\Result could not be converted to string
#0 /var/www/vhosts/hosting.iptvbillingsolution.com/public/sbp/system/CodeIgniter.php(825): App\Controllers\Api->api()
#1 /var/www/vhosts/hosting.iptvbillingsolution.com/public/sbp/system/CodeIgniter.php(412): CodeIgniter\CodeIgniter->runController()
#2 /var/www/vhosts/hosting.iptvbillingsolution.com/public/sbp/system/CodeIgniter.php(320): CodeIgniter\CodeIgniter->handleRequest()
#3 /var/www/vhosts/hosting.iptvbillingsolution.com/public/sbp/index.php(37): CodeIgniter\CodeIgniter->run()
#4 {main}
CRITICAL - 2022-08-23 02:37:59 --> Object of class CodeIgniter\Database\MySQLi\Result could not be converted to string
#0 /var/www/vhosts/hosting.iptvbillingsolution.com/public/sbp/system/CodeIgniter.php(825): App\Controllers\Api->api()
#1 /var/www/vhosts/hosting.iptvbillingsolution.com/public/sbp/system/CodeIgniter.php(412): CodeIgniter\CodeIgniter->runController()
#2 /var/www/vhosts/hosting.iptvbillingsolution.com/public/sbp/system/CodeIgniter.php(320): CodeIgniter\CodeIgniter->handleRequest()
#3 /var/www/vhosts/hosting.iptvbillingsolution.com/public/sbp/index.php(37): CodeIgniter\CodeIgniter->run()
#4 {main}
CRITICAL - 2022-08-23 02:39:21 --> Call to undefined method CodeIgniter\Database\MySQLi\Result::countAllResults()
#0 /var/www/vhosts/hosting.iptvbillingsolution.com/public/sbp/system/CodeIgniter.php(825): App\Controllers\Api->api()
#1 /var/www/vhosts/hosting.iptvbillingsolution.com/public/sbp/system/CodeIgniter.php(412): CodeIgniter\CodeIgniter->runController()
#2 /var/www/vhosts/hosting.iptvbillingsolution.com/public/sbp/system/CodeIgniter.php(320): CodeIgniter\CodeIgniter->handleRequest()
#3 /var/www/vhosts/hosting.iptvbillingsolution.com/public/sbp/index.php(37): CodeIgniter\CodeIgniter->run()
#4 {main}
CRITICAL - 2022-08-23 02:40:58 --> Undefined variable: db
#0 /var/www/vhosts/hosting.iptvbillingsolution.com/public/sbp/app/Controllers/Api.php(279): CodeIgniter\Debug\Exceptions->errorHandler()
#1 /var/www/vhosts/hosting.iptvbillingsolution.com/public/sbp/system/CodeIgniter.php(825): App\Controllers\Api->api()
#2 /var/www/vhosts/hosting.iptvbillingsolution.com/public/sbp/system/CodeIgniter.php(412): CodeIgniter\CodeIgniter->runController()
#3 /var/www/vhosts/hosting.iptvbillingsolution.com/public/sbp/system/CodeIgniter.php(320): CodeIgniter\CodeIgniter->handleRequest()
#4 /var/www/vhosts/hosting.iptvbillingsolution.com/public/sbp/index.php(37): CodeIgniter\CodeIgniter->run()
#5 {main}
CRITICAL - 2022-08-23 03:02:10 --> Undefined index: announcement
#0 /var/www/vhosts/hosting.iptvbillingsolution.com/public/sbp/app/Controllers/Api.php(345): CodeIgniter\Debug\Exceptions->errorHandler()
#1 /var/www/vhosts/hosting.iptvbillingsolution.com/public/sbp/system/CodeIgniter.php(825): App\Controllers\Api->api()
#2 /var/www/vhosts/hosting.iptvbillingsolution.com/public/sbp/system/CodeIgniter.php(412): CodeIgniter\CodeIgniter->runController()
#3 /var/www/vhosts/hosting.iptvbillingsolution.com/public/sbp/system/CodeIgniter.php(320): CodeIgniter\CodeIgniter->handleRequest()
#4 /var/www/vhosts/hosting.iptvbillingsolution.com/public/sbp/index.php(37): CodeIgniter\CodeIgniter->run()
#5 {main}
CRITICAL - 2022-08-23 03:17:13 --> Argument 1 passed to CodeIgniter\BaseModel::insertBatch() must be of the type array or null, string given, called in /var/www/vhosts/hosting.iptvbillingsolution.com/public/sbp/app/Controllers/Api.php on line 365
#0 /var/www/vhosts/hosting.iptvbillingsolution.com/public/sbp/app/Controllers/Api.php(365): CodeIgniter\BaseModel->insertBatch()
#1 /var/www/vhosts/hosting.iptvbillingsolution.com/public/sbp/system/CodeIgniter.php(825): App\Controllers\Api->api()
#2 /var/www/vhosts/hosting.iptvbillingsolution.com/public/sbp/system/CodeIgniter.php(412): CodeIgniter\CodeIgniter->runController()
#3 /var/www/vhosts/hosting.iptvbillingsolution.com/public/sbp/system/CodeIgniter.php(320): CodeIgniter\CodeIgniter->handleRequest()
#4 /var/www/vhosts/hosting.iptvbillingsolution.com/public/sbp/index.php(37): CodeIgniter\CodeIgniter->run()
#5 {main}
CRITICAL - 2022-08-23 04:28:35 --> syntax error, unexpected '(', expecting identifier (T_STRING) or variable (T_VARIABLE) or '{' or '$'
#0 /var/www/vhosts/hosting.iptvbillingsolution.com/public/sbp/system/Autoloader/Autoloader.php(241): CodeIgniter\Autoloader\Autoloader->includeFile()
#1 /var/www/vhosts/hosting.iptvbillingsolution.com/public/sbp/system/Autoloader/Autoloader.php(219): CodeIgniter\Autoloader\Autoloader->loadInNamespace()
#2 [internal function]: CodeIgniter\Autoloader\Autoloader->loadClass()
#3 [internal function]: spl_autoload_call()
#4 /var/www/vhosts/hosting.iptvbillingsolution.com/public/sbp/system/CodeIgniter.php(790): class_exists()
#5 /var/www/vhosts/hosting.iptvbillingsolution.com/public/sbp/system/CodeIgniter.php(399): CodeIgniter\CodeIgniter->startController()
#6 /var/www/vhosts/hosting.iptvbillingsolution.com/public/sbp/system/CodeIgniter.php(320): CodeIgniter\CodeIgniter->handleRequest()
#7 /var/www/vhosts/hosting.iptvbillingsolution.com/public/sbp/index.php(37): CodeIgniter\CodeIgniter->run()
#8 {main}
CRITICAL - 2022-08-23 04:28:36 --> syntax error, unexpected '(', expecting identifier (T_STRING) or variable (T_VARIABLE) or '{' or '$'
#0 /var/www/vhosts/hosting.iptvbillingsolution.com/public/sbp/system/Autoloader/Autoloader.php(241): CodeIgniter\Autoloader\Autoloader->includeFile()
#1 /var/www/vhosts/hosting.iptvbillingsolution.com/public/sbp/system/Autoloader/Autoloader.php(219): CodeIgniter\Autoloader\Autoloader->loadInNamespace()
#2 [internal function]: CodeIgniter\Autoloader\Autoloader->loadClass()
#3 [internal function]: spl_autoload_call()
#4 /var/www/vhosts/hosting.iptvbillingsolution.com/public/sbp/system/CodeIgniter.php(790): class_exists()
#5 /var/www/vhosts/hosting.iptvbillingsolution.com/public/sbp/system/CodeIgniter.php(399): CodeIgniter\CodeIgniter->startController()
#6 /var/www/vhosts/hosting.iptvbillingsolution.com/public/sbp/system/CodeIgniter.php(320): CodeIgniter\CodeIgniter->handleRequest()
#7 /var/www/vhosts/hosting.iptvbillingsolution.com/public/sbp/index.php(37): CodeIgniter\CodeIgniter->run()
#8 {main}
CRITICAL - 2022-08-23 04:32:08 --> Undefined property: stdClass::$0
#0 /var/www/vhosts/hosting.iptvbillingsolution.com/public/sbp/app/Controllers/Api.php(373): CodeIgniter\Debug\Exceptions->errorHandler()
#1 /var/www/vhosts/hosting.iptvbillingsolution.com/public/sbp/system/CodeIgniter.php(825): App\Controllers\Api->api()
#2 /var/www/vhosts/hosting.iptvbillingsolution.com/public/sbp/system/CodeIgniter.php(412): CodeIgniter\CodeIgniter->runController()
#3 /var/www/vhosts/hosting.iptvbillingsolution.com/public/sbp/system/CodeIgniter.php(320): CodeIgniter\CodeIgniter->handleRequest()
#4 /var/www/vhosts/hosting.iptvbillingsolution.com/public/sbp/index.php(37): CodeIgniter\CodeIgniter->run()
#5 {main}
CRITICAL - 2022-08-23 05:20:14 --> Undefined variable: totalTime
#0 /var/www/vhosts/hosting.iptvbillingsolution.com/public/sbp/system/Debug/Toolbar/Views/toolbar.tpl.php(40): CodeIgniter\Debug\Exceptions->errorHandler()
#1 /var/www/vhosts/hosting.iptvbillingsolution.com/public/sbp/system/Debug/Toolbar.php(501): include('/var/www/vhosts...')
#2 /var/www/vhosts/hosting.iptvbillingsolution.com/public/sbp/system/Debug/Toolbar.php(464): CodeIgniter\Debug\Toolbar->format()
#3 /var/www/vhosts/hosting.iptvbillingsolution.com/public/sbp/app/Config/Events.php(48): CodeIgniter\Debug\Toolbar->respond()
#4 /var/www/vhosts/hosting.iptvbillingsolution.com/public/sbp/system/Events/Events.php(149): CodeIgniter\Events\Events::Config\{closure}()
#5 /var/www/vhosts/hosting.iptvbillingsolution.com/public/sbp/system/CodeIgniter.php(302): CodeIgniter\Events\Events::trigger()
#6 /var/www/vhosts/hosting.iptvbillingsolution.com/public/sbp/index.php(37): CodeIgniter\CodeIgniter->run()
#7 {main}
CRITICAL - 2022-08-23 08:27:19 --> syntax error, unexpected 'orderBy' (T_STRING)
#0 /var/www/vhosts/hosting.iptvbillingsolution.com/public/sbp/system/Autoloader/Autoloader.php(241): CodeIgniter\Autoloader\Autoloader->includeFile()
#1 /var/www/vhosts/hosting.iptvbillingsolution.com/public/sbp/system/Autoloader/Autoloader.php(219): CodeIgniter\Autoloader\Autoloader->loadInNamespace()
#2 [internal function]: CodeIgniter\Autoloader\Autoloader->loadClass()
#3 [internal function]: spl_autoload_call()
#4 /var/www/vhosts/hosting.iptvbillingsolution.com/public/sbp/system/CodeIgniter.php(790): class_exists()
#5 /var/www/vhosts/hosting.iptvbillingsolution.com/public/sbp/system/CodeIgniter.php(399): CodeIgniter\CodeIgniter->startController()
#6 /var/www/vhosts/hosting.iptvbillingsolution.com/public/sbp/system/CodeIgniter.php(320): CodeIgniter\CodeIgniter->handleRequest()
#7 /var/www/vhosts/hosting.iptvbillingsolution.com/public/sbp/index.php(37): CodeIgniter\CodeIgniter->run()
#8 {main}
CRITICAL - 2022-08-23 08:29:19 --> syntax error, unexpected 'orderBy' (T_STRING)
#0 /var/www/vhosts/hosting.iptvbillingsolution.com/public/sbp/system/Autoloader/Autoloader.php(241): CodeIgniter\Autoloader\Autoloader->includeFile()
#1 /var/www/vhosts/hosting.iptvbillingsolution.com/public/sbp/system/Autoloader/Autoloader.php(219): CodeIgniter\Autoloader\Autoloader->loadInNamespace()
#2 [internal function]: CodeIgniter\Autoloader\Autoloader->loadClass()
#3 [internal function]: spl_autoload_call()
#4 /var/www/vhosts/hosting.iptvbillingsolution.com/public/sbp/system/CodeIgniter.php(790): class_exists()
#5 /var/www/vhosts/hosting.iptvbillingsolution.com/public/sbp/system/CodeIgniter.php(399): CodeIgniter\CodeIgniter->startController()
#6 /var/www/vhosts/hosting.iptvbillingsolution.com/public/sbp/system/CodeIgniter.php(320): CodeIgniter\CodeIgniter->handleRequest()
#7 /var/www/vhosts/hosting.iptvbillingsolution.com/public/sbp/index.php(37): CodeIgniter\CodeIgniter->run()
#8 {main}
CRITICAL - 2022-08-23 08:29:37 --> syntax error, unexpected 'orderBy' (T_STRING)
#0 /var/www/vhosts/hosting.iptvbillingsolution.com/public/sbp/system/Autoloader/Autoloader.php(241): CodeIgniter\Autoloader\Autoloader->includeFile()
#1 /var/www/vhosts/hosting.iptvbillingsolution.com/public/sbp/system/Autoloader/Autoloader.php(219): CodeIgniter\Autoloader\Autoloader->loadInNamespace()
#2 [internal function]: CodeIgniter\Autoloader\Autoloader->loadClass()
#3 [internal function]: spl_autoload_call()
#4 /var/www/vhosts/hosting.iptvbillingsolution.com/public/sbp/system/CodeIgniter.php(790): class_exists()
#5 /var/www/vhosts/hosting.iptvbillingsolution.com/public/sbp/system/CodeIgniter.php(399): CodeIgniter\CodeIgniter->startController()
#6 /var/www/vhosts/hosting.iptvbillingsolution.com/public/sbp/system/CodeIgniter.php(320): CodeIgniter\CodeIgniter->handleRequest()
#7 /var/www/vhosts/hosting.iptvbillingsolution.com/public/sbp/index.php(37): CodeIgniter\CodeIgniter->run()
#8 {main}
CRITICAL - 2022-08-23 08:30:08 --> syntax error, unexpected 'orderBy' (T_STRING)
#0 /var/www/vhosts/hosting.iptvbillingsolution.com/public/sbp/system/Autoloader/Autoloader.php(241): CodeIgniter\Autoloader\Autoloader->includeFile()
#1 /var/www/vhosts/hosting.iptvbillingsolution.com/public/sbp/system/Autoloader/Autoloader.php(219): CodeIgniter\Autoloader\Autoloader->loadInNamespace()
#2 [internal function]: CodeIgniter\Autoloader\Autoloader->loadClass()
#3 [internal function]: spl_autoload_call()
#4 /var/www/vhosts/hosting.iptvbillingsolution.com/public/sbp/system/CodeIgniter.php(790): class_exists()
#5 /var/www/vhosts/hosting.iptvbillingsolution.com/public/sbp/system/CodeIgniter.php(399): CodeIgniter\CodeIgniter->startController()
#6 /var/www/vhosts/hosting.iptvbillingsolution.com/public/sbp/system/CodeIgniter.php(320): CodeIgniter\CodeIgniter->handleRequest()
#7 /var/www/vhosts/hosting.iptvbillingsolution.com/public/sbp/index.php(37): CodeIgniter\CodeIgniter->run()
#8 {main}
CRITICAL - 2022-08-23 08:30:25 --> syntax error, unexpected 'orderBy' (T_STRING)
#0 /var/www/vhosts/hosting.iptvbillingsolution.com/public/sbp/system/Autoloader/Autoloader.php(241): CodeIgniter\Autoloader\Autoloader->includeFile()
#1 /var/www/vhosts/hosting.iptvbillingsolution.com/public/sbp/system/Autoloader/Autoloader.php(219): CodeIgniter\Autoloader\Autoloader->loadInNamespace()
#2 [internal function]: CodeIgniter\Autoloader\Autoloader->loadClass()
#3 [internal function]: spl_autoload_call()
#4 /var/www/vhosts/hosting.iptvbillingsolution.com/public/sbp/system/CodeIgniter.php(790): class_exists()
#5 /var/www/vhosts/hosting.iptvbillingsolution.com/public/sbp/system/CodeIgniter.php(399): CodeIgniter\CodeIgniter->startController()
#6 /var/www/vhosts/hosting.iptvbillingsolution.com/public/sbp/system/CodeIgniter.php(320): CodeIgniter\CodeIgniter->handleRequest()
#7 /var/www/vhosts/hosting.iptvbillingsolution.com/public/sbp/index.php(37): CodeIgniter\CodeIgniter->run()
#8 {main}
CRITICAL - 2022-08-23 08:31:07 --> syntax error, unexpected 'orderBy' (T_STRING)
#0 /var/www/vhosts/hosting.iptvbillingsolution.com/public/sbp/system/Autoloader/Autoloader.php(241): CodeIgniter\Autoloader\Autoloader->includeFile()
#1 /var/www/vhosts/hosting.iptvbillingsolution.com/public/sbp/system/Autoloader/Autoloader.php(219): CodeIgniter\Autoloader\Autoloader->loadInNamespace()
#2 [internal function]: CodeIgniter\Autoloader\Autoloader->loadClass()
#3 [internal function]: spl_autoload_call()
#4 /var/www/vhosts/hosting.iptvbillingsolution.com/public/sbp/system/CodeIgniter.php(790): class_exists()
#5 /var/www/vhosts/hosting.iptvbillingsolution.com/public/sbp/system/CodeIgniter.php(399): CodeIgniter\CodeIgniter->startController()
#6 /var/www/vhosts/hosting.iptvbillingsolution.com/public/sbp/system/CodeIgniter.php(320): CodeIgniter\CodeIgniter->handleRequest()
#7 /var/www/vhosts/hosting.iptvbillingsolution.com/public/sbp/index.php(37): CodeIgniter\CodeIgniter->run()
#8 {main}
