CRITICAL - 2022-08-05 00:04:48 --> Undefined property: App\Controllers\Security::$input
#0 /var/www/vhosts/hosting.iptvbillingsolution.com/public/testingsca/app/Controllers/Security.php(26): CodeIgniter\Debug\Exceptions->errorHandler()
#1 /var/www/vhosts/hosting.iptvbillingsolution.com/public/testingsca/system/CodeIgniter.php(825): App\Controllers\Security->security()
#2 /var/www/vhosts/hosting.iptvbillingsolution.com/public/testingsca/system/CodeIgniter.php(412): CodeIgniter\CodeIgniter->runController()
#3 /var/www/vhosts/hosting.iptvbillingsolution.com/public/testingsca/system/CodeIgniter.php(320): CodeIgniter\CodeIgniter->handleRequest()
#4 /var/www/vhosts/hosting.iptvbillingsolution.com/public/testingsca/public/index.php(37): CodeIgniter\CodeIgniter->run()
#5 {main}
CRITICAL - 2022-08-05 00:18:07 --> Call to undefined method CodeIgniter\HTTP\IncomingRequest::ip_address()
#0 /var/www/vhosts/hosting.iptvbillingsolution.com/public/testingsca/system/CodeIgniter.php(825): App\Controllers\Security->security()
#1 /var/www/vhosts/hosting.iptvbillingsolution.com/public/testingsca/system/CodeIgniter.php(412): CodeIgniter\CodeIgniter->runController()
#2 /var/www/vhosts/hosting.iptvbillingsolution.com/public/testingsca/system/CodeIgniter.php(320): CodeIgniter\CodeIgniter->handleRequest()
#3 /var/www/vhosts/hosting.iptvbillingsolution.com/public/testingsca/public/index.php(37): CodeIgniter\CodeIgniter->run()
#4 {main}
CRITICAL - 2022-08-05 00:45:12 --> syntax error, unexpected 'echo' (T_ECHO)
#0 /var/www/vhosts/hosting.iptvbillingsolution.com/public/testingsca/system/Autoloader/Autoloader.php(241): CodeIgniter\Autoloader\Autoloader->includeFile()
#1 /var/www/vhosts/hosting.iptvbillingsolution.com/public/testingsca/system/Autoloader/Autoloader.php(219): CodeIgniter\Autoloader\Autoloader->loadInNamespace()
#2 [internal function]: CodeIgniter\Autoloader\Autoloader->loadClass()
#3 [internal function]: spl_autoload_call()
#4 /var/www/vhosts/hosting.iptvbillingsolution.com/public/testingsca/system/CodeIgniter.php(790): class_exists()
#5 /var/www/vhosts/hosting.iptvbillingsolution.com/public/testingsca/system/CodeIgniter.php(399): CodeIgniter\CodeIgniter->startController()
#6 /var/www/vhosts/hosting.iptvbillingsolution.com/public/testingsca/system/CodeIgniter.php(320): CodeIgniter\CodeIgniter->handleRequest()
#7 /var/www/vhosts/hosting.iptvbillingsolution.com/public/testingsca/public/index.php(37): CodeIgniter\CodeIgniter->run()
#8 {main}
CRITICAL - 2022-08-05 01:10:28 --> Decrypting: authentication failed.
#0 /var/www/vhosts/hosting.iptvbillingsolution.com/public/testingsca/system/Encryption/Handlers/OpenSSLHandler.php(98): CodeIgniter\Encryption\Exceptions\EncryptionException::forAuthenticationFailed()
#1 /var/www/vhosts/hosting.iptvbillingsolution.com/public/testingsca/app/Controllers/BaseController.php(191): CodeIgniter\Encryption\Handlers\OpenSSLHandler->decrypt()
#2 /var/www/vhosts/hosting.iptvbillingsolution.com/public/testingsca/app/Controllers/Login.php(75): App\Controllers\BaseController->customencrption()
#3 /var/www/vhosts/hosting.iptvbillingsolution.com/public/testingsca/system/CodeIgniter.php(825): App\Controllers\Login->login()
#4 /var/www/vhosts/hosting.iptvbillingsolution.com/public/testingsca/system/CodeIgniter.php(412): CodeIgniter\CodeIgniter->runController()
#5 /var/www/vhosts/hosting.iptvbillingsolution.com/public/testingsca/system/CodeIgniter.php(320): CodeIgniter\CodeIgniter->handleRequest()
#6 /var/www/vhosts/hosting.iptvbillingsolution.com/public/testingsca/public/index.php(37): CodeIgniter\CodeIgniter->run()
#7 {main}
CRITICAL - 2022-08-05 01:16:36 --> Trying to get property 'success' of non-object
#0 /var/www/vhosts/hosting.iptvbillingsolution.com/public/testingsca/app/Controllers/Login.php(92): CodeIgniter\Debug\Exceptions->errorHandler()
#1 /var/www/vhosts/hosting.iptvbillingsolution.com/public/testingsca/system/CodeIgniter.php(825): App\Controllers\Login->login()
#2 /var/www/vhosts/hosting.iptvbillingsolution.com/public/testingsca/system/CodeIgniter.php(412): CodeIgniter\CodeIgniter->runController()
#3 /var/www/vhosts/hosting.iptvbillingsolution.com/public/testingsca/system/CodeIgniter.php(320): CodeIgniter\CodeIgniter->handleRequest()
#4 /var/www/vhosts/hosting.iptvbillingsolution.com/public/testingsca/public/index.php(37): CodeIgniter\CodeIgniter->run()
#5 {main}
CRITICAL - 2022-08-05 01:16:56 --> Illegal string offset 'success'
#0 /var/www/vhosts/hosting.iptvbillingsolution.com/public/testingsca/app/Controllers/Login.php(92): CodeIgniter\Debug\Exceptions->errorHandler()
#1 /var/www/vhosts/hosting.iptvbillingsolution.com/public/testingsca/system/CodeIgniter.php(825): App\Controllers\Login->login()
#2 /var/www/vhosts/hosting.iptvbillingsolution.com/public/testingsca/system/CodeIgniter.php(412): CodeIgniter\CodeIgniter->runController()
#3 /var/www/vhosts/hosting.iptvbillingsolution.com/public/testingsca/system/CodeIgniter.php(320): CodeIgniter\CodeIgniter->handleRequest()
#4 /var/www/vhosts/hosting.iptvbillingsolution.com/public/testingsca/public/index.php(37): CodeIgniter\CodeIgniter->run()
#5 {main}
CRITICAL - 2022-08-05 01:28:37 --> Undefined property: CodeIgniter\View\View::$securitymodel
#0 /var/www/vhosts/hosting.iptvbillingsolution.com/public/testingsca/app/Views/login.php(209): CodeIgniter\Debug\Exceptions->errorHandler()
#1 /var/www/vhosts/hosting.iptvbillingsolution.com/public/testingsca/system/View/View.php(210): include('/var/www/vhosts...')
#2 /var/www/vhosts/hosting.iptvbillingsolution.com/public/testingsca/system/View/View.php(213): CodeIgniter\View\View->CodeIgniter\View\{closure}()
#3 /var/www/vhosts/hosting.iptvbillingsolution.com/public/testingsca/system/Common.php(1089): CodeIgniter\View\View->render()
#4 /var/www/vhosts/hosting.iptvbillingsolution.com/public/testingsca/app/Controllers/Login.php(209): view()
#5 /var/www/vhosts/hosting.iptvbillingsolution.com/public/testingsca/system/CodeIgniter.php(825): App\Controllers\Login->login()
#6 /var/www/vhosts/hosting.iptvbillingsolution.com/public/testingsca/system/CodeIgniter.php(412): CodeIgniter\CodeIgniter->runController()
#7 /var/www/vhosts/hosting.iptvbillingsolution.com/public/testingsca/system/CodeIgniter.php(320): CodeIgniter\CodeIgniter->handleRequest()
#8 /var/www/vhosts/hosting.iptvbillingsolution.com/public/testingsca/public/index.php(37): CodeIgniter\CodeIgniter->run()
#9 {main}
CRITICAL - 2022-08-05 01:32:44 --> syntax error, unexpected '$data' (T_VARIABLE)
#0 /var/www/vhosts/hosting.iptvbillingsolution.com/public/testingsca/system/Autoloader/Autoloader.php(241): CodeIgniter\Autoloader\Autoloader->includeFile()
#1 /var/www/vhosts/hosting.iptvbillingsolution.com/public/testingsca/system/Autoloader/Autoloader.php(219): CodeIgniter\Autoloader\Autoloader->loadInNamespace()
#2 [internal function]: CodeIgniter\Autoloader\Autoloader->loadClass()
#3 [internal function]: spl_autoload_call()
#4 /var/www/vhosts/hosting.iptvbillingsolution.com/public/testingsca/system/CodeIgniter.php(790): class_exists()
#5 /var/www/vhosts/hosting.iptvbillingsolution.com/public/testingsca/system/CodeIgniter.php(399): CodeIgniter\CodeIgniter->startController()
#6 /var/www/vhosts/hosting.iptvbillingsolution.com/public/testingsca/system/CodeIgniter.php(320): CodeIgniter\CodeIgniter->handleRequest()
#7 /var/www/vhosts/hosting.iptvbillingsolution.com/public/testingsca/public/index.php(37): CodeIgniter\CodeIgniter->run()
#8 {main}
CRITICAL - 2022-08-05 01:33:06 --> syntax error, unexpected '$data' (T_VARIABLE)
#0 /var/www/vhosts/hosting.iptvbillingsolution.com/public/testingsca/system/Autoloader/Autoloader.php(241): CodeIgniter\Autoloader\Autoloader->includeFile()
#1 /var/www/vhosts/hosting.iptvbillingsolution.com/public/testingsca/system/Autoloader/Autoloader.php(219): CodeIgniter\Autoloader\Autoloader->loadInNamespace()
#2 [internal function]: CodeIgniter\Autoloader\Autoloader->loadClass()
#3 [internal function]: spl_autoload_call()
#4 /var/www/vhosts/hosting.iptvbillingsolution.com/public/testingsca/system/CodeIgniter.php(790): class_exists()
#5 /var/www/vhosts/hosting.iptvbillingsolution.com/public/testingsca/system/CodeIgniter.php(399): CodeIgniter\CodeIgniter->startController()
#6 /var/www/vhosts/hosting.iptvbillingsolution.com/public/testingsca/system/CodeIgniter.php(320): CodeIgniter\CodeIgniter->handleRequest()
#7 /var/www/vhosts/hosting.iptvbillingsolution.com/public/testingsca/public/index.php(37): CodeIgniter\CodeIgniter->run()
#8 {main}
CRITICAL - 2022-08-05 01:33:44 --> syntax error, unexpected '$data' (T_VARIABLE)
#0 /var/www/vhosts/hosting.iptvbillingsolution.com/public/testingsca/system/Autoloader/Autoloader.php(241): CodeIgniter\Autoloader\Autoloader->includeFile()
#1 /var/www/vhosts/hosting.iptvbillingsolution.com/public/testingsca/system/Autoloader/Autoloader.php(219): CodeIgniter\Autoloader\Autoloader->loadInNamespace()
#2 [internal function]: CodeIgniter\Autoloader\Autoloader->loadClass()
#3 [internal function]: spl_autoload_call()
#4 /var/www/vhosts/hosting.iptvbillingsolution.com/public/testingsca/system/CodeIgniter.php(790): class_exists()
#5 /var/www/vhosts/hosting.iptvbillingsolution.com/public/testingsca/system/CodeIgniter.php(399): CodeIgniter\CodeIgniter->startController()
#6 /var/www/vhosts/hosting.iptvbillingsolution.com/public/testingsca/system/CodeIgniter.php(320): CodeIgniter\CodeIgniter->handleRequest()
#7 /var/www/vhosts/hosting.iptvbillingsolution.com/public/testingsca/public/index.php(37): CodeIgniter\CodeIgniter->run()
#8 {main}
CRITICAL - 2022-08-05 01:34:05 --> syntax error, unexpected '$data' (T_VARIABLE), expecting ')'
#0 /var/www/vhosts/hosting.iptvbillingsolution.com/public/testingsca/system/Autoloader/Autoloader.php(241): CodeIgniter\Autoloader\Autoloader->includeFile()
#1 /var/www/vhosts/hosting.iptvbillingsolution.com/public/testingsca/system/Autoloader/Autoloader.php(219): CodeIgniter\Autoloader\Autoloader->loadInNamespace()
#2 [internal function]: CodeIgniter\Autoloader\Autoloader->loadClass()
#3 [internal function]: spl_autoload_call()
#4 /var/www/vhosts/hosting.iptvbillingsolution.com/public/testingsca/system/CodeIgniter.php(790): class_exists()
#5 /var/www/vhosts/hosting.iptvbillingsolution.com/public/testingsca/system/CodeIgniter.php(399): CodeIgniter\CodeIgniter->startController()
#6 /var/www/vhosts/hosting.iptvbillingsolution.com/public/testingsca/system/CodeIgniter.php(320): CodeIgniter\CodeIgniter->handleRequest()
#7 /var/www/vhosts/hosting.iptvbillingsolution.com/public/testingsca/public/index.php(37): CodeIgniter\CodeIgniter->run()
#8 {main}
CRITICAL - 2022-08-05 01:34:19 --> syntax error, unexpected end of file
#0 /var/www/vhosts/hosting.iptvbillingsolution.com/public/testingsca/system/View/View.php(213): CodeIgniter\View\View->CodeIgniter\View\{closure}()
#1 /var/www/vhosts/hosting.iptvbillingsolution.com/public/testingsca/system/Common.php(1089): CodeIgniter\View\View->render()
#2 /var/www/vhosts/hosting.iptvbillingsolution.com/public/testingsca/app/Controllers/Login.php(209): view()
#3 /var/www/vhosts/hosting.iptvbillingsolution.com/public/testingsca/system/CodeIgniter.php(825): App\Controllers\Login->login()
#4 /var/www/vhosts/hosting.iptvbillingsolution.com/public/testingsca/system/CodeIgniter.php(412): CodeIgniter\CodeIgniter->runController()
#5 /var/www/vhosts/hosting.iptvbillingsolution.com/public/testingsca/system/CodeIgniter.php(320): CodeIgniter\CodeIgniter->handleRequest()
#6 /var/www/vhosts/hosting.iptvbillingsolution.com/public/testingsca/public/index.php(37): CodeIgniter\CodeIgniter->run()
#7 {main}
CRITICAL - 2022-08-05 01:34:58 --> syntax error, unexpected end of file
#0 /var/www/vhosts/hosting.iptvbillingsolution.com/public/testingsca/system/View/View.php(213): CodeIgniter\View\View->CodeIgniter\View\{closure}()
#1 /var/www/vhosts/hosting.iptvbillingsolution.com/public/testingsca/system/Common.php(1089): CodeIgniter\View\View->render()
#2 /var/www/vhosts/hosting.iptvbillingsolution.com/public/testingsca/app/Controllers/Login.php(219): view()
#3 /var/www/vhosts/hosting.iptvbillingsolution.com/public/testingsca/system/CodeIgniter.php(825): App\Controllers\Login->login()
#4 /var/www/vhosts/hosting.iptvbillingsolution.com/public/testingsca/system/CodeIgniter.php(412): CodeIgniter\CodeIgniter->runController()
#5 /var/www/vhosts/hosting.iptvbillingsolution.com/public/testingsca/system/CodeIgniter.php(320): CodeIgniter\CodeIgniter->handleRequest()
#6 /var/www/vhosts/hosting.iptvbillingsolution.com/public/testingsca/public/index.php(37): CodeIgniter\CodeIgniter->run()
#7 {main}
CRITICAL - 2022-08-05 01:35:01 --> syntax error, unexpected end of file
#0 /var/www/vhosts/hosting.iptvbillingsolution.com/public/testingsca/system/View/View.php(213): CodeIgniter\View\View->CodeIgniter\View\{closure}()
#1 /var/www/vhosts/hosting.iptvbillingsolution.com/public/testingsca/system/Common.php(1089): CodeIgniter\View\View->render()
#2 /var/www/vhosts/hosting.iptvbillingsolution.com/public/testingsca/app/Controllers/Login.php(219): view()
#3 /var/www/vhosts/hosting.iptvbillingsolution.com/public/testingsca/system/CodeIgniter.php(825): App\Controllers\Login->login()
#4 /var/www/vhosts/hosting.iptvbillingsolution.com/public/testingsca/system/CodeIgniter.php(412): CodeIgniter\CodeIgniter->runController()
#5 /var/www/vhosts/hosting.iptvbillingsolution.com/public/testingsca/system/CodeIgniter.php(320): CodeIgniter\CodeIgniter->handleRequest()
#6 /var/www/vhosts/hosting.iptvbillingsolution.com/public/testingsca/public/index.php(37): CodeIgniter\CodeIgniter->run()
#7 {main}
CRITICAL - 2022-08-05 01:35:11 --> syntax error, unexpected end of file
#0 /var/www/vhosts/hosting.iptvbillingsolution.com/public/testingsca/system/View/View.php(213): CodeIgniter\View\View->CodeIgniter\View\{closure}()
#1 /var/www/vhosts/hosting.iptvbillingsolution.com/public/testingsca/system/Common.php(1089): CodeIgniter\View\View->render()
#2 /var/www/vhosts/hosting.iptvbillingsolution.com/public/testingsca/app/Controllers/Login.php(219): view()
#3 /var/www/vhosts/hosting.iptvbillingsolution.com/public/testingsca/system/CodeIgniter.php(825): App\Controllers\Login->login()
#4 /var/www/vhosts/hosting.iptvbillingsolution.com/public/testingsca/system/CodeIgniter.php(412): CodeIgniter\CodeIgniter->runController()
#5 /var/www/vhosts/hosting.iptvbillingsolution.com/public/testingsca/system/CodeIgniter.php(320): CodeIgniter\CodeIgniter->handleRequest()
#6 /var/www/vhosts/hosting.iptvbillingsolution.com/public/testingsca/public/index.php(37): CodeIgniter\CodeIgniter->run()
#7 {main}
CRITICAL - 2022-08-05 01:56:21 --> Decrypting: authentication failed.
#0 /var/www/vhosts/hosting.iptvbillingsolution.com/public/testingsca/system/Encryption/Handlers/OpenSSLHandler.php(98): CodeIgniter\Encryption\Exceptions\EncryptionException::forAuthenticationFailed()
#1 /var/www/vhosts/hosting.iptvbillingsolution.com/public/testingsca/app/Controllers/BaseController.php(191): CodeIgniter\Encryption\Handlers\OpenSSLHandler->decrypt()
#2 /var/www/vhosts/hosting.iptvbillingsolution.com/public/testingsca/app/Controllers/Login.php(75): App\Controllers\BaseController->customencrption()
#3 /var/www/vhosts/hosting.iptvbillingsolution.com/public/testingsca/system/CodeIgniter.php(825): App\Controllers\Login->login()
#4 /var/www/vhosts/hosting.iptvbillingsolution.com/public/testingsca/system/CodeIgniter.php(412): CodeIgniter\CodeIgniter->runController()
#5 /var/www/vhosts/hosting.iptvbillingsolution.com/public/testingsca/system/CodeIgniter.php(320): CodeIgniter\CodeIgniter->handleRequest()
#6 /var/www/vhosts/hosting.iptvbillingsolution.com/public/testingsca/public/index.php(37): CodeIgniter\CodeIgniter->run()
#7 {main}
CRITICAL - 2022-08-05 02:02:21 --> Call to undefined method CodeIgniter\View\View::checkrecaptchdetails()
#0 /var/www/vhosts/hosting.iptvbillingsolution.com/public/testingsca/system/View/View.php(210): include()
#1 /var/www/vhosts/hosting.iptvbillingsolution.com/public/testingsca/system/View/View.php(213): CodeIgniter\View\View->CodeIgniter\View\{closure}()
#2 /var/www/vhosts/hosting.iptvbillingsolution.com/public/testingsca/system/Common.php(1089): CodeIgniter\View\View->render()
#3 /var/www/vhosts/hosting.iptvbillingsolution.com/public/testingsca/app/Controllers/Login.php(207): view()
#4 /var/www/vhosts/hosting.iptvbillingsolution.com/public/testingsca/system/CodeIgniter.php(825): App\Controllers\Login->login()
#5 /var/www/vhosts/hosting.iptvbillingsolution.com/public/testingsca/system/CodeIgniter.php(412): CodeIgniter\CodeIgniter->runController()
#6 /var/www/vhosts/hosting.iptvbillingsolution.com/public/testingsca/system/CodeIgniter.php(320): CodeIgniter\CodeIgniter->handleRequest()
#7 /var/www/vhosts/hosting.iptvbillingsolution.com/public/testingsca/public/index.php(37): CodeIgniter\CodeIgniter->run()
#8 {main}
CRITICAL - 2022-08-05 02:13:31 --> syntax error, unexpected '$sitekey' (T_VARIABLE)
#0 /var/www/vhosts/hosting.iptvbillingsolution.com/public/testingsca/system/View/View.php(213): CodeIgniter\View\View->CodeIgniter\View\{closure}()
#1 /var/www/vhosts/hosting.iptvbillingsolution.com/public/testingsca/system/Common.php(1089): CodeIgniter\View\View->render()
#2 /var/www/vhosts/hosting.iptvbillingsolution.com/public/testingsca/app/Controllers/Login.php(212): view()
#3 /var/www/vhosts/hosting.iptvbillingsolution.com/public/testingsca/system/CodeIgniter.php(825): App\Controllers\Login->login()
#4 /var/www/vhosts/hosting.iptvbillingsolution.com/public/testingsca/system/CodeIgniter.php(412): CodeIgniter\CodeIgniter->runController()
#5 /var/www/vhosts/hosting.iptvbillingsolution.com/public/testingsca/system/CodeIgniter.php(320): CodeIgniter\CodeIgniter->handleRequest()
#6 /var/www/vhosts/hosting.iptvbillingsolution.com/public/testingsca/public/index.php(37): CodeIgniter\CodeIgniter->run()
#7 {main}
CRITICAL - 2022-08-05 02:27:41 --> Undefined property: CodeIgniter\View\View::$request
#0 /var/www/vhosts/hosting.iptvbillingsolution.com/public/testingsca/app/Views/login.php(222): CodeIgniter\Debug\Exceptions->errorHandler()
#1 /var/www/vhosts/hosting.iptvbillingsolution.com/public/testingsca/system/View/View.php(210): include('/var/www/vhosts...')
#2 /var/www/vhosts/hosting.iptvbillingsolution.com/public/testingsca/system/View/View.php(213): CodeIgniter\View\View->CodeIgniter\View\{closure}()
#3 /var/www/vhosts/hosting.iptvbillingsolution.com/public/testingsca/system/Common.php(1089): CodeIgniter\View\View->render()
#4 /var/www/vhosts/hosting.iptvbillingsolution.com/public/testingsca/app/Controllers/Login.php(65): view()
#5 /var/www/vhosts/hosting.iptvbillingsolution.com/public/testingsca/system/CodeIgniter.php(825): App\Controllers\Login->login()
#6 /var/www/vhosts/hosting.iptvbillingsolution.com/public/testingsca/system/CodeIgniter.php(412): CodeIgniter\CodeIgniter->runController()
#7 /var/www/vhosts/hosting.iptvbillingsolution.com/public/testingsca/system/CodeIgniter.php(320): CodeIgniter\CodeIgniter->handleRequest()
#8 /var/www/vhosts/hosting.iptvbillingsolution.com/public/testingsca/public/index.php(37): CodeIgniter\CodeIgniter->run()
#9 {main}
CRITICAL - 2022-08-05 02:32:55 --> Undefined variable: secratekey
#0 /var/www/vhosts/hosting.iptvbillingsolution.com/public/testingsca/app/Controllers/BaseController.php(319): CodeIgniter\Debug\Exceptions->errorHandler()
#1 /var/www/vhosts/hosting.iptvbillingsolution.com/public/testingsca/app/Views/login.php(15): App\Controllers\BaseController->checkrecaptchdetails()
#2 /var/www/vhosts/hosting.iptvbillingsolution.com/public/testingsca/system/View/View.php(210): include('/var/www/vhosts...')
#3 /var/www/vhosts/hosting.iptvbillingsolution.com/public/testingsca/system/View/View.php(213): CodeIgniter\View\View->CodeIgniter\View\{closure}()
#4 /var/www/vhosts/hosting.iptvbillingsolution.com/public/testingsca/system/Common.php(1089): CodeIgniter\View\View->render()
#5 /var/www/vhosts/hosting.iptvbillingsolution.com/public/testingsca/app/Controllers/Login.php(186): view()
#6 /var/www/vhosts/hosting.iptvbillingsolution.com/public/testingsca/system/CodeIgniter.php(825): App\Controllers\Login->login()
#7 /var/www/vhosts/hosting.iptvbillingsolution.com/public/testingsca/system/CodeIgniter.php(412): CodeIgniter\CodeIgniter->runController()
#8 /var/www/vhosts/hosting.iptvbillingsolution.com/public/testingsca/system/CodeIgniter.php(320): CodeIgniter\CodeIgniter->handleRequest()
#9 /var/www/vhosts/hosting.iptvbillingsolution.com/public/testingsca/public/index.php(37): CodeIgniter\CodeIgniter->run()
#10 {main}
CRITICAL - 2022-08-05 02:33:30 --> Call to undefined method CodeIgniter\HTTP\Response::getVar()
#0 /var/www/vhosts/hosting.iptvbillingsolution.com/public/testingsca/app/Views/login.php(15): App\Controllers\BaseController->checkrecaptchdetails()
#1 /var/www/vhosts/hosting.iptvbillingsolution.com/public/testingsca/system/View/View.php(210): include('/var/www/vhosts...')
#2 /var/www/vhosts/hosting.iptvbillingsolution.com/public/testingsca/system/View/View.php(213): CodeIgniter\View\View->CodeIgniter\View\{closure}()
#3 /var/www/vhosts/hosting.iptvbillingsolution.com/public/testingsca/system/Common.php(1089): CodeIgniter\View\View->render()
#4 /var/www/vhosts/hosting.iptvbillingsolution.com/public/testingsca/app/Controllers/Login.php(186): view()
#5 /var/www/vhosts/hosting.iptvbillingsolution.com/public/testingsca/system/CodeIgniter.php(825): App\Controllers\Login->login()
#6 /var/www/vhosts/hosting.iptvbillingsolution.com/public/testingsca/system/CodeIgniter.php(412): CodeIgniter\CodeIgniter->runController()
#7 /var/www/vhosts/hosting.iptvbillingsolution.com/public/testingsca/system/CodeIgniter.php(320): CodeIgniter\CodeIgniter->handleRequest()
#8 /var/www/vhosts/hosting.iptvbillingsolution.com/public/testingsca/public/index.php(37): CodeIgniter\CodeIgniter->run()
#9 {main}
CRITICAL - 2022-08-05 02:39:14 --> Undefined property: CodeIgniter\View\View::$response
#0 /var/www/vhosts/hosting.iptvbillingsolution.com/public/testingsca/app/Views/login.php(23): CodeIgniter\Debug\Exceptions->errorHandler()
#1 /var/www/vhosts/hosting.iptvbillingsolution.com/public/testingsca/system/View/View.php(210): include('/var/www/vhosts...')
#2 /var/www/vhosts/hosting.iptvbillingsolution.com/public/testingsca/system/View/View.php(213): CodeIgniter\View\View->CodeIgniter\View\{closure}()
#3 /var/www/vhosts/hosting.iptvbillingsolution.com/public/testingsca/system/Common.php(1089): CodeIgniter\View\View->render()
#4 /var/www/vhosts/hosting.iptvbillingsolution.com/public/testingsca/app/Controllers/Login.php(186): view()
#5 /var/www/vhosts/hosting.iptvbillingsolution.com/public/testingsca/system/CodeIgniter.php(825): App\Controllers\Login->login()
#6 /var/www/vhosts/hosting.iptvbillingsolution.com/public/testingsca/system/CodeIgniter.php(412): CodeIgniter\CodeIgniter->runController()
#7 /var/www/vhosts/hosting.iptvbillingsolution.com/public/testingsca/system/CodeIgniter.php(320): CodeIgniter\CodeIgniter->handleRequest()
#8 /var/www/vhosts/hosting.iptvbillingsolution.com/public/testingsca/public/index.php(37): CodeIgniter\CodeIgniter->run()
#9 {main}
CRITICAL - 2022-08-05 02:39:39 --> Undefined index: g-recaptcha-response
#0 /var/www/vhosts/hosting.iptvbillingsolution.com/public/testingsca/app/Views/login.php(23): CodeIgniter\Debug\Exceptions->errorHandler()
#1 /var/www/vhosts/hosting.iptvbillingsolution.com/public/testingsca/system/View/View.php(210): include('/var/www/vhosts...')
#2 /var/www/vhosts/hosting.iptvbillingsolution.com/public/testingsca/system/View/View.php(213): CodeIgniter\View\View->CodeIgniter\View\{closure}()
#3 /var/www/vhosts/hosting.iptvbillingsolution.com/public/testingsca/system/Common.php(1089): CodeIgniter\View\View->render()
#4 /var/www/vhosts/hosting.iptvbillingsolution.com/public/testingsca/app/Controllers/Login.php(186): view()
#5 /var/www/vhosts/hosting.iptvbillingsolution.com/public/testingsca/system/CodeIgniter.php(825): App\Controllers\Login->login()
#6 /var/www/vhosts/hosting.iptvbillingsolution.com/public/testingsca/system/CodeIgniter.php(412): CodeIgniter\CodeIgniter->runController()
#7 /var/www/vhosts/hosting.iptvbillingsolution.com/public/testingsca/system/CodeIgniter.php(320): CodeIgniter\CodeIgniter->handleRequest()
#8 /var/www/vhosts/hosting.iptvbillingsolution.com/public/testingsca/public/index.php(37): CodeIgniter\CodeIgniter->run()
#9 {main}
CRITICAL - 2022-08-05 02:40:22 --> Undefined index: g-recaptcha-response
#0 /var/www/vhosts/hosting.iptvbillingsolution.com/public/testingsca/app/Views/login.php(23): CodeIgniter\Debug\Exceptions->errorHandler()
#1 /var/www/vhosts/hosting.iptvbillingsolution.com/public/testingsca/system/View/View.php(210): include('/var/www/vhosts...')
#2 /var/www/vhosts/hosting.iptvbillingsolution.com/public/testingsca/system/View/View.php(213): CodeIgniter\View\View->CodeIgniter\View\{closure}()
#3 /var/www/vhosts/hosting.iptvbillingsolution.com/public/testingsca/system/Common.php(1089): CodeIgniter\View\View->render()
#4 /var/www/vhosts/hosting.iptvbillingsolution.com/public/testingsca/app/Controllers/Login.php(186): view()
#5 /var/www/vhosts/hosting.iptvbillingsolution.com/public/testingsca/system/CodeIgniter.php(825): App\Controllers\Login->login()
#6 /var/www/vhosts/hosting.iptvbillingsolution.com/public/testingsca/system/CodeIgniter.php(412): CodeIgniter\CodeIgniter->runController()
#7 /var/www/vhosts/hosting.iptvbillingsolution.com/public/testingsca/system/CodeIgniter.php(320): CodeIgniter\CodeIgniter->handleRequest()
#8 /var/www/vhosts/hosting.iptvbillingsolution.com/public/testingsca/public/index.php(37): CodeIgniter\CodeIgniter->run()
#9 {main}
CRITICAL - 2022-08-05 02:40:53 --> Undefined variable: _post
#0 /var/www/vhosts/hosting.iptvbillingsolution.com/public/testingsca/app/Views/login.php(23): CodeIgniter\Debug\Exceptions->errorHandler()
#1 /var/www/vhosts/hosting.iptvbillingsolution.com/public/testingsca/system/View/View.php(210): include('/var/www/vhosts...')
#2 /var/www/vhosts/hosting.iptvbillingsolution.com/public/testingsca/system/View/View.php(213): CodeIgniter\View\View->CodeIgniter\View\{closure}()
#3 /var/www/vhosts/hosting.iptvbillingsolution.com/public/testingsca/system/Common.php(1089): CodeIgniter\View\View->render()
#4 /var/www/vhosts/hosting.iptvbillingsolution.com/public/testingsca/app/Controllers/Login.php(186): view()
#5 /var/www/vhosts/hosting.iptvbillingsolution.com/public/testingsca/system/CodeIgniter.php(825): App\Controllers\Login->login()
#6 /var/www/vhosts/hosting.iptvbillingsolution.com/public/testingsca/system/CodeIgniter.php(412): CodeIgniter\CodeIgniter->runController()
#7 /var/www/vhosts/hosting.iptvbillingsolution.com/public/testingsca/system/CodeIgniter.php(320): CodeIgniter\CodeIgniter->handleRequest()
#8 /var/www/vhosts/hosting.iptvbillingsolution.com/public/testingsca/public/index.php(37): CodeIgniter\CodeIgniter->run()
#9 {main}
CRITICAL - 2022-08-05 02:41:08 --> Undefined index: g-recaptcha
#0 /var/www/vhosts/hosting.iptvbillingsolution.com/public/testingsca/app/Views/login.php(23): CodeIgniter\Debug\Exceptions->errorHandler()
#1 /var/www/vhosts/hosting.iptvbillingsolution.com/public/testingsca/system/View/View.php(210): include('/var/www/vhosts...')
#2 /var/www/vhosts/hosting.iptvbillingsolution.com/public/testingsca/system/View/View.php(213): CodeIgniter\View\View->CodeIgniter\View\{closure}()
#3 /var/www/vhosts/hosting.iptvbillingsolution.com/public/testingsca/system/Common.php(1089): CodeIgniter\View\View->render()
#4 /var/www/vhosts/hosting.iptvbillingsolution.com/public/testingsca/app/Controllers/Login.php(186): view()
#5 /var/www/vhosts/hosting.iptvbillingsolution.com/public/testingsca/system/CodeIgniter.php(825): App\Controllers\Login->login()
#6 /var/www/vhosts/hosting.iptvbillingsolution.com/public/testingsca/system/CodeIgniter.php(412): CodeIgniter\CodeIgniter->runController()
#7 /var/www/vhosts/hosting.iptvbillingsolution.com/public/testingsca/system/CodeIgniter.php(320): CodeIgniter\CodeIgniter->handleRequest()
#8 /var/www/vhosts/hosting.iptvbillingsolution.com/public/testingsca/public/index.php(37): CodeIgniter\CodeIgniter->run()
#9 {main}
CRITICAL - 2022-08-05 02:42:14 --> Undefined variable: status
#0 /var/www/vhosts/hosting.iptvbillingsolution.com/public/testingsca/app/Views/login.php(221): CodeIgniter\Debug\Exceptions->errorHandler()
#1 /var/www/vhosts/hosting.iptvbillingsolution.com/public/testingsca/system/View/View.php(210): include('/var/www/vhosts...')
#2 /var/www/vhosts/hosting.iptvbillingsolution.com/public/testingsca/system/View/View.php(213): CodeIgniter\View\View->CodeIgniter\View\{closure}()
#3 /var/www/vhosts/hosting.iptvbillingsolution.com/public/testingsca/system/Common.php(1089): CodeIgniter\View\View->render()
#4 /var/www/vhosts/hosting.iptvbillingsolution.com/public/testingsca/app/Controllers/Login.php(186): view()
#5 /var/www/vhosts/hosting.iptvbillingsolution.com/public/testingsca/system/CodeIgniter.php(825): App\Controllers\Login->login()
#6 /var/www/vhosts/hosting.iptvbillingsolution.com/public/testingsca/system/CodeIgniter.php(412): CodeIgniter\CodeIgniter->runController()
#7 /var/www/vhosts/hosting.iptvbillingsolution.com/public/testingsca/system/CodeIgniter.php(320): CodeIgniter\CodeIgniter->handleRequest()
#8 /var/www/vhosts/hosting.iptvbillingsolution.com/public/testingsca/public/index.php(37): CodeIgniter\CodeIgniter->run()
#9 {main}
CRITICAL - 2022-08-05 02:58:27 --> Undefined variable: recaptchadat
#0 /var/www/vhosts/hosting.iptvbillingsolution.com/public/testingsca/app/Views/login.php(219): CodeIgniter\Debug\Exceptions->errorHandler()
#1 /var/www/vhosts/hosting.iptvbillingsolution.com/public/testingsca/system/View/View.php(210): include('/var/www/vhosts...')
#2 /var/www/vhosts/hosting.iptvbillingsolution.com/public/testingsca/system/View/View.php(213): CodeIgniter\View\View->CodeIgniter\View\{closure}()
#3 /var/www/vhosts/hosting.iptvbillingsolution.com/public/testingsca/system/Common.php(1089): CodeIgniter\View\View->render()
#4 /var/www/vhosts/hosting.iptvbillingsolution.com/public/testingsca/app/Controllers/Login.php(192): view()
#5 /var/www/vhosts/hosting.iptvbillingsolution.com/public/testingsca/system/CodeIgniter.php(825): App\Controllers\Login->login()
#6 /var/www/vhosts/hosting.iptvbillingsolution.com/public/testingsca/system/CodeIgniter.php(412): CodeIgniter\CodeIgniter->runController()
#7 /var/www/vhosts/hosting.iptvbillingsolution.com/public/testingsca/system/CodeIgniter.php(320): CodeIgniter\CodeIgniter->handleRequest()
#8 /var/www/vhosts/hosting.iptvbillingsolution.com/public/testingsca/public/index.php(37): CodeIgniter\CodeIgniter->run()
#9 {main}
CRITICAL - 2022-08-05 02:59:02 --> Undefined variable: recaptchadat
#0 /var/www/vhosts/hosting.iptvbillingsolution.com/public/testingsca/app/Views/login.php(219): CodeIgniter\Debug\Exceptions->errorHandler()
#1 /var/www/vhosts/hosting.iptvbillingsolution.com/public/testingsca/system/View/View.php(210): include('/var/www/vhosts...')
#2 /var/www/vhosts/hosting.iptvbillingsolution.com/public/testingsca/system/View/View.php(213): CodeIgniter\View\View->CodeIgniter\View\{closure}()
#3 /var/www/vhosts/hosting.iptvbillingsolution.com/public/testingsca/system/Common.php(1089): CodeIgniter\View\View->render()
#4 /var/www/vhosts/hosting.iptvbillingsolution.com/public/testingsca/app/Controllers/Login.php(192): view()
#5 /var/www/vhosts/hosting.iptvbillingsolution.com/public/testingsca/system/CodeIgniter.php(825): App\Controllers\Login->login()
#6 /var/www/vhosts/hosting.iptvbillingsolution.com/public/testingsca/system/CodeIgniter.php(412): CodeIgniter\CodeIgniter->runController()
#7 /var/www/vhosts/hosting.iptvbillingsolution.com/public/testingsca/system/CodeIgniter.php(320): CodeIgniter\CodeIgniter->handleRequest()
#8 /var/www/vhosts/hosting.iptvbillingsolution.com/public/testingsca/public/index.php(37): CodeIgniter\CodeIgniter->run()
#9 {main}
CRITICAL - 2022-08-05 02:59:23 --> Undefined variable: recaptchadat
#0 /var/www/vhosts/hosting.iptvbillingsolution.com/public/testingsca/app/Views/login.php(219): CodeIgniter\Debug\Exceptions->errorHandler()
#1 /var/www/vhosts/hosting.iptvbillingsolution.com/public/testingsca/system/View/View.php(210): include('/var/www/vhosts...')
#2 /var/www/vhosts/hosting.iptvbillingsolution.com/public/testingsca/system/View/View.php(213): CodeIgniter\View\View->CodeIgniter\View\{closure}()
#3 /var/www/vhosts/hosting.iptvbillingsolution.com/public/testingsca/system/Common.php(1089): CodeIgniter\View\View->render()
#4 /var/www/vhosts/hosting.iptvbillingsolution.com/public/testingsca/app/Controllers/Login.php(192): view()
#5 /var/www/vhosts/hosting.iptvbillingsolution.com/public/testingsca/system/CodeIgniter.php(825): App\Controllers\Login->login()
#6 /var/www/vhosts/hosting.iptvbillingsolution.com/public/testingsca/system/CodeIgniter.php(412): CodeIgniter\CodeIgniter->runController()
#7 /var/www/vhosts/hosting.iptvbillingsolution.com/public/testingsca/system/CodeIgniter.php(320): CodeIgniter\CodeIgniter->handleRequest()
#8 /var/www/vhosts/hosting.iptvbillingsolution.com/public/testingsca/public/index.php(37): CodeIgniter\CodeIgniter->run()
#9 {main}
CRITICAL - 2022-08-05 03:00:05 --> Undefined variable: recaptchadat
#0 /var/www/vhosts/hosting.iptvbillingsolution.com/public/testingsca/app/Views/login.php(219): CodeIgniter\Debug\Exceptions->errorHandler()
#1 /var/www/vhosts/hosting.iptvbillingsolution.com/public/testingsca/system/View/View.php(210): include('/var/www/vhosts...')
#2 /var/www/vhosts/hosting.iptvbillingsolution.com/public/testingsca/system/View/View.php(213): CodeIgniter\View\View->CodeIgniter\View\{closure}()
#3 /var/www/vhosts/hosting.iptvbillingsolution.com/public/testingsca/system/Common.php(1089): CodeIgniter\View\View->render()
#4 /var/www/vhosts/hosting.iptvbillingsolution.com/public/testingsca/app/Controllers/Login.php(193): view()
#5 /var/www/vhosts/hosting.iptvbillingsolution.com/public/testingsca/system/CodeIgniter.php(825): App\Controllers\Login->login()
#6 /var/www/vhosts/hosting.iptvbillingsolution.com/public/testingsca/system/CodeIgniter.php(412): CodeIgniter\CodeIgniter->runController()
#7 /var/www/vhosts/hosting.iptvbillingsolution.com/public/testingsca/system/CodeIgniter.php(320): CodeIgniter\CodeIgniter->handleRequest()
#8 /var/www/vhosts/hosting.iptvbillingsolution.com/public/testingsca/public/index.php(37): CodeIgniter\CodeIgniter->run()
#9 {main}
CRITICAL - 2022-08-05 03:15:57 --> Call to undefined function App\Controllers\checkuser()
#0 /var/www/vhosts/hosting.iptvbillingsolution.com/public/testingsca/system/CodeIgniter.php(825): App\Controllers\Login->login()
#1 /var/www/vhosts/hosting.iptvbillingsolution.com/public/testingsca/system/CodeIgniter.php(412): CodeIgniter\CodeIgniter->runController()
#2 /var/www/vhosts/hosting.iptvbillingsolution.com/public/testingsca/system/CodeIgniter.php(320): CodeIgniter\CodeIgniter->handleRequest()
#3 /var/www/vhosts/hosting.iptvbillingsolution.com/public/testingsca/public/index.php(37): CodeIgniter\CodeIgniter->run()
#4 {main}
CRITICAL - 2022-08-05 03:16:34 --> Undefined variable: ipaddress
#0 /var/www/vhosts/hosting.iptvbillingsolution.com/public/testingsca/app/Controllers/Login.php(145): CodeIgniter\Debug\Exceptions->errorHandler()
#1 /var/www/vhosts/hosting.iptvbillingsolution.com/public/testingsca/app/Controllers/Login.php(92): App\Controllers\Login->checkuser()
#2 /var/www/vhosts/hosting.iptvbillingsolution.com/public/testingsca/system/CodeIgniter.php(825): App\Controllers\Login->login()
#3 /var/www/vhosts/hosting.iptvbillingsolution.com/public/testingsca/system/CodeIgniter.php(412): CodeIgniter\CodeIgniter->runController()
#4 /var/www/vhosts/hosting.iptvbillingsolution.com/public/testingsca/system/CodeIgniter.php(320): CodeIgniter\CodeIgniter->handleRequest()
#5 /var/www/vhosts/hosting.iptvbillingsolution.com/public/testingsca/public/index.php(37): CodeIgniter\CodeIgniter->run()
#6 {main}
CRITICAL - 2022-08-05 03:19:34 --> Call to undefined method CodeIgniter\HTTP\Response::getVar()
#0 /var/www/vhosts/hosting.iptvbillingsolution.com/public/testingsca/system/CodeIgniter.php(825): App\Controllers\Login->login()
#1 /var/www/vhosts/hosting.iptvbillingsolution.com/public/testingsca/system/CodeIgniter.php(412): CodeIgniter\CodeIgniter->runController()
#2 /var/www/vhosts/hosting.iptvbillingsolution.com/public/testingsca/system/CodeIgniter.php(320): CodeIgniter\CodeIgniter->handleRequest()
#3 /var/www/vhosts/hosting.iptvbillingsolution.com/public/testingsca/public/index.php(37): CodeIgniter\CodeIgniter->run()
#4 {main}
CRITICAL - 2022-08-05 04:43:58 --> syntax error, unexpected 'set_value' (T_STRING), expecting ';' or ','
#0 /var/www/vhosts/hosting.iptvbillingsolution.com/public/testingsca/system/View/View.php(213): CodeIgniter\View\View->CodeIgniter\View\{closure}()
#1 /var/www/vhosts/hosting.iptvbillingsolution.com/public/testingsca/system/Common.php(1089): CodeIgniter\View\View->render()
#2 /var/www/vhosts/hosting.iptvbillingsolution.com/public/testingsca/app/Controllers/Security.php(52): view()
#3 /var/www/vhosts/hosting.iptvbillingsolution.com/public/testingsca/system/CodeIgniter.php(825): App\Controllers\Security->security()
#4 /var/www/vhosts/hosting.iptvbillingsolution.com/public/testingsca/system/CodeIgniter.php(412): CodeIgniter\CodeIgniter->runController()
#5 /var/www/vhosts/hosting.iptvbillingsolution.com/public/testingsca/system/CodeIgniter.php(320): CodeIgniter\CodeIgniter->handleRequest()
#6 /var/www/vhosts/hosting.iptvbillingsolution.com/public/testingsca/public/index.php(37): CodeIgniter\CodeIgniter->run()
#7 {main}
CRITICAL - 2022-08-05 05:06:31 --> Undefined index: sitekey
#0 /var/www/vhosts/hosting.iptvbillingsolution.com/public/testingsca/app/Views/security.php(70): CodeIgniter\Debug\Exceptions->errorHandler()
#1 /var/www/vhosts/hosting.iptvbillingsolution.com/public/testingsca/system/View/View.php(210): include('/var/www/vhosts...')
#2 /var/www/vhosts/hosting.iptvbillingsolution.com/public/testingsca/system/View/View.php(213): CodeIgniter\View\View->CodeIgniter\View\{closure}()
#3 /var/www/vhosts/hosting.iptvbillingsolution.com/public/testingsca/system/Common.php(1089): CodeIgniter\View\View->render()
#4 /var/www/vhosts/hosting.iptvbillingsolution.com/public/testingsca/app/Controllers/Security.php(52): view()
#5 /var/www/vhosts/hosting.iptvbillingsolution.com/public/testingsca/system/CodeIgniter.php(825): App\Controllers\Security->security()
#6 /var/www/vhosts/hosting.iptvbillingsolution.com/public/testingsca/system/CodeIgniter.php(412): CodeIgniter\CodeIgniter->runController()
#7 /var/www/vhosts/hosting.iptvbillingsolution.com/public/testingsca/system/CodeIgniter.php(320): CodeIgniter\CodeIgniter->handleRequest()
#8 /var/www/vhosts/hosting.iptvbillingsolution.com/public/testingsca/public/index.php(37): CodeIgniter\CodeIgniter->run()
#9 {main}
CRITICAL - 2022-08-05 05:28:34 --> syntax error, unexpected 'echo' (T_ECHO)
#0 /var/www/vhosts/hosting.iptvbillingsolution.com/public/testingsca/system/View/View.php(213): CodeIgniter\View\View->CodeIgniter\View\{closure}()
#1 /var/www/vhosts/hosting.iptvbillingsolution.com/public/testingsca/system/Common.php(1089): CodeIgniter\View\View->render()
#2 /var/www/vhosts/hosting.iptvbillingsolution.com/public/testingsca/app/Controllers/Security.php(52): view()
#3 /var/www/vhosts/hosting.iptvbillingsolution.com/public/testingsca/system/CodeIgniter.php(825): App\Controllers\Security->security()
#4 /var/www/vhosts/hosting.iptvbillingsolution.com/public/testingsca/system/CodeIgniter.php(412): CodeIgniter\CodeIgniter->runController()
#5 /var/www/vhosts/hosting.iptvbillingsolution.com/public/testingsca/system/CodeIgniter.php(320): CodeIgniter\CodeIgniter->handleRequest()
#6 /var/www/vhosts/hosting.iptvbillingsolution.com/public/testingsca/public/index.php(37): CodeIgniter\CodeIgniter->run()
#7 {main}
CRITICAL - 2022-08-05 06:22:00 --> syntax error, unexpected 'echo' (T_ECHO), expecting function (T_FUNCTION) or const (T_CONST)
#0 /var/www/vhosts/hosting.iptvbillingsolution.com/public/testingsca/system/Autoloader/Autoloader.php(241): CodeIgniter\Autoloader\Autoloader->includeFile()
#1 /var/www/vhosts/hosting.iptvbillingsolution.com/public/testingsca/system/Autoloader/Autoloader.php(219): CodeIgniter\Autoloader\Autoloader->loadInNamespace()
#2 [internal function]: CodeIgniter\Autoloader\Autoloader->loadClass()
#3 [internal function]: spl_autoload_call()
#4 /var/www/vhosts/hosting.iptvbillingsolution.com/public/testingsca/system/CodeIgniter.php(790): class_exists()
#5 /var/www/vhosts/hosting.iptvbillingsolution.com/public/testingsca/system/CodeIgniter.php(399): CodeIgniter\CodeIgniter->startController()
#6 /var/www/vhosts/hosting.iptvbillingsolution.com/public/testingsca/system/CodeIgniter.php(320): CodeIgniter\CodeIgniter->handleRequest()
#7 /var/www/vhosts/hosting.iptvbillingsolution.com/public/testingsca/public/index.php(37): CodeIgniter\CodeIgniter->run()
#8 {main}
