CRITICAL - 2022-04-12 00:39:10 --> Undefined variable: data
#0 /var/www/vhosts/iptvbillingsolution.com/public/ankush_ci/app/Controllers/Home.php(317): CodeIgniter\Debug\Exceptions->errorHandler()
#1 /var/www/vhosts/iptvbillingsolution.com/public/ankush_ci/system/CodeIgniter.php(825): App\Controllers\Home->media()
#2 /var/www/vhosts/iptvbillingsolution.com/public/ankush_ci/system/CodeIgniter.php(412): CodeIgniter\CodeIgniter->runController()
#3 /var/www/vhosts/iptvbillingsolution.com/public/ankush_ci/system/CodeIgniter.php(320): CodeIgniter\CodeIgniter->handleRequest()
#4 /var/www/vhosts/iptvbillingsolution.com/public/ankush_ci/public/index.php(37): CodeIgniter\CodeIgniter->run()
#5 {main}
CRITICAL - 2022-04-12 00:39:24 --> Undefined variable: data
#0 /var/www/vhosts/iptvbillingsolution.com/public/ankush_ci/app/Controllers/Home.php(317): CodeIgniter\Debug\Exceptions->errorHandler()
#1 /var/www/vhosts/iptvbillingsolution.com/public/ankush_ci/system/CodeIgniter.php(825): App\Controllers\Home->media()
#2 /var/www/vhosts/iptvbillingsolution.com/public/ankush_ci/system/CodeIgniter.php(412): CodeIgniter\CodeIgniter->runController()
#3 /var/www/vhosts/iptvbillingsolution.com/public/ankush_ci/system/CodeIgniter.php(320): CodeIgniter\CodeIgniter->handleRequest()
#4 /var/www/vhosts/iptvbillingsolution.com/public/ankush_ci/public/index.php(37): CodeIgniter\CodeIgniter->run()
#5 {main}
CRITICAL - 2022-04-12 00:40:28 --> Undefined variable: items
#0 /var/www/vhosts/iptvbillingsolution.com/public/ankush_ci/app/Views/media.php(32): CodeIgniter\Debug\Exceptions->errorHandler()
#1 /var/www/vhosts/iptvbillingsolution.com/public/ankush_ci/system/View/View.php(210): include('/var/www/vhosts...')
#2 /var/www/vhosts/iptvbillingsolution.com/public/ankush_ci/system/View/View.php(213): CodeIgniter\View\View->CodeIgniter\View\{closure}()
#3 /var/www/vhosts/iptvbillingsolution.com/public/ankush_ci/system/Common.php(1089): CodeIgniter\View\View->render()
#4 /var/www/vhosts/iptvbillingsolution.com/public/ankush_ci/app/Controllers/Home.php(318): view()
#5 /var/www/vhosts/iptvbillingsolution.com/public/ankush_ci/system/CodeIgniter.php(825): App\Controllers\Home->media()
#6 /var/www/vhosts/iptvbillingsolution.com/public/ankush_ci/system/CodeIgniter.php(412): CodeIgniter\CodeIgniter->runController()
#7 /var/www/vhosts/iptvbillingsolution.com/public/ankush_ci/system/CodeIgniter.php(320): CodeIgniter\CodeIgniter->handleRequest()
#8 /var/www/vhosts/iptvbillingsolution.com/public/ankush_ci/public/index.php(37): CodeIgniter\CodeIgniter->run()
#9 {main}
CRITICAL - 2022-04-12 01:08:59 --> Undefined index: saveupload
#0 /var/www/vhosts/iptvbillingsolution.com/public/ankush_ci/app/Controllers/Home.php(316): CodeIgniter\Debug\Exceptions->errorHandler()
#1 /var/www/vhosts/iptvbillingsolution.com/public/ankush_ci/system/CodeIgniter.php(825): App\Controllers\Home->media()
#2 /var/www/vhosts/iptvbillingsolution.com/public/ankush_ci/system/CodeIgniter.php(412): CodeIgniter\CodeIgniter->runController()
#3 /var/www/vhosts/iptvbillingsolution.com/public/ankush_ci/system/CodeIgniter.php(320): CodeIgniter\CodeIgniter->handleRequest()
#4 /var/www/vhosts/iptvbillingsolution.com/public/ankush_ci/public/index.php(37): CodeIgniter\CodeIgniter->run()
#5 {main}
CRITICAL - 2022-04-12 01:09:35 --> Undefined variable: _FILE
#0 /var/www/vhosts/iptvbillingsolution.com/public/ankush_ci/app/Controllers/Home.php(318): CodeIgniter\Debug\Exceptions->errorHandler()
#1 /var/www/vhosts/iptvbillingsolution.com/public/ankush_ci/system/CodeIgniter.php(825): App\Controllers\Home->media()
#2 /var/www/vhosts/iptvbillingsolution.com/public/ankush_ci/system/CodeIgniter.php(412): CodeIgniter\CodeIgniter->runController()
#3 /var/www/vhosts/iptvbillingsolution.com/public/ankush_ci/system/CodeIgniter.php(320): CodeIgniter\CodeIgniter->handleRequest()
#4 /var/www/vhosts/iptvbillingsolution.com/public/ankush_ci/public/index.php(37): CodeIgniter\CodeIgniter->run()
#5 {main}
CRITICAL - 2022-04-12 01:13:28 --> Undefined variable: data
#0 /var/www/vhosts/iptvbillingsolution.com/public/ankush_ci/app/Views/media.php(31): CodeIgniter\Debug\Exceptions->errorHandler()
#1 /var/www/vhosts/iptvbillingsolution.com/public/ankush_ci/system/View/View.php(210): include('/var/www/vhosts...')
#2 /var/www/vhosts/iptvbillingsolution.com/public/ankush_ci/system/View/View.php(213): CodeIgniter\View\View->CodeIgniter\View\{closure}()
#3 /var/www/vhosts/iptvbillingsolution.com/public/ankush_ci/system/Common.php(1089): CodeIgniter\View\View->render()
#4 /var/www/vhosts/iptvbillingsolution.com/public/ankush_ci/app/Controllers/Home.php(341): view()
#5 /var/www/vhosts/iptvbillingsolution.com/public/ankush_ci/system/CodeIgniter.php(825): App\Controllers\Home->media()
#6 /var/www/vhosts/iptvbillingsolution.com/public/ankush_ci/system/CodeIgniter.php(412): CodeIgniter\CodeIgniter->runController()
#7 /var/www/vhosts/iptvbillingsolution.com/public/ankush_ci/system/CodeIgniter.php(320): CodeIgniter\CodeIgniter->handleRequest()
#8 /var/www/vhosts/iptvbillingsolution.com/public/ankush_ci/public/index.php(37): CodeIgniter\CodeIgniter->run()
#9 {main}
CRITICAL - 2022-04-12 01:14:28 --> Array to string conversion
#0 /var/www/vhosts/iptvbillingsolution.com/public/ankush_ci/app/Views/media.php(33): CodeIgniter\Debug\Exceptions->errorHandler()
#1 /var/www/vhosts/iptvbillingsolution.com/public/ankush_ci/system/View/View.php(210): include('/var/www/vhosts...')
#2 /var/www/vhosts/iptvbillingsolution.com/public/ankush_ci/system/View/View.php(213): CodeIgniter\View\View->CodeIgniter\View\{closure}()
#3 /var/www/vhosts/iptvbillingsolution.com/public/ankush_ci/system/Common.php(1089): CodeIgniter\View\View->render()
#4 /var/www/vhosts/iptvbillingsolution.com/public/ankush_ci/app/Controllers/Home.php(341): view()
#5 /var/www/vhosts/iptvbillingsolution.com/public/ankush_ci/system/CodeIgniter.php(825): App\Controllers\Home->media()
#6 /var/www/vhosts/iptvbillingsolution.com/public/ankush_ci/system/CodeIgniter.php(412): CodeIgniter\CodeIgniter->runController()
#7 /var/www/vhosts/iptvbillingsolution.com/public/ankush_ci/system/CodeIgniter.php(320): CodeIgniter\CodeIgniter->handleRequest()
#8 /var/www/vhosts/iptvbillingsolution.com/public/ankush_ci/public/index.php(37): CodeIgniter\CodeIgniter->run()
#9 {main}
CRITICAL - 2022-04-12 01:14:59 --> Array to string conversion
#0 /var/www/vhosts/iptvbillingsolution.com/public/ankush_ci/app/Views/media.php(33): CodeIgniter\Debug\Exceptions->errorHandler()
#1 /var/www/vhosts/iptvbillingsolution.com/public/ankush_ci/system/View/View.php(210): include('/var/www/vhosts...')
#2 /var/www/vhosts/iptvbillingsolution.com/public/ankush_ci/system/View/View.php(213): CodeIgniter\View\View->CodeIgniter\View\{closure}()
#3 /var/www/vhosts/iptvbillingsolution.com/public/ankush_ci/system/Common.php(1089): CodeIgniter\View\View->render()
#4 /var/www/vhosts/iptvbillingsolution.com/public/ankush_ci/app/Controllers/Home.php(341): view()
#5 /var/www/vhosts/iptvbillingsolution.com/public/ankush_ci/system/CodeIgniter.php(825): App\Controllers\Home->media()
#6 /var/www/vhosts/iptvbillingsolution.com/public/ankush_ci/system/CodeIgniter.php(412): CodeIgniter\CodeIgniter->runController()
#7 /var/www/vhosts/iptvbillingsolution.com/public/ankush_ci/system/CodeIgniter.php(320): CodeIgniter\CodeIgniter->handleRequest()
#8 /var/www/vhosts/iptvbillingsolution.com/public/ankush_ci/public/index.php(37): CodeIgniter\CodeIgniter->run()
#9 {main}
CRITICAL - 2022-04-12 01:26:52 --> Cannot use object of type CodeIgniter\HTTP\Files\UploadedFile as array
#0 /var/www/vhosts/iptvbillingsolution.com/public/ankush_ci/system/CodeIgniter.php(825): App\Controllers\Home->media()
#1 /var/www/vhosts/iptvbillingsolution.com/public/ankush_ci/system/CodeIgniter.php(412): CodeIgniter\CodeIgniter->runController()
#2 /var/www/vhosts/iptvbillingsolution.com/public/ankush_ci/system/CodeIgniter.php(320): CodeIgniter\CodeIgniter->handleRequest()
#3 /var/www/vhosts/iptvbillingsolution.com/public/ankush_ci/public/index.php(37): CodeIgniter\CodeIgniter->run()
#4 {main}
CRITICAL - 2022-04-12 01:30:03 --> Undefined variable: file
#0 /var/www/vhosts/iptvbillingsolution.com/public/ankush_ci/app/Controllers/Home.php(336): CodeIgniter\Debug\Exceptions->errorHandler()
#1 /var/www/vhosts/iptvbillingsolution.com/public/ankush_ci/system/CodeIgniter.php(825): App\Controllers\Home->media()
#2 /var/www/vhosts/iptvbillingsolution.com/public/ankush_ci/system/CodeIgniter.php(412): CodeIgniter\CodeIgniter->runController()
#3 /var/www/vhosts/iptvbillingsolution.com/public/ankush_ci/system/CodeIgniter.php(320): CodeIgniter\CodeIgniter->handleRequest()
#4 /var/www/vhosts/iptvbillingsolution.com/public/ankush_ci/public/index.php(37): CodeIgniter\CodeIgniter->run()
#5 {main}
CRITICAL - 2022-04-12 01:31:49 --> Use of undefined constant PUBLIC_PATH - assumed 'PUBLIC_PATH' (this will throw an Error in a future version of PHP)
#0 /var/www/vhosts/iptvbillingsolution.com/public/ankush_ci/app/Controllers/Home.php(334): CodeIgniter\Debug\Exceptions->errorHandler()
#1 /var/www/vhosts/iptvbillingsolution.com/public/ankush_ci/system/CodeIgniter.php(825): App\Controllers\Home->media()
#2 /var/www/vhosts/iptvbillingsolution.com/public/ankush_ci/system/CodeIgniter.php(412): CodeIgniter\CodeIgniter->runController()
#3 /var/www/vhosts/iptvbillingsolution.com/public/ankush_ci/system/CodeIgniter.php(320): CodeIgniter\CodeIgniter->handleRequest()
#4 /var/www/vhosts/iptvbillingsolution.com/public/ankush_ci/public/index.php(37): CodeIgniter\CodeIgniter->run()
#5 {main}
CRITICAL - 2022-04-12 01:36:11 --> syntax error, unexpected 'if' (T_IF)
#0 /var/www/vhosts/iptvbillingsolution.com/public/ankush_ci/system/Autoloader/Autoloader.php(241): CodeIgniter\Autoloader\Autoloader->includeFile()
#1 /var/www/vhosts/iptvbillingsolution.com/public/ankush_ci/system/Autoloader/Autoloader.php(219): CodeIgniter\Autoloader\Autoloader->loadInNamespace()
#2 [internal function]: CodeIgniter\Autoloader\Autoloader->loadClass()
#3 [internal function]: spl_autoload_call()
#4 /var/www/vhosts/iptvbillingsolution.com/public/ankush_ci/system/CodeIgniter.php(790): class_exists()
#5 /var/www/vhosts/iptvbillingsolution.com/public/ankush_ci/system/CodeIgniter.php(399): CodeIgniter\CodeIgniter->startController()
#6 /var/www/vhosts/iptvbillingsolution.com/public/ankush_ci/system/CodeIgniter.php(320): CodeIgniter\CodeIgniter->handleRequest()
#7 /var/www/vhosts/iptvbillingsolution.com/public/ankush_ci/public/index.php(37): CodeIgniter\CodeIgniter->run()
#8 {main}
CRITICAL - 2022-04-12 01:36:22 --> mkdir(): No such file or directory
#0 [internal function]: CodeIgniter\Debug\Exceptions->errorHandler()
#1 /var/www/vhosts/iptvbillingsolution.com/public/ankush_ci/app/Controllers/Home.php(337): mkdir()
#2 /var/www/vhosts/iptvbillingsolution.com/public/ankush_ci/system/CodeIgniter.php(825): App\Controllers\Home->media()
#3 /var/www/vhosts/iptvbillingsolution.com/public/ankush_ci/system/CodeIgniter.php(412): CodeIgniter\CodeIgniter->runController()
#4 /var/www/vhosts/iptvbillingsolution.com/public/ankush_ci/system/CodeIgniter.php(320): CodeIgniter\CodeIgniter->handleRequest()
#5 /var/www/vhosts/iptvbillingsolution.com/public/ankush_ci/public/index.php(37): CodeIgniter\CodeIgniter->run()
#6 {main}
CRITICAL - 2022-04-12 01:50:08 --> mkdir(): Permission denied
#0 [internal function]: CodeIgniter\Debug\Exceptions->errorHandler()
#1 /var/www/vhosts/iptvbillingsolution.com/public/ankush_ci/system/HTTP/Files/UploadedFile.php(176): mkdir()
#2 /var/www/vhosts/iptvbillingsolution.com/public/ankush_ci/system/HTTP/Files/UploadedFile.php(130): CodeIgniter\HTTP\Files\UploadedFile->setPath()
#3 /var/www/vhosts/iptvbillingsolution.com/public/ankush_ci/app/Controllers/Home.php(339): CodeIgniter\HTTP\Files\UploadedFile->move()
#4 /var/www/vhosts/iptvbillingsolution.com/public/ankush_ci/system/CodeIgniter.php(825): App\Controllers\Home->media()
#5 /var/www/vhosts/iptvbillingsolution.com/public/ankush_ci/system/CodeIgniter.php(412): CodeIgniter\CodeIgniter->runController()
#6 /var/www/vhosts/iptvbillingsolution.com/public/ankush_ci/system/CodeIgniter.php(320): CodeIgniter\CodeIgniter->handleRequest()
#7 /var/www/vhosts/iptvbillingsolution.com/public/ankush_ci/public/index.php(37): CodeIgniter\CodeIgniter->run()
#8 {main}
CRITICAL - 2022-04-12 01:53:40 --> mkdir(): Permission denied
#0 [internal function]: CodeIgniter\Debug\Exceptions->errorHandler()
#1 /var/www/vhosts/iptvbillingsolution.com/public/ankush_ci/system/HTTP/Files/UploadedFile.php(176): mkdir()
#2 /var/www/vhosts/iptvbillingsolution.com/public/ankush_ci/system/HTTP/Files/UploadedFile.php(130): CodeIgniter\HTTP\Files\UploadedFile->setPath()
#3 /var/www/vhosts/iptvbillingsolution.com/public/ankush_ci/app/Controllers/Home.php(339): CodeIgniter\HTTP\Files\UploadedFile->move()
#4 /var/www/vhosts/iptvbillingsolution.com/public/ankush_ci/system/CodeIgniter.php(825): App\Controllers\Home->media()
#5 /var/www/vhosts/iptvbillingsolution.com/public/ankush_ci/system/CodeIgniter.php(412): CodeIgniter\CodeIgniter->runController()
#6 /var/www/vhosts/iptvbillingsolution.com/public/ankush_ci/system/CodeIgniter.php(320): CodeIgniter\CodeIgniter->handleRequest()
#7 /var/www/vhosts/iptvbillingsolution.com/public/ankush_ci/public/index.php(37): CodeIgniter\CodeIgniter->run()
#8 {main}
CRITICAL - 2022-04-12 02:13:36 --> syntax error, unexpected '}', expecting ';' or ','
#0 /var/www/vhosts/iptvbillingsolution.com/public/ankush_ci/system/Autoloader/Autoloader.php(241): CodeIgniter\Autoloader\Autoloader->includeFile()
#1 /var/www/vhosts/iptvbillingsolution.com/public/ankush_ci/system/Autoloader/Autoloader.php(219): CodeIgniter\Autoloader\Autoloader->loadInNamespace()
#2 [internal function]: CodeIgniter\Autoloader\Autoloader->loadClass()
#3 [internal function]: spl_autoload_call()
#4 /var/www/vhosts/iptvbillingsolution.com/public/ankush_ci/system/CodeIgniter.php(790): class_exists()
#5 /var/www/vhosts/iptvbillingsolution.com/public/ankush_ci/system/CodeIgniter.php(399): CodeIgniter\CodeIgniter->startController()
#6 /var/www/vhosts/iptvbillingsolution.com/public/ankush_ci/system/CodeIgniter.php(320): CodeIgniter\CodeIgniter->handleRequest()
#7 /var/www/vhosts/iptvbillingsolution.com/public/ankush_ci/public/index.php(37): CodeIgniter\CodeIgniter->run()
#8 {main}
CRITICAL - 2022-04-12 02:14:00 --> syntax error, unexpected ';', expecting ')'
#0 /var/www/vhosts/iptvbillingsolution.com/public/ankush_ci/system/Autoloader/Autoloader.php(241): CodeIgniter\Autoloader\Autoloader->includeFile()
#1 /var/www/vhosts/iptvbillingsolution.com/public/ankush_ci/system/Autoloader/Autoloader.php(219): CodeIgniter\Autoloader\Autoloader->loadInNamespace()
#2 [internal function]: CodeIgniter\Autoloader\Autoloader->loadClass()
#3 [internal function]: spl_autoload_call()
#4 /var/www/vhosts/iptvbillingsolution.com/public/ankush_ci/system/CodeIgniter.php(790): class_exists()
#5 /var/www/vhosts/iptvbillingsolution.com/public/ankush_ci/system/CodeIgniter.php(399): CodeIgniter\CodeIgniter->startController()
#6 /var/www/vhosts/iptvbillingsolution.com/public/ankush_ci/system/CodeIgniter.php(320): CodeIgniter\CodeIgniter->handleRequest()
#7 /var/www/vhosts/iptvbillingsolution.com/public/ankush_ci/public/index.php(37): CodeIgniter\CodeIgniter->run()
#8 {main}
CRITICAL - 2022-04-12 05:30:52 --> Undefined variable: position
#0 /var/www/vhosts/iptvbillingsolution.com/public/ankush_ci/app/Models/Addbackgroundsapp.php(36): CodeIgniter\Debug\Exceptions->errorHandler()
#1 /var/www/vhosts/iptvbillingsolution.com/public/ankush_ci/app/Controllers/Home.php(439): App\Models\Addbackgroundsapp->getallsavedbackgroundswith()
#2 /var/www/vhosts/iptvbillingsolution.com/public/ankush_ci/system/CodeIgniter.php(825): App\Controllers\Home->appbackgrounds()
#3 /var/www/vhosts/iptvbillingsolution.com/public/ankush_ci/system/CodeIgniter.php(412): CodeIgniter\CodeIgniter->runController()
#4 /var/www/vhosts/iptvbillingsolution.com/public/ankush_ci/system/CodeIgniter.php(320): CodeIgniter\CodeIgniter->handleRequest()
#5 /var/www/vhosts/iptvbillingsolution.com/public/ankush_ci/public/index.php(37): CodeIgniter\CodeIgniter->run()
#6 {main}
CRITICAL - 2022-04-12 06:30:10 --> Call to undefined function App\Controllers\Generate_securekey()
#0 /var/www/vhosts/iptvbillingsolution.com/public/ankush_ci/system/CodeIgniter.php(825): App\Controllers\Home->generateapi()
#1 /var/www/vhosts/iptvbillingsolution.com/public/ankush_ci/system/CodeIgniter.php(412): CodeIgniter\CodeIgniter->runController()
#2 /var/www/vhosts/iptvbillingsolution.com/public/ankush_ci/system/CodeIgniter.php(320): CodeIgniter\CodeIgniter->handleRequest()
#3 /var/www/vhosts/iptvbillingsolution.com/public/ankush_ci/public/index.php(37): CodeIgniter\CodeIgniter->run()
#4 {main}
CRITICAL - 2022-04-12 07:16:52 --> Undefined variable: apimodal
#0 /var/www/vhosts/iptvbillingsolution.com/public/ankush_ci/app/Controllers/Home.php(479): CodeIgniter\Debug\Exceptions->errorHandler()
#1 /var/www/vhosts/iptvbillingsolution.com/public/ankush_ci/system/CodeIgniter.php(825): App\Controllers\Home->generateapi()
#2 /var/www/vhosts/iptvbillingsolution.com/public/ankush_ci/system/CodeIgniter.php(412): CodeIgniter\CodeIgniter->runController()
#3 /var/www/vhosts/iptvbillingsolution.com/public/ankush_ci/system/CodeIgniter.php(320): CodeIgniter\CodeIgniter->handleRequest()
#4 /var/www/vhosts/iptvbillingsolution.com/public/ankush_ci/public/index.php(37): CodeIgniter\CodeIgniter->run()
#5 {main}
CRITICAL - 2022-04-12 07:44:55 --> Undefined variable: getdata
#0 /var/www/vhosts/iptvbillingsolution.com/public/ankush_ci/app/Controllers/Home.php(503): CodeIgniter\Debug\Exceptions->errorHandler()
#1 /var/www/vhosts/iptvbillingsolution.com/public/ankush_ci/system/CodeIgniter.php(825): App\Controllers\Home->generateapi()
#2 /var/www/vhosts/iptvbillingsolution.com/public/ankush_ci/system/CodeIgniter.php(412): CodeIgniter\CodeIgniter->runController()
#3 /var/www/vhosts/iptvbillingsolution.com/public/ankush_ci/system/CodeIgniter.php(320): CodeIgniter\CodeIgniter->handleRequest()
#4 /var/www/vhosts/iptvbillingsolution.com/public/ankush_ci/public/index.php(37): CodeIgniter\CodeIgniter->run()
#5 {main}
CRITICAL - 2022-04-12 07:46:47 --> syntax error, unexpected ';', expecting ')'
#0 /var/www/vhosts/iptvbillingsolution.com/public/ankush_ci/system/Autoloader/Autoloader.php(241): CodeIgniter\Autoloader\Autoloader->includeFile()
#1 /var/www/vhosts/iptvbillingsolution.com/public/ankush_ci/system/Autoloader/Autoloader.php(219): CodeIgniter\Autoloader\Autoloader->loadInNamespace()
#2 [internal function]: CodeIgniter\Autoloader\Autoloader->loadClass()
#3 [internal function]: spl_autoload_call()
#4 /var/www/vhosts/iptvbillingsolution.com/public/ankush_ci/system/CodeIgniter.php(790): class_exists()
#5 /var/www/vhosts/iptvbillingsolution.com/public/ankush_ci/system/CodeIgniter.php(399): CodeIgniter\CodeIgniter->startController()
#6 /var/www/vhosts/iptvbillingsolution.com/public/ankush_ci/system/CodeIgniter.php(320): CodeIgniter\CodeIgniter->handleRequest()
#7 /var/www/vhosts/iptvbillingsolution.com/public/ankush_ci/public/index.php(37): CodeIgniter\CodeIgniter->run()
#8 {main}
CRITICAL - 2022-04-12 07:51:43 --> Undefined index: created_at
#0 /var/www/vhosts/iptvbillingsolution.com/public/ankush_ci/app/Views/generateapi.php(43): CodeIgniter\Debug\Exceptions->errorHandler()
#1 /var/www/vhosts/iptvbillingsolution.com/public/ankush_ci/system/View/View.php(210): include('/var/www/vhosts...')
#2 /var/www/vhosts/iptvbillingsolution.com/public/ankush_ci/system/View/View.php(213): CodeIgniter\View\View->CodeIgniter\View\{closure}()
#3 /var/www/vhosts/iptvbillingsolution.com/public/ankush_ci/system/Common.php(1089): CodeIgniter\View\View->render()
#4 /var/www/vhosts/iptvbillingsolution.com/public/ankush_ci/app/Controllers/Home.php(507): view()
#5 /var/www/vhosts/iptvbillingsolution.com/public/ankush_ci/system/CodeIgniter.php(825): App\Controllers\Home->generateapi()
#6 /var/www/vhosts/iptvbillingsolution.com/public/ankush_ci/system/CodeIgniter.php(412): CodeIgniter\CodeIgniter->runController()
#7 /var/www/vhosts/iptvbillingsolution.com/public/ankush_ci/system/CodeIgniter.php(320): CodeIgniter\CodeIgniter->handleRequest()
#8 /var/www/vhosts/iptvbillingsolution.com/public/ankush_ci/public/index.php(37): CodeIgniter\CodeIgniter->run()
#9 {main}
CRITICAL - 2022-04-12 23:23:53 --> Decrypting: authentication failed.
#0 /var/www/vhosts/iptvbillingsolution.com/public/ankush_ci/system/Encryption/Handlers/OpenSSLHandler.php(98): CodeIgniter\Encryption\Exceptions\EncryptionException::forAuthenticationFailed()
#1 /var/www/vhosts/iptvbillingsolution.com/public/ankush_ci/app/Views/login.php(96): CodeIgniter\Encryption\Handlers\OpenSSLHandler->decrypt()
#2 /var/www/vhosts/iptvbillingsolution.com/public/ankush_ci/system/View/View.php(210): include('/var/www/vhosts...')
#3 /var/www/vhosts/iptvbillingsolution.com/public/ankush_ci/system/View/View.php(213): CodeIgniter\View\View->CodeIgniter\View\{closure}()
#4 /var/www/vhosts/iptvbillingsolution.com/public/ankush_ci/system/Common.php(1089): CodeIgniter\View\View->render()
#5 /var/www/vhosts/iptvbillingsolution.com/public/ankush_ci/app/Controllers/Home.php(169): view()
#6 /var/www/vhosts/iptvbillingsolution.com/public/ankush_ci/system/CodeIgniter.php(825): App\Controllers\Home->login()
#7 /var/www/vhosts/iptvbillingsolution.com/public/ankush_ci/system/CodeIgniter.php(412): CodeIgniter\CodeIgniter->runController()
#8 /var/www/vhosts/iptvbillingsolution.com/public/ankush_ci/system/CodeIgniter.php(320): CodeIgniter\CodeIgniter->handleRequest()
#9 /var/www/vhosts/iptvbillingsolution.com/public/ankush_ci/public/index.php(37): CodeIgniter\CodeIgniter->run()
#10 {main}
