CRITICAL - 2022-07-28 01:28:17 --> Undefined variable: router
#0 /var/www/vhosts/iptvbillingsolution.com/public/scapanel/app/Filters/isLoggedIn.php(55): CodeIgniter\Debug\Exceptions->errorHandler()
#1 /var/www/vhosts/iptvbillingsolution.com/public/scapanel/system/Filters/Filters.php(196): App\Filters\isLoggedIn->after()
#2 /var/www/vhosts/iptvbillingsolution.com/public/scapanel/system/CodeIgniter.php(429): CodeIgniter\Filters\Filters->run()
#3 /var/www/vhosts/iptvbillingsolution.com/public/scapanel/system/CodeIgniter.php(320): CodeIgniter\CodeIgniter->handleRequest()
#4 /var/www/vhosts/iptvbillingsolution.com/public/scapanel/public/index.php(37): CodeIgniter\CodeIgniter->run()
#5 {main}
CRITICAL - 2022-07-28 01:30:06 --> Trying to access array offset on value of type null
#0 /var/www/vhosts/iptvbillingsolution.com/public/scapanel/app/Filters/isLoggedIn.php(72): CodeIgniter\Debug\Exceptions->errorHandler()
#1 /var/www/vhosts/iptvbillingsolution.com/public/scapanel/system/Filters/Filters.php(196): App\Filters\isLoggedIn->after()
#2 /var/www/vhosts/iptvbillingsolution.com/public/scapanel/system/CodeIgniter.php(429): CodeIgniter\Filters\Filters->run()
#3 /var/www/vhosts/iptvbillingsolution.com/public/scapanel/system/CodeIgniter.php(320): CodeIgniter\CodeIgniter->handleRequest()
#4 /var/www/vhosts/iptvbillingsolution.com/public/scapanel/public/index.php(37): CodeIgniter\CodeIgniter->run()
#5 {main}
CRITICAL - 2022-07-28 01:36:44 --> Call to undefined method CodeIgniter\Router\RouteCollection::any()
#0 /var/www/vhosts/iptvbillingsolution.com/public/scapanel/system/Router/RouteCollection.php(607): CodeIgniter\CodeIgniter->Config\{closure}()
#1 /var/www/vhosts/iptvbillingsolution.com/public/scapanel/app/Config/Routes.php(166): CodeIgniter\Router\RouteCollection->group()
#2 /var/www/vhosts/iptvbillingsolution.com/public/scapanel/system/CodeIgniter.php(706): require('/var/www/vhosts...')
#3 /var/www/vhosts/iptvbillingsolution.com/public/scapanel/system/CodeIgniter.php(361): CodeIgniter\CodeIgniter->tryToRouteIt()
#4 /var/www/vhosts/iptvbillingsolution.com/public/scapanel/system/CodeIgniter.php(320): CodeIgniter\CodeIgniter->handleRequest()
#5 /var/www/vhosts/iptvbillingsolution.com/public/scapanel/public/index.php(37): CodeIgniter\CodeIgniter->run()
#6 {main}
CRITICAL - 2022-07-28 01:45:40 --> Undefined property: App\Controllers\BaseController::$licensemodel
#0 /var/www/vhosts/iptvbillingsolution.com/public/scapanel/app/Controllers/BaseController.php(350): CodeIgniter\Debug\Exceptions->errorHandler()
#1 /var/www/vhosts/iptvbillingsolution.com/public/scapanel/app/Filters/isLoggedIn.php(57): App\Controllers\BaseController->sca_checklicense()
#2 /var/www/vhosts/iptvbillingsolution.com/public/scapanel/system/Filters/Filters.php(196): App\Filters\isLoggedIn->after()
#3 /var/www/vhosts/iptvbillingsolution.com/public/scapanel/system/CodeIgniter.php(429): CodeIgniter\Filters\Filters->run()
#4 /var/www/vhosts/iptvbillingsolution.com/public/scapanel/system/CodeIgniter.php(320): CodeIgniter\CodeIgniter->handleRequest()
#5 /var/www/vhosts/iptvbillingsolution.com/public/scapanel/public/index.php(37): CodeIgniter\CodeIgniter->run()
#6 {main}
CRITICAL - 2022-07-28 01:49:51 --> Undefined property: App\Controllers\BaseController::$licensemodel
#0 /var/www/vhosts/iptvbillingsolution.com/public/scapanel/app/Controllers/BaseController.php(350): CodeIgniter\Debug\Exceptions->errorHandler()
#1 /var/www/vhosts/iptvbillingsolution.com/public/scapanel/app/Filters/isLoggedIn.php(57): App\Controllers\BaseController->sca_dochecklicense()
#2 /var/www/vhosts/iptvbillingsolution.com/public/scapanel/system/Filters/Filters.php(196): App\Filters\isLoggedIn->after()
#3 /var/www/vhosts/iptvbillingsolution.com/public/scapanel/system/CodeIgniter.php(429): CodeIgniter\Filters\Filters->run()
#4 /var/www/vhosts/iptvbillingsolution.com/public/scapanel/system/CodeIgniter.php(320): CodeIgniter\CodeIgniter->handleRequest()
#5 /var/www/vhosts/iptvbillingsolution.com/public/scapanel/public/index.php(37): CodeIgniter\CodeIgniter->run()
#6 {main}
CRITICAL - 2022-07-28 01:49:56 --> Undefined property: App\Controllers\BaseController::$licensemodel
#0 /var/www/vhosts/iptvbillingsolution.com/public/scapanel/app/Controllers/BaseController.php(350): CodeIgniter\Debug\Exceptions->errorHandler()
#1 /var/www/vhosts/iptvbillingsolution.com/public/scapanel/app/Filters/isLoggedIn.php(57): App\Controllers\BaseController->sca_dochecklicense()
#2 /var/www/vhosts/iptvbillingsolution.com/public/scapanel/system/Filters/Filters.php(196): App\Filters\isLoggedIn->after()
#3 /var/www/vhosts/iptvbillingsolution.com/public/scapanel/system/CodeIgniter.php(429): CodeIgniter\Filters\Filters->run()
#4 /var/www/vhosts/iptvbillingsolution.com/public/scapanel/system/CodeIgniter.php(320): CodeIgniter\CodeIgniter->handleRequest()
#5 /var/www/vhosts/iptvbillingsolution.com/public/scapanel/public/index.php(37): CodeIgniter\CodeIgniter->run()
#6 {main}
CRITICAL - 2022-07-28 01:50:19 --> Undefined property: App\Controllers\BaseController::$licensemodel
#0 /var/www/vhosts/iptvbillingsolution.com/public/scapanel/app/Controllers/BaseController.php(350): CodeIgniter\Debug\Exceptions->errorHandler()
#1 /var/www/vhosts/iptvbillingsolution.com/public/scapanel/app/Filters/isLoggedIn.php(57): App\Controllers\BaseController->sca_dochecklicense()
#2 /var/www/vhosts/iptvbillingsolution.com/public/scapanel/system/Filters/Filters.php(196): App\Filters\isLoggedIn->after()
#3 /var/www/vhosts/iptvbillingsolution.com/public/scapanel/system/CodeIgniter.php(429): CodeIgniter\Filters\Filters->run()
#4 /var/www/vhosts/iptvbillingsolution.com/public/scapanel/system/CodeIgniter.php(320): CodeIgniter\CodeIgniter->handleRequest()
#5 /var/www/vhosts/iptvbillingsolution.com/public/scapanel/public/index.php(37): CodeIgniter\CodeIgniter->run()
#6 {main}
CRITICAL - 2022-07-28 01:51:07 --> Undefined property: stdClass::$settings
#0 /var/www/vhosts/iptvbillingsolution.com/public/scapanel/app/Controllers/BaseController.php(356): CodeIgniter\Debug\Exceptions->errorHandler()
#1 /var/www/vhosts/iptvbillingsolution.com/public/scapanel/app/Views/includes/header.php(69): App\Controllers\BaseController->sca_dochecklicense()
#2 /var/www/vhosts/iptvbillingsolution.com/public/scapanel/system/View/View.php(210): include('/var/www/vhosts...')
#3 /var/www/vhosts/iptvbillingsolution.com/public/scapanel/system/View/View.php(213): CodeIgniter\View\View->CodeIgniter\View\{closure}()
#4 /var/www/vhosts/iptvbillingsolution.com/public/scapanel/system/Common.php(1089): CodeIgniter\View\View->render()
#5 /var/www/vhosts/iptvbillingsolution.com/public/scapanel/app/Controllers/Dashboard.php(14): view()
#6 /var/www/vhosts/iptvbillingsolution.com/public/scapanel/system/CodeIgniter.php(825): App\Controllers\Dashboard->dashboard()
#7 /var/www/vhosts/iptvbillingsolution.com/public/scapanel/system/CodeIgniter.php(412): CodeIgniter\CodeIgniter->runController()
#8 /var/www/vhosts/iptvbillingsolution.com/public/scapanel/system/CodeIgniter.php(320): CodeIgniter\CodeIgniter->handleRequest()
#9 /var/www/vhosts/iptvbillingsolution.com/public/scapanel/public/index.php(37): CodeIgniter\CodeIgniter->run()
#10 {main}
CRITICAL - 2022-07-28 01:55:47 --> Undefined index: md5hash
#0 /var/www/vhosts/iptvbillingsolution.com/public/scapanel/app/Controllers/BaseController.php(490): CodeIgniter\Debug\Exceptions->errorHandler()
#1 /var/www/vhosts/iptvbillingsolution.com/public/scapanel/app/Controllers/BaseController.php(363): App\Controllers\BaseController->sca_checklicense()
#2 /var/www/vhosts/iptvbillingsolution.com/public/scapanel/app/Views/includes/header.php(69): App\Controllers\BaseController->sca_dochecklicense()
#3 /var/www/vhosts/iptvbillingsolution.com/public/scapanel/system/View/View.php(210): include('/var/www/vhosts...')
#4 /var/www/vhosts/iptvbillingsolution.com/public/scapanel/system/View/View.php(213): CodeIgniter\View\View->CodeIgniter\View\{closure}()
#5 /var/www/vhosts/iptvbillingsolution.com/public/scapanel/system/Common.php(1089): CodeIgniter\View\View->render()
#6 /var/www/vhosts/iptvbillingsolution.com/public/scapanel/app/Controllers/Dashboard.php(14): view()
#7 /var/www/vhosts/iptvbillingsolution.com/public/scapanel/system/CodeIgniter.php(825): App\Controllers\Dashboard->dashboard()
#8 /var/www/vhosts/iptvbillingsolution.com/public/scapanel/system/CodeIgniter.php(412): CodeIgniter\CodeIgniter->runController()
#9 /var/www/vhosts/iptvbillingsolution.com/public/scapanel/system/CodeIgniter.php(320): CodeIgniter\CodeIgniter->handleRequest()
#10 /var/www/vhosts/iptvbillingsolution.com/public/scapanel/public/index.php(37): CodeIgniter\CodeIgniter->run()
#11 {main}
CRITICAL - 2022-07-28 02:27:15 --> Cannot use isset() on the result of an expression (you can use "null !== expression" instead)
#0 [internal function]: CodeIgniter\Debug\Exceptions->shutdownHandler()
#1 {main}
CRITICAL - 2022-07-28 02:30:56 --> Undefined variable: errorsdata
#0 /var/www/vhosts/iptvbillingsolution.com/public/scapanel/app/Controllers/License.php(22): CodeIgniter\Debug\Exceptions->errorHandler()
#1 /var/www/vhosts/iptvbillingsolution.com/public/scapanel/system/CodeIgniter.php(825): App\Controllers\License->configurelicense()
#2 /var/www/vhosts/iptvbillingsolution.com/public/scapanel/system/CodeIgniter.php(412): CodeIgniter\CodeIgniter->runController()
#3 /var/www/vhosts/iptvbillingsolution.com/public/scapanel/system/CodeIgniter.php(320): CodeIgniter\CodeIgniter->handleRequest()
#4 /var/www/vhosts/iptvbillingsolution.com/public/scapanel/public/index.php(37): CodeIgniter\CodeIgniter->run()
#5 {main}
CRITICAL - 2022-07-28 02:50:57 --> Call to undefined method App\Controllers\License::insertBatch()
#0 /var/www/vhosts/iptvbillingsolution.com/public/scapanel/system/CodeIgniter.php(825): App\Controllers\License->configurelicense()
#1 /var/www/vhosts/iptvbillingsolution.com/public/scapanel/system/CodeIgniter.php(412): CodeIgniter\CodeIgniter->runController()
#2 /var/www/vhosts/iptvbillingsolution.com/public/scapanel/system/CodeIgniter.php(320): CodeIgniter\CodeIgniter->handleRequest()
#3 /var/www/vhosts/iptvbillingsolution.com/public/scapanel/public/index.php(37): CodeIgniter\CodeIgniter->run()
#4 {main}
CRITICAL - 2022-07-28 03:21:51 --> Cannot use isset() on the result of an expression (you can use "null !== expression" instead)
#0 [internal function]: CodeIgniter\Debug\Exceptions->shutdownHandler()
#1 {main}
CRITICAL - 2022-07-28 04:25:45 --> unlink(/var/www/vhosts/iptvbillingsolution.com/public/scapanel/writable/debugbar/debugbar_1658997084.json): No such file or directory
#0 [internal function]: CodeIgniter\Debug\Exceptions->errorHandler()
#1 /var/www/vhosts/iptvbillingsolution.com/public/scapanel/system/Debug/Toolbar/Collectors/History.php(74): unlink()
#2 /var/www/vhosts/iptvbillingsolution.com/public/scapanel/system/Debug/Toolbar.php(487): CodeIgniter\Debug\Toolbar\Collectors\History->setFiles()
#3 /var/www/vhosts/iptvbillingsolution.com/public/scapanel/system/Debug/Toolbar.php(464): CodeIgniter\Debug\Toolbar->format()
#4 /var/www/vhosts/iptvbillingsolution.com/public/scapanel/app/Config/Events.php(48): CodeIgniter\Debug\Toolbar->respond()
#5 /var/www/vhosts/iptvbillingsolution.com/public/scapanel/system/Events/Events.php(149): CodeIgniter\Events\Events::Config\{closure}()
#6 /var/www/vhosts/iptvbillingsolution.com/public/scapanel/system/CodeIgniter.php(302): CodeIgniter\Events\Events::trigger()
#7 /var/www/vhosts/iptvbillingsolution.com/public/scapanel/public/index.php(37): CodeIgniter\CodeIgniter->run()
#8 {main}
CRITICAL - 2022-07-28 04:55:25 --> Could not move file phphooi0O to /var/www/vhosts/iptvbillingsolution.com/public/scapanel/public/uploads/M3U/ ()
#0 /var/www/vhosts/iptvbillingsolution.com/public/scapanel/system/HTTP/Files/UploadedFile.php(149): CodeIgniter\HTTP\Exceptions\HTTPException::forMoveFailed()
#1 /var/www/vhosts/iptvbillingsolution.com/public/scapanel/app/Controllers/Codes.php(753): CodeIgniter\HTTP\Files\UploadedFile->move()
#2 /var/www/vhosts/iptvbillingsolution.com/public/scapanel/system/CodeIgniter.php(825): App\Controllers\Codes->processingcodes()
#3 /var/www/vhosts/iptvbillingsolution.com/public/scapanel/system/CodeIgniter.php(412): CodeIgniter\CodeIgniter->runController()
#4 /var/www/vhosts/iptvbillingsolution.com/public/scapanel/system/CodeIgniter.php(320): CodeIgniter\CodeIgniter->handleRequest()
#5 /var/www/vhosts/iptvbillingsolution.com/public/scapanel/public/index.php(37): CodeIgniter\CodeIgniter->run()
#6 {main}
CRITICAL - 2022-07-28 04:57:45 --> Could not move file phpJNs35L to /var/www/vhosts/iptvbillingsolution.com/public/scapanel/public/uploads/M3U/ ()
#0 /var/www/vhosts/iptvbillingsolution.com/public/scapanel/system/HTTP/Files/UploadedFile.php(149): CodeIgniter\HTTP\Exceptions\HTTPException::forMoveFailed()
#1 /var/www/vhosts/iptvbillingsolution.com/public/scapanel/app/Controllers/Codes.php(753): CodeIgniter\HTTP\Files\UploadedFile->move()
#2 /var/www/vhosts/iptvbillingsolution.com/public/scapanel/system/CodeIgniter.php(825): App\Controllers\Codes->processingcodes()
#3 /var/www/vhosts/iptvbillingsolution.com/public/scapanel/system/CodeIgniter.php(412): CodeIgniter\CodeIgniter->runController()
#4 /var/www/vhosts/iptvbillingsolution.com/public/scapanel/system/CodeIgniter.php(320): CodeIgniter\CodeIgniter->handleRequest()
#5 /var/www/vhosts/iptvbillingsolution.com/public/scapanel/public/index.php(37): CodeIgniter\CodeIgniter->run()
#6 {main}
