CRITICAL - 2022-07-26 02:26:06 --> Call to undefined method App\Models\Filedatamodel::where_in
#0 /var/www/vhosts/iptvbillingsolution.com/public/smartercodeactivationpanel2/app/Controllers/Codes.php(952): CodeIgniter\Model->__call()
#1 /var/www/vhosts/iptvbillingsolution.com/public/smartercodeactivationpanel2/system/CodeIgniter.php(825): App\Controllers\Codes->createcsv()
#2 /var/www/vhosts/iptvbillingsolution.com/public/smartercodeactivationpanel2/system/CodeIgniter.php(412): CodeIgniter\CodeIgniter->runController()
#3 /var/www/vhosts/iptvbillingsolution.com/public/smartercodeactivationpanel2/system/CodeIgniter.php(320): CodeIgniter\CodeIgniter->handleRequest()
#4 /var/www/vhosts/iptvbillingsolution.com/public/smartercodeactivationpanel2/public/index.php(37): CodeIgniter\CodeIgniter->run()
#5 {main}
CRITICAL - 2022-07-26 02:55:56 --> Array to string conversion
#0 /var/www/vhosts/iptvbillingsolution.com/public/smartercodeactivationpanel2/app/Controllers/Codes.php(981): CodeIgniter\Debug\Exceptions->errorHandler()
#1 /var/www/vhosts/iptvbillingsolution.com/public/smartercodeactivationpanel2/system/CodeIgniter.php(825): App\Controllers\Codes->createcsv()
#2 /var/www/vhosts/iptvbillingsolution.com/public/smartercodeactivationpanel2/system/CodeIgniter.php(412): CodeIgniter\CodeIgniter->runController()
#3 /var/www/vhosts/iptvbillingsolution.com/public/smartercodeactivationpanel2/system/CodeIgniter.php(320): CodeIgniter\CodeIgniter->handleRequest()
#4 /var/www/vhosts/iptvbillingsolution.com/public/smartercodeactivationpanel2/public/index.php(37): CodeIgniter\CodeIgniter->run()
#5 {main}
CRITICAL - 2022-07-26 09:08:25 --> Undefined variable: oodd
#0 /var/www/vhosts/iptvbillingsolution.com/public/smartercodeactivationpanel2/app/Controllers/Api.php(71): CodeIgniter\Debug\Exceptions->errorHandler()
#1 /var/www/vhosts/iptvbillingsolution.com/public/smartercodeactivationpanel2/system/CodeIgniter.php(825): App\Controllers\Api->api()
#2 /var/www/vhosts/iptvbillingsolution.com/public/smartercodeactivationpanel2/system/CodeIgniter.php(412): CodeIgniter\CodeIgniter->runController()
#3 /var/www/vhosts/iptvbillingsolution.com/public/smartercodeactivationpanel2/system/CodeIgniter.php(320): CodeIgniter\CodeIgniter->handleRequest()
#4 /var/www/vhosts/iptvbillingsolution.com/public/smartercodeactivationpanel2/index.php(39): CodeIgniter\CodeIgniter->run()
#5 {main}
CRITICAL - 2022-07-26 09:12:45 --> Array to string conversion
#0 /var/www/vhosts/iptvbillingsolution.com/public/smartercodeactivationpanel2/app/Controllers/Api.php(78): CodeIgniter\Debug\Exceptions->errorHandler()
#1 /var/www/vhosts/iptvbillingsolution.com/public/smartercodeactivationpanel2/system/CodeIgniter.php(825): App\Controllers\Api->api()
#2 /var/www/vhosts/iptvbillingsolution.com/public/smartercodeactivationpanel2/system/CodeIgniter.php(412): CodeIgniter\CodeIgniter->runController()
#3 /var/www/vhosts/iptvbillingsolution.com/public/smartercodeactivationpanel2/system/CodeIgniter.php(320): CodeIgniter\CodeIgniter->handleRequest()
#4 /var/www/vhosts/iptvbillingsolution.com/public/smartercodeactivationpanel2/index.php(39): CodeIgniter\CodeIgniter->run()
#5 {main}
CRITICAL - 2022-07-26 09:17:30 --> syntax error, unexpected 'echo' (T_ECHO)
#0 /var/www/vhosts/iptvbillingsolution.com/public/smartercodeactivationpanel2/system/Autoloader/Autoloader.php(241): CodeIgniter\Autoloader\Autoloader->includeFile()
#1 /var/www/vhosts/iptvbillingsolution.com/public/smartercodeactivationpanel2/system/Autoloader/Autoloader.php(219): CodeIgniter\Autoloader\Autoloader->loadInNamespace()
#2 [internal function]: CodeIgniter\Autoloader\Autoloader->loadClass()
#3 [internal function]: spl_autoload_call()
#4 /var/www/vhosts/iptvbillingsolution.com/public/smartercodeactivationpanel2/system/CodeIgniter.php(790): class_exists()
#5 /var/www/vhosts/iptvbillingsolution.com/public/smartercodeactivationpanel2/system/CodeIgniter.php(399): CodeIgniter\CodeIgniter->startController()
#6 /var/www/vhosts/iptvbillingsolution.com/public/smartercodeactivationpanel2/system/CodeIgniter.php(320): CodeIgniter\CodeIgniter->handleRequest()
#7 /var/www/vhosts/iptvbillingsolution.com/public/smartercodeactivationpanel2/index.php(39): CodeIgniter\CodeIgniter->run()
#8 {main}
