CRITICAL - 2022-07-14 02:36:49 --> unlink(/var/www/vhosts/iptvbillingsolution.com/public/smartersactivationpanel/writable/debugbar/debugbar_1657783443.json): No such file or directory
#0 [internal function]: CodeIgniter\Debug\Exceptions->errorHandler()
#1 /var/www/vhosts/iptvbillingsolution.com/public/smartersactivationpanel/system/Debug/Toolbar/Collectors/History.php(74): unlink()
#2 /var/www/vhosts/iptvbillingsolution.com/public/smartersactivationpanel/system/Debug/Toolbar.php(487): CodeIgniter\Debug\Toolbar\Collectors\History->setFiles()
#3 /var/www/vhosts/iptvbillingsolution.com/public/smartersactivationpanel/system/Debug/Toolbar.php(464): CodeIgniter\Debug\Toolbar->format()
#4 /var/www/vhosts/iptvbillingsolution.com/public/smartersactivationpanel/app/Config/Events.php(48): CodeIgniter\Debug\Toolbar->respond()
#5 /var/www/vhosts/iptvbillingsolution.com/public/smartersactivationpanel/system/Events/Events.php(149): CodeIgniter\Events\Events::Config\{closure}()
#6 /var/www/vhosts/iptvbillingsolution.com/public/smartersactivationpanel/system/CodeIgniter.php(302): CodeIgniter\Events\Events::trigger()
#7 /var/www/vhosts/iptvbillingsolution.com/public/smartersactivationpanel/public/index.php(37): CodeIgniter\CodeIgniter->run()
#8 {main}
CRITICAL - 2022-07-14 02:50:16 --> unlink(/var/www/vhosts/iptvbillingsolution.com/public/smartersactivationpanel/writable/debugbar/debugbar_1657784160.json): No such file or directory
#0 [internal function]: CodeIgniter\Debug\Exceptions->errorHandler()
#1 /var/www/vhosts/iptvbillingsolution.com/public/smartersactivationpanel/system/Debug/Toolbar/Collectors/History.php(74): unlink()
#2 /var/www/vhosts/iptvbillingsolution.com/public/smartersactivationpanel/system/Debug/Toolbar.php(487): CodeIgniter\Debug\Toolbar\Collectors\History->setFiles()
#3 /var/www/vhosts/iptvbillingsolution.com/public/smartersactivationpanel/system/Debug/Toolbar.php(464): CodeIgniter\Debug\Toolbar->format()
#4 /var/www/vhosts/iptvbillingsolution.com/public/smartersactivationpanel/app/Config/Events.php(48): CodeIgniter\Debug\Toolbar->respond()
#5 /var/www/vhosts/iptvbillingsolution.com/public/smartersactivationpanel/system/Events/Events.php(149): CodeIgniter\Events\Events::Config\{closure}()
#6 /var/www/vhosts/iptvbillingsolution.com/public/smartersactivationpanel/system/CodeIgniter.php(302): CodeIgniter\Events\Events::trigger()
#7 /var/www/vhosts/iptvbillingsolution.com/public/smartersactivationpanel/public/index.php(37): CodeIgniter\CodeIgniter->run()
#8 {main}
CRITICAL - 2022-07-14 03:32:11 --> unlink(/var/www/vhosts/iptvbillingsolution.com/public/smartersactivationpanel/writable/debugbar/debugbar_1657786853.json): No such file or directory
#0 [internal function]: CodeIgniter\Debug\Exceptions->errorHandler()
#1 /var/www/vhosts/iptvbillingsolution.com/public/smartersactivationpanel/system/Debug/Toolbar/Collectors/History.php(74): unlink()
#2 /var/www/vhosts/iptvbillingsolution.com/public/smartersactivationpanel/system/Debug/Toolbar.php(487): CodeIgniter\Debug\Toolbar\Collectors\History->setFiles()
#3 /var/www/vhosts/iptvbillingsolution.com/public/smartersactivationpanel/system/Debug/Toolbar.php(464): CodeIgniter\Debug\Toolbar->format()
#4 /var/www/vhosts/iptvbillingsolution.com/public/smartersactivationpanel/app/Config/Events.php(48): CodeIgniter\Debug\Toolbar->respond()
#5 /var/www/vhosts/iptvbillingsolution.com/public/smartersactivationpanel/system/Events/Events.php(149): CodeIgniter\Events\Events::Config\{closure}()
#6 /var/www/vhosts/iptvbillingsolution.com/public/smartersactivationpanel/system/CodeIgniter.php(302): CodeIgniter\Events\Events::trigger()
#7 /var/www/vhosts/iptvbillingsolution.com/public/smartersactivationpanel/public/index.php(37): CodeIgniter\CodeIgniter->run()
#8 {main}
CRITICAL - 2022-07-14 05:20:46 --> unlink(/var/www/vhosts/iptvbillingsolution.com/public/smartersactivationpanel/writable/debugbar/debugbar_1657793337.json): No such file or directory
#0 [internal function]: CodeIgniter\Debug\Exceptions->errorHandler()
#1 /var/www/vhosts/iptvbillingsolution.com/public/smartersactivationpanel/system/Debug/Toolbar/Collectors/History.php(74): unlink()
#2 /var/www/vhosts/iptvbillingsolution.com/public/smartersactivationpanel/system/Debug/Toolbar.php(487): CodeIgniter\Debug\Toolbar\Collectors\History->setFiles()
#3 /var/www/vhosts/iptvbillingsolution.com/public/smartersactivationpanel/system/Debug/Toolbar.php(464): CodeIgniter\Debug\Toolbar->format()
#4 /var/www/vhosts/iptvbillingsolution.com/public/smartersactivationpanel/app/Config/Events.php(48): CodeIgniter\Debug\Toolbar->respond()
#5 /var/www/vhosts/iptvbillingsolution.com/public/smartersactivationpanel/system/Events/Events.php(149): CodeIgniter\Events\Events::Config\{closure}()
#6 /var/www/vhosts/iptvbillingsolution.com/public/smartersactivationpanel/system/CodeIgniter.php(302): CodeIgniter\Events\Events::trigger()
#7 /var/www/vhosts/iptvbillingsolution.com/public/smartersactivationpanel/public/index.php(37): CodeIgniter\CodeIgniter->run()
#8 {main}
ERROR - 2022-07-14 06:15:32 --> You have an error in your SQL syntax; check the manual that corresponds to your MySQL server version for the right syntax to use near '-1' at line 1
CRITICAL - 2022-07-14 06:15:32 --> You have an error in your SQL syntax; check the manual that corresponds to your MySQL server version for the right syntax to use near '-1' at line 1
#0 /var/www/vhosts/iptvbillingsolution.com/public/smartersactivationpanel/system/Database/MySQLi/Connection.php(292): mysqli->query()
#1 /var/www/vhosts/iptvbillingsolution.com/public/smartersactivationpanel/system/Database/BaseConnection.php(670): CodeIgniter\Database\MySQLi\Connection->execute()
#2 /var/www/vhosts/iptvbillingsolution.com/public/smartersactivationpanel/system/Database/BaseConnection.php(598): CodeIgniter\Database\BaseConnection->simpleQuery()
#3 /var/www/vhosts/iptvbillingsolution.com/public/smartersactivationpanel/app/Controllers/Testing.php(38): CodeIgniter\Database\BaseConnection->query()
#4 /var/www/vhosts/iptvbillingsolution.com/public/smartersactivationpanel/system/CodeIgniter.php(825): App\Controllers\Testing->ajaxLoadData()
#5 /var/www/vhosts/iptvbillingsolution.com/public/smartersactivationpanel/system/CodeIgniter.php(412): CodeIgniter\CodeIgniter->runController()
#6 /var/www/vhosts/iptvbillingsolution.com/public/smartersactivationpanel/system/CodeIgniter.php(320): CodeIgniter\CodeIgniter->handleRequest()
#7 /var/www/vhosts/iptvbillingsolution.com/public/smartersactivationpanel/public/index.php(37): CodeIgniter\CodeIgniter->run()
#8 {main}
ERROR - 2022-07-14 06:15:37 --> You have an error in your SQL syntax; check the manual that corresponds to your MySQL server version for the right syntax to use near '-1' at line 1
CRITICAL - 2022-07-14 06:15:37 --> You have an error in your SQL syntax; check the manual that corresponds to your MySQL server version for the right syntax to use near '-1' at line 1
#0 /var/www/vhosts/iptvbillingsolution.com/public/smartersactivationpanel/system/Database/MySQLi/Connection.php(292): mysqli->query()
#1 /var/www/vhosts/iptvbillingsolution.com/public/smartersactivationpanel/system/Database/BaseConnection.php(670): CodeIgniter\Database\MySQLi\Connection->execute()
#2 /var/www/vhosts/iptvbillingsolution.com/public/smartersactivationpanel/system/Database/BaseConnection.php(598): CodeIgniter\Database\BaseConnection->simpleQuery()
#3 /var/www/vhosts/iptvbillingsolution.com/public/smartersactivationpanel/app/Controllers/Testing.php(45): CodeIgniter\Database\BaseConnection->query()
#4 /var/www/vhosts/iptvbillingsolution.com/public/smartersactivationpanel/system/CodeIgniter.php(825): App\Controllers\Testing->ajaxLoadData()
#5 /var/www/vhosts/iptvbillingsolution.com/public/smartersactivationpanel/system/CodeIgniter.php(412): CodeIgniter\CodeIgniter->runController()
#6 /var/www/vhosts/iptvbillingsolution.com/public/smartersactivationpanel/system/CodeIgniter.php(320): CodeIgniter\CodeIgniter->handleRequest()
#7 /var/www/vhosts/iptvbillingsolution.com/public/smartersactivationpanel/public/index.php(37): CodeIgniter\CodeIgniter->run()
#8 {main}
ERROR - 2022-07-14 06:16:30 --> You have an error in your SQL syntax; check the manual that corresponds to your MySQL server version for the right syntax to use near '-1' at line 1
CRITICAL - 2022-07-14 06:16:30 --> You have an error in your SQL syntax; check the manual that corresponds to your MySQL server version for the right syntax to use near '-1' at line 1
#0 /var/www/vhosts/iptvbillingsolution.com/public/smartersactivationpanel/system/Database/MySQLi/Connection.php(292): mysqli->query()
#1 /var/www/vhosts/iptvbillingsolution.com/public/smartersactivationpanel/system/Database/BaseConnection.php(670): CodeIgniter\Database\MySQLi\Connection->execute()
#2 /var/www/vhosts/iptvbillingsolution.com/public/smartersactivationpanel/system/Database/BaseConnection.php(598): CodeIgniter\Database\BaseConnection->simpleQuery()
#3 /var/www/vhosts/iptvbillingsolution.com/public/smartersactivationpanel/app/Controllers/Testing.php(38): CodeIgniter\Database\BaseConnection->query()
#4 /var/www/vhosts/iptvbillingsolution.com/public/smartersactivationpanel/system/CodeIgniter.php(825): App\Controllers\Testing->ajaxLoadData()
#5 /var/www/vhosts/iptvbillingsolution.com/public/smartersactivationpanel/system/CodeIgniter.php(412): CodeIgniter\CodeIgniter->runController()
#6 /var/www/vhosts/iptvbillingsolution.com/public/smartersactivationpanel/system/CodeIgniter.php(320): CodeIgniter\CodeIgniter->handleRequest()
#7 /var/www/vhosts/iptvbillingsolution.com/public/smartersactivationpanel/public/index.php(37): CodeIgniter\CodeIgniter->run()
#8 {main}
ERROR - 2022-07-14 06:23:23 --> You have an error in your SQL syntax; check the manual that corresponds to your MySQL server version for the right syntax to use near ''%a%' OR common like '%a%' OR activationcode like '%a%'' at line 1
CRITICAL - 2022-07-14 06:23:23 --> You have an error in your SQL syntax; check the manual that corresponds to your MySQL server version for the right syntax to use near ''%a%' OR common like '%a%' OR activationcode like '%a%'' at line 1
#0 /var/www/vhosts/iptvbillingsolution.com/public/smartersactivationpanel/system/Database/MySQLi/Connection.php(292): mysqli->query()
#1 /var/www/vhosts/iptvbillingsolution.com/public/smartersactivationpanel/system/Database/BaseConnection.php(670): CodeIgniter\Database\MySQLi\Connection->execute()
#2 /var/www/vhosts/iptvbillingsolution.com/public/smartersactivationpanel/system/Database/BaseConnection.php(598): CodeIgniter\Database\BaseConnection->simpleQuery()
#3 /var/www/vhosts/iptvbillingsolution.com/public/smartersactivationpanel/app/Controllers/Testing.php(36): CodeIgniter\Database\BaseConnection->query()
#4 /var/www/vhosts/iptvbillingsolution.com/public/smartersactivationpanel/system/CodeIgniter.php(825): App\Controllers\Testing->ajaxLoadData()
#5 /var/www/vhosts/iptvbillingsolution.com/public/smartersactivationpanel/system/CodeIgniter.php(412): CodeIgniter\CodeIgniter->runController()
#6 /var/www/vhosts/iptvbillingsolution.com/public/smartersactivationpanel/system/CodeIgniter.php(320): CodeIgniter\CodeIgniter->handleRequest()
#7 /var/www/vhosts/iptvbillingsolution.com/public/smartersactivationpanel/public/index.php(37): CodeIgniter\CodeIgniter->run()
#8 {main}
ERROR - 2022-07-14 06:23:27 --> You have an error in your SQL syntax; check the manual that corresponds to your MySQL server version for the right syntax to use near ''%ac%' OR common like '%ac%' OR activationcode like '%ac%'' at line 1
CRITICAL - 2022-07-14 06:23:27 --> You have an error in your SQL syntax; check the manual that corresponds to your MySQL server version for the right syntax to use near ''%ac%' OR common like '%ac%' OR activationcode like '%ac%'' at line 1
#0 /var/www/vhosts/iptvbillingsolution.com/public/smartersactivationpanel/system/Database/MySQLi/Connection.php(292): mysqli->query()
#1 /var/www/vhosts/iptvbillingsolution.com/public/smartersactivationpanel/system/Database/BaseConnection.php(670): CodeIgniter\Database\MySQLi\Connection->execute()
#2 /var/www/vhosts/iptvbillingsolution.com/public/smartersactivationpanel/system/Database/BaseConnection.php(598): CodeIgniter\Database\BaseConnection->simpleQuery()
#3 /var/www/vhosts/iptvbillingsolution.com/public/smartersactivationpanel/app/Controllers/Testing.php(36): CodeIgniter\Database\BaseConnection->query()
#4 /var/www/vhosts/iptvbillingsolution.com/public/smartersactivationpanel/system/CodeIgniter.php(825): App\Controllers\Testing->ajaxLoadData()
#5 /var/www/vhosts/iptvbillingsolution.com/public/smartersactivationpanel/system/CodeIgniter.php(412): CodeIgniter\CodeIgniter->runController()
#6 /var/www/vhosts/iptvbillingsolution.com/public/smartersactivationpanel/system/CodeIgniter.php(320): CodeIgniter\CodeIgniter->handleRequest()
#7 /var/www/vhosts/iptvbillingsolution.com/public/smartersactivationpanel/public/index.php(37): CodeIgniter\CodeIgniter->run()
#8 {main}
ERROR - 2022-07-14 06:23:29 --> You have an error in your SQL syntax; check the manual that corresponds to your MySQL server version for the right syntax to use near ''%a%' OR common like '%a%' OR activationcode like '%a%'' at line 1
CRITICAL - 2022-07-14 06:23:29 --> You have an error in your SQL syntax; check the manual that corresponds to your MySQL server version for the right syntax to use near ''%a%' OR common like '%a%' OR activationcode like '%a%'' at line 1
#0 /var/www/vhosts/iptvbillingsolution.com/public/smartersactivationpanel/system/Database/MySQLi/Connection.php(292): mysqli->query()
#1 /var/www/vhosts/iptvbillingsolution.com/public/smartersactivationpanel/system/Database/BaseConnection.php(670): CodeIgniter\Database\MySQLi\Connection->execute()
#2 /var/www/vhosts/iptvbillingsolution.com/public/smartersactivationpanel/system/Database/BaseConnection.php(598): CodeIgniter\Database\BaseConnection->simpleQuery()
#3 /var/www/vhosts/iptvbillingsolution.com/public/smartersactivationpanel/app/Controllers/Testing.php(36): CodeIgniter\Database\BaseConnection->query()
#4 /var/www/vhosts/iptvbillingsolution.com/public/smartersactivationpanel/system/CodeIgniter.php(825): App\Controllers\Testing->ajaxLoadData()
#5 /var/www/vhosts/iptvbillingsolution.com/public/smartersactivationpanel/system/CodeIgniter.php(412): CodeIgniter\CodeIgniter->runController()
#6 /var/www/vhosts/iptvbillingsolution.com/public/smartersactivationpanel/system/CodeIgniter.php(320): CodeIgniter\CodeIgniter->handleRequest()
#7 /var/www/vhosts/iptvbillingsolution.com/public/smartersactivationpanel/public/index.php(37): CodeIgniter\CodeIgniter->run()
#8 {main}
ERROR - 2022-07-14 06:45:35 --> You have an error in your SQL syntax; check the manual that corresponds to your MySQL server version for the right syntax to use near '-1' at line 1
CRITICAL - 2022-07-14 06:45:35 --> You have an error in your SQL syntax; check the manual that corresponds to your MySQL server version for the right syntax to use near '-1' at line 1
#0 /var/www/vhosts/iptvbillingsolution.com/public/smartersactivationpanel/system/Database/MySQLi/Connection.php(292): mysqli->query()
#1 /var/www/vhosts/iptvbillingsolution.com/public/smartersactivationpanel/system/Database/BaseConnection.php(670): CodeIgniter\Database\MySQLi\Connection->execute()
#2 /var/www/vhosts/iptvbillingsolution.com/public/smartersactivationpanel/system/Database/BaseConnection.php(598): CodeIgniter\Database\BaseConnection->simpleQuery()
#3 /var/www/vhosts/iptvbillingsolution.com/public/smartersactivationpanel/app/Controllers/Testing.php(45): CodeIgniter\Database\BaseConnection->query()
#4 /var/www/vhosts/iptvbillingsolution.com/public/smartersactivationpanel/system/CodeIgniter.php(825): App\Controllers\Testing->ajaxLoadData()
#5 /var/www/vhosts/iptvbillingsolution.com/public/smartersactivationpanel/system/CodeIgniter.php(412): CodeIgniter\CodeIgniter->runController()
#6 /var/www/vhosts/iptvbillingsolution.com/public/smartersactivationpanel/system/CodeIgniter.php(320): CodeIgniter\CodeIgniter->handleRequest()
#7 /var/www/vhosts/iptvbillingsolution.com/public/smartersactivationpanel/public/index.php(37): CodeIgniter\CodeIgniter->run()
#8 {main}
ERROR - 2022-07-14 06:46:14 --> You have an error in your SQL syntax; check the manual that corresponds to your MySQL server version for the right syntax to use near '-1' at line 1
CRITICAL - 2022-07-14 06:46:14 --> You have an error in your SQL syntax; check the manual that corresponds to your MySQL server version for the right syntax to use near '-1' at line 1
#0 /var/www/vhosts/iptvbillingsolution.com/public/smartersactivationpanel/system/Database/MySQLi/Connection.php(292): mysqli->query()
#1 /var/www/vhosts/iptvbillingsolution.com/public/smartersactivationpanel/system/Database/BaseConnection.php(670): CodeIgniter\Database\MySQLi\Connection->execute()
#2 /var/www/vhosts/iptvbillingsolution.com/public/smartersactivationpanel/system/Database/BaseConnection.php(598): CodeIgniter\Database\BaseConnection->simpleQuery()
#3 /var/www/vhosts/iptvbillingsolution.com/public/smartersactivationpanel/app/Controllers/Testing.php(45): CodeIgniter\Database\BaseConnection->query()
#4 /var/www/vhosts/iptvbillingsolution.com/public/smartersactivationpanel/system/CodeIgniter.php(825): App\Controllers\Testing->ajaxLoadData()
#5 /var/www/vhosts/iptvbillingsolution.com/public/smartersactivationpanel/system/CodeIgniter.php(412): CodeIgniter\CodeIgniter->runController()
#6 /var/www/vhosts/iptvbillingsolution.com/public/smartersactivationpanel/system/CodeIgniter.php(320): CodeIgniter\CodeIgniter->handleRequest()
#7 /var/www/vhosts/iptvbillingsolution.com/public/smartersactivationpanel/public/index.php(37): CodeIgniter\CodeIgniter->run()
#8 {main}
ERROR - 2022-07-14 06:46:42 --> You have an error in your SQL syntax; check the manual that corresponds to your MySQL server version for the right syntax to use near '-1' at line 1
CRITICAL - 2022-07-14 06:46:42 --> You have an error in your SQL syntax; check the manual that corresponds to your MySQL server version for the right syntax to use near '-1' at line 1
#0 /var/www/vhosts/iptvbillingsolution.com/public/smartersactivationpanel/system/Database/MySQLi/Connection.php(292): mysqli->query()
#1 /var/www/vhosts/iptvbillingsolution.com/public/smartersactivationpanel/system/Database/BaseConnection.php(670): CodeIgniter\Database\MySQLi\Connection->execute()
#2 /var/www/vhosts/iptvbillingsolution.com/public/smartersactivationpanel/system/Database/BaseConnection.php(598): CodeIgniter\Database\BaseConnection->simpleQuery()
#3 /var/www/vhosts/iptvbillingsolution.com/public/smartersactivationpanel/app/Controllers/Testing.php(45): CodeIgniter\Database\BaseConnection->query()
#4 /var/www/vhosts/iptvbillingsolution.com/public/smartersactivationpanel/system/CodeIgniter.php(825): App\Controllers\Testing->ajaxLoadData()
#5 /var/www/vhosts/iptvbillingsolution.com/public/smartersactivationpanel/system/CodeIgniter.php(412): CodeIgniter\CodeIgniter->runController()
#6 /var/www/vhosts/iptvbillingsolution.com/public/smartersactivationpanel/system/CodeIgniter.php(320): CodeIgniter\CodeIgniter->handleRequest()
#7 /var/www/vhosts/iptvbillingsolution.com/public/smartersactivationpanel/public/index.php(37): CodeIgniter\CodeIgniter->run()
#8 {main}
ERROR - 2022-07-14 06:46:55 --> You have an error in your SQL syntax; check the manual that corresponds to your MySQL server version for the right syntax to use near '-1' at line 1
CRITICAL - 2022-07-14 06:46:55 --> You have an error in your SQL syntax; check the manual that corresponds to your MySQL server version for the right syntax to use near '-1' at line 1
#0 /var/www/vhosts/iptvbillingsolution.com/public/smartersactivationpanel/system/Database/MySQLi/Connection.php(292): mysqli->query()
#1 /var/www/vhosts/iptvbillingsolution.com/public/smartersactivationpanel/system/Database/BaseConnection.php(670): CodeIgniter\Database\MySQLi\Connection->execute()
#2 /var/www/vhosts/iptvbillingsolution.com/public/smartersactivationpanel/system/Database/BaseConnection.php(598): CodeIgniter\Database\BaseConnection->simpleQuery()
#3 /var/www/vhosts/iptvbillingsolution.com/public/smartersactivationpanel/app/Controllers/Testing.php(45): CodeIgniter\Database\BaseConnection->query()
#4 /var/www/vhosts/iptvbillingsolution.com/public/smartersactivationpanel/system/CodeIgniter.php(825): App\Controllers\Testing->ajaxLoadData()
#5 /var/www/vhosts/iptvbillingsolution.com/public/smartersactivationpanel/system/CodeIgniter.php(412): CodeIgniter\CodeIgniter->runController()
#6 /var/www/vhosts/iptvbillingsolution.com/public/smartersactivationpanel/system/CodeIgniter.php(320): CodeIgniter\CodeIgniter->handleRequest()
#7 /var/www/vhosts/iptvbillingsolution.com/public/smartersactivationpanel/public/index.php(37): CodeIgniter\CodeIgniter->run()
#8 {main}
ERROR - 2022-07-14 06:47:52 --> You have an error in your SQL syntax; check the manual that corresponds to your MySQL server version for the right syntax to use near '-1' at line 1
CRITICAL - 2022-07-14 06:47:52 --> You have an error in your SQL syntax; check the manual that corresponds to your MySQL server version for the right syntax to use near '-1' at line 1
#0 /var/www/vhosts/iptvbillingsolution.com/public/smartersactivationpanel/system/Database/MySQLi/Connection.php(292): mysqli->query()
#1 /var/www/vhosts/iptvbillingsolution.com/public/smartersactivationpanel/system/Database/BaseConnection.php(670): CodeIgniter\Database\MySQLi\Connection->execute()
#2 /var/www/vhosts/iptvbillingsolution.com/public/smartersactivationpanel/system/Database/BaseConnection.php(598): CodeIgniter\Database\BaseConnection->simpleQuery()
#3 /var/www/vhosts/iptvbillingsolution.com/public/smartersactivationpanel/app/Controllers/Testing.php(45): CodeIgniter\Database\BaseConnection->query()
#4 /var/www/vhosts/iptvbillingsolution.com/public/smartersactivationpanel/system/CodeIgniter.php(825): App\Controllers\Testing->ajaxLoadData()
#5 /var/www/vhosts/iptvbillingsolution.com/public/smartersactivationpanel/system/CodeIgniter.php(412): CodeIgniter\CodeIgniter->runController()
#6 /var/www/vhosts/iptvbillingsolution.com/public/smartersactivationpanel/system/CodeIgniter.php(320): CodeIgniter\CodeIgniter->handleRequest()
#7 /var/www/vhosts/iptvbillingsolution.com/public/smartersactivationpanel/public/index.php(37): CodeIgniter\CodeIgniter->run()
#8 {main}
CRITICAL - 2022-07-14 06:53:59 --> Call to undefined method CodeIgniter\Database\MySQLi\Result::orderBy()
#0 /var/www/vhosts/iptvbillingsolution.com/public/smartersactivationpanel/system/CodeIgniter.php(825): App\Controllers\Testing->ajaxLoadData()
#1 /var/www/vhosts/iptvbillingsolution.com/public/smartersactivationpanel/system/CodeIgniter.php(412): CodeIgniter\CodeIgniter->runController()
#2 /var/www/vhosts/iptvbillingsolution.com/public/smartersactivationpanel/system/CodeIgniter.php(320): CodeIgniter\CodeIgniter->handleRequest()
#3 /var/www/vhosts/iptvbillingsolution.com/public/smartersactivationpanel/public/index.php(37): CodeIgniter\CodeIgniter->run()
#4 {main}
CRITICAL - 2022-07-14 06:54:13 --> Call to undefined method CodeIgniter\Database\MySQLi\Result::orderBy()
#0 /var/www/vhosts/iptvbillingsolution.com/public/smartersactivationpanel/system/CodeIgniter.php(825): App\Controllers\Testing->ajaxLoadData()
#1 /var/www/vhosts/iptvbillingsolution.com/public/smartersactivationpanel/system/CodeIgniter.php(412): CodeIgniter\CodeIgniter->runController()
#2 /var/www/vhosts/iptvbillingsolution.com/public/smartersactivationpanel/system/CodeIgniter.php(320): CodeIgniter\CodeIgniter->handleRequest()
#3 /var/www/vhosts/iptvbillingsolution.com/public/smartersactivationpanel/public/index.php(37): CodeIgniter\CodeIgniter->run()
#4 {main}
CRITICAL - 2022-07-14 06:56:00 --> Call to undefined method CodeIgniter\Database\MySQLi\Result::order_by()
#0 /var/www/vhosts/iptvbillingsolution.com/public/smartersactivationpanel/system/CodeIgniter.php(825): App\Controllers\Testing->ajaxLoadData()
#1 /var/www/vhosts/iptvbillingsolution.com/public/smartersactivationpanel/system/CodeIgniter.php(412): CodeIgniter\CodeIgniter->runController()
#2 /var/www/vhosts/iptvbillingsolution.com/public/smartersactivationpanel/system/CodeIgniter.php(320): CodeIgniter\CodeIgniter->handleRequest()
#3 /var/www/vhosts/iptvbillingsolution.com/public/smartersactivationpanel/public/index.php(37): CodeIgniter\CodeIgniter->run()
#4 {main}
ERROR - 2022-07-14 06:58:51 --> You have an error in your SQL syntax; check the manual that corresponds to your MySQL server version for the right syntax to use near ''desc'' at line 1
CRITICAL - 2022-07-14 06:58:51 --> You have an error in your SQL syntax; check the manual that corresponds to your MySQL server version for the right syntax to use near ''desc'' at line 1
#0 /var/www/vhosts/iptvbillingsolution.com/public/smartersactivationpanel/system/Database/MySQLi/Connection.php(292): mysqli->query()
#1 /var/www/vhosts/iptvbillingsolution.com/public/smartersactivationpanel/system/Database/BaseConnection.php(670): CodeIgniter\Database\MySQLi\Connection->execute()
#2 /var/www/vhosts/iptvbillingsolution.com/public/smartersactivationpanel/system/Database/BaseConnection.php(598): CodeIgniter\Database\BaseConnection->simpleQuery()
#3 /var/www/vhosts/iptvbillingsolution.com/public/smartersactivationpanel/app/Controllers/Testing.php(43): CodeIgniter\Database\BaseConnection->query()
#4 /var/www/vhosts/iptvbillingsolution.com/public/smartersactivationpanel/system/CodeIgniter.php(825): App\Controllers\Testing->ajaxLoadData()
#5 /var/www/vhosts/iptvbillingsolution.com/public/smartersactivationpanel/system/CodeIgniter.php(412): CodeIgniter\CodeIgniter->runController()
#6 /var/www/vhosts/iptvbillingsolution.com/public/smartersactivationpanel/system/CodeIgniter.php(320): CodeIgniter\CodeIgniter->handleRequest()
#7 /var/www/vhosts/iptvbillingsolution.com/public/smartersactivationpanel/public/index.php(37): CodeIgniter\CodeIgniter->run()
#8 {main}
CRITICAL - 2022-07-14 07:20:00 --> Undefined index: orderby
#0 /var/www/vhosts/iptvbillingsolution.com/public/smartersactivationpanel/app/Controllers/Testing.php(26): CodeIgniter\Debug\Exceptions->errorHandler()
#1 /var/www/vhosts/iptvbillingsolution.com/public/smartersactivationpanel/system/CodeIgniter.php(825): App\Controllers\Testing->ajaxLoadData()
#2 /var/www/vhosts/iptvbillingsolution.com/public/smartersactivationpanel/system/CodeIgniter.php(412): CodeIgniter\CodeIgniter->runController()
#3 /var/www/vhosts/iptvbillingsolution.com/public/smartersactivationpanel/system/CodeIgniter.php(320): CodeIgniter\CodeIgniter->handleRequest()
#4 /var/www/vhosts/iptvbillingsolution.com/public/smartersactivationpanel/public/index.php(37): CodeIgniter\CodeIgniter->run()
#5 {main}
CRITICAL - 2022-07-14 07:20:05 --> Undefined index: orderby
#0 /var/www/vhosts/iptvbillingsolution.com/public/smartersactivationpanel/app/Controllers/Testing.php(26): CodeIgniter\Debug\Exceptions->errorHandler()
#1 /var/www/vhosts/iptvbillingsolution.com/public/smartersactivationpanel/system/CodeIgniter.php(825): App\Controllers\Testing->ajaxLoadData()
#2 /var/www/vhosts/iptvbillingsolution.com/public/smartersactivationpanel/system/CodeIgniter.php(412): CodeIgniter\CodeIgniter->runController()
#3 /var/www/vhosts/iptvbillingsolution.com/public/smartersactivationpanel/system/CodeIgniter.php(320): CodeIgniter\CodeIgniter->handleRequest()
#4 /var/www/vhosts/iptvbillingsolution.com/public/smartersactivationpanel/public/index.php(37): CodeIgniter\CodeIgniter->run()
#5 {main}
CRITICAL - 2022-07-14 07:26:03 --> Argument 1 passed to CodeIgniter\Database\BaseBuilder::limit() must be of the type int or null, string given, called in /var/www/vhosts/iptvbillingsolution.com/public/smartersactivationpanel/system/Model.php on line 728
#0 /var/www/vhosts/iptvbillingsolution.com/public/smartersactivationpanel/system/Model.php(728): CodeIgniter\Database\BaseBuilder->limit()
#1 /var/www/vhosts/iptvbillingsolution.com/public/smartersactivationpanel/app/Models/Codemodel.php(94): CodeIgniter\Model->__call()
#2 /var/www/vhosts/iptvbillingsolution.com/public/smartersactivationpanel/app/Controllers/Codes.php(280): App\Models\Codemodel->perpagedataifsearchnot()
#3 /var/www/vhosts/iptvbillingsolution.com/public/smartersactivationpanel/system/CodeIgniter.php(825): App\Controllers\Codes->loaddatafortable()
#4 /var/www/vhosts/iptvbillingsolution.com/public/smartersactivationpanel/system/CodeIgniter.php(412): CodeIgniter\CodeIgniter->runController()
#5 /var/www/vhosts/iptvbillingsolution.com/public/smartersactivationpanel/system/CodeIgniter.php(320): CodeIgniter\CodeIgniter->handleRequest()
#6 /var/www/vhosts/iptvbillingsolution.com/public/smartersactivationpanel/public/index.php(37): CodeIgniter\CodeIgniter->run()
#7 {main}
CRITICAL - 2022-07-14 07:26:13 --> Argument 1 passed to CodeIgniter\Database\BaseBuilder::offset() must be of the type int, string given, called in /var/www/vhosts/iptvbillingsolution.com/public/smartersactivationpanel/system/Model.php on line 728
#0 /var/www/vhosts/iptvbillingsolution.com/public/smartersactivationpanel/system/Model.php(728): CodeIgniter\Database\BaseBuilder->offset()
#1 /var/www/vhosts/iptvbillingsolution.com/public/smartersactivationpanel/app/Models/Codemodel.php(94): CodeIgniter\Model->__call()
#2 /var/www/vhosts/iptvbillingsolution.com/public/smartersactivationpanel/app/Controllers/Codes.php(280): App\Models\Codemodel->perpagedataifsearchnot()
#3 /var/www/vhosts/iptvbillingsolution.com/public/smartersactivationpanel/system/CodeIgniter.php(825): App\Controllers\Codes->loaddatafortable()
#4 /var/www/vhosts/iptvbillingsolution.com/public/smartersactivationpanel/system/CodeIgniter.php(412): CodeIgniter\CodeIgniter->runController()
#5 /var/www/vhosts/iptvbillingsolution.com/public/smartersactivationpanel/system/CodeIgniter.php(320): CodeIgniter\CodeIgniter->handleRequest()
#6 /var/www/vhosts/iptvbillingsolution.com/public/smartersactivationpanel/public/index.php(37): CodeIgniter\CodeIgniter->run()
#7 {main}
CRITICAL - 2022-07-14 07:26:22 --> Argument 1 passed to CodeIgniter\Database\BaseBuilder::limit() must be of the type int or null, string given, called in /var/www/vhosts/iptvbillingsolution.com/public/smartersactivationpanel/system/Model.php on line 728
#0 /var/www/vhosts/iptvbillingsolution.com/public/smartersactivationpanel/system/Model.php(728): CodeIgniter\Database\BaseBuilder->limit()
#1 /var/www/vhosts/iptvbillingsolution.com/public/smartersactivationpanel/app/Models/Codemodel.php(94): CodeIgniter\Model->__call()
#2 /var/www/vhosts/iptvbillingsolution.com/public/smartersactivationpanel/app/Controllers/Codes.php(280): App\Models\Codemodel->perpagedataifsearchnot()
#3 /var/www/vhosts/iptvbillingsolution.com/public/smartersactivationpanel/system/CodeIgniter.php(825): App\Controllers\Codes->loaddatafortable()
#4 /var/www/vhosts/iptvbillingsolution.com/public/smartersactivationpanel/system/CodeIgniter.php(412): CodeIgniter\CodeIgniter->runController()
#5 /var/www/vhosts/iptvbillingsolution.com/public/smartersactivationpanel/system/CodeIgniter.php(320): CodeIgniter\CodeIgniter->handleRequest()
#6 /var/www/vhosts/iptvbillingsolution.com/public/smartersactivationpanel/public/index.php(37): CodeIgniter\CodeIgniter->run()
#7 {main}
CRITICAL - 2022-07-14 07:27:12 --> Argument 1 passed to CodeIgniter\Database\BaseBuilder::limit() must be of the type int or null, string given, called in /var/www/vhosts/iptvbillingsolution.com/public/smartersactivationpanel/system/Model.php on line 728
#0 /var/www/vhosts/iptvbillingsolution.com/public/smartersactivationpanel/system/Model.php(728): CodeIgniter\Database\BaseBuilder->limit()
#1 /var/www/vhosts/iptvbillingsolution.com/public/smartersactivationpanel/app/Models/Codemodel.php(94): CodeIgniter\Model->__call()
#2 /var/www/vhosts/iptvbillingsolution.com/public/smartersactivationpanel/app/Controllers/Codes.php(280): App\Models\Codemodel->perpagedataifsearchnot()
#3 /var/www/vhosts/iptvbillingsolution.com/public/smartersactivationpanel/system/CodeIgniter.php(825): App\Controllers\Codes->loaddatafortable()
#4 /var/www/vhosts/iptvbillingsolution.com/public/smartersactivationpanel/system/CodeIgniter.php(412): CodeIgniter\CodeIgniter->runController()
#5 /var/www/vhosts/iptvbillingsolution.com/public/smartersactivationpanel/system/CodeIgniter.php(320): CodeIgniter\CodeIgniter->handleRequest()
#6 /var/www/vhosts/iptvbillingsolution.com/public/smartersactivationpanel/public/index.php(37): CodeIgniter\CodeIgniter->run()
#7 {main}
CRITICAL - 2022-07-14 07:27:22 --> Argument 1 passed to CodeIgniter\Database\BaseBuilder::offset() must be of the type int, string given, called in /var/www/vhosts/iptvbillingsolution.com/public/smartersactivationpanel/system/Model.php on line 728
#0 /var/www/vhosts/iptvbillingsolution.com/public/smartersactivationpanel/system/Model.php(728): CodeIgniter\Database\BaseBuilder->offset()
#1 /var/www/vhosts/iptvbillingsolution.com/public/smartersactivationpanel/app/Models/Codemodel.php(94): CodeIgniter\Model->__call()
#2 /var/www/vhosts/iptvbillingsolution.com/public/smartersactivationpanel/app/Controllers/Codes.php(280): App\Models\Codemodel->perpagedataifsearchnot()
#3 /var/www/vhosts/iptvbillingsolution.com/public/smartersactivationpanel/system/CodeIgniter.php(825): App\Controllers\Codes->loaddatafortable()
#4 /var/www/vhosts/iptvbillingsolution.com/public/smartersactivationpanel/system/CodeIgniter.php(412): CodeIgniter\CodeIgniter->runController()
#5 /var/www/vhosts/iptvbillingsolution.com/public/smartersactivationpanel/system/CodeIgniter.php(320): CodeIgniter\CodeIgniter->handleRequest()
#6 /var/www/vhosts/iptvbillingsolution.com/public/smartersactivationpanel/public/index.php(37): CodeIgniter\CodeIgniter->run()
#7 {main}
CRITICAL - 2022-07-14 07:27:46 --> Argument 1 passed to CodeIgniter\Database\BaseBuilder::limit() must be of the type int or null, string given, called in /var/www/vhosts/iptvbillingsolution.com/public/smartersactivationpanel/system/Model.php on line 728
#0 /var/www/vhosts/iptvbillingsolution.com/public/smartersactivationpanel/system/Model.php(728): CodeIgniter\Database\BaseBuilder->limit()
#1 /var/www/vhosts/iptvbillingsolution.com/public/smartersactivationpanel/app/Models/Codemodel.php(94): CodeIgniter\Model->__call()
#2 /var/www/vhosts/iptvbillingsolution.com/public/smartersactivationpanel/app/Controllers/Codes.php(280): App\Models\Codemodel->perpagedataifsearchnot()
#3 /var/www/vhosts/iptvbillingsolution.com/public/smartersactivationpanel/system/CodeIgniter.php(825): App\Controllers\Codes->loaddatafortable()
#4 /var/www/vhosts/iptvbillingsolution.com/public/smartersactivationpanel/system/CodeIgniter.php(412): CodeIgniter\CodeIgniter->runController()
#5 /var/www/vhosts/iptvbillingsolution.com/public/smartersactivationpanel/system/CodeIgniter.php(320): CodeIgniter\CodeIgniter->handleRequest()
#6 /var/www/vhosts/iptvbillingsolution.com/public/smartersactivationpanel/public/index.php(37): CodeIgniter\CodeIgniter->run()
#7 {main}
ERROR - 2022-07-14 07:28:48 --> You have an error in your SQL syntax; check the manual that corresponds to your MySQL server version for the right syntax to use near '-1' at line 4
CRITICAL - 2022-07-14 07:28:48 --> You have an error in your SQL syntax; check the manual that corresponds to your MySQL server version for the right syntax to use near '-1' at line 4
#0 /var/www/vhosts/iptvbillingsolution.com/public/smartersactivationpanel/system/Database/MySQLi/Connection.php(292): mysqli->query()
#1 /var/www/vhosts/iptvbillingsolution.com/public/smartersactivationpanel/system/Database/BaseConnection.php(670): CodeIgniter\Database\MySQLi\Connection->execute()
#2 /var/www/vhosts/iptvbillingsolution.com/public/smartersactivationpanel/system/Database/BaseConnection.php(598): CodeIgniter\Database\BaseConnection->simpleQuery()
#3 /var/www/vhosts/iptvbillingsolution.com/public/smartersactivationpanel/system/Database/BaseBuilder.php(1455): CodeIgniter\Database\BaseConnection->query()
#4 /var/www/vhosts/iptvbillingsolution.com/public/smartersactivationpanel/system/Model.php(728): CodeIgniter\Database\BaseBuilder->get()
#5 /var/www/vhosts/iptvbillingsolution.com/public/smartersactivationpanel/app/Models/Codemodel.php(94): CodeIgniter\Model->__call()
#6 /var/www/vhosts/iptvbillingsolution.com/public/smartersactivationpanel/app/Controllers/Codes.php(280): App\Models\Codemodel->perpagedataifsearchnot()
#7 /var/www/vhosts/iptvbillingsolution.com/public/smartersactivationpanel/system/CodeIgniter.php(825): App\Controllers\Codes->loaddatafortable()
#8 /var/www/vhosts/iptvbillingsolution.com/public/smartersactivationpanel/system/CodeIgniter.php(412): CodeIgniter\CodeIgniter->runController()
#9 /var/www/vhosts/iptvbillingsolution.com/public/smartersactivationpanel/system/CodeIgniter.php(320): CodeIgniter\CodeIgniter->handleRequest()
#10 /var/www/vhosts/iptvbillingsolution.com/public/smartersactivationpanel/public/index.php(37): CodeIgniter\CodeIgniter->run()
#11 {main}
