CRITICAL - 2022-05-31 01:33:11 --> Array to string conversion
#0 /var/www/vhosts/iptvbillingsolution.com/public/smartersbackend/app/Views/apkfiles.php(34): CodeIgniter\Debug\Exceptions->errorHandler()
#1 /var/www/vhosts/iptvbillingsolution.com/public/smartersbackend/system/View/View.php(210): include('/var/www/vhosts...')
#2 /var/www/vhosts/iptvbillingsolution.com/public/smartersbackend/system/View/View.php(213): CodeIgniter\View\View->CodeIgniter\View\{closure}()
#3 /var/www/vhosts/iptvbillingsolution.com/public/smartersbackend/system/Common.php(1089): CodeIgniter\View\View->render()
#4 /var/www/vhosts/iptvbillingsolution.com/public/smartersbackend/app/Controllers/Apkfiles.php(60): view()
#5 /var/www/vhosts/iptvbillingsolution.com/public/smartersbackend/system/CodeIgniter.php(825): App\Controllers\Apkfiles->apkfiles()
#6 /var/www/vhosts/iptvbillingsolution.com/public/smartersbackend/system/CodeIgniter.php(412): CodeIgniter\CodeIgniter->runController()
#7 /var/www/vhosts/iptvbillingsolution.com/public/smartersbackend/system/CodeIgniter.php(320): CodeIgniter\CodeIgniter->handleRequest()
#8 /var/www/vhosts/iptvbillingsolution.com/public/smartersbackend/public/index.php(37): CodeIgniter\CodeIgniter->run()
#9 {main}
CRITICAL - 2022-05-31 01:37:13 --> Illegal string offset 'result'
#0 /var/www/vhosts/iptvbillingsolution.com/public/smartersbackend/app/Views/apkfiles.php(34): CodeIgniter\Debug\Exceptions->errorHandler()
#1 /var/www/vhosts/iptvbillingsolution.com/public/smartersbackend/system/View/View.php(210): include('/var/www/vhosts...')
#2 /var/www/vhosts/iptvbillingsolution.com/public/smartersbackend/system/View/View.php(213): CodeIgniter\View\View->CodeIgniter\View\{closure}()
#3 /var/www/vhosts/iptvbillingsolution.com/public/smartersbackend/system/Common.php(1089): CodeIgniter\View\View->render()
#4 /var/www/vhosts/iptvbillingsolution.com/public/smartersbackend/app/Controllers/Apkfiles.php(60): view()
#5 /var/www/vhosts/iptvbillingsolution.com/public/smartersbackend/system/CodeIgniter.php(825): App\Controllers\Apkfiles->apkfiles()
#6 /var/www/vhosts/iptvbillingsolution.com/public/smartersbackend/system/CodeIgniter.php(412): CodeIgniter\CodeIgniter->runController()
#7 /var/www/vhosts/iptvbillingsolution.com/public/smartersbackend/system/CodeIgniter.php(320): CodeIgniter\CodeIgniter->handleRequest()
#8 /var/www/vhosts/iptvbillingsolution.com/public/smartersbackend/public/index.php(37): CodeIgniter\CodeIgniter->run()
#9 {main}
CRITICAL - 2022-05-31 01:43:40 --> Undefined index: message
#0 /var/www/vhosts/iptvbillingsolution.com/public/smartersbackend/app/Controllers/Apkfiles.php(332): CodeIgniter\Debug\Exceptions->errorHandler()
#1 /var/www/vhosts/iptvbillingsolution.com/public/smartersbackend/system/CodeIgniter.php(825): App\Controllers\Apkfiles->editapkrecords()
#2 /var/www/vhosts/iptvbillingsolution.com/public/smartersbackend/system/CodeIgniter.php(412): CodeIgniter\CodeIgniter->runController()
#3 /var/www/vhosts/iptvbillingsolution.com/public/smartersbackend/system/CodeIgniter.php(320): CodeIgniter\CodeIgniter->handleRequest()
#4 /var/www/vhosts/iptvbillingsolution.com/public/smartersbackend/public/index.php(37): CodeIgniter\CodeIgniter->run()
#5 {main}
ERROR - 2022-05-31 02:20:34 --> Error connecting to the database: Access denied for user '****'@'localhost' (using password: YES)
CRITICAL - 2022-05-31 02:20:34 --> Unable to connect to the database.
Main connection [MySQLi]: Access denied for user '****'@'localhost' (using password: YES)
#0 /var/www/vhosts/iptvbillingsolution.com/public/smartersbackend/system/Database/BaseConnection.php(577): CodeIgniter\Database\BaseConnection->initialize()
#1 /var/www/vhosts/iptvbillingsolution.com/public/smartersbackend/system/Database/BaseConnection.php(1338): CodeIgniter\Database\BaseConnection->query()
#2 /var/www/vhosts/iptvbillingsolution.com/public/smartersbackend/system/Database/BaseConnection.php(1369): CodeIgniter\Database\BaseConnection->listTables()
#3 /var/www/vhosts/iptvbillingsolution.com/public/smartersbackend/app/Filters/isLoggedIn.php(28): CodeIgniter\Database\BaseConnection->tableExists()
#4 /var/www/vhosts/iptvbillingsolution.com/public/smartersbackend/system/Filters/Filters.php(173): App\Filters\isLoggedIn->before()
#5 /var/www/vhosts/iptvbillingsolution.com/public/smartersbackend/system/CodeIgniter.php(386): CodeIgniter\Filters\Filters->run()
#6 /var/www/vhosts/iptvbillingsolution.com/public/smartersbackend/system/CodeIgniter.php(320): CodeIgniter\CodeIgniter->handleRequest()
#7 /var/www/vhosts/iptvbillingsolution.com/public/smartersbackend/public/index.php(37): CodeIgniter\CodeIgniter->run()
#8 {main}
CRITICAL - 2022-05-31 02:21:33 --> Undefined variable: msg
#0 /var/www/vhosts/iptvbillingsolution.com/public/smartersbackend/app/Controllers/Apkfiles.php(267): CodeIgniter\Debug\Exceptions->errorHandler()
#1 /var/www/vhosts/iptvbillingsolution.com/public/smartersbackend/system/CodeIgniter.php(825): App\Controllers\Apkfiles->editapkrecords()
#2 /var/www/vhosts/iptvbillingsolution.com/public/smartersbackend/system/CodeIgniter.php(412): CodeIgniter\CodeIgniter->runController()
#3 /var/www/vhosts/iptvbillingsolution.com/public/smartersbackend/system/CodeIgniter.php(320): CodeIgniter\CodeIgniter->handleRequest()
#4 /var/www/vhosts/iptvbillingsolution.com/public/smartersbackend/public/index.php(37): CodeIgniter\CodeIgniter->run()
#5 {main}
CRITICAL - 2022-05-31 05:51:19 --> Undefined index: action
#0 /var/www/vhosts/iptvbillingsolution.com/public/smartersbackend/app/Controllers/Storeappdata.php(9): CodeIgniter\Debug\Exceptions->errorHandler()
#1 /var/www/vhosts/iptvbillingsolution.com/public/smartersbackend/system/CodeIgniter.php(825): App\Controllers\Storeappdata->storeappdata()
#2 /var/www/vhosts/iptvbillingsolution.com/public/smartersbackend/system/CodeIgniter.php(412): CodeIgniter\CodeIgniter->runController()
#3 /var/www/vhosts/iptvbillingsolution.com/public/smartersbackend/system/CodeIgniter.php(320): CodeIgniter\CodeIgniter->handleRequest()
#4 /var/www/vhosts/iptvbillingsolution.com/public/smartersbackend/public/index.php(37): CodeIgniter\CodeIgniter->run()
#5 {main}
CRITICAL - 2022-05-31 05:52:59 --> Array to string conversion
#0 /var/www/vhosts/iptvbillingsolution.com/public/smartersbackend/app/Controllers/Storeappdata.php(13): CodeIgniter\Debug\Exceptions->errorHandler()
#1 /var/www/vhosts/iptvbillingsolution.com/public/smartersbackend/system/CodeIgniter.php(825): App\Controllers\Storeappdata->storeappdata()
#2 /var/www/vhosts/iptvbillingsolution.com/public/smartersbackend/system/CodeIgniter.php(412): CodeIgniter\CodeIgniter->runController()
#3 /var/www/vhosts/iptvbillingsolution.com/public/smartersbackend/system/CodeIgniter.php(320): CodeIgniter\CodeIgniter->handleRequest()
#4 /var/www/vhosts/iptvbillingsolution.com/public/smartersbackend/public/index.php(37): CodeIgniter\CodeIgniter->run()
#5 {main}
CRITICAL - 2022-05-31 07:42:36 --> Undefined variable: finaldatatopass
#0 /var/www/vhosts/iptvbillingsolution.com/public/smartersbackend/app/Controllers/Webapp.php(8): CodeIgniter\Debug\Exceptions->errorHandler()
#1 /var/www/vhosts/iptvbillingsolution.com/public/smartersbackend/system/CodeIgniter.php(825): App\Controllers\Webapp->dashboard()
#2 /var/www/vhosts/iptvbillingsolution.com/public/smartersbackend/system/CodeIgniter.php(412): CodeIgniter\CodeIgniter->runController()
#3 /var/www/vhosts/iptvbillingsolution.com/public/smartersbackend/system/CodeIgniter.php(320): CodeIgniter\CodeIgniter->handleRequest()
#4 /var/www/vhosts/iptvbillingsolution.com/public/smartersbackend/public/index.php(37): CodeIgniter\CodeIgniter->run()
#5 {main}
CRITICAL - 2022-05-31 08:20:47 --> Call to undefined method App\Controllers\Webapp::appcustomizedatamodel()
#0 /var/www/vhosts/iptvbillingsolution.com/public/smartersbackend/system/CodeIgniter.php(825): App\Controllers\Webapp->dashboard()
#1 /var/www/vhosts/iptvbillingsolution.com/public/smartersbackend/system/CodeIgniter.php(412): CodeIgniter\CodeIgniter->runController()
#2 /var/www/vhosts/iptvbillingsolution.com/public/smartersbackend/system/CodeIgniter.php(320): CodeIgniter\CodeIgniter->handleRequest()
#3 /var/www/vhosts/iptvbillingsolution.com/public/smartersbackend/public/index.php(37): CodeIgniter\CodeIgniter->run()
#4 {main}
CRITICAL - 2022-05-31 08:21:41 --> Cannot use object of type stdClass as array
#0 /var/www/vhosts/iptvbillingsolution.com/public/smartersbackend/system/CodeIgniter.php(825): App\Controllers\Webapp->dashboard()
#1 /var/www/vhosts/iptvbillingsolution.com/public/smartersbackend/system/CodeIgniter.php(412): CodeIgniter\CodeIgniter->runController()
#2 /var/www/vhosts/iptvbillingsolution.com/public/smartersbackend/system/CodeIgniter.php(320): CodeIgniter\CodeIgniter->handleRequest()
#3 /var/www/vhosts/iptvbillingsolution.com/public/smartersbackend/public/index.php(37): CodeIgniter\CodeIgniter->run()
#4 {main}
CRITICAL - 2022-05-31 08:22:51 --> Cannot use object of type stdClass as array
#0 /var/www/vhosts/iptvbillingsolution.com/public/smartersbackend/system/View/View.php(210): include()
#1 /var/www/vhosts/iptvbillingsolution.com/public/smartersbackend/system/View/View.php(213): CodeIgniter\View\View->CodeIgniter\View\{closure}()
#2 /var/www/vhosts/iptvbillingsolution.com/public/smartersbackend/system/Common.php(1089): CodeIgniter\View\View->render()
#3 /var/www/vhosts/iptvbillingsolution.com/public/smartersbackend/app/Controllers/Webapp.php(16): view()
#4 /var/www/vhosts/iptvbillingsolution.com/public/smartersbackend/system/CodeIgniter.php(825): App\Controllers\Webapp->dashboard()
#5 /var/www/vhosts/iptvbillingsolution.com/public/smartersbackend/system/CodeIgniter.php(412): CodeIgniter\CodeIgniter->runController()
#6 /var/www/vhosts/iptvbillingsolution.com/public/smartersbackend/system/CodeIgniter.php(320): CodeIgniter\CodeIgniter->handleRequest()
#7 /var/www/vhosts/iptvbillingsolution.com/public/smartersbackend/public/index.php(37): CodeIgniter\CodeIgniter->run()
#8 {main}
CRITICAL - 2022-05-31 08:26:28 --> Cannot use object of type stdClass as array
#0 /var/www/vhosts/iptvbillingsolution.com/public/smartersbackend/system/View/View.php(210): include()
#1 /var/www/vhosts/iptvbillingsolution.com/public/smartersbackend/system/View/View.php(213): CodeIgniter\View\View->CodeIgniter\View\{closure}()
#2 /var/www/vhosts/iptvbillingsolution.com/public/smartersbackend/system/Common.php(1089): CodeIgniter\View\View->render()
#3 /var/www/vhosts/iptvbillingsolution.com/public/smartersbackend/app/Controllers/Webapp.php(19): view()
#4 /var/www/vhosts/iptvbillingsolution.com/public/smartersbackend/system/CodeIgniter.php(825): App\Controllers\Webapp->dashboard()
#5 /var/www/vhosts/iptvbillingsolution.com/public/smartersbackend/system/CodeIgniter.php(412): CodeIgniter\CodeIgniter->runController()
#6 /var/www/vhosts/iptvbillingsolution.com/public/smartersbackend/system/CodeIgniter.php(320): CodeIgniter\CodeIgniter->handleRequest()
#7 /var/www/vhosts/iptvbillingsolution.com/public/smartersbackend/public/index.php(37): CodeIgniter\CodeIgniter->run()
#8 {main}
