CRITICAL - 2022-04-25 00:16:15 --> Undefined variable: returnarray
#0 /var/www/vhosts/iptvbillingsolution.com/public/ankush_ci/app/Views/checksmtpdetails.php(66): CodeIgniter\Debug\Exceptions->errorHandler()
#1 /var/www/vhosts/iptvbillingsolution.com/public/ankush_ci/system/View/View.php(210): include('/var/www/vhosts...')
#2 /var/www/vhosts/iptvbillingsolution.com/public/ankush_ci/system/View/View.php(213): CodeIgniter\View\View->CodeIgniter\View\{closure}()
#3 /var/www/vhosts/iptvbillingsolution.com/public/ankush_ci/system/Common.php(1089): CodeIgniter\View\View->render()
#4 /var/www/vhosts/iptvbillingsolution.com/public/ankush_ci/app/Controllers/Generalsettings.php(115): view()
#5 /var/www/vhosts/iptvbillingsolution.com/public/ankush_ci/system/CodeIgniter.php(825): App\Controllers\Generalsettings->checksmtpdetails()
#6 /var/www/vhosts/iptvbillingsolution.com/public/ankush_ci/system/CodeIgniter.php(412): CodeIgniter\CodeIgniter->runController()
#7 /var/www/vhosts/iptvbillingsolution.com/public/ankush_ci/system/CodeIgniter.php(320): CodeIgniter\CodeIgniter->handleRequest()
#8 /var/www/vhosts/iptvbillingsolution.com/public/ankush_ci/public/index.php(37): CodeIgniter\CodeIgniter->run()
#9 {main}
CRITICAL - 2022-04-25 00:17:01 --> Undefined variable: returnarray
#0 /var/www/vhosts/iptvbillingsolution.com/public/ankush_ci/app/Views/checksmtpdetails.php(66): CodeIgniter\Debug\Exceptions->errorHandler()
#1 /var/www/vhosts/iptvbillingsolution.com/public/ankush_ci/system/View/View.php(210): include('/var/www/vhosts...')
#2 /var/www/vhosts/iptvbillingsolution.com/public/ankush_ci/system/View/View.php(213): CodeIgniter\View\View->CodeIgniter\View\{closure}()
#3 /var/www/vhosts/iptvbillingsolution.com/public/ankush_ci/system/Common.php(1089): CodeIgniter\View\View->render()
#4 /var/www/vhosts/iptvbillingsolution.com/public/ankush_ci/app/Controllers/Generalsettings.php(115): view()
#5 /var/www/vhosts/iptvbillingsolution.com/public/ankush_ci/system/CodeIgniter.php(825): App\Controllers\Generalsettings->checksmtpdetails()
#6 /var/www/vhosts/iptvbillingsolution.com/public/ankush_ci/system/CodeIgniter.php(412): CodeIgniter\CodeIgniter->runController()
#7 /var/www/vhosts/iptvbillingsolution.com/public/ankush_ci/system/CodeIgniter.php(320): CodeIgniter\CodeIgniter->handleRequest()
#8 /var/www/vhosts/iptvbillingsolution.com/public/ankush_ci/public/index.php(37): CodeIgniter\CodeIgniter->run()
#9 {main}
CRITICAL - 2022-04-25 00:17:27 --> Undefined variable: returnarray
#0 /var/www/vhosts/iptvbillingsolution.com/public/ankush_ci/app/Views/checksmtpdetails.php(66): CodeIgniter\Debug\Exceptions->errorHandler()
#1 /var/www/vhosts/iptvbillingsolution.com/public/ankush_ci/system/View/View.php(210): include('/var/www/vhosts...')
#2 /var/www/vhosts/iptvbillingsolution.com/public/ankush_ci/system/View/View.php(213): CodeIgniter\View\View->CodeIgniter\View\{closure}()
#3 /var/www/vhosts/iptvbillingsolution.com/public/ankush_ci/system/Common.php(1089): CodeIgniter\View\View->render()
#4 /var/www/vhosts/iptvbillingsolution.com/public/ankush_ci/app/Controllers/Generalsettings.php(116): view()
#5 /var/www/vhosts/iptvbillingsolution.com/public/ankush_ci/system/CodeIgniter.php(825): App\Controllers\Generalsettings->checksmtpdetails()
#6 /var/www/vhosts/iptvbillingsolution.com/public/ankush_ci/system/CodeIgniter.php(412): CodeIgniter\CodeIgniter->runController()
#7 /var/www/vhosts/iptvbillingsolution.com/public/ankush_ci/system/CodeIgniter.php(320): CodeIgniter\CodeIgniter->handleRequest()
#8 /var/www/vhosts/iptvbillingsolution.com/public/ankush_ci/public/index.php(37): CodeIgniter\CodeIgniter->run()
#9 {main}
CRITICAL - 2022-04-25 00:18:16 --> syntax error, unexpected ']', expecting ')'
#0 /var/www/vhosts/iptvbillingsolution.com/public/ankush_ci/system/Autoloader/Autoloader.php(241): CodeIgniter\Autoloader\Autoloader->includeFile()
#1 /var/www/vhosts/iptvbillingsolution.com/public/ankush_ci/system/Autoloader/Autoloader.php(219): CodeIgniter\Autoloader\Autoloader->loadInNamespace()
#2 [internal function]: CodeIgniter\Autoloader\Autoloader->loadClass()
#3 [internal function]: spl_autoload_call()
#4 /var/www/vhosts/iptvbillingsolution.com/public/ankush_ci/system/CodeIgniter.php(790): class_exists()
#5 /var/www/vhosts/iptvbillingsolution.com/public/ankush_ci/system/CodeIgniter.php(399): CodeIgniter\CodeIgniter->startController()
#6 /var/www/vhosts/iptvbillingsolution.com/public/ankush_ci/system/CodeIgniter.php(320): CodeIgniter\CodeIgniter->handleRequest()
#7 /var/www/vhosts/iptvbillingsolution.com/public/ankush_ci/public/index.php(37): CodeIgniter\CodeIgniter->run()
#8 {main}
CRITICAL - 2022-04-25 00:21:02 --> Undefined variable: returnarray
#0 /var/www/vhosts/iptvbillingsolution.com/public/ankush_ci/app/Views/checksmtpdetails.php(66): CodeIgniter\Debug\Exceptions->errorHandler()
#1 /var/www/vhosts/iptvbillingsolution.com/public/ankush_ci/system/View/View.php(210): include('/var/www/vhosts...')
#2 /var/www/vhosts/iptvbillingsolution.com/public/ankush_ci/system/View/View.php(213): CodeIgniter\View\View->CodeIgniter\View\{closure}()
#3 /var/www/vhosts/iptvbillingsolution.com/public/ankush_ci/system/Common.php(1089): CodeIgniter\View\View->render()
#4 /var/www/vhosts/iptvbillingsolution.com/public/ankush_ci/app/Controllers/Generalsettings.php(116): view()
#5 /var/www/vhosts/iptvbillingsolution.com/public/ankush_ci/system/CodeIgniter.php(825): App\Controllers\Generalsettings->checksmtpdetails()
#6 /var/www/vhosts/iptvbillingsolution.com/public/ankush_ci/system/CodeIgniter.php(412): CodeIgniter\CodeIgniter->runController()
#7 /var/www/vhosts/iptvbillingsolution.com/public/ankush_ci/system/CodeIgniter.php(320): CodeIgniter\CodeIgniter->handleRequest()
#8 /var/www/vhosts/iptvbillingsolution.com/public/ankush_ci/public/index.php(37): CodeIgniter\CodeIgniter->run()
#9 {main}
ERROR - 2022-04-25 00:34:57 --> Unknown column 'smtpusername' in 'where clause'
CRITICAL - 2022-04-25 00:34:57 --> Unknown column 'smtpusername' in 'where clause'
#0 /var/www/vhosts/iptvbillingsolution.com/public/ankush_ci/system/Database/MySQLi/Connection.php(292): mysqli->query()
#1 /var/www/vhosts/iptvbillingsolution.com/public/ankush_ci/system/Database/BaseConnection.php(670): CodeIgniter\Database\MySQLi\Connection->execute()
#2 /var/www/vhosts/iptvbillingsolution.com/public/ankush_ci/system/Database/BaseConnection.php(598): CodeIgniter\Database\BaseConnection->simpleQuery()
#3 /var/www/vhosts/iptvbillingsolution.com/public/ankush_ci/system/Database/BaseBuilder.php(1539): CodeIgniter\Database\BaseConnection->query()
#4 /var/www/vhosts/iptvbillingsolution.com/public/ankush_ci/system/Model.php(509): CodeIgniter\Database\BaseBuilder->countAllResults()
#5 /var/www/vhosts/iptvbillingsolution.com/public/ankush_ci/app/Controllers/Generalsettings.php(111): CodeIgniter\Model->countAllResults()
#6 /var/www/vhosts/iptvbillingsolution.com/public/ankush_ci/system/CodeIgniter.php(825): App\Controllers\Generalsettings->checksmtpdetails()
#7 /var/www/vhosts/iptvbillingsolution.com/public/ankush_ci/system/CodeIgniter.php(412): CodeIgniter\CodeIgniter->runController()
#8 /var/www/vhosts/iptvbillingsolution.com/public/ankush_ci/system/CodeIgniter.php(320): CodeIgniter\CodeIgniter->handleRequest()
#9 /var/www/vhosts/iptvbillingsolution.com/public/ankush_ci/public/index.php(37): CodeIgniter\CodeIgniter->run()
#10 {main}
CRITICAL - 2022-04-25 00:43:52 --> Call to a member function where() on null
#0 /var/www/vhosts/iptvbillingsolution.com/public/ankush_ci/app/Controllers/Generalsettings.php(111): App\Models\Testandsavesmtpmodal->matchsmtpdata()
#1 /var/www/vhosts/iptvbillingsolution.com/public/ankush_ci/system/CodeIgniter.php(825): App\Controllers\Generalsettings->checksmtpdetails()
#2 /var/www/vhosts/iptvbillingsolution.com/public/ankush_ci/system/CodeIgniter.php(412): CodeIgniter\CodeIgniter->runController()
#3 /var/www/vhosts/iptvbillingsolution.com/public/ankush_ci/system/CodeIgniter.php(320): CodeIgniter\CodeIgniter->handleRequest()
#4 /var/www/vhosts/iptvbillingsolution.com/public/ankush_ci/public/index.php(37): CodeIgniter\CodeIgniter->run()
#5 {main}
CRITICAL - 2022-04-25 00:44:10 --> Call to a member function where() on null
#0 /var/www/vhosts/iptvbillingsolution.com/public/ankush_ci/app/Controllers/Generalsettings.php(111): App\Models\Testandsavesmtpmodal->matchsmtpdata()
#1 /var/www/vhosts/iptvbillingsolution.com/public/ankush_ci/system/CodeIgniter.php(825): App\Controllers\Generalsettings->checksmtpdetails()
#2 /var/www/vhosts/iptvbillingsolution.com/public/ankush_ci/system/CodeIgniter.php(412): CodeIgniter\CodeIgniter->runController()
#3 /var/www/vhosts/iptvbillingsolution.com/public/ankush_ci/system/CodeIgniter.php(320): CodeIgniter\CodeIgniter->handleRequest()
#4 /var/www/vhosts/iptvbillingsolution.com/public/ankush_ci/public/index.php(37): CodeIgniter\CodeIgniter->run()
#5 {main}
CRITICAL - 2022-04-25 00:44:33 --> Call to a member function where() on null
#0 /var/www/vhosts/iptvbillingsolution.com/public/ankush_ci/app/Controllers/Generalsettings.php(111): App\Models\Testandsavesmtpmodal->matchsmtpdata()
#1 /var/www/vhosts/iptvbillingsolution.com/public/ankush_ci/system/CodeIgniter.php(825): App\Controllers\Generalsettings->checksmtpdetails()
#2 /var/www/vhosts/iptvbillingsolution.com/public/ankush_ci/system/CodeIgniter.php(412): CodeIgniter\CodeIgniter->runController()
#3 /var/www/vhosts/iptvbillingsolution.com/public/ankush_ci/system/CodeIgniter.php(320): CodeIgniter\CodeIgniter->handleRequest()
#4 /var/www/vhosts/iptvbillingsolution.com/public/ankush_ci/public/index.php(37): CodeIgniter\CodeIgniter->run()
#5 {main}
CRITICAL - 2022-04-25 00:45:25 --> Call to a member function where() on null
#0 /var/www/vhosts/iptvbillingsolution.com/public/ankush_ci/app/Controllers/Generalsettings.php(111): App\Models\Testandsavesmtpmodal->matchsmtpdata()
#1 /var/www/vhosts/iptvbillingsolution.com/public/ankush_ci/system/CodeIgniter.php(825): App\Controllers\Generalsettings->checksmtpdetails()
#2 /var/www/vhosts/iptvbillingsolution.com/public/ankush_ci/system/CodeIgniter.php(412): CodeIgniter\CodeIgniter->runController()
#3 /var/www/vhosts/iptvbillingsolution.com/public/ankush_ci/system/CodeIgniter.php(320): CodeIgniter\CodeIgniter->handleRequest()
#4 /var/www/vhosts/iptvbillingsolution.com/public/ankush_ci/public/index.php(37): CodeIgniter\CodeIgniter->run()
#5 {main}
CRITICAL - 2022-04-25 00:52:40 --> Array to string conversion
#0 /var/www/vhosts/iptvbillingsolution.com/public/ankush_ci/app/Views/checksmtpdetails.php(40): CodeIgniter\Debug\Exceptions->errorHandler()
#1 /var/www/vhosts/iptvbillingsolution.com/public/ankush_ci/system/View/View.php(210): include('/var/www/vhosts...')
#2 /var/www/vhosts/iptvbillingsolution.com/public/ankush_ci/system/View/View.php(213): CodeIgniter\View\View->CodeIgniter\View\{closure}()
#3 /var/www/vhosts/iptvbillingsolution.com/public/ankush_ci/system/Common.php(1089): CodeIgniter\View\View->render()
#4 /var/www/vhosts/iptvbillingsolution.com/public/ankush_ci/app/Controllers/Generalsettings.php(124): view()
#5 /var/www/vhosts/iptvbillingsolution.com/public/ankush_ci/system/CodeIgniter.php(825): App\Controllers\Generalsettings->checksmtpdetails()
#6 /var/www/vhosts/iptvbillingsolution.com/public/ankush_ci/system/CodeIgniter.php(412): CodeIgniter\CodeIgniter->runController()
#7 /var/www/vhosts/iptvbillingsolution.com/public/ankush_ci/system/CodeIgniter.php(320): CodeIgniter\CodeIgniter->handleRequest()
#8 /var/www/vhosts/iptvbillingsolution.com/public/ankush_ci/public/index.php(37): CodeIgniter\CodeIgniter->run()
#9 {main}
CRITICAL - 2022-04-25 01:25:57 --> Argument 2 passed to view() must be of the type array, string given, called in /var/www/vhosts/iptvbillingsolution.com/public/ankush_ci/app/Controllers/Generalsettings.php on line 136
#0 /var/www/vhosts/iptvbillingsolution.com/public/ankush_ci/app/Controllers/Generalsettings.php(136): view()
#1 /var/www/vhosts/iptvbillingsolution.com/public/ankush_ci/system/CodeIgniter.php(825): App\Controllers\Generalsettings->checksmtpdetails()
#2 /var/www/vhosts/iptvbillingsolution.com/public/ankush_ci/system/CodeIgniter.php(412): CodeIgniter\CodeIgniter->runController()
#3 /var/www/vhosts/iptvbillingsolution.com/public/ankush_ci/system/CodeIgniter.php(320): CodeIgniter\CodeIgniter->handleRequest()
#4 /var/www/vhosts/iptvbillingsolution.com/public/ankush_ci/public/index.php(37): CodeIgniter\CodeIgniter->run()
#5 {main}
CRITICAL - 2022-04-25 01:28:26 --> Argument 2 passed to view() must be of the type array, string given, called in /var/www/vhosts/iptvbillingsolution.com/public/ankush_ci/app/Controllers/Generalsettings.php on line 130
#0 /var/www/vhosts/iptvbillingsolution.com/public/ankush_ci/app/Controllers/Generalsettings.php(130): view()
#1 /var/www/vhosts/iptvbillingsolution.com/public/ankush_ci/system/CodeIgniter.php(825): App\Controllers\Generalsettings->checksmtpdetails()
#2 /var/www/vhosts/iptvbillingsolution.com/public/ankush_ci/system/CodeIgniter.php(412): CodeIgniter\CodeIgniter->runController()
#3 /var/www/vhosts/iptvbillingsolution.com/public/ankush_ci/system/CodeIgniter.php(320): CodeIgniter\CodeIgniter->handleRequest()
#4 /var/www/vhosts/iptvbillingsolution.com/public/ankush_ci/public/index.php(37): CodeIgniter\CodeIgniter->run()
#5 {main}
CRITICAL - 2022-04-25 01:47:56 --> Illegal string offset 'smtpcrypto'
#0 /var/www/vhosts/iptvbillingsolution.com/public/ankush_ci/app/Controllers/Generalsettings.php(106): CodeIgniter\Debug\Exceptions->errorHandler()
#1 /var/www/vhosts/iptvbillingsolution.com/public/ankush_ci/system/CodeIgniter.php(825): App\Controllers\Generalsettings->checksmtpdetails()
#2 /var/www/vhosts/iptvbillingsolution.com/public/ankush_ci/system/CodeIgniter.php(412): CodeIgniter\CodeIgniter->runController()
#3 /var/www/vhosts/iptvbillingsolution.com/public/ankush_ci/system/CodeIgniter.php(320): CodeIgniter\CodeIgniter->handleRequest()
#4 /var/www/vhosts/iptvbillingsolution.com/public/ankush_ci/public/index.php(37): CodeIgniter\CodeIgniter->run()
#5 {main}
CRITICAL - 2022-04-25 01:49:46 --> Illegal string offset 'mailprovider'
#0 /var/www/vhosts/iptvbillingsolution.com/public/ankush_ci/app/Controllers/Generalsettings.php(106): CodeIgniter\Debug\Exceptions->errorHandler()
#1 /var/www/vhosts/iptvbillingsolution.com/public/ankush_ci/system/CodeIgniter.php(825): App\Controllers\Generalsettings->checksmtpdetails()
#2 /var/www/vhosts/iptvbillingsolution.com/public/ankush_ci/system/CodeIgniter.php(412): CodeIgniter\CodeIgniter->runController()
#3 /var/www/vhosts/iptvbillingsolution.com/public/ankush_ci/system/CodeIgniter.php(320): CodeIgniter\CodeIgniter->handleRequest()
#4 /var/www/vhosts/iptvbillingsolution.com/public/ankush_ci/public/index.php(37): CodeIgniter\CodeIgniter->run()
#5 {main}
CRITICAL - 2022-04-25 01:50:27 --> Illegal string offset 'smtphost'
#0 /var/www/vhosts/iptvbillingsolution.com/public/ankush_ci/app/Controllers/Generalsettings.php(110): CodeIgniter\Debug\Exceptions->errorHandler()
#1 /var/www/vhosts/iptvbillingsolution.com/public/ankush_ci/system/CodeIgniter.php(825): App\Controllers\Generalsettings->checksmtpdetails()
#2 /var/www/vhosts/iptvbillingsolution.com/public/ankush_ci/system/CodeIgniter.php(412): CodeIgniter\CodeIgniter->runController()
#3 /var/www/vhosts/iptvbillingsolution.com/public/ankush_ci/system/CodeIgniter.php(320): CodeIgniter\CodeIgniter->handleRequest()
#4 /var/www/vhosts/iptvbillingsolution.com/public/ankush_ci/public/index.php(37): CodeIgniter\CodeIgniter->run()
#5 {main}
CRITICAL - 2022-04-25 01:51:32 --> Undefined index: smtphost
#0 /var/www/vhosts/iptvbillingsolution.com/public/ankush_ci/app/Controllers/Generalsettings.php(110): CodeIgniter\Debug\Exceptions->errorHandler()
#1 /var/www/vhosts/iptvbillingsolution.com/public/ankush_ci/system/CodeIgniter.php(825): App\Controllers\Generalsettings->checksmtpdetails()
#2 /var/www/vhosts/iptvbillingsolution.com/public/ankush_ci/system/CodeIgniter.php(412): CodeIgniter\CodeIgniter->runController()
#3 /var/www/vhosts/iptvbillingsolution.com/public/ankush_ci/system/CodeIgniter.php(320): CodeIgniter\CodeIgniter->handleRequest()
#4 /var/www/vhosts/iptvbillingsolution.com/public/ankush_ci/public/index.php(37): CodeIgniter\CodeIgniter->run()
#5 {main}
CRITICAL - 2022-04-25 01:52:54 --> Too few arguments to function CodeIgniter\Email\Email::setTo(), 0 passed in /var/www/vhosts/iptvbillingsolution.com/public/ankush_ci/app/Controllers/Generalsettings.php on line 121 and exactly 1 expected
#0 /var/www/vhosts/iptvbillingsolution.com/public/ankush_ci/app/Controllers/Generalsettings.php(121): CodeIgniter\Email\Email->setTo()
#1 /var/www/vhosts/iptvbillingsolution.com/public/ankush_ci/system/CodeIgniter.php(825): App\Controllers\Generalsettings->checksmtpdetails()
#2 /var/www/vhosts/iptvbillingsolution.com/public/ankush_ci/system/CodeIgniter.php(412): CodeIgniter\CodeIgniter->runController()
#3 /var/www/vhosts/iptvbillingsolution.com/public/ankush_ci/system/CodeIgniter.php(320): CodeIgniter\CodeIgniter->handleRequest()
#4 /var/www/vhosts/iptvbillingsolution.com/public/ankush_ci/public/index.php(37): CodeIgniter\CodeIgniter->run()
#5 {main}
CRITICAL - 2022-04-25 02:34:13 --> Argument 2 passed to view() must be of the type array, string given, called in /var/www/vhosts/iptvbillingsolution.com/public/ankush_ci/app/Controllers/Generalsettings.php on line 130
#0 /var/www/vhosts/iptvbillingsolution.com/public/ankush_ci/app/Controllers/Generalsettings.php(130): view()
#1 /var/www/vhosts/iptvbillingsolution.com/public/ankush_ci/system/CodeIgniter.php(825): App\Controllers\Generalsettings->checksmtpdetails()
#2 /var/www/vhosts/iptvbillingsolution.com/public/ankush_ci/system/CodeIgniter.php(412): CodeIgniter\CodeIgniter->runController()
#3 /var/www/vhosts/iptvbillingsolution.com/public/ankush_ci/system/CodeIgniter.php(320): CodeIgniter\CodeIgniter->handleRequest()
#4 /var/www/vhosts/iptvbillingsolution.com/public/ankush_ci/public/index.php(37): CodeIgniter\CodeIgniter->run()
#5 {main}
ERROR - 2022-04-25 02:42:59 --> Email: sendWithSmtp throwed fsockopen(): unable to connect to tls://smtp.google.com:465 (Connection timed out)
CRITICAL - 2022-04-25 03:21:33 --> require(PHPMailerAutoload.php): failed to open stream: No such file or directory
#0 /var/www/vhosts/iptvbillingsolution.com/public/ankush_ci/app/Controllers/Generalsettings.php(101): CodeIgniter\Debug\Exceptions->errorHandler()
#1 /var/www/vhosts/iptvbillingsolution.com/public/ankush_ci/app/Controllers/Generalsettings.php(101): require()
#2 /var/www/vhosts/iptvbillingsolution.com/public/ankush_ci/system/CodeIgniter.php(825): App\Controllers\Generalsettings->checksmtpdetails()
#3 /var/www/vhosts/iptvbillingsolution.com/public/ankush_ci/system/CodeIgniter.php(412): CodeIgniter\CodeIgniter->runController()
#4 /var/www/vhosts/iptvbillingsolution.com/public/ankush_ci/system/CodeIgniter.php(320): CodeIgniter\CodeIgniter->handleRequest()
#5 /var/www/vhosts/iptvbillingsolution.com/public/ankush_ci/public/index.php(37): CodeIgniter\CodeIgniter->run()
#6 {main}
CRITICAL - 2022-04-25 03:21:52 --> require(../PHPMailerAutoload.php): failed to open stream: No such file or directory
#0 /var/www/vhosts/iptvbillingsolution.com/public/ankush_ci/app/Controllers/Generalsettings.php(101): CodeIgniter\Debug\Exceptions->errorHandler()
#1 /var/www/vhosts/iptvbillingsolution.com/public/ankush_ci/app/Controllers/Generalsettings.php(101): require()
#2 /var/www/vhosts/iptvbillingsolution.com/public/ankush_ci/system/CodeIgniter.php(825): App\Controllers\Generalsettings->checksmtpdetails()
#3 /var/www/vhosts/iptvbillingsolution.com/public/ankush_ci/system/CodeIgniter.php(412): CodeIgniter\CodeIgniter->runController()
#4 /var/www/vhosts/iptvbillingsolution.com/public/ankush_ci/system/CodeIgniter.php(320): CodeIgniter\CodeIgniter->handleRequest()
#5 /var/www/vhosts/iptvbillingsolution.com/public/ankush_ci/public/index.php(37): CodeIgniter\CodeIgniter->run()
#6 {main}
CRITICAL - 2022-04-25 03:22:03 --> require(../../PHPMailerAutoload.php): failed to open stream: No such file or directory
#0 /var/www/vhosts/iptvbillingsolution.com/public/ankush_ci/app/Controllers/Generalsettings.php(101): CodeIgniter\Debug\Exceptions->errorHandler()
#1 /var/www/vhosts/iptvbillingsolution.com/public/ankush_ci/app/Controllers/Generalsettings.php(101): require()
#2 /var/www/vhosts/iptvbillingsolution.com/public/ankush_ci/system/CodeIgniter.php(825): App\Controllers\Generalsettings->checksmtpdetails()
#3 /var/www/vhosts/iptvbillingsolution.com/public/ankush_ci/system/CodeIgniter.php(412): CodeIgniter\CodeIgniter->runController()
#4 /var/www/vhosts/iptvbillingsolution.com/public/ankush_ci/system/CodeIgniter.php(320): CodeIgniter\CodeIgniter->handleRequest()
#5 /var/www/vhosts/iptvbillingsolution.com/public/ankush_ci/public/index.php(37): CodeIgniter\CodeIgniter->run()
#6 {main}
CRITICAL - 2022-04-25 03:24:12 --> Call to undefined method CodeIgniter\Email\Email::isSMTP()
#0 /var/www/vhosts/iptvbillingsolution.com/public/ankush_ci/system/CodeIgniter.php(825): App\Controllers\Generalsettings->checksmtpdetails()
#1 /var/www/vhosts/iptvbillingsolution.com/public/ankush_ci/system/CodeIgniter.php(412): CodeIgniter\CodeIgniter->runController()
#2 /var/www/vhosts/iptvbillingsolution.com/public/ankush_ci/system/CodeIgniter.php(320): CodeIgniter\CodeIgniter->handleRequest()
#3 /var/www/vhosts/iptvbillingsolution.com/public/ankush_ci/public/index.php(37): CodeIgniter\CodeIgniter->run()
#4 {main}
CRITICAL - 2022-04-25 03:24:26 --> Cannot access protected property CodeIgniter\Email\Email::$SMTPAuth
#0 /var/www/vhosts/iptvbillingsolution.com/public/ankush_ci/system/CodeIgniter.php(825): App\Controllers\Generalsettings->checksmtpdetails()
#1 /var/www/vhosts/iptvbillingsolution.com/public/ankush_ci/system/CodeIgniter.php(412): CodeIgniter\CodeIgniter->runController()
#2 /var/www/vhosts/iptvbillingsolution.com/public/ankush_ci/system/CodeIgniter.php(320): CodeIgniter\CodeIgniter->handleRequest()
#3 /var/www/vhosts/iptvbillingsolution.com/public/ankush_ci/public/index.php(37): CodeIgniter\CodeIgniter->run()
#4 {main}
CRITICAL - 2022-04-25 03:24:44 --> Call to undefined method CodeIgniter\Email\Email::addAddress()
#0 /var/www/vhosts/iptvbillingsolution.com/public/ankush_ci/system/CodeIgniter.php(825): App\Controllers\Generalsettings->checksmtpdetails()
#1 /var/www/vhosts/iptvbillingsolution.com/public/ankush_ci/system/CodeIgniter.php(412): CodeIgniter\CodeIgniter->runController()
#2 /var/www/vhosts/iptvbillingsolution.com/public/ankush_ci/system/CodeIgniter.php(320): CodeIgniter\CodeIgniter->handleRequest()
#3 /var/www/vhosts/iptvbillingsolution.com/public/ankush_ci/public/index.php(37): CodeIgniter\CodeIgniter->run()
#4 {main}
CRITICAL - 2022-04-25 03:28:49 --> Undefined property: CodeIgniter\Email\Email::$ErrorInfo
#0 /var/www/vhosts/iptvbillingsolution.com/public/ankush_ci/app/Controllers/Generalsettings.php(130): CodeIgniter\Debug\Exceptions->errorHandler()
#1 /var/www/vhosts/iptvbillingsolution.com/public/ankush_ci/system/CodeIgniter.php(825): App\Controllers\Generalsettings->checksmtpdetails()
#2 /var/www/vhosts/iptvbillingsolution.com/public/ankush_ci/system/CodeIgniter.php(412): CodeIgniter\CodeIgniter->runController()
#3 /var/www/vhosts/iptvbillingsolution.com/public/ankush_ci/system/CodeIgniter.php(320): CodeIgniter\CodeIgniter->handleRequest()
#4 /var/www/vhosts/iptvbillingsolution.com/public/ankush_ci/public/index.php(37): CodeIgniter\CodeIgniter->run()
#5 {main}
ERROR - 2022-04-25 03:47:11 --> Email: sendWithSmtp throwed fsockopen(): php_network_getaddresses: getaddrinfo failed: Name or service not known
CRITICAL - 2022-04-25 03:48:23 --> Undefined variable: email
#0 /var/www/vhosts/iptvbillingsolution.com/public/ankush_ci/app/Controllers/Generalsettings.php(113): CodeIgniter\Debug\Exceptions->errorHandler()
#1 /var/www/vhosts/iptvbillingsolution.com/public/ankush_ci/system/CodeIgniter.php(825): App\Controllers\Generalsettings->checksmtpdetails()
#2 /var/www/vhosts/iptvbillingsolution.com/public/ankush_ci/system/CodeIgniter.php(412): CodeIgniter\CodeIgniter->runController()
#3 /var/www/vhosts/iptvbillingsolution.com/public/ankush_ci/system/CodeIgniter.php(320): CodeIgniter\CodeIgniter->handleRequest()
#4 /var/www/vhosts/iptvbillingsolution.com/public/ankush_ci/public/index.php(37): CodeIgniter\CodeIgniter->run()
#5 {main}
ERROR - 2022-04-25 03:48:48 --> Email: sendWithSmtp throwed fsockopen(): php_network_getaddresses: getaddrinfo failed: Name or service not known
CRITICAL - 2022-04-25 04:06:29 --> Call to undefined method CodeIgniter\Email\Email::set_newline()
#0 /var/www/vhosts/iptvbillingsolution.com/public/ankush_ci/system/CodeIgniter.php(825): App\Controllers\Generalsettings->checksmtpdetails()
#1 /var/www/vhosts/iptvbillingsolution.com/public/ankush_ci/system/CodeIgniter.php(412): CodeIgniter\CodeIgniter->runController()
#2 /var/www/vhosts/iptvbillingsolution.com/public/ankush_ci/system/CodeIgniter.php(320): CodeIgniter\CodeIgniter->handleRequest()
#3 /var/www/vhosts/iptvbillingsolution.com/public/ankush_ci/public/index.php(37): CodeIgniter\CodeIgniter->run()
#4 {main}
CRITICAL - 2022-04-25 04:07:54 --> Call to undefined method CodeIgniter\Email\Email::set_newline()
#0 /var/www/vhosts/iptvbillingsolution.com/public/ankush_ci/system/CodeIgniter.php(825): App\Controllers\Generalsettings->checksmtpdetails()
#1 /var/www/vhosts/iptvbillingsolution.com/public/ankush_ci/system/CodeIgniter.php(412): CodeIgniter\CodeIgniter->runController()
#2 /var/www/vhosts/iptvbillingsolution.com/public/ankush_ci/system/CodeIgniter.php(320): CodeIgniter\CodeIgniter->handleRequest()
#3 /var/www/vhosts/iptvbillingsolution.com/public/ankush_ci/public/index.php(37): CodeIgniter\CodeIgniter->run()
#4 {main}
ERROR - 2022-04-25 04:17:32 --> Email: sendWithSmtp throwed fsockopen(): php_network_getaddresses: getaddrinfo failed: Name or service not known
ERROR - 2022-04-25 04:19:44 --> Email: sendWithSmtp throwed fsockopen(): php_network_getaddresses: getaddrinfo failed: Name or service not known
ERROR - 2022-04-25 04:20:52 --> Email: sendWithSmtp throwed fsockopen(): php_network_getaddresses: getaddrinfo failed: Name or service not known
ERROR - 2022-04-25 04:28:30 --> Email: sendWithSmtp throwed fsockopen(): php_network_getaddresses: getaddrinfo failed: Name or service not known
CRITICAL - 2022-04-25 05:18:49 --> Call to undefined method CodeIgniter\Email\Email::sendMail()
#0 /var/www/vhosts/iptvbillingsolution.com/public/ankush_ci/system/CodeIgniter.php(825): App\Controllers\Generalsettings->checksmtpdetails()
#1 /var/www/vhosts/iptvbillingsolution.com/public/ankush_ci/system/CodeIgniter.php(412): CodeIgniter\CodeIgniter->runController()
#2 /var/www/vhosts/iptvbillingsolution.com/public/ankush_ci/system/CodeIgniter.php(320): CodeIgniter\CodeIgniter->handleRequest()
#3 /var/www/vhosts/iptvbillingsolution.com/public/ankush_ci/public/index.php(37): CodeIgniter\CodeIgniter->run()
#4 {main}
CRITICAL - 2022-04-25 05:35:20 --> Undefined variable: returnarray
#0 /var/www/vhosts/iptvbillingsolution.com/public/ankush_ci/app/Views/checksmtpdetails.php(67): CodeIgniter\Debug\Exceptions->errorHandler()
#1 /var/www/vhosts/iptvbillingsolution.com/public/ankush_ci/system/View/View.php(210): include('/var/www/vhosts...')
#2 /var/www/vhosts/iptvbillingsolution.com/public/ankush_ci/system/View/View.php(213): CodeIgniter\View\View->CodeIgniter\View\{closure}()
#3 /var/www/vhosts/iptvbillingsolution.com/public/ankush_ci/system/Common.php(1089): CodeIgniter\View\View->render()
#4 /var/www/vhosts/iptvbillingsolution.com/public/ankush_ci/app/Controllers/Generalsettings.php(139): view()
#5 /var/www/vhosts/iptvbillingsolution.com/public/ankush_ci/system/CodeIgniter.php(825): App\Controllers\Generalsettings->checksmtpdetails()
#6 /var/www/vhosts/iptvbillingsolution.com/public/ankush_ci/system/CodeIgniter.php(412): CodeIgniter\CodeIgniter->runController()
#7 /var/www/vhosts/iptvbillingsolution.com/public/ankush_ci/system/CodeIgniter.php(320): CodeIgniter\CodeIgniter->handleRequest()
#8 /var/www/vhosts/iptvbillingsolution.com/public/ankush_ci/public/index.php(37): CodeIgniter\CodeIgniter->run()
#9 {main}
CRITICAL - 2022-04-25 05:41:27 --> Undefined index: page
#0 /var/www/vhosts/iptvbillingsolution.com/public/ankush_ci/app/Views/generalsettings.php(18): CodeIgniter\Debug\Exceptions->errorHandler()
#1 /var/www/vhosts/iptvbillingsolution.com/public/ankush_ci/system/View/View.php(210): include('/var/www/vhosts...')
#2 /var/www/vhosts/iptvbillingsolution.com/public/ankush_ci/system/View/View.php(213): CodeIgniter\View\View->CodeIgniter\View\{closure}()
#3 /var/www/vhosts/iptvbillingsolution.com/public/ankush_ci/system/Common.php(1089): CodeIgniter\View\View->render()
#4 /var/www/vhosts/iptvbillingsolution.com/public/ankush_ci/app/Controllers/Generalsettings.php(78): view()
#5 /var/www/vhosts/iptvbillingsolution.com/public/ankush_ci/system/CodeIgniter.php(825): App\Controllers\Generalsettings->generalsettings()
#6 /var/www/vhosts/iptvbillingsolution.com/public/ankush_ci/system/CodeIgniter.php(412): CodeIgniter\CodeIgniter->runController()
#7 /var/www/vhosts/iptvbillingsolution.com/public/ankush_ci/system/CodeIgniter.php(320): CodeIgniter\CodeIgniter->handleRequest()
#8 /var/www/vhosts/iptvbillingsolution.com/public/ankush_ci/public/index.php(37): CodeIgniter\CodeIgniter->run()
#9 {main}
CRITICAL - 2022-04-25 06:33:42 --> syntax error, unexpected end of file
#0 /var/www/vhosts/iptvbillingsolution.com/public/ankush_ci/system/View/View.php(213): CodeIgniter\View\View->CodeIgniter\View\{closure}()
#1 /var/www/vhosts/iptvbillingsolution.com/public/ankush_ci/system/Common.php(1089): CodeIgniter\View\View->render()
#2 /var/www/vhosts/iptvbillingsolution.com/public/ankush_ci/app/Controllers/Generalsettings.php(79): view()
#3 /var/www/vhosts/iptvbillingsolution.com/public/ankush_ci/system/CodeIgniter.php(825): App\Controllers\Generalsettings->generalsettings()
#4 /var/www/vhosts/iptvbillingsolution.com/public/ankush_ci/system/CodeIgniter.php(412): CodeIgniter\CodeIgniter->runController()
#5 /var/www/vhosts/iptvbillingsolution.com/public/ankush_ci/system/CodeIgniter.php(320): CodeIgniter\CodeIgniter->handleRequest()
#6 /var/www/vhosts/iptvbillingsolution.com/public/ankush_ci/public/index.php(37): CodeIgniter\CodeIgniter->run()
#7 {main}
CRITICAL - 2022-04-25 07:01:54 --> fsockopen(): php_network_getaddresses: getaddrinfo failed: Name or service not known
#0 [internal function]: CodeIgniter\Debug\Exceptions->errorHandler()
#1 /var/www/vhosts/iptvbillingsolution.com/public/ankush_ci/app/Controllers/Generalsettings.php(142): fsockopen()
#2 /var/www/vhosts/iptvbillingsolution.com/public/ankush_ci/system/CodeIgniter.php(825): App\Controllers\Generalsettings->checksmtpdetails()
#3 /var/www/vhosts/iptvbillingsolution.com/public/ankush_ci/system/CodeIgniter.php(412): CodeIgniter\CodeIgniter->runController()
#4 /var/www/vhosts/iptvbillingsolution.com/public/ankush_ci/system/CodeIgniter.php(320): CodeIgniter\CodeIgniter->handleRequest()
#5 /var/www/vhosts/iptvbillingsolution.com/public/ankush_ci/public/index.php(37): CodeIgniter\CodeIgniter->run()
#6 {main}
CRITICAL - 2022-04-25 07:08:09 --> Call to undefined method App\Controllers\Generalsettings::email()
#0 /var/www/vhosts/iptvbillingsolution.com/public/ankush_ci/system/CodeIgniter.php(825): App\Controllers\Generalsettings->checksmtpdetails()
#1 /var/www/vhosts/iptvbillingsolution.com/public/ankush_ci/system/CodeIgniter.php(412): CodeIgniter\CodeIgniter->runController()
#2 /var/www/vhosts/iptvbillingsolution.com/public/ankush_ci/system/CodeIgniter.php(320): CodeIgniter\CodeIgniter->handleRequest()
#3 /var/www/vhosts/iptvbillingsolution.com/public/ankush_ci/public/index.php(37): CodeIgniter\CodeIgniter->run()
#4 {main}
CRITICAL - 2022-04-25 07:24:18 --> Call to undefined method CodeIgniter\Email\Email::From()
#0 /var/www/vhosts/iptvbillingsolution.com/public/ankush_ci/system/CodeIgniter.php(825): App\Controllers\Generalsettings->checksmtpdetails()
#1 /var/www/vhosts/iptvbillingsolution.com/public/ankush_ci/system/CodeIgniter.php(412): CodeIgniter\CodeIgniter->runController()
#2 /var/www/vhosts/iptvbillingsolution.com/public/ankush_ci/system/CodeIgniter.php(320): CodeIgniter\CodeIgniter->handleRequest()
#3 /var/www/vhosts/iptvbillingsolution.com/public/ankush_ci/public/index.php(37): CodeIgniter\CodeIgniter->run()
#4 {main}
CRITICAL - 2022-04-25 07:24:32 --> Call to undefined method CodeIgniter\Email\Email::from()
#0 /var/www/vhosts/iptvbillingsolution.com/public/ankush_ci/system/CodeIgniter.php(825): App\Controllers\Generalsettings->checksmtpdetails()
#1 /var/www/vhosts/iptvbillingsolution.com/public/ankush_ci/system/CodeIgniter.php(412): CodeIgniter\CodeIgniter->runController()
#2 /var/www/vhosts/iptvbillingsolution.com/public/ankush_ci/system/CodeIgniter.php(320): CodeIgniter\CodeIgniter->handleRequest()
#3 /var/www/vhosts/iptvbillingsolution.com/public/ankush_ci/public/index.php(37): CodeIgniter\CodeIgniter->run()
#4 {main}
CRITICAL - 2022-04-25 08:28:38 --> Array to string conversion
#0 /var/www/vhosts/iptvbillingsolution.com/public/ankush_ci/app/Controllers/Login.php(188): CodeIgniter\Debug\Exceptions->errorHandler()
#1 /var/www/vhosts/iptvbillingsolution.com/public/ankush_ci/system/CodeIgniter.php(825): App\Controllers\Login->login()
#2 /var/www/vhosts/iptvbillingsolution.com/public/ankush_ci/system/CodeIgniter.php(412): CodeIgniter\CodeIgniter->runController()
#3 /var/www/vhosts/iptvbillingsolution.com/public/ankush_ci/system/CodeIgniter.php(320): CodeIgniter\CodeIgniter->handleRequest()
#4 /var/www/vhosts/iptvbillingsolution.com/public/ankush_ci/public/index.php(37): CodeIgniter\CodeIgniter->run()
#5 {main}
