ERROR - 2022-07-15 01:02:26 --> You have an error in your SQL syntax; check the manual that corresponds to your MySQL server version for the right syntax to use near '-1' at line 1
CRITICAL - 2022-07-15 01:02:26 --> You have an error in your SQL syntax; check the manual that corresponds to your MySQL server version for the right syntax to use near '-1' at line 1
#0 /var/www/vhosts/iptvbillingsolution.com/public/smartersactivationpanel/system/Database/MySQLi/Connection.php(292): mysqli->query()
#1 /var/www/vhosts/iptvbillingsolution.com/public/smartersactivationpanel/system/Database/BaseConnection.php(670): CodeIgniter\Database\MySQLi\Connection->execute()
#2 /var/www/vhosts/iptvbillingsolution.com/public/smartersactivationpanel/system/Database/BaseConnection.php(598): CodeIgniter\Database\BaseConnection->simpleQuery()
#3 /var/www/vhosts/iptvbillingsolution.com/public/smartersactivationpanel/app/Controllers/Testing.php(43): CodeIgniter\Database\BaseConnection->query()
#4 /var/www/vhosts/iptvbillingsolution.com/public/smartersactivationpanel/system/CodeIgniter.php(825): App\Controllers\Testing->ajaxLoadData()
#5 /var/www/vhosts/iptvbillingsolution.com/public/smartersactivationpanel/system/CodeIgniter.php(412): CodeIgniter\CodeIgniter->runController()
#6 /var/www/vhosts/iptvbillingsolution.com/public/smartersactivationpanel/system/CodeIgniter.php(320): CodeIgniter\CodeIgniter->handleRequest()
#7 /var/www/vhosts/iptvbillingsolution.com/public/smartersactivationpanel/public/index.php(37): CodeIgniter\CodeIgniter->run()
#8 {main}
ERROR - 2022-07-15 01:02:47 --> You have an error in your SQL syntax; check the manual that corresponds to your MySQL server version for the right syntax to use near '-1' at line 1
CRITICAL - 2022-07-15 01:02:47 --> You have an error in your SQL syntax; check the manual that corresponds to your MySQL server version for the right syntax to use near '-1' at line 1
#0 /var/www/vhosts/iptvbillingsolution.com/public/smartersactivationpanel/system/Database/MySQLi/Connection.php(292): mysqli->query()
#1 /var/www/vhosts/iptvbillingsolution.com/public/smartersactivationpanel/system/Database/BaseConnection.php(670): CodeIgniter\Database\MySQLi\Connection->execute()
#2 /var/www/vhosts/iptvbillingsolution.com/public/smartersactivationpanel/system/Database/BaseConnection.php(598): CodeIgniter\Database\BaseConnection->simpleQuery()
#3 /var/www/vhosts/iptvbillingsolution.com/public/smartersactivationpanel/app/Controllers/Testing.php(43): CodeIgniter\Database\BaseConnection->query()
#4 /var/www/vhosts/iptvbillingsolution.com/public/smartersactivationpanel/system/CodeIgniter.php(825): App\Controllers\Testing->ajaxLoadData()
#5 /var/www/vhosts/iptvbillingsolution.com/public/smartersactivationpanel/system/CodeIgniter.php(412): CodeIgniter\CodeIgniter->runController()
#6 /var/www/vhosts/iptvbillingsolution.com/public/smartersactivationpanel/system/CodeIgniter.php(320): CodeIgniter\CodeIgniter->handleRequest()
#7 /var/www/vhosts/iptvbillingsolution.com/public/smartersactivationpanel/public/index.php(37): CodeIgniter\CodeIgniter->run()
#8 {main}
CRITICAL - 2022-07-15 01:08:23 --> unlink(/var/www/vhosts/iptvbillingsolution.com/public/smartersactivationpanel/writable/debugbar/debugbar_1657864832.json): No such file or directory
#0 [internal function]: CodeIgniter\Debug\Exceptions->errorHandler()
#1 /var/www/vhosts/iptvbillingsolution.com/public/smartersactivationpanel/system/Debug/Toolbar/Collectors/History.php(74): unlink()
#2 /var/www/vhosts/iptvbillingsolution.com/public/smartersactivationpanel/system/Debug/Toolbar.php(487): CodeIgniter\Debug\Toolbar\Collectors\History->setFiles()
#3 /var/www/vhosts/iptvbillingsolution.com/public/smartersactivationpanel/system/Debug/Toolbar.php(464): CodeIgniter\Debug\Toolbar->format()
#4 /var/www/vhosts/iptvbillingsolution.com/public/smartersactivationpanel/app/Config/Events.php(48): CodeIgniter\Debug\Toolbar->respond()
#5 /var/www/vhosts/iptvbillingsolution.com/public/smartersactivationpanel/system/Events/Events.php(149): CodeIgniter\Events\Events::Config\{closure}()
#6 /var/www/vhosts/iptvbillingsolution.com/public/smartersactivationpanel/system/CodeIgniter.php(302): CodeIgniter\Events\Events::trigger()
#7 /var/www/vhosts/iptvbillingsolution.com/public/smartersactivationpanel/public/index.php(37): CodeIgniter\CodeIgniter->run()
#8 {main}
CRITICAL - 2022-07-15 02:25:49 --> Call to undefined method CodeIgniter\Session\Session::flush()
#0 /var/www/vhosts/iptvbillingsolution.com/public/smartersactivationpanel/system/CodeIgniter.php(825): App\Controllers\Generateapi->generateapi()
#1 /var/www/vhosts/iptvbillingsolution.com/public/smartersactivationpanel/system/CodeIgniter.php(412): CodeIgniter\CodeIgniter->runController()
#2 /var/www/vhosts/iptvbillingsolution.com/public/smartersactivationpanel/system/CodeIgniter.php(320): CodeIgniter\CodeIgniter->handleRequest()
#3 /var/www/vhosts/iptvbillingsolution.com/public/smartersactivationpanel/public/index.php(37): CodeIgniter\CodeIgniter->run()
#4 {main}
CRITICAL - 2022-07-15 05:47:26 --> unlink(/var/www/vhosts/iptvbillingsolution.com/public/smartersactivationpanel/writable/debugbar/debugbar_1657881667.json): No such file or directory
#0 [internal function]: CodeIgniter\Debug\Exceptions->errorHandler()
#1 /var/www/vhosts/iptvbillingsolution.com/public/smartersactivationpanel/system/Debug/Toolbar/Collectors/History.php(74): unlink()
#2 /var/www/vhosts/iptvbillingsolution.com/public/smartersactivationpanel/system/Debug/Toolbar.php(487): CodeIgniter\Debug\Toolbar\Collectors\History->setFiles()
#3 /var/www/vhosts/iptvbillingsolution.com/public/smartersactivationpanel/system/Debug/Toolbar.php(464): CodeIgniter\Debug\Toolbar->format()
#4 /var/www/vhosts/iptvbillingsolution.com/public/smartersactivationpanel/app/Config/Events.php(48): CodeIgniter\Debug\Toolbar->respond()
#5 /var/www/vhosts/iptvbillingsolution.com/public/smartersactivationpanel/system/Events/Events.php(149): CodeIgniter\Events\Events::Config\{closure}()
#6 /var/www/vhosts/iptvbillingsolution.com/public/smartersactivationpanel/system/CodeIgniter.php(302): CodeIgniter\Events\Events::trigger()
#7 /var/www/vhosts/iptvbillingsolution.com/public/smartersactivationpanel/public/index.php(37): CodeIgniter\CodeIgniter->run()
#8 {main}
